[ 2017-04-01T00:16:52+08:00 ] 127.0.0.1 127.0.0.1 GET /
[ log ] www.hhqblog.com/ [运行时间：0.103485s][吞吐率：9.66req/s] [内存消耗：381.66kb] [文件加载：43]
[ info ] [ LANG ] E:\phpStudy\WWW\hblog\thinkphp\lang\zh-cn.php
[ info ] [ ROUTE ] array (
  'type' => 'module',
  'module' => 
  array (
    0 => '',
    1 => NULL,
    2 => NULL,
  ),
)
[ info ] [ HEADER ] array (
  'cookie' => 'pgv_pvi=7870825472; pgv_si=s7599300608',
  'accept-language' => 'zh-CN,zh;q=0.8',
  'accept-encoding' => 'gzip, deflate, sdch',
  'accept' => 'text/html,application/xhtml+xml,application/xml;q=0.9,image/webp,*/*;q=0.8',
  'user-agent' => 'Mozilla/5.0 (Windows NT 10.0; Win64; x64) AppleWebKit/537.36 (KHTML, like Gecko) Chrome/57.0.2987.98 Safari/537.36',
  'upgrade-insecure-requests' => '1',
  'cache-control' => 'max-age=0',
  'connection' => 'close',
  'host' => 'www.hhqblog.com',
)
[ info ] [ PARAM ] array (
)
[ info ] [ RUN ] app\index\controller\Index->index[ E:\phpStudy\WWW\hblog\application\index\controller\Index.php ]
[ info ] [ VIEW ] E:\phpStudy\WWW\hblog\public/../application/index\view\index\index.html [ array (
) ]
[ info ] [ LOG ] INIT File

---------------------------------------------------------------
[ 2017-04-01T00:16:52+08:00 ] 127.0.0.1 127.0.0.1 GET /skin/ecms118/images/weixin.jpg
[ log ] www.hhqblog.com/skin/ecms118/images/weixin.jpg [运行时间：0.016004s][吞吐率：62.48req/s] [内存消耗：146.23kb] [文件加载：36]
[ info ] [ LANG ] E:\phpStudy\WWW\hblog\thinkphp\lang\zh-cn.php
[ info ] [ ROUTE ] array (
  'type' => 'module',
  'module' => 
  array (
    0 => 'skin',
    1 => 'ecms118',
    2 => 'images',
  ),
)
[ info ] [ HEADER ] array (
  'cookie' => 'pgv_pvi=7870825472; pgv_si=s7599300608',
  'accept-language' => 'zh-CN,zh;q=0.8',
  'accept-encoding' => 'gzip, deflate, sdch',
  'referer' => 'http://www.hhqblog.com/',
  'accept' => 'image/webp,image/*,*/*;q=0.8',
  'user-agent' => 'Mozilla/5.0 (Windows NT 10.0; Win64; x64) AppleWebKit/537.36 (KHTML, like Gecko) Chrome/57.0.2987.98 Safari/537.36',
  'connection' => 'close',
  'host' => 'www.hhqblog.com',
)
[ info ] [ PARAM ] array (
  '/skin/ecms118/images/weixin_jpg' => '',
)
[ info ] [ LOG ] INIT File

---------------------------------------------------------------
[ 2017-04-01T00:16:52+08:00 ] 127.0.0.1 127.0.0.1 GET /skin/ecms118/images/weixin.jpg
[ log ] www.hhqblog.com/skin/ecms118/images/weixin.jpg [运行时间：0.009368s][吞吐率：106.75req/s] [内存消耗：144.09kb] [文件加载：36]
[ info ] [ LANG ] E:\phpStudy\WWW\hblog\thinkphp\lang\zh-cn.php
[ info ] [ ROUTE ] array (
  'type' => 'module',
  'module' => 
  array (
    0 => 'skin',
    1 => 'ecms118',
    2 => 'images',
  ),
)
[ info ] [ HEADER ] array (
  'cookie' => 'pgv_pvi=7870825472; pgv_si=s7599300608',
  'accept-language' => 'zh-CN,zh;q=0.8',
  'accept-encoding' => 'gzip, deflate, sdch',
  'referer' => 'http://www.hhqblog.com/',
  'accept' => 'image/webp,image/*,*/*;q=0.8',
  'user-agent' => 'Mozilla/5.0 (Windows NT 10.0; Win64; x64) AppleWebKit/537.36 (KHTML, like Gecko) Chrome/57.0.2987.98 Safari/537.36',
  'connection' => 'close',
  'host' => 'www.hhqblog.com',
)
[ info ] [ PARAM ] array (
  '/skin/ecms118/images/weixin_jpg' => '',
)
[ info ] [ LOG ] INIT File

---------------------------------------------------------------
[ 2017-04-01T00:18:28+08:00 ] 127.0.0.1 127.0.0.1 GET /
[ log ] www.hhqblog.com/ [运行时间：0.019061s][吞吐率：52.46req/s] [内存消耗：374.73kb] [文件加载：43]
[ info ] [ LANG ] E:\phpStudy\WWW\hblog\thinkphp\lang\zh-cn.php
[ info ] [ ROUTE ] array (
  'type' => 'module',
  'module' => 
  array (
    0 => '',
    1 => NULL,
    2 => NULL,
  ),
)
[ info ] [ HEADER ] array (
  'cookie' => 'pgv_pvi=7870825472; pgv_si=s7599300608',
  'accept-language' => 'zh-CN,zh;q=0.8',
  'accept-encoding' => 'gzip, deflate, sdch',
  'accept' => 'text/html,application/xhtml+xml,application/xml;q=0.9,image/webp,*/*;q=0.8',
  'user-agent' => 'Mozilla/5.0 (Windows NT 10.0; Win64; x64) AppleWebKit/537.36 (KHTML, like Gecko) Chrome/57.0.2987.98 Safari/537.36',
  'upgrade-insecure-requests' => '1',
  'cache-control' => 'max-age=0',
  'connection' => 'close',
  'host' => 'www.hhqblog.com',
)
[ info ] [ PARAM ] array (
)
[ info ] [ RUN ] app\index\controller\Index->index[ E:\phpStudy\WWW\hblog\application\index\controller\Index.php ]
[ info ] [ VIEW ] E:\phpStudy\WWW\hblog\public/../application/index\view\index\index.html [ array (
) ]
[ info ] [ LOG ] INIT File

---------------------------------------------------------------
[ 2017-04-01T00:18:28+08:00 ] 127.0.0.1 127.0.0.1 GET /skin/ecms118/images/weixin.jpg
[ log ] www.hhqblog.com/skin/ecms118/images/weixin.jpg [运行时间：0.009255s][吞吐率：108.05req/s] [内存消耗：144.09kb] [文件加载：36]
[ info ] [ LANG ] E:\phpStudy\WWW\hblog\thinkphp\lang\zh-cn.php
[ info ] [ ROUTE ] array (
  'type' => 'module',
  'module' => 
  array (
    0 => 'skin',
    1 => 'ecms118',
    2 => 'images',
  ),
)
[ info ] [ HEADER ] array (
  'cookie' => 'pgv_pvi=7870825472; pgv_si=s7599300608',
  'accept-language' => 'zh-CN,zh;q=0.8',
  'accept-encoding' => 'gzip, deflate, sdch',
  'referer' => 'http://www.hhqblog.com/',
  'accept' => 'image/webp,image/*,*/*;q=0.8',
  'user-agent' => 'Mozilla/5.0 (Windows NT 10.0; Win64; x64) AppleWebKit/537.36 (KHTML, like Gecko) Chrome/57.0.2987.98 Safari/537.36',
  'connection' => 'close',
  'host' => 'www.hhqblog.com',
)
[ info ] [ PARAM ] array (
  '/skin/ecms118/images/weixin_jpg' => '',
)
[ info ] [ LOG ] INIT File

---------------------------------------------------------------
[ 2017-04-01T00:18:28+08:00 ] 127.0.0.1 127.0.0.1 GET /skin/ecms118/images/weixin.jpg
[ log ] www.hhqblog.com/skin/ecms118/images/weixin.jpg [运行时间：0.008926s][吞吐率：112.03req/s] [内存消耗：144.09kb] [文件加载：36]
[ info ] [ LANG ] E:\phpStudy\WWW\hblog\thinkphp\lang\zh-cn.php
[ info ] [ ROUTE ] array (
  'type' => 'module',
  'module' => 
  array (
    0 => 'skin',
    1 => 'ecms118',
    2 => 'images',
  ),
)
[ info ] [ HEADER ] array (
  'cookie' => 'pgv_pvi=7870825472; pgv_si=s7599300608',
  'accept-language' => 'zh-CN,zh;q=0.8',
  'accept-encoding' => 'gzip, deflate, sdch',
  'referer' => 'http://www.hhqblog.com/',
  'accept' => 'image/webp,image/*,*/*;q=0.8',
  'user-agent' => 'Mozilla/5.0 (Windows NT 10.0; Win64; x64) AppleWebKit/537.36 (KHTML, like Gecko) Chrome/57.0.2987.98 Safari/537.36',
  'connection' => 'close',
  'host' => 'www.hhqblog.com',
)
[ info ] [ PARAM ] array (
  '/skin/ecms118/images/weixin_jpg' => '',
)
[ info ] [ LOG ] INIT File

---------------------------------------------------------------
[ 2017-04-01T00:21:07+08:00 ] 127.0.0.1 127.0.0.1 GET /
[ log ] www.hhqblog.com/ [运行时间：0.023652s][吞吐率：42.28req/s] [内存消耗：375.34kb] [文件加载：43]
[ info ] [ LANG ] E:\phpStudy\WWW\hblog\thinkphp\lang\zh-cn.php
[ info ] [ ROUTE ] array (
  'type' => 'module',
  'module' => 
  array (
    0 => '',
    1 => NULL,
    2 => NULL,
  ),
)
[ info ] [ HEADER ] array (
  'cookie' => 'pgv_pvi=7870825472; pgv_si=s7599300608',
  'accept-language' => 'zh-CN,zh;q=0.8',
  'accept-encoding' => 'gzip, deflate, sdch',
  'accept' => 'text/html,application/xhtml+xml,application/xml;q=0.9,image/webp,*/*;q=0.8',
  'user-agent' => 'Mozilla/5.0 (Windows NT 10.0; Win64; x64) AppleWebKit/537.36 (KHTML, like Gecko) Chrome/57.0.2987.98 Safari/537.36',
  'upgrade-insecure-requests' => '1',
  'cache-control' => 'max-age=0',
  'connection' => 'close',
  'host' => 'www.hhqblog.com',
)
[ info ] [ PARAM ] array (
)
[ info ] [ RUN ] app\index\controller\Index->index[ E:\phpStudy\WWW\hblog\application\index\controller\Index.php ]
[ info ] [ VIEW ] E:\phpStudy\WWW\hblog\public/../application/index\view\index\index.html [ array (
) ]
[ info ] [ LOG ] INIT File

---------------------------------------------------------------
[ 2017-04-01T00:21:07+08:00 ] 127.0.0.1 127.0.0.1 GET /skin/ecms118/images/weixin.jpg
[ log ] www.hhqblog.com/skin/ecms118/images/weixin.jpg [运行时间：0.009054s][吞吐率：110.45req/s] [内存消耗：144.09kb] [文件加载：36]
[ info ] [ LANG ] E:\phpStudy\WWW\hblog\thinkphp\lang\zh-cn.php
[ info ] [ ROUTE ] array (
  'type' => 'module',
  'module' => 
  array (
    0 => 'skin',
    1 => 'ecms118',
    2 => 'images',
  ),
)
[ info ] [ HEADER ] array (
  'cookie' => 'pgv_pvi=7870825472; pgv_si=s7599300608',
  'accept-language' => 'zh-CN,zh;q=0.8',
  'accept-encoding' => 'gzip, deflate, sdch',
  'referer' => 'http://www.hhqblog.com/',
  'accept' => 'image/webp,image/*,*/*;q=0.8',
  'user-agent' => 'Mozilla/5.0 (Windows NT 10.0; Win64; x64) AppleWebKit/537.36 (KHTML, like Gecko) Chrome/57.0.2987.98 Safari/537.36',
  'connection' => 'close',
  'host' => 'www.hhqblog.com',
)
[ info ] [ PARAM ] array (
  '/skin/ecms118/images/weixin_jpg' => '',
)
[ info ] [ LOG ] INIT File

---------------------------------------------------------------
[ 2017-04-01T00:21:07+08:00 ] 127.0.0.1 127.0.0.1 GET /skin/ecms118/images/weixin.jpg
[ log ] www.hhqblog.com/skin/ecms118/images/weixin.jpg [运行时间：0.007442s][吞吐率：134.37req/s] [内存消耗：144.09kb] [文件加载：36]
[ info ] [ LANG ] E:\phpStudy\WWW\hblog\thinkphp\lang\zh-cn.php
[ info ] [ ROUTE ] array (
  'type' => 'module',
  'module' => 
  array (
    0 => 'skin',
    1 => 'ecms118',
    2 => 'images',
  ),
)
[ info ] [ HEADER ] array (
  'cookie' => 'pgv_pvi=7870825472; pgv_si=s7599300608',
  'accept-language' => 'zh-CN,zh;q=0.8',
  'accept-encoding' => 'gzip, deflate, sdch',
  'referer' => 'http://www.hhqblog.com/',
  'accept' => 'image/webp,image/*,*/*;q=0.8',
  'user-agent' => 'Mozilla/5.0 (Windows NT 10.0; Win64; x64) AppleWebKit/537.36 (KHTML, like Gecko) Chrome/57.0.2987.98 Safari/537.36',
  'connection' => 'close',
  'host' => 'www.hhqblog.com',
)
[ info ] [ PARAM ] array (
  '/skin/ecms118/images/weixin_jpg' => '',
)
[ info ] [ LOG ] INIT File

---------------------------------------------------------------
[ 2017-04-01T00:23:50+08:00 ] 127.0.0.1 127.0.0.1 GET /
[ log ] www.hhqblog.com/ [运行时间：0.090773s][吞吐率：11.02req/s] [内存消耗：382.88kb] [文件加载：43]
[ info ] [ LANG ] E:\phpStudy\WWW\hblog\thinkphp\lang\zh-cn.php
[ info ] [ ROUTE ] array (
  'type' => 'module',
  'module' => 
  array (
    0 => '',
    1 => NULL,
    2 => NULL,
  ),
)
[ info ] [ HEADER ] array (
  'cookie' => 'pgv_pvi=7870825472; pgv_si=s7599300608',
  'accept-language' => 'zh-CN,zh;q=0.8',
  'accept-encoding' => 'gzip, deflate, sdch',
  'accept' => 'text/html,application/xhtml+xml,application/xml;q=0.9,image/webp,*/*;q=0.8',
  'user-agent' => 'Mozilla/5.0 (Windows NT 10.0; Win64; x64) AppleWebKit/537.36 (KHTML, like Gecko) Chrome/57.0.2987.98 Safari/537.36',
  'upgrade-insecure-requests' => '1',
  'cache-control' => 'max-age=0',
  'connection' => 'close',
  'host' => 'www.hhqblog.com',
)
[ info ] [ PARAM ] array (
)
[ info ] [ RUN ] app\index\controller\Index->index[ E:\phpStudy\WWW\hblog\application\index\controller\Index.php ]
[ info ] [ VIEW ] E:\phpStudy\WWW\hblog\public/../application/index\view\index\index.html [ array (
) ]
[ info ] [ LOG ] INIT File

---------------------------------------------------------------
[ 2017-04-01T00:23:50+08:00 ] 127.0.0.1 127.0.0.1 GET /skin/ecms118/images/weixin.jpg
[ log ] www.hhqblog.com/skin/ecms118/images/weixin.jpg [运行时间：0.014435s][吞吐率：69.28req/s] [内存消耗：146.23kb] [文件加载：36]
[ info ] [ LANG ] E:\phpStudy\WWW\hblog\thinkphp\lang\zh-cn.php
[ info ] [ ROUTE ] array (
  'type' => 'module',
  'module' => 
  array (
    0 => 'skin',
    1 => 'ecms118',
    2 => 'images',
  ),
)
[ info ] [ HEADER ] array (
  'cookie' => 'pgv_pvi=7870825472; pgv_si=s7599300608',
  'accept-language' => 'zh-CN,zh;q=0.8',
  'accept-encoding' => 'gzip, deflate, sdch',
  'referer' => 'http://www.hhqblog.com/',
  'accept' => 'image/webp,image/*,*/*;q=0.8',
  'user-agent' => 'Mozilla/5.0 (Windows NT 10.0; Win64; x64) AppleWebKit/537.36 (KHTML, like Gecko) Chrome/57.0.2987.98 Safari/537.36',
  'connection' => 'close',
  'host' => 'www.hhqblog.com',
)
[ info ] [ PARAM ] array (
  '/skin/ecms118/images/weixin_jpg' => '',
)
[ info ] [ LOG ] INIT File

---------------------------------------------------------------
[ 2017-04-01T00:23:50+08:00 ] 127.0.0.1 127.0.0.1 GET /skin/ecms118/images/weixin.jpg
[ log ] www.hhqblog.com/skin/ecms118/images/weixin.jpg [运行时间：0.008120s][吞吐率：123.15req/s] [内存消耗：144.09kb] [文件加载：36]
[ info ] [ LANG ] E:\phpStudy\WWW\hblog\thinkphp\lang\zh-cn.php
[ info ] [ ROUTE ] array (
  'type' => 'module',
  'module' => 
  array (
    0 => 'skin',
    1 => 'ecms118',
    2 => 'images',
  ),
)
[ info ] [ HEADER ] array (
  'cookie' => 'pgv_pvi=7870825472; pgv_si=s7599300608',
  'accept-language' => 'zh-CN,zh;q=0.8',
  'accept-encoding' => 'gzip, deflate, sdch',
  'referer' => 'http://www.hhqblog.com/',
  'accept' => 'image/webp,image/*,*/*;q=0.8',
  'user-agent' => 'Mozilla/5.0 (Windows NT 10.0; Win64; x64) AppleWebKit/537.36 (KHTML, like Gecko) Chrome/57.0.2987.98 Safari/537.36',
  'connection' => 'close',
  'host' => 'www.hhqblog.com',
)
[ info ] [ PARAM ] array (
  '/skin/ecms118/images/weixin_jpg' => '',
)
[ info ] [ LOG ] INIT File

---------------------------------------------------------------
[ 2017-04-01T00:27:57+08:00 ] 127.0.0.1 127.0.0.1 GET /
[ log ] www.hhqblog.com/ [运行时间：0.024046s][吞吐率：41.59req/s] [内存消耗：375.29kb] [文件加载：43]
[ info ] [ LANG ] E:\phpStudy\WWW\hblog\thinkphp\lang\zh-cn.php
[ info ] [ ROUTE ] array (
  'type' => 'module',
  'module' => 
  array (
    0 => '',
    1 => NULL,
    2 => NULL,
  ),
)
[ info ] [ HEADER ] array (
  'cookie' => 'pgv_pvi=7870825472; pgv_si=s7599300608',
  'accept-language' => 'zh-CN,zh;q=0.8',
  'accept-encoding' => 'gzip, deflate, sdch',
  'accept' => 'text/html,application/xhtml+xml,application/xml;q=0.9,image/webp,*/*;q=0.8',
  'user-agent' => 'Mozilla/5.0 (Windows NT 10.0; Win64; x64) AppleWebKit/537.36 (KHTML, like Gecko) Chrome/57.0.2987.98 Safari/537.36',
  'upgrade-insecure-requests' => '1',
  'cache-control' => 'max-age=0',
  'connection' => 'close',
  'host' => 'www.hhqblog.com',
)
[ info ] [ PARAM ] array (
)
[ info ] [ RUN ] app\index\controller\Index->index[ E:\phpStudy\WWW\hblog\application\index\controller\Index.php ]
[ info ] [ VIEW ] E:\phpStudy\WWW\hblog\public/../application/index\view\index\index.html [ array (
) ]
[ info ] [ LOG ] INIT File

---------------------------------------------------------------
[ 2017-04-01T00:27:57+08:00 ] 127.0.0.1 127.0.0.1 GET /skin/ecms118/images/weixin.jpg
[ log ] www.hhqblog.com/skin/ecms118/images/weixin.jpg [运行时间：0.009822s][吞吐率：101.81req/s] [内存消耗：144.09kb] [文件加载：36]
[ info ] [ LANG ] E:\phpStudy\WWW\hblog\thinkphp\lang\zh-cn.php
[ info ] [ ROUTE ] array (
  'type' => 'module',
  'module' => 
  array (
    0 => 'skin',
    1 => 'ecms118',
    2 => 'images',
  ),
)
[ info ] [ HEADER ] array (
  'cookie' => 'pgv_pvi=7870825472; pgv_si=s7599300608',
  'accept-language' => 'zh-CN,zh;q=0.8',
  'accept-encoding' => 'gzip, deflate, sdch',
  'referer' => 'http://www.hhqblog.com/',
  'accept' => 'image/webp,image/*,*/*;q=0.8',
  'user-agent' => 'Mozilla/5.0 (Windows NT 10.0; Win64; x64) AppleWebKit/537.36 (KHTML, like Gecko) Chrome/57.0.2987.98 Safari/537.36',
  'connection' => 'close',
  'host' => 'www.hhqblog.com',
)
[ info ] [ PARAM ] array (
  '/skin/ecms118/images/weixin_jpg' => '',
)
[ info ] [ LOG ] INIT File

---------------------------------------------------------------
[ 2017-04-01T00:27:57+08:00 ] 127.0.0.1 127.0.0.1 GET /skin/ecms118/images/weixin.jpg
[ log ] www.hhqblog.com/skin/ecms118/images/weixin.jpg [运行时间：0.008413s][吞吐率：118.87req/s] [内存消耗：144.09kb] [文件加载：36]
[ info ] [ LANG ] E:\phpStudy\WWW\hblog\thinkphp\lang\zh-cn.php
[ info ] [ ROUTE ] array (
  'type' => 'module',
  'module' => 
  array (
    0 => 'skin',
    1 => 'ecms118',
    2 => 'images',
  ),
)
[ info ] [ HEADER ] array (
  'cookie' => 'pgv_pvi=7870825472; pgv_si=s7599300608',
  'accept-language' => 'zh-CN,zh;q=0.8',
  'accept-encoding' => 'gzip, deflate, sdch',
  'referer' => 'http://www.hhqblog.com/',
  'accept' => 'image/webp,image/*,*/*;q=0.8',
  'user-agent' => 'Mozilla/5.0 (Windows NT 10.0; Win64; x64) AppleWebKit/537.36 (KHTML, like Gecko) Chrome/57.0.2987.98 Safari/537.36',
  'connection' => 'close',
  'host' => 'www.hhqblog.com',
)
[ info ] [ PARAM ] array (
  '/skin/ecms118/images/weixin_jpg' => '',
)
[ info ] [ LOG ] INIT File

---------------------------------------------------------------
[ 2017-04-01T00:30:17+08:00 ] 127.0.0.1 127.0.0.1 GET /
[ log ] www.hhqblog.com/ [运行时间：0.020978s][吞吐率：47.67req/s] [内存消耗：228.81kb] [文件加载：41]
[ info ] [ LANG ] E:\phpStudy\WWW\hblog\thinkphp\lang\zh-cn.php
[ info ] [ ROUTE ] array (
  'type' => 'module',
  'module' => 
  array (
    0 => '',
    1 => NULL,
    2 => NULL,
  ),
)
[ info ] [ HEADER ] array (
  'cookie' => 'pgv_pvi=7870825472; pgv_si=s7599300608',
  'accept-language' => 'zh-CN,zh;q=0.8',
  'accept-encoding' => 'gzip, deflate, sdch',
  'accept' => 'text/html,application/xhtml+xml,application/xml;q=0.9,image/webp,*/*;q=0.8',
  'user-agent' => 'Mozilla/5.0 (Windows NT 10.0; Win64; x64) AppleWebKit/537.36 (KHTML, like Gecko) Chrome/57.0.2987.98 Safari/537.36',
  'upgrade-insecure-requests' => '1',
  'cache-control' => 'max-age=0',
  'connection' => 'close',
  'host' => 'www.hhqblog.com',
)
[ info ] [ PARAM ] array (
)
[ info ] [ RUN ] app\index\controller\Index->index[ E:\phpStudy\WWW\hblog\application\index\controller\Index.php ]
[ info ] [ VIEW ] E:\phpStudy\WWW\hblog\public/../application/index\view\index\index.html [ array (
) ]
[ info ] [ LOG ] INIT File

---------------------------------------------------------------
[ 2017-04-01T00:30:17+08:00 ] 127.0.0.1 127.0.0.1 GET /skin/ecms118/images/weixin.jpg
[ log ] www.hhqblog.com/skin/ecms118/images/weixin.jpg [运行时间：0.010154s][吞吐率：98.48req/s] [内存消耗：144.09kb] [文件加载：36]
[ info ] [ LANG ] E:\phpStudy\WWW\hblog\thinkphp\lang\zh-cn.php
[ info ] [ ROUTE ] array (
  'type' => 'module',
  'module' => 
  array (
    0 => 'skin',
    1 => 'ecms118',
    2 => 'images',
  ),
)
[ info ] [ HEADER ] array (
  'cookie' => 'pgv_pvi=7870825472; pgv_si=s7599300608',
  'accept-language' => 'zh-CN,zh;q=0.8',
  'accept-encoding' => 'gzip, deflate, sdch',
  'referer' => 'http://www.hhqblog.com/',
  'accept' => 'image/webp,image/*,*/*;q=0.8',
  'user-agent' => 'Mozilla/5.0 (Windows NT 10.0; Win64; x64) AppleWebKit/537.36 (KHTML, like Gecko) Chrome/57.0.2987.98 Safari/537.36',
  'connection' => 'close',
  'host' => 'www.hhqblog.com',
)
[ info ] [ PARAM ] array (
  '/skin/ecms118/images/weixin_jpg' => '',
)
[ info ] [ LOG ] INIT File

---------------------------------------------------------------
[ 2017-04-01T00:30:17+08:00 ] 127.0.0.1 127.0.0.1 GET /skin/ecms118/images/weixin.jpg
[ log ] www.hhqblog.com/skin/ecms118/images/weixin.jpg [运行时间：0.015342s][吞吐率：65.18req/s] [内存消耗：144.09kb] [文件加载：36]
[ info ] [ LANG ] E:\phpStudy\WWW\hblog\thinkphp\lang\zh-cn.php
[ info ] [ ROUTE ] array (
  'type' => 'module',
  'module' => 
  array (
    0 => 'skin',
    1 => 'ecms118',
    2 => 'images',
  ),
)
[ info ] [ HEADER ] array (
  'cookie' => 'pgv_pvi=7870825472; pgv_si=s7599300608',
  'accept-language' => 'zh-CN,zh;q=0.8',
  'accept-encoding' => 'gzip, deflate, sdch',
  'referer' => 'http://www.hhqblog.com/',
  'accept' => 'image/webp,image/*,*/*;q=0.8',
  'user-agent' => 'Mozilla/5.0 (Windows NT 10.0; Win64; x64) AppleWebKit/537.36 (KHTML, like Gecko) Chrome/57.0.2987.98 Safari/537.36',
  'connection' => 'close',
  'host' => 'www.hhqblog.com',
)
[ info ] [ PARAM ] array (
  '/skin/ecms118/images/weixin_jpg' => '',
)
[ info ] [ LOG ] INIT File

---------------------------------------------------------------
