[ 2017-04-04T15:31:00+08:00 ] 127.0.0.1 127.0.0.1 GET /
[ log ] www.hhqblog.com/ [运行时间：0.107035s][吞吐率：9.34req/s] [内存消耗：235.19kb] [文件加载：41]
[ info ] [ LANG ] E:\phpStudy\WWW\hblog\thinkphp\lang\zh-cn.php
[ info ] [ ROUTE ] array (
  'type' => 'module',
  'module' => 
  array (
    0 => '',
    1 => NULL,
    2 => NULL,
  ),
)
[ info ] [ HEADER ] array (
  'connection' => 'close',
  'upgrade-insecure-requests' => '1',
  'proxy-connection' => 'keep-alive',
  'cookie' => 'pgv_pvi=7870825472',
  'accept-language' => 'zh-CN,zh;q=0.8',
  'accept-encoding' => 'gzip, deflate, sdch',
  'accept' => 'text/html,application/xhtml+xml,application/xml;q=0.9,image/webp,*/*;q=0.8',
  'user-agent' => 'Mozilla/5.0 (Windows NT 10.0; Win64; x64) AppleWebKit/537.36 (KHTML, like Gecko) Chrome/57.0.2987.98 Safari/537.36',
  'host' => 'www.hhqblog.com',
)
[ info ] [ PARAM ] array (
)
[ info ] [ RUN ] app\index\controller\Index->index[ E:\phpStudy\WWW\hblog\application\index\controller\Index.php ]
[ info ] [ VIEW ] E:\phpStudy\WWW\hblog\public/../application/index\view\index\index.html [ array (
) ]
[ info ] [ LOG ] INIT File

---------------------------------------------------------------
[ 2017-04-04T15:31:01+08:00 ] 127.0.0.1 127.0.0.1 GET /skin/ecms118/images/weixin.jpg
[ log ] www.hhqblog.com/skin/ecms118/images/weixin.jpg [运行时间：0.015856s][吞吐率：63.07req/s] [内存消耗：146.44kb] [文件加载：36]
[ info ] [ LANG ] E:\phpStudy\WWW\hblog\thinkphp\lang\zh-cn.php
[ info ] [ ROUTE ] array (
  'type' => 'module',
  'module' => 
  array (
    0 => 'skin',
    1 => 'ecms118',
    2 => 'images',
  ),
)
[ info ] [ HEADER ] array (
  'connection' => 'close',
  'referer' => 'http://www.hhqblog.com/',
  'proxy-connection' => 'keep-alive',
  'cookie' => 'pgv_pvi=7870825472',
  'accept-language' => 'zh-CN,zh;q=0.8',
  'accept-encoding' => 'gzip, deflate, sdch',
  'accept' => 'image/webp,image/*,*/*;q=0.8',
  'user-agent' => 'Mozilla/5.0 (Windows NT 10.0; Win64; x64) AppleWebKit/537.36 (KHTML, like Gecko) Chrome/57.0.2987.98 Safari/537.36',
  'host' => 'www.hhqblog.com',
)
[ info ] [ PARAM ] array (
  '/skin/ecms118/images/weixin_jpg' => '',
)
[ info ] [ LOG ] INIT File

---------------------------------------------------------------
[ 2017-04-04T15:31:01+08:00 ] 127.0.0.1 127.0.0.1 GET /skin/ecms118/images/weixin.jpg
[ log ] www.hhqblog.com/skin/ecms118/images/weixin.jpg [运行时间：0.008251s][吞吐率：121.19req/s] [内存消耗：144.30kb] [文件加载：36]
[ info ] [ LANG ] E:\phpStudy\WWW\hblog\thinkphp\lang\zh-cn.php
[ info ] [ ROUTE ] array (
  'type' => 'module',
  'module' => 
  array (
    0 => 'skin',
    1 => 'ecms118',
    2 => 'images',
  ),
)
[ info ] [ HEADER ] array (
  'connection' => 'close',
  'referer' => 'http://www.hhqblog.com/',
  'proxy-connection' => 'keep-alive',
  'cookie' => 'pgv_pvi=7870825472',
  'accept-language' => 'zh-CN,zh;q=0.8',
  'accept-encoding' => 'gzip, deflate, sdch',
  'accept' => 'image/webp,image/*,*/*;q=0.8',
  'user-agent' => 'Mozilla/5.0 (Windows NT 10.0; Win64; x64) AppleWebKit/537.36 (KHTML, like Gecko) Chrome/57.0.2987.98 Safari/537.36',
  'host' => 'www.hhqblog.com',
)
[ info ] [ PARAM ] array (
  '/skin/ecms118/images/weixin_jpg' => '',
)
[ info ] [ LOG ] INIT File

---------------------------------------------------------------
[ 2017-04-04T15:32:19+08:00 ] 127.0.0.1 127.0.0.1 GET /admin/index
[ log ] www.hhqblog.com/admin/index [运行时间：0.016073s][吞吐率：62.22req/s] [内存消耗：196.67kb] [文件加载：43]
[ info ] [ LANG ] E:\phpStudy\WWW\hblog\thinkphp\lang\zh-cn.php
[ info ] [ ROUTE ] array (
  'type' => 'module',
  'module' => 
  array (
    0 => 'admin',
    1 => 'index',
    2 => NULL,
  ),
)
[ info ] [ HEADER ] array (
  'connection' => 'close',
  'upgrade-insecure-requests' => '1',
  'proxy-connection' => 'keep-alive',
  'cookie' => 'pgv_pvi=7870825472',
  'accept-language' => 'zh-CN,zh;q=0.8',
  'accept-encoding' => 'gzip, deflate, sdch',
  'accept' => 'text/html,application/xhtml+xml,application/xml;q=0.9,image/webp,*/*;q=0.8',
  'user-agent' => 'Mozilla/5.0 (Windows NT 10.0; Win64; x64) AppleWebKit/537.36 (KHTML, like Gecko) Chrome/57.0.2987.98 Safari/537.36',
  'host' => 'www.hhqblog.com',
)
[ info ] [ PARAM ] array (
  '/admin/index' => '',
)
[ info ] [ RUN ] app\admin\controller\Index->index[ E:\phpStudy\WWW\hblog\application\admin\controller\Index.php ]
[ info ] [ VIEW ] E:\phpStudy\WWW\hblog\public/../application/admin\view\Public\index.html [ array (
) ]
[ info ] [ LOG ] INIT File

---------------------------------------------------------------
[ 2017-04-04T15:32:19+08:00 ] 127.0.0.1 127.0.0.1 GET /admin/index/main.html
[ log ] www.hhqblog.com/admin/index/main.html [运行时间：0.013260s][吞吐率：75.42req/s] [内存消耗：193.79kb] [文件加载：42]
[ info ] [ LANG ] E:\phpStudy\WWW\hblog\thinkphp\lang\zh-cn.php
[ info ] [ ROUTE ] array (
  'type' => 'module',
  'module' => 
  array (
    0 => 'admin',
    1 => 'index',
    2 => 'main',
  ),
)
[ info ] [ HEADER ] array (
  'connection' => 'close',
  'upgrade-insecure-requests' => '1',
  'referer' => 'http://www.hhqblog.com/admin/index',
  'proxy-connection' => 'keep-alive',
  'cookie' => 'pgv_pvi=7870825472',
  'accept-language' => 'zh-CN,zh;q=0.8',
  'accept-encoding' => 'gzip, deflate, sdch',
  'accept' => 'text/html,application/xhtml+xml,application/xml;q=0.9,image/webp,*/*;q=0.8',
  'user-agent' => 'Mozilla/5.0 (Windows NT 10.0; Win64; x64) AppleWebKit/537.36 (KHTML, like Gecko) Chrome/57.0.2987.98 Safari/537.36',
  'host' => 'www.hhqblog.com',
)
[ info ] [ PARAM ] array (
  '/admin/index/main_html' => '',
)
[ info ] [ RUN ] app\admin\controller\Index->main[ E:\phpStudy\WWW\hblog\application\admin\controller\Index.php ]
[ info ] [ VIEW ] E:\phpStudy\WWW\hblog\public/../application/admin\view\index\index.html [ array (
  0 => 'info',
) ]
[ info ] [ LOG ] INIT File

---------------------------------------------------------------
[ 2017-04-04T15:32:20+08:00 ] 127.0.0.1 127.0.0.1 GET /static/admin/js/layer/layer.min.js
[ log ] www.hhqblog.com/static/admin/js/layer/layer.min.js [运行时间：0.006416s][吞吐率：155.86req/s] [内存消耗：144.55kb] [文件加载：36]
[ info ] [ LANG ] E:\phpStudy\WWW\hblog\thinkphp\lang\zh-cn.php
[ info ] [ ROUTE ] array (
  'type' => 'module',
  'module' => 
  array (
    0 => 'static',
    1 => 'admin',
    2 => 'js',
  ),
)
[ info ] [ HEADER ] array (
  'connection' => 'close',
  'referer' => 'http://www.hhqblog.com/admin/index',
  'proxy-connection' => 'keep-alive',
  'cookie' => 'pgv_pvi=7870825472',
  'accept-language' => 'zh-CN,zh;q=0.8',
  'accept-encoding' => 'gzip, deflate, sdch',
  'accept' => '*/*',
  'user-agent' => 'Mozilla/5.0 (Windows NT 10.0; Win64; x64) AppleWebKit/537.36 (KHTML, like Gecko) Chrome/57.0.2987.98 Safari/537.36',
  'host' => 'www.hhqblog.com',
)
[ info ] [ PARAM ] array (
  '/static/admin/js/layer/layer_min_js' => '',
  'layer' => 'layer.min.js',
)
[ info ] [ LOG ] INIT File

---------------------------------------------------------------
[ 2017-04-04T15:32:55+08:00 ] 127.0.0.1 127.0.0.1 GET /admin/index
[ log ] www.hhqblog.com/admin/index [运行时间：0.025496s][吞吐率：39.22req/s] [内存消耗：271.02kb] [文件加载：46]
[ info ] [ LANG ] E:\phpStudy\WWW\hblog\thinkphp\lang\zh-cn.php
[ info ] [ ROUTE ] array (
  'type' => 'module',
  'module' => 
  array (
    0 => 'admin',
    1 => 'index',
    2 => NULL,
  ),
)
[ info ] [ HEADER ] array (
  'cookie' => 'pgv_pvi=7870825472',
  'accept-language' => 'zh-CN,zh;q=0.8',
  'accept-encoding' => 'gzip, deflate, sdch',
  'accept' => 'text/html,application/xhtml+xml,application/xml;q=0.9,image/webp,*/*;q=0.8',
  'user-agent' => 'Mozilla/5.0 (Windows NT 10.0; Win64; x64) AppleWebKit/537.36 (KHTML, like Gecko) Chrome/57.0.2987.98 Safari/537.36',
  'upgrade-insecure-requests' => '1',
  'cache-control' => 'max-age=0',
  'connection' => 'close',
  'host' => 'www.hhqblog.com',
)
[ info ] [ PARAM ] array (
  '/admin/index' => '',
)
[ info ] [ RUN ] app\admin\controller\Index->index[ E:\phpStudy\WWW\hblog\application\admin\controller\Index.php ]
[ info ] [ VIEW ] E:\phpStudy\WWW\hblog\public/../application/admin\view\Public\index.html [ array (
) ]
[ info ] [ LOG ] INIT File

---------------------------------------------------------------
[ 2017-04-04T15:32:56+08:00 ] 127.0.0.1 127.0.0.1 GET /admin/index/main.html
[ log ] www.hhqblog.com/admin/index/main.html [运行时间：0.015248s][吞吐率：65.58req/s] [内存消耗：231.75kb] [文件加载：45]
[ info ] [ LANG ] E:\phpStudy\WWW\hblog\thinkphp\lang\zh-cn.php
[ info ] [ ROUTE ] array (
  'type' => 'module',
  'module' => 
  array (
    0 => 'admin',
    1 => 'index',
    2 => 'main',
  ),
)
[ info ] [ HEADER ] array (
  'cookie' => 'pgv_pvi=7870825472',
  'accept-language' => 'zh-CN,zh;q=0.8',
  'accept-encoding' => 'gzip, deflate, sdch',
  'referer' => 'http://www.hhqblog.com/admin/index',
  'accept' => 'text/html,application/xhtml+xml,application/xml;q=0.9,image/webp,*/*;q=0.8',
  'user-agent' => 'Mozilla/5.0 (Windows NT 10.0; Win64; x64) AppleWebKit/537.36 (KHTML, like Gecko) Chrome/57.0.2987.98 Safari/537.36',
  'upgrade-insecure-requests' => '1',
  'connection' => 'close',
  'host' => 'www.hhqblog.com',
)
[ info ] [ PARAM ] array (
  '/admin/index/main_html' => '',
)
[ info ] [ RUN ] app\admin\controller\Index->main[ E:\phpStudy\WWW\hblog\application\admin\controller\Index.php ]
[ info ] [ VIEW ] E:\phpStudy\WWW\hblog\public/../application/admin\view\index\index.html [ array (
  0 => 'info',
) ]
[ info ] [ LOG ] INIT File

---------------------------------------------------------------
[ 2017-04-04T15:33:21+08:00 ] 127.0.0.1 127.0.0.1 GET /admin/article/add_article.html
[ log ] www.hhqblog.com/admin/article/add_article.html [运行时间：0.028281s][吞吐率：35.36req/s] [内存消耗：248.09kb] [文件加载：47]
[ info ] [ LANG ] E:\phpStudy\WWW\hblog\thinkphp\lang\zh-cn.php
[ info ] [ ROUTE ] array (
  'type' => 'module',
  'module' => 
  array (
    0 => 'admin',
    1 => 'article',
    2 => 'add_article',
  ),
)
[ info ] [ HEADER ] array (
  'cookie' => 'pgv_pvi=7870825472',
  'accept-language' => 'zh-CN,zh;q=0.8',
  'accept-encoding' => 'gzip, deflate, sdch',
  'referer' => 'http://www.hhqblog.com/admin/index',
  'accept' => 'text/html,application/xhtml+xml,application/xml;q=0.9,image/webp,*/*;q=0.8',
  'user-agent' => 'Mozilla/5.0 (Windows NT 10.0; Win64; x64) AppleWebKit/537.36 (KHTML, like Gecko) Chrome/57.0.2987.98 Safari/537.36',
  'upgrade-insecure-requests' => '1',
  'connection' => 'close',
  'host' => 'www.hhqblog.com',
)
[ info ] [ PARAM ] array (
  '/admin/article/add_article_html' => '',
)
[ info ] [ RUN ] app\admin\controller\Article->add_article[ E:\phpStudy\WWW\hblog\application\admin\controller\Article.php ]
[ info ] [ VIEW ] E:\phpStudy\WWW\hblog\public/../application/admin\view\article\add_article.html [ array (
) ]
[ info ] [ LOG ] INIT File

---------------------------------------------------------------
[ 2017-04-04T15:34:08+08:00 ] 127.0.0.1 127.0.0.1 GET /admin/index
[ log ] www.hhqblog.com/admin/index [运行时间：0.010122s][吞吐率：98.79req/s] [内存消耗：212.66kb] [文件加载：44]
[ info ] [ LANG ] E:\phpStudy\WWW\hblog\thinkphp\lang\zh-cn.php
[ info ] [ ROUTE ] array (
  'type' => 'module',
  'module' => 
  array (
    0 => 'admin',
    1 => 'index',
    2 => NULL,
  ),
)
[ info ] [ HEADER ] array (
  'cookie' => 'pgv_pvi=7870825472',
  'accept-language' => 'zh-CN,zh;q=0.8',
  'accept-encoding' => 'gzip, deflate, sdch',
  'accept' => 'text/html,application/xhtml+xml,application/xml;q=0.9,image/webp,*/*;q=0.8',
  'user-agent' => 'Mozilla/5.0 (Windows NT 10.0; Win64; x64) AppleWebKit/537.36 (KHTML, like Gecko) Chrome/57.0.2987.98 Safari/537.36',
  'upgrade-insecure-requests' => '1',
  'cache-control' => 'max-age=0',
  'connection' => 'close',
  'host' => 'www.hhqblog.com',
)
[ info ] [ PARAM ] array (
  '/admin/index' => '',
)
[ info ] [ RUN ] app\admin\controller\Index->index[ E:\phpStudy\WWW\hblog\application\admin\controller\Index.php ]
[ info ] [ VIEW ] E:\phpStudy\WWW\hblog\public/../application/admin\view\Public\index.html [ array (
) ]
[ info ] [ LOG ] INIT File

---------------------------------------------------------------
[ 2017-04-04T15:34:08+08:00 ] 127.0.0.1 127.0.0.1 GET /admin/index/main.html
[ log ] www.hhqblog.com/admin/index/main.html [运行时间：0.011095s][吞吐率：90.13req/s] [内存消耗：194.85kb] [文件加载：43]
[ info ] [ LANG ] E:\phpStudy\WWW\hblog\thinkphp\lang\zh-cn.php
[ info ] [ ROUTE ] array (
  'type' => 'module',
  'module' => 
  array (
    0 => 'admin',
    1 => 'index',
    2 => 'main',
  ),
)
[ info ] [ HEADER ] array (
  'cookie' => 'pgv_pvi=7870825472',
  'accept-language' => 'zh-CN,zh;q=0.8',
  'accept-encoding' => 'gzip, deflate, sdch',
  'referer' => 'http://www.hhqblog.com/admin/index',
  'accept' => 'text/html,application/xhtml+xml,application/xml;q=0.9,image/webp,*/*;q=0.8',
  'user-agent' => 'Mozilla/5.0 (Windows NT 10.0; Win64; x64) AppleWebKit/537.36 (KHTML, like Gecko) Chrome/57.0.2987.98 Safari/537.36',
  'upgrade-insecure-requests' => '1',
  'connection' => 'close',
  'host' => 'www.hhqblog.com',
)
[ info ] [ PARAM ] array (
  '/admin/index/main_html' => '',
)
[ info ] [ RUN ] app\admin\controller\Index->main[ E:\phpStudy\WWW\hblog\application\admin\controller\Index.php ]
[ info ] [ VIEW ] E:\phpStudy\WWW\hblog\public/../application/admin\view\index\index.html [ array (
  0 => 'info',
) ]
[ info ] [ LOG ] INIT File

---------------------------------------------------------------
[ 2017-04-04T15:35:24+08:00 ] 127.0.0.1 127.0.0.1 GET /admin/article/add_article.html
[ log ] www.hhqblog.com/admin/article/add_article.html [运行时间：0.020199s][吞吐率：49.51req/s] [内存消耗：200.31kb] [文件加载：45]
[ info ] [ LANG ] E:\phpStudy\WWW\hblog\thinkphp\lang\zh-cn.php
[ info ] [ ROUTE ] array (
  'type' => 'module',
  'module' => 
  array (
    0 => 'admin',
    1 => 'article',
    2 => 'add_article',
  ),
)
[ info ] [ HEADER ] array (
  'cookie' => 'pgv_pvi=7870825472',
  'accept-language' => 'zh-CN,zh;q=0.8',
  'accept-encoding' => 'gzip, deflate, sdch',
  'referer' => 'http://www.hhqblog.com/admin/index',
  'accept' => 'text/html,application/xhtml+xml,application/xml;q=0.9,image/webp,*/*;q=0.8',
  'user-agent' => 'Mozilla/5.0 (Windows NT 10.0; Win64; x64) AppleWebKit/537.36 (KHTML, like Gecko) Chrome/57.0.2987.98 Safari/537.36',
  'upgrade-insecure-requests' => '1',
  'connection' => 'close',
  'host' => 'www.hhqblog.com',
)
[ info ] [ PARAM ] array (
  '/admin/article/add_article_html' => '',
)
[ info ] [ RUN ] app\admin\controller\Article->add_article[ E:\phpStudy\WWW\hblog\application\admin\controller\Article.php ]
[ info ] [ VIEW ] E:\phpStudy\WWW\hblog\public/../application/admin\view\article\add_article.html [ array (
) ]
[ info ] [ LOG ] INIT File

---------------------------------------------------------------
