[ 2017-06-10T00:01:14+08:00 ] 172.17.180.47 111.206.36.144 GET /
[ log ] www.hhqblog.com/ [运行时间：0.033249s][吞吐率：30.08req/s] [内存消耗：4,236.16kb] [文件加载：56]
[ info ] [ LANG ] /yjdata/www/hhqblog/thinkphp/lang/zh-cn.php
[ info ] [ ROUTE ] array (
  'type' => 'module',
  'module' => 
  array (
    0 => '',
    1 => NULL,
    2 => NULL,
  ),
)
[ info ] [ HEADER ] array (
  'user-agent' => 'Mozilla/5.0 (Macintosh; Intel Mac OS X 10_11_2) AppleWebKit/537.36 (KHTML, like Gecko) Chrome/47.0.2526.80 Safari/537.36',
  'host' => 'www.hhqblog.com',
  'connection' => 'close',
  'content-type' => '',
  'content-length' => '',
)
[ info ] [ PARAM ] array (
)
[ info ] [ CACHE ] INIT File
[ info ] [ DB ] INIT mysql
[ info ] [ RUN ] app\index\controller\Index->index[ /yjdata/www/hhqblog/application/index/controller/Index.php ]
[ info ] [ VIEW ] /yjdata/www/hhqblog/public/../application/index/view/index/index.html [ array (
  0 => 'menu',
  1 => 'recommend',
  2 => 'newarticle',
  3 => 'hot',
  4 => 'list',
  5 => 'allpage',
  6 => 'top_line',
  7 => 'carousel',
) ]
[ info ] [ LOG ] INIT File
[ sql ] [ DB ] CONNECT:[ UseTime:0.000290s ] mysql:dbname=hhqblog;host=127.0.0.1;port=3306;charset=utf8
[ sql ] [ SQL ] SHOW COLUMNS FROM `think_article` [ RunTime:0.000794s ]
[ sql ] [ SQL ] SELECT * FROM `think_article` WHERE  `status` = 1  AND `is_tui` = 1 ORDER BY id desc LIMIT 8 [ RunTime:0.000498s ]
[ sql ] [ SQL ] SELECT * FROM `think_article` WHERE  `status` = 1 ORDER BY id desc LIMIT 8 [ RunTime:0.000316s ]
[ sql ] [ SQL ] SELECT * FROM `think_article` ORDER BY views desc LIMIT 8 [ RunTime:0.000389s ]
[ sql ] [ SQL ] SELECT * FROM `think_article` WHERE  `status` = 1  AND `type` = 1 ORDER BY id desc LIMIT 6 [ RunTime:0.000287s ]
[ sql ] [ SQL ] SELECT * FROM `think_article` WHERE  `status` = 1  AND `type` = 2 ORDER BY id desc LIMIT 6 [ RunTime:0.000315s ]
[ sql ] [ SQL ] SELECT COUNT(*) AS tp_count FROM `think_article` WHERE  `status` = 1 LIMIT 1 [ RunTime:0.000240s ]
[ sql ] [ SQL ] SELECT `a`.*,`ac`.`name` FROM `think_article` `a` LEFT JOIN `think_article_cate` `ac` ON `a`.`cate_id`=`ac`.`id` WHERE  `a`.`status` = 1 ORDER BY id desc LIMIT 0,15 [ RunTime:0.000421s ]

---------------------------------------------------------------
[ 2017-06-10T01:02:12+08:00 ] 172.17.180.47 202.108.211.56 GET /
[ log ] www.hhqblog.com/ [运行时间：0.032626s][吞吐率：30.65req/s] [内存消耗：4,236.84kb] [文件加载：56]
[ info ] [ LANG ] /yjdata/www/hhqblog/thinkphp/lang/zh-cn.php
[ info ] [ ROUTE ] array (
  'type' => 'module',
  'module' => 
  array (
    0 => '',
    1 => NULL,
    2 => NULL,
  ),
)
[ info ] [ HEADER ] array (
  'user-agent' => 'Mozilla/5.0 (X11; Linux x86_64) AppleWebKit/535.21 (KHTML, like Gecko) Chrome/19.0.1042.0 Safari/535.21',
  'accept' => 'text/html,application/xhtml+xml,application/xml;q=0.9,image/webp,*/*;q=0.8',
  'accept-encoding' => 'gzip, deflate, sdch',
  'accept-language' => 'zh-CN,zh;q=0.8,en-US;q=0.6,en;q=0.4',
  'cache-control' => 'no-cache',
  'pragma' => 'no-cache',
  'upgrade-insecure-requests' => '1',
  'host' => 'www.hhqblog.com',
  'connection' => 'keep-alive',
  'content-type' => '',
  'content-length' => '',
)
[ info ] [ PARAM ] array (
)
[ info ] [ CACHE ] INIT File
[ info ] [ DB ] INIT mysql
[ info ] [ RUN ] app\index\controller\Index->index[ /yjdata/www/hhqblog/application/index/controller/Index.php ]
[ info ] [ VIEW ] /yjdata/www/hhqblog/public/../application/index/view/index/index.html [ array (
  0 => 'menu',
  1 => 'recommend',
  2 => 'newarticle',
  3 => 'hot',
  4 => 'list',
  5 => 'allpage',
  6 => 'top_line',
  7 => 'carousel',
) ]
[ info ] [ LOG ] INIT File
[ sql ] [ DB ] CONNECT:[ UseTime:0.000281s ] mysql:dbname=hhqblog;host=127.0.0.1;port=3306;charset=utf8
[ sql ] [ SQL ] SHOW COLUMNS FROM `think_article` [ RunTime:0.000776s ]
[ sql ] [ SQL ] SELECT * FROM `think_article` WHERE  `status` = 1  AND `is_tui` = 1 ORDER BY id desc LIMIT 8 [ RunTime:0.000486s ]
[ sql ] [ SQL ] SELECT * FROM `think_article` WHERE  `status` = 1 ORDER BY id desc LIMIT 8 [ RunTime:0.000280s ]
[ sql ] [ SQL ] SELECT * FROM `think_article` ORDER BY views desc LIMIT 8 [ RunTime:0.000332s ]
[ sql ] [ SQL ] SELECT * FROM `think_article` WHERE  `status` = 1  AND `type` = 1 ORDER BY id desc LIMIT 6 [ RunTime:0.000298s ]
[ sql ] [ SQL ] SELECT * FROM `think_article` WHERE  `status` = 1  AND `type` = 2 ORDER BY id desc LIMIT 6 [ RunTime:0.000283s ]
[ sql ] [ SQL ] SELECT COUNT(*) AS tp_count FROM `think_article` WHERE  `status` = 1 LIMIT 1 [ RunTime:0.000222s ]
[ sql ] [ SQL ] SELECT `a`.*,`ac`.`name` FROM `think_article` `a` LEFT JOIN `think_article_cate` `ac` ON `a`.`cate_id`=`ac`.`id` WHERE  `a`.`status` = 1 ORDER BY id desc LIMIT 0,15 [ RunTime:0.000397s ]

---------------------------------------------------------------
[ 2017-06-10T02:16:16+08:00 ] 172.17.180.47 123.125.71.108 GET /
[ log ] www.hhqblog.com/ [运行时间：0.032852s][吞吐率：30.44req/s] [内存消耗：4,236.38kb] [文件加载：56]
[ info ] [ LANG ] /yjdata/www/hhqblog/thinkphp/lang/zh-cn.php
[ info ] [ ROUTE ] array (
  'type' => 'module',
  'module' => 
  array (
    0 => '',
    1 => NULL,
    2 => NULL,
  ),
)
[ info ] [ HEADER ] array (
  'host' => 'www.hhqblog.com',
  'connection' => 'close',
  'user-agent' => 'Mozilla/5.0 (compatible; Baiduspider/2.0; +http://www.baidu.com/search/spider.html)',
  'accept-language' => 'zh-cn,zh-tw',
  'if-none-match' => '"@NULL@"',
  'accept-encoding' => 'gzip',
  'accept' => '*/*',
  'content-type' => '',
  'content-length' => '',
)
[ info ] [ PARAM ] array (
)
[ info ] [ CACHE ] INIT File
[ info ] [ DB ] INIT mysql
[ info ] [ RUN ] app\index\controller\Index->index[ /yjdata/www/hhqblog/application/index/controller/Index.php ]
[ info ] [ VIEW ] /yjdata/www/hhqblog/public/../application/index/view/index/index.html [ array (
  0 => 'menu',
  1 => 'recommend',
  2 => 'newarticle',
  3 => 'hot',
  4 => 'list',
  5 => 'allpage',
  6 => 'top_line',
  7 => 'carousel',
) ]
[ info ] [ LOG ] INIT File
[ sql ] [ DB ] CONNECT:[ UseTime:0.000305s ] mysql:dbname=hhqblog;host=127.0.0.1;port=3306;charset=utf8
[ sql ] [ SQL ] SHOW COLUMNS FROM `think_article` [ RunTime:0.000777s ]
[ sql ] [ SQL ] SELECT * FROM `think_article` WHERE  `status` = 1  AND `is_tui` = 1 ORDER BY id desc LIMIT 8 [ RunTime:0.000511s ]
[ sql ] [ SQL ] SELECT * FROM `think_article` WHERE  `status` = 1 ORDER BY id desc LIMIT 8 [ RunTime:0.000340s ]
[ sql ] [ SQL ] SELECT * FROM `think_article` ORDER BY views desc LIMIT 8 [ RunTime:0.000369s ]
[ sql ] [ SQL ] SELECT * FROM `think_article` WHERE  `status` = 1  AND `type` = 1 ORDER BY id desc LIMIT 6 [ RunTime:0.000274s ]
[ sql ] [ SQL ] SELECT * FROM `think_article` WHERE  `status` = 1  AND `type` = 2 ORDER BY id desc LIMIT 6 [ RunTime:0.000290s ]
[ sql ] [ SQL ] SELECT COUNT(*) AS tp_count FROM `think_article` WHERE  `status` = 1 LIMIT 1 [ RunTime:0.000232s ]
[ sql ] [ SQL ] SELECT `a`.*,`ac`.`name` FROM `think_article` `a` LEFT JOIN `think_article_cate` `ac` ON `a`.`cate_id`=`ac`.`id` WHERE  `a`.`status` = 1 ORDER BY id desc LIMIT 0,15 [ RunTime:0.000405s ]

---------------------------------------------------------------
[ 2017-06-10T04:32:09+08:00 ] 172.17.180.47 157.55.39.101 GET /
[ log ] hhqblog.com/ [运行时间：0.032747s][吞吐率：30.54req/s] [内存消耗：4,236.59kb] [文件加载：56]
[ info ] [ LANG ] /yjdata/www/hhqblog/thinkphp/lang/zh-cn.php
[ info ] [ ROUTE ] array (
  'type' => 'module',
  'module' => 
  array (
    0 => '',
    1 => NULL,
    2 => NULL,
  ),
)
[ info ] [ HEADER ] array (
  'cache-control' => 'no-cache',
  'connection' => 'Keep-Alive',
  'pragma' => 'no-cache',
  'accept' => '*/*',
  'accept-encoding' => 'gzip, deflate',
  'from' => 'bingbot(at)microsoft.com',
  'host' => 'hhqblog.com',
  'user-agent' => 'Mozilla/5.0 (compatible; bingbot/2.0; +http://www.bing.com/bingbot.htm)',
  'content-type' => '',
  'content-length' => '',
)
[ info ] [ PARAM ] array (
)
[ info ] [ CACHE ] INIT File
[ info ] [ DB ] INIT mysql
[ info ] [ RUN ] app\index\controller\Index->index[ /yjdata/www/hhqblog/application/index/controller/Index.php ]
[ info ] [ VIEW ] /yjdata/www/hhqblog/public/../application/index/view/index/index.html [ array (
  0 => 'menu',
  1 => 'recommend',
  2 => 'newarticle',
  3 => 'hot',
  4 => 'list',
  5 => 'allpage',
  6 => 'top_line',
  7 => 'carousel',
) ]
[ info ] [ LOG ] INIT File
[ sql ] [ DB ] CONNECT:[ UseTime:0.000306s ] mysql:dbname=hhqblog;host=127.0.0.1;port=3306;charset=utf8
[ sql ] [ SQL ] SHOW COLUMNS FROM `think_article` [ RunTime:0.000788s ]
[ sql ] [ SQL ] SELECT * FROM `think_article` WHERE  `status` = 1  AND `is_tui` = 1 ORDER BY id desc LIMIT 8 [ RunTime:0.000483s ]
[ sql ] [ SQL ] SELECT * FROM `think_article` WHERE  `status` = 1 ORDER BY id desc LIMIT 8 [ RunTime:0.000286s ]
[ sql ] [ SQL ] SELECT * FROM `think_article` ORDER BY views desc LIMIT 8 [ RunTime:0.000335s ]
[ sql ] [ SQL ] SELECT * FROM `think_article` WHERE  `status` = 1  AND `type` = 1 ORDER BY id desc LIMIT 6 [ RunTime:0.000273s ]
[ sql ] [ SQL ] SELECT * FROM `think_article` WHERE  `status` = 1  AND `type` = 2 ORDER BY id desc LIMIT 6 [ RunTime:0.000309s ]
[ sql ] [ SQL ] SELECT COUNT(*) AS tp_count FROM `think_article` WHERE  `status` = 1 LIMIT 1 [ RunTime:0.000229s ]
[ sql ] [ SQL ] SELECT `a`.*,`ac`.`name` FROM `think_article` `a` LEFT JOIN `think_article_cate` `ac` ON `a`.`cate_id`=`ac`.`id` WHERE  `a`.`status` = 1 ORDER BY id desc LIMIT 0,15 [ RunTime:0.000407s ]

---------------------------------------------------------------
[ 2017-06-10T05:19:10+08:00 ] 172.17.180.47 203.208.60.250 GET /
[ log ] hhqblog.com/ [运行时间：0.030448s][吞吐率：32.84req/s] [内存消耗：4,289.15kb] [文件加载：56]
[ info ] [ LANG ] /yjdata/www/hhqblog/thinkphp/lang/zh-cn.php
[ info ] [ ROUTE ] array (
  'type' => 'module',
  'module' => 
  array (
    0 => '',
    1 => NULL,
    2 => NULL,
  ),
)
[ info ] [ HEADER ] array (
  'host' => 'hhqblog.com',
  'connection' => 'Keep-alive',
  'accept' => 'text/html,application/xhtml+xml,application/xml;q=0.9,*/*;q=0.8',
  'from' => 'googlebot(at)googlebot.com',
  'user-agent' => 'Mozilla/5.0 (Linux; Android 6.0.1; Nexus 5X Build/MMB29P) AppleWebKit/537.36 (KHTML, like Gecko) Chrome/41.0.2272.96 Mobile Safari/537.36 (compatible; Googlebot/2.1; +http://www.google.com/bot.html)',
  'accept-encoding' => 'gzip,deflate,br',
  'content-type' => '',
  'content-length' => '',
)
[ info ] [ PARAM ] array (
)
[ info ] [ CACHE ] INIT File
[ info ] [ DB ] INIT mysql
[ info ] [ RUN ] app\index\controller\Index->index[ /yjdata/www/hhqblog/application/index/controller/Index.php ]
[ info ] [ VIEW ] /yjdata/www/hhqblog/public/../application/index/view/index/index.html [ array (
  0 => 'menu',
  1 => 'recommend',
  2 => 'newarticle',
  3 => 'hot',
  4 => 'list',
  5 => 'allpage',
  6 => 'top_line',
  7 => 'carousel',
) ]
[ info ] [ LOG ] INIT File
[ sql ] [ DB ] CONNECT:[ UseTime:0.000299s ] mysql:dbname=hhqblog;host=127.0.0.1;port=3306;charset=utf8
[ sql ] [ SQL ] SHOW COLUMNS FROM `think_article` [ RunTime:0.000804s ]
[ sql ] [ SQL ] SELECT * FROM `think_article` ORDER BY views desc LIMIT 8 [ RunTime:0.000461s ]
[ sql ] [ SQL ] SELECT * FROM `think_article` WHERE  `status` = 1  AND `type` = 2 ORDER BY id desc LIMIT 6 [ RunTime:0.000327s ]
[ sql ] [ SQL ] SELECT COUNT(*) AS tp_count FROM `think_article` WHERE  `status` = 1 LIMIT 1 [ RunTime:0.000225s ]
[ sql ] [ SQL ] SELECT `a`.*,`ac`.`name` FROM `think_article` `a` LEFT JOIN `think_article_cate` `ac` ON `a`.`cate_id`=`ac`.`id` WHERE  `a`.`status` = 1 ORDER BY id desc LIMIT 0,15 [ RunTime:0.000430s ]

---------------------------------------------------------------
[ 2017-06-10T05:19:17+08:00 ] 172.17.180.47 203.208.60.250 GET /index/index/index.html?page=1
[ log ] hhqblog.com/index/index/index.html?page=1 [运行时间：0.030920s][吞吐率：32.34req/s] [内存消耗：4,264.69kb] [文件加载：55]
[ info ] [ LANG ] /yjdata/www/hhqblog/thinkphp/lang/zh-cn.php
[ info ] [ ROUTE ] array (
  'type' => 'module',
  'module' => 
  array (
    0 => 'index',
    1 => 'index',
    2 => 'index',
  ),
)
[ info ] [ HEADER ] array (
  'host' => 'hhqblog.com',
  'referer' => 'http://hhqblog.com/',
  'x-requested-with' => 'XMLHttpRequest',
  'accept-language' => 'en-US',
  'connection' => 'Keep-alive',
  'accept' => '*/*,application/json, text/javascript, */*; q=0.01',
  'from' => 'googlebot(at)googlebot.com',
  'user-agent' => 'Mozilla/5.0 (compatible; Googlebot/2.1; +http://www.google.com/bot.html)',
  'accept-encoding' => 'gzip,deflate,br',
  'content-type' => '',
  'content-length' => '',
)
[ info ] [ PARAM ] array (
  'page' => '1',
)
[ info ] [ CACHE ] INIT File
[ info ] [ DB ] INIT mysql
[ info ] [ RUN ] app\index\controller\Index->index[ /yjdata/www/hhqblog/application/index/controller/Index.php ]
[ info ] [ LOG ] INIT File
[ sql ] [ DB ] CONNECT:[ UseTime:0.000280s ] mysql:dbname=hhqblog;host=127.0.0.1;port=3306;charset=utf8
[ sql ] [ SQL ] SHOW COLUMNS FROM `think_article` [ RunTime:0.000787s ]
[ sql ] [ SQL ] SELECT * FROM `think_article` ORDER BY views desc LIMIT 8 [ RunTime:0.000443s ]
[ sql ] [ SQL ] SELECT * FROM `think_article` WHERE  `status` = 1  AND `type` = 2 ORDER BY id desc LIMIT 6 [ RunTime:0.000341s ]
[ sql ] [ SQL ] SELECT COUNT(*) AS tp_count FROM `think_article` WHERE  `status` = 1 LIMIT 1 [ RunTime:0.000212s ]
[ sql ] [ SQL ] SELECT `a`.*,`ac`.`name` FROM `think_article` `a` LEFT JOIN `think_article_cate` `ac` ON `a`.`cate_id`=`ac`.`id` WHERE  `a`.`status` = 1 ORDER BY id desc LIMIT 0,15 [ RunTime:0.000408s ]

---------------------------------------------------------------
[ 2017-06-10T06:04:45+08:00 ] 172.17.180.47 106.45.0.51 GET /
[ log ] www.hhqblog.com/ [运行时间：0.033198s][吞吐率：30.12req/s] [内存消耗：4,235.93kb] [文件加载：56]
[ info ] [ LANG ] /yjdata/www/hhqblog/thinkphp/lang/zh-cn.php
[ info ] [ ROUTE ] array (
  'type' => 'module',
  'module' => 
  array (
    0 => '',
    1 => NULL,
    2 => NULL,
  ),
)
[ info ] [ HEADER ] array (
  'user-agent' => 'Wget/1.12 (linux-gnu)',
  'accept' => '*/*',
  'host' => 'www.hhqblog.com',
  'connection' => 'Keep-Alive',
  'content-type' => '',
  'content-length' => '',
)
[ info ] [ PARAM ] array (
)
[ info ] [ CACHE ] INIT File
[ info ] [ DB ] INIT mysql
[ info ] [ RUN ] app\index\controller\Index->index[ /yjdata/www/hhqblog/application/index/controller/Index.php ]
[ info ] [ VIEW ] /yjdata/www/hhqblog/public/../application/index/view/index/index.html [ array (
  0 => 'menu',
  1 => 'recommend',
  2 => 'newarticle',
  3 => 'hot',
  4 => 'list',
  5 => 'allpage',
  6 => 'top_line',
  7 => 'carousel',
) ]
[ info ] [ LOG ] INIT File
[ sql ] [ DB ] CONNECT:[ UseTime:0.000292s ] mysql:dbname=hhqblog;host=127.0.0.1;port=3306;charset=utf8
[ sql ] [ SQL ] SHOW COLUMNS FROM `think_article` [ RunTime:0.000798s ]
[ sql ] [ SQL ] SELECT * FROM `think_article` WHERE  `status` = 1  AND `is_tui` = 1 ORDER BY id desc LIMIT 8 [ RunTime:0.000501s ]
[ sql ] [ SQL ] SELECT * FROM `think_article` WHERE  `status` = 1 ORDER BY id desc LIMIT 8 [ RunTime:0.000284s ]
[ sql ] [ SQL ] SELECT * FROM `think_article` ORDER BY views desc LIMIT 8 [ RunTime:0.000427s ]
[ sql ] [ SQL ] SELECT * FROM `think_article` WHERE  `status` = 1  AND `type` = 1 ORDER BY id desc LIMIT 6 [ RunTime:0.000342s ]
[ sql ] [ SQL ] SELECT * FROM `think_article` WHERE  `status` = 1  AND `type` = 2 ORDER BY id desc LIMIT 6 [ RunTime:0.000303s ]
[ sql ] [ SQL ] SELECT COUNT(*) AS tp_count FROM `think_article` WHERE  `status` = 1 LIMIT 1 [ RunTime:0.000225s ]
[ sql ] [ SQL ] SELECT `a`.*,`ac`.`name` FROM `think_article` `a` LEFT JOIN `think_article_cate` `ac` ON `a`.`cate_id`=`ac`.`id` WHERE  `a`.`status` = 1 ORDER BY id desc LIMIT 0,15 [ RunTime:0.000425s ]

---------------------------------------------------------------
[ 2017-06-10T08:16:39+08:00 ] 172.17.180.47 203.208.60.214 GET /
[ log ] www.hhqblog.com/ [运行时间：0.032833s][吞吐率：30.46req/s] [内存消耗：4,236.48kb] [文件加载：56]
[ info ] [ LANG ] /yjdata/www/hhqblog/thinkphp/lang/zh-cn.php
[ info ] [ ROUTE ] array (
  'type' => 'module',
  'module' => 
  array (
    0 => '',
    1 => NULL,
    2 => NULL,
  ),
)
[ info ] [ HEADER ] array (
  'host' => 'www.hhqblog.com',
  'connection' => 'Keep-alive',
  'accept' => 'text/html,application/xhtml+xml,application/xml;q=0.9,*/*;q=0.8',
  'from' => 'googlebot(at)googlebot.com',
  'user-agent' => 'Mozilla/5.0 (compatible; Googlebot/2.1; +http://www.google.com/bot.html)',
  'accept-encoding' => 'gzip,deflate,br',
  'content-type' => '',
  'content-length' => '',
)
[ info ] [ PARAM ] array (
)
[ info ] [ CACHE ] INIT File
[ info ] [ DB ] INIT mysql
[ info ] [ RUN ] app\index\controller\Index->index[ /yjdata/www/hhqblog/application/index/controller/Index.php ]
[ info ] [ VIEW ] /yjdata/www/hhqblog/public/../application/index/view/index/index.html [ array (
  0 => 'menu',
  1 => 'recommend',
  2 => 'newarticle',
  3 => 'hot',
  4 => 'list',
  5 => 'allpage',
  6 => 'top_line',
  7 => 'carousel',
) ]
[ info ] [ LOG ] INIT File
[ sql ] [ DB ] CONNECT:[ UseTime:0.000289s ] mysql:dbname=hhqblog;host=127.0.0.1;port=3306;charset=utf8
[ sql ] [ SQL ] SHOW COLUMNS FROM `think_article` [ RunTime:0.000789s ]
[ sql ] [ SQL ] SELECT * FROM `think_article` WHERE  `status` = 1  AND `is_tui` = 1 ORDER BY id desc LIMIT 8 [ RunTime:0.000496s ]
[ sql ] [ SQL ] SELECT * FROM `think_article` WHERE  `status` = 1 ORDER BY id desc LIMIT 8 [ RunTime:0.000284s ]
[ sql ] [ SQL ] SELECT * FROM `think_article` ORDER BY views desc LIMIT 8 [ RunTime:0.000329s ]
[ sql ] [ SQL ] SELECT * FROM `think_article` WHERE  `status` = 1  AND `type` = 1 ORDER BY id desc LIMIT 6 [ RunTime:0.000282s ]
[ sql ] [ SQL ] SELECT * FROM `think_article` WHERE  `status` = 1  AND `type` = 2 ORDER BY id desc LIMIT 6 [ RunTime:0.000303s ]
[ sql ] [ SQL ] SELECT COUNT(*) AS tp_count FROM `think_article` WHERE  `status` = 1 LIMIT 1 [ RunTime:0.000214s ]
[ sql ] [ SQL ] SELECT `a`.*,`ac`.`name` FROM `think_article` `a` LEFT JOIN `think_article_cate` `ac` ON `a`.`cate_id`=`ac`.`id` WHERE  `a`.`status` = 1 ORDER BY id desc LIMIT 0,15 [ RunTime:0.000422s ]

---------------------------------------------------------------
[ 2017-06-10T09:03:15+08:00 ] 172.17.180.47 125.76.61.250 GET /
[ log ] www.hhqblog.com/ [运行时间：0.031011s][吞吐率：32.25req/s] [内存消耗：4,288.66kb] [文件加载：56]
[ info ] [ LANG ] /yjdata/www/hhqblog/thinkphp/lang/zh-cn.php
[ info ] [ ROUTE ] array (
  'type' => 'module',
  'module' => 
  array (
    0 => '',
    1 => NULL,
    2 => NULL,
  ),
)
[ info ] [ HEADER ] array (
  'user-agent' => 'Wget/1.12 (linux-gnu)',
  'accept' => '*/*',
  'host' => 'www.hhqblog.com',
  'connection' => 'Keep-Alive',
  'content-type' => '',
  'content-length' => '',
)
[ info ] [ PARAM ] array (
)
[ info ] [ CACHE ] INIT File
[ info ] [ DB ] INIT mysql
[ info ] [ RUN ] app\index\controller\Index->index[ /yjdata/www/hhqblog/application/index/controller/Index.php ]
[ info ] [ VIEW ] /yjdata/www/hhqblog/public/../application/index/view/index/index.html [ array (
  0 => 'menu',
  1 => 'recommend',
  2 => 'newarticle',
  3 => 'hot',
  4 => 'list',
  5 => 'allpage',
  6 => 'top_line',
  7 => 'carousel',
) ]
[ info ] [ LOG ] INIT File
[ sql ] [ DB ] CONNECT:[ UseTime:0.000361s ] mysql:dbname=hhqblog;host=127.0.0.1;port=3306;charset=utf8
[ sql ] [ SQL ] SHOW COLUMNS FROM `think_article` [ RunTime:0.000859s ]
[ sql ] [ SQL ] SELECT * FROM `think_article` ORDER BY views desc LIMIT 8 [ RunTime:0.000484s ]
[ sql ] [ SQL ] SELECT * FROM `think_article` WHERE  `status` = 1  AND `type` = 2 ORDER BY id desc LIMIT 6 [ RunTime:0.000367s ]
[ sql ] [ SQL ] SELECT COUNT(*) AS tp_count FROM `think_article` WHERE  `status` = 1 LIMIT 1 [ RunTime:0.000226s ]
[ sql ] [ SQL ] SELECT `a`.*,`ac`.`name` FROM `think_article` `a` LEFT JOIN `think_article_cate` `ac` ON `a`.`cate_id`=`ac`.`id` WHERE  `a`.`status` = 1 ORDER BY id desc LIMIT 0,15 [ RunTime:0.000450s ]

---------------------------------------------------------------
[ 2017-06-10T09:06:04+08:00 ] 172.17.180.47 219.93.48.21 GET /
[ log ] HHQBLOG.COM/ [运行时间：0.031165s][吞吐率：32.09req/s] [内存消耗：4,289.08kb] [文件加载：56]
[ info ] [ LANG ] /yjdata/www/hhqblog/thinkphp/lang/zh-cn.php
[ info ] [ ROUTE ] array (
  'type' => 'module',
  'module' => 
  array (
    0 => '',
    1 => NULL,
    2 => NULL,
  ),
)
[ info ] [ HEADER ] array (
  'host' => 'HHQBLOG.COM',
  'user-agent' => 'Mozilla/5.0 (compatible; MSIE 8.0; Windows NT 5.1; Win64; x64; Trident/4.0)',
  'accept-encoding' => 'gzip',
  'accept-charset' => 'utf-8,windows-1251;q=0.7,*;q=0.5',
  'accept-language' => 'en-us,en;q=0.8',
  'keep-alive' => '300',
  'accept' => 'text/xml,application/xml,application/xhtml+xml,text/html;q=0.9,text/plain;q=0.8,image/png,*/*;q=0.3',
  'content-type' => '',
  'content-length' => '',
)
[ info ] [ PARAM ] array (
)
[ info ] [ CACHE ] INIT File
[ info ] [ DB ] INIT mysql
[ info ] [ RUN ] app\index\controller\Index->index[ /yjdata/www/hhqblog/application/index/controller/Index.php ]
[ info ] [ VIEW ] /yjdata/www/hhqblog/public/../application/index/view/index/index.html [ array (
  0 => 'menu',
  1 => 'recommend',
  2 => 'newarticle',
  3 => 'hot',
  4 => 'list',
  5 => 'allpage',
  6 => 'top_line',
  7 => 'carousel',
) ]
[ info ] [ LOG ] INIT File
[ sql ] [ DB ] CONNECT:[ UseTime:0.000302s ] mysql:dbname=hhqblog;host=127.0.0.1;port=3306;charset=utf8
[ sql ] [ SQL ] SHOW COLUMNS FROM `think_article` [ RunTime:0.000836s ]
[ sql ] [ SQL ] SELECT * FROM `think_article` ORDER BY views desc LIMIT 8 [ RunTime:0.000471s ]
[ sql ] [ SQL ] SELECT * FROM `think_article` WHERE  `status` = 1  AND `type` = 2 ORDER BY id desc LIMIT 6 [ RunTime:0.000341s ]
[ sql ] [ SQL ] SELECT COUNT(*) AS tp_count FROM `think_article` WHERE  `status` = 1 LIMIT 1 [ RunTime:0.000236s ]
[ sql ] [ SQL ] SELECT `a`.*,`ac`.`name` FROM `think_article` `a` LEFT JOIN `think_article_cate` `ac` ON `a`.`cate_id`=`ac`.`id` WHERE  `a`.`status` = 1 ORDER BY id desc LIMIT 0,15 [ RunTime:0.000442s ]

---------------------------------------------------------------
[ 2017-06-10T09:08:50+08:00 ] 172.17.180.47 203.208.60.193 GET /
[ log ] hhqblog.com/ [运行时间：0.032002s][吞吐率：31.25req/s] [内存消耗：4,288.92kb] [文件加载：56]
[ info ] [ LANG ] /yjdata/www/hhqblog/thinkphp/lang/zh-cn.php
[ info ] [ ROUTE ] array (
  'type' => 'module',
  'module' => 
  array (
    0 => '',
    1 => NULL,
    2 => NULL,
  ),
)
[ info ] [ HEADER ] array (
  'host' => 'hhqblog.com',
  'connection' => 'Keep-alive',
  'accept' => 'text/html,application/xhtml+xml,application/xml;q=0.9,*/*;q=0.8',
  'from' => 'googlebot(at)googlebot.com',
  'user-agent' => 'Mozilla/5.0 (compatible; Googlebot/2.1; +http://www.google.com/bot.html)',
  'accept-encoding' => 'gzip,deflate,br',
  'content-type' => '',
  'content-length' => '',
)
[ info ] [ PARAM ] array (
)
[ info ] [ CACHE ] INIT File
[ info ] [ DB ] INIT mysql
[ info ] [ RUN ] app\index\controller\Index->index[ /yjdata/www/hhqblog/application/index/controller/Index.php ]
[ info ] [ VIEW ] /yjdata/www/hhqblog/public/../application/index/view/index/index.html [ array (
  0 => 'menu',
  1 => 'recommend',
  2 => 'newarticle',
  3 => 'hot',
  4 => 'list',
  5 => 'allpage',
  6 => 'top_line',
  7 => 'carousel',
) ]
[ info ] [ LOG ] INIT File
[ sql ] [ DB ] CONNECT:[ UseTime:0.000310s ] mysql:dbname=hhqblog;host=127.0.0.1;port=3306;charset=utf8
[ sql ] [ SQL ] SHOW COLUMNS FROM `think_article` [ RunTime:0.000842s ]
[ sql ] [ SQL ] SELECT * FROM `think_article` ORDER BY views desc LIMIT 8 [ RunTime:0.000465s ]
[ sql ] [ SQL ] SELECT * FROM `think_article` WHERE  `status` = 1  AND `type` = 2 ORDER BY id desc LIMIT 6 [ RunTime:0.000342s ]
[ sql ] [ SQL ] SELECT COUNT(*) AS tp_count FROM `think_article` WHERE  `status` = 1 LIMIT 1 [ RunTime:0.000255s ]
[ sql ] [ SQL ] SELECT `a`.*,`ac`.`name` FROM `think_article` `a` LEFT JOIN `think_article_cate` `ac` ON `a`.`cate_id`=`ac`.`id` WHERE  `a`.`status` = 1 ORDER BY id desc LIMIT 0,15 [ RunTime:0.000431s ]

---------------------------------------------------------------
[ 2017-06-10T09:23:14+08:00 ] 172.17.180.47 180.76.15.140 GET /ar/32.html
[ log ] www.hhqblog.com/ar/32.html [运行时间：0.030627s][吞吐率：32.65req/s] [内存消耗：3,852.78kb] [文件加载：56]
[ info ] [ LANG ] /yjdata/www/hhqblog/thinkphp/lang/zh-cn.php
[ info ] [ ROUTE ] array (
  'type' => 'module',
  'module' => 
  array (
    0 => 'index',
    1 => 'Artical',
    2 => 'detail',
  ),
  'convert' => false,
)
[ info ] [ HEADER ] array (
  'host' => 'www.hhqblog.com',
  'connection' => 'close',
  'user-agent' => 'Mozilla/5.0 (compatible; Baiduspider/2.0; +http://www.baidu.com/search/spider.html)',
  'accept-encoding' => 'gzip',
  'accept-language' => 'en-US',
  'accept' => '*/*',
  'content-type' => '',
  'content-length' => '',
)
[ info ] [ PARAM ] array (
  'id' => '32',
)
[ info ] [ CACHE ] INIT File
[ info ] [ DB ] INIT mysql
[ info ] [ RUN ] app\index\controller\Artical->detail[ /yjdata/www/hhqblog/application/index/controller/Artical.php ]
[ info ] [ VIEW ] /yjdata/www/hhqblog/public/../application/index/view/artical/detail.html [ array (
  0 => 'menu',
  1 => 'recommend',
  2 => 'newarticle',
  3 => 'hot',
  4 => 'article',
  5 => 'allpage',
) ]
[ info ] [ LOG ] INIT File
[ sql ] [ DB ] CONNECT:[ UseTime:0.000288s ] mysql:dbname=hhqblog;host=127.0.0.1;port=3306;charset=utf8
[ sql ] [ SQL ] SHOW COLUMNS FROM `think_article` [ RunTime:0.000776s ]
[ sql ] [ SQL ] SELECT * FROM `think_article` WHERE  `status` = 1  AND `is_tui` = 1 ORDER BY id desc LIMIT 8 [ RunTime:0.000503s ]
[ sql ] [ SQL ] SELECT * FROM `think_article` WHERE  `status` = 1 ORDER BY id desc LIMIT 8 [ RunTime:0.000292s ]
[ sql ] [ SQL ] SELECT * FROM `think_article` ORDER BY views desc LIMIT 8 [ RunTime:0.000368s ]
[ sql ] [ SQL ] SELECT `a`.*,`ca`.`name` FROM `think_article` `a` LEFT JOIN `think_article_cate` `ca` ON `a`.`cate_id`=`ca`.`id` WHERE  `a`.`id` = 32 LIMIT 1 [ RunTime:0.000230s ]

---------------------------------------------------------------
[ 2017-06-10T10:02:19+08:00 ] 172.17.180.47 163.172.4.153 GET /
[ log ] hhqblog.com/ [运行时间：0.032327s][吞吐率：30.93req/s] [内存消耗：4,280.47kb] [文件加载：56]
[ info ] [ LANG ] /yjdata/www/hhqblog/thinkphp/lang/zh-cn.php
[ info ] [ ROUTE ] array (
  'type' => 'module',
  'module' => 
  array (
    0 => '',
    1 => NULL,
    2 => NULL,
  ),
)
[ info ] [ HEADER ] array (
  'user-agent' => 'Mozilla/5.0 (X11; Linux x86_64; rv:53.0) Gecko/20100101 Firefox/53.0',
  'connection' => 'Te',
  'accept' => 'text/html',
  'te' => 'trailers',
  'accept-language' => 'en-US;q=0.8, en;q=0.6',
  'accept-encoding' => 'gzip, deflate',
  'host' => 'hhqblog.com',
  'referer' => 'http://hhqblog.com/',
  'content-type' => '',
  'content-length' => '',
)
[ info ] [ PARAM ] array (
)
[ info ] [ CACHE ] INIT File
[ info ] [ DB ] INIT mysql
[ info ] [ RUN ] app\index\controller\Index->index[ /yjdata/www/hhqblog/application/index/controller/Index.php ]
[ info ] [ VIEW ] /yjdata/www/hhqblog/public/../application/index/view/index/index.html [ array (
  0 => 'menu',
  1 => 'recommend',
  2 => 'newarticle',
  3 => 'hot',
  4 => 'list',
  5 => 'allpage',
  6 => 'top_line',
  7 => 'carousel',
) ]
[ info ] [ LOG ] INIT File
[ sql ] [ DB ] CONNECT:[ UseTime:0.000282s ] mysql:dbname=hhqblog;host=127.0.0.1;port=3306;charset=utf8
[ sql ] [ SQL ] SHOW COLUMNS FROM `think_article` [ RunTime:0.000799s ]
[ sql ] [ SQL ] SELECT * FROM `think_article` ORDER BY views desc LIMIT 8 [ RunTime:0.000462s ]
[ sql ] [ SQL ] SELECT * FROM `think_article` WHERE  `status` = 1  AND `type` = 1 ORDER BY id desc LIMIT 6 [ RunTime:0.000337s ]
[ sql ] [ SQL ] SELECT * FROM `think_article` WHERE  `status` = 1  AND `type` = 2 ORDER BY id desc LIMIT 6 [ RunTime:0.000282s ]
[ sql ] [ SQL ] SELECT COUNT(*) AS tp_count FROM `think_article` WHERE  `status` = 1 LIMIT 1 [ RunTime:0.000228s ]
[ sql ] [ SQL ] SELECT `a`.*,`ac`.`name` FROM `think_article` `a` LEFT JOIN `think_article_cate` `ac` ON `a`.`cate_id`=`ac`.`id` WHERE  `a`.`status` = 1 ORDER BY id desc LIMIT 0,15 [ RunTime:0.000416s ]

---------------------------------------------------------------
[ 2017-06-10T10:16:59+08:00 ] 172.17.180.47 123.125.71.88 GET /
[ log ] www.hhqblog.com/ [运行时间：0.031675s][吞吐率：31.57req/s] [内存消耗：4,289.05kb] [文件加载：56]
[ info ] [ LANG ] /yjdata/www/hhqblog/thinkphp/lang/zh-cn.php
[ info ] [ ROUTE ] array (
  'type' => 'module',
  'module' => 
  array (
    0 => '',
    1 => NULL,
    2 => NULL,
  ),
)
[ info ] [ HEADER ] array (
  'host' => 'www.hhqblog.com',
  'connection' => 'close',
  'user-agent' => 'Mozilla/5.0 (compatible; Baiduspider/2.0; +http://www.baidu.com/search/spider.html)',
  'accept-language' => 'zh-cn,zh-tw',
  'if-none-match' => '"@NULL@"',
  'accept-encoding' => 'gzip',
  'accept' => '*/*',
  'content-type' => '',
  'content-length' => '',
)
[ info ] [ PARAM ] array (
)
[ info ] [ CACHE ] INIT File
[ info ] [ DB ] INIT mysql
[ info ] [ RUN ] app\index\controller\Index->index[ /yjdata/www/hhqblog/application/index/controller/Index.php ]
[ info ] [ VIEW ] /yjdata/www/hhqblog/public/../application/index/view/index/index.html [ array (
  0 => 'menu',
  1 => 'recommend',
  2 => 'newarticle',
  3 => 'hot',
  4 => 'list',
  5 => 'allpage',
  6 => 'top_line',
  7 => 'carousel',
) ]
[ info ] [ LOG ] INIT File
[ sql ] [ DB ] CONNECT:[ UseTime:0.000281s ] mysql:dbname=hhqblog;host=127.0.0.1;port=3306;charset=utf8
[ sql ] [ SQL ] SHOW COLUMNS FROM `think_article` [ RunTime:0.000804s ]
[ sql ] [ SQL ] SELECT * FROM `think_article` ORDER BY views desc LIMIT 8 [ RunTime:0.000455s ]
[ sql ] [ SQL ] SELECT * FROM `think_article` WHERE  `status` = 1  AND `type` = 2 ORDER BY id desc LIMIT 6 [ RunTime:0.000327s ]
[ sql ] [ SQL ] SELECT COUNT(*) AS tp_count FROM `think_article` WHERE  `status` = 1 LIMIT 1 [ RunTime:0.000237s ]
[ sql ] [ SQL ] SELECT `a`.*,`ac`.`name` FROM `think_article` `a` LEFT JOIN `think_article_cate` `ac` ON `a`.`cate_id`=`ac`.`id` WHERE  `a`.`status` = 1 ORDER BY id desc LIMIT 0,15 [ RunTime:0.000406s ]

---------------------------------------------------------------
[ 2017-06-10T10:17:11+08:00 ] 172.17.180.47 111.206.221.80 GET /index/index/index.html?page=1
[ log ] www.hhqblog.com/index/index/index.html?page=1 [运行时间：0.057053s][吞吐率：17.53req/s] [内存消耗：4,264.87kb] [文件加载：55]
[ info ] [ LANG ] /yjdata/www/hhqblog/thinkphp/lang/zh-cn.php
[ info ] [ ROUTE ] array (
  'type' => 'module',
  'module' => 
  array (
    0 => 'index',
    1 => 'index',
    2 => 'index',
  ),
)
[ info ] [ HEADER ] array (
  'host' => 'www.hhqblog.com',
  'user-agent' => 'Mozilla/5.0 (iPhone; CPU iPhone OS 9_1 like Mac OS X) AppleWebKit/601.1.46 (KHTML, like Gecko) Version/9.0 Mobile/13B143 Safari/601.1 (compatible; Baiduspider-render/2.0; +http://www.baidu.com/search/spider.html)',
  'proxy-connection' => 'keep-alive',
  'accept' => 'application/json, text/javascript, */*; q=0.01',
  'x-devtools-emulate-network-conditions-client-id' => '11dab5f6-6c24-4d5a-8ecc-071889d05ad4',
  'x-requested-with' => 'XMLHttpRequest',
  'accept-language' => 'zh-CN,zh;q=0.8,en-US;q=0.5,en;q=0.3',
  'resource-type' => '13',
  'referer' => 'http://www.hhqblog.com/',
  'content-type' => '',
  'content-length' => '',
)
[ info ] [ PARAM ] array (
  'page' => '1',
)
[ info ] [ CACHE ] INIT File
[ info ] [ DB ] INIT mysql
[ info ] [ RUN ] app\index\controller\Index->index[ /yjdata/www/hhqblog/application/index/controller/Index.php ]
[ info ] [ LOG ] INIT File
[ sql ] [ DB ] CONNECT:[ UseTime:0.000261s ] mysql:dbname=hhqblog;host=127.0.0.1;port=3306;charset=utf8
[ sql ] [ SQL ] SHOW COLUMNS FROM `think_article` [ RunTime:0.003641s ]
[ sql ] [ SQL ] SELECT * FROM `think_article` ORDER BY views desc LIMIT 8 [ RunTime:0.000457s ]
[ sql ] [ SQL ] SELECT * FROM `think_article` WHERE  `status` = 1  AND `type` = 2 ORDER BY id desc LIMIT 6 [ RunTime:0.000315s ]
[ sql ] [ SQL ] SELECT COUNT(*) AS tp_count FROM `think_article` WHERE  `status` = 1 LIMIT 1 [ RunTime:0.000250s ]
[ sql ] [ SQL ] SELECT `a`.*,`ac`.`name` FROM `think_article` `a` LEFT JOIN `think_article_cate` `ac` ON `a`.`cate_id`=`ac`.`id` WHERE  `a`.`status` = 1 ORDER BY id desc LIMIT 0,15 [ RunTime:0.000432s ]

---------------------------------------------------------------
[ 2017-06-10T10:31:29+08:00 ] 172.17.180.47 203.208.60.217 GET /ar/32.html
[ log ] www.hhqblog.com/ar/32.html [运行时间：0.030480s][吞吐率：32.81req/s] [内存消耗：3,853.09kb] [文件加载：56]
[ info ] [ LANG ] /yjdata/www/hhqblog/thinkphp/lang/zh-cn.php
[ info ] [ ROUTE ] array (
  'type' => 'module',
  'module' => 
  array (
    0 => 'index',
    1 => 'Artical',
    2 => 'detail',
  ),
  'convert' => false,
)
[ info ] [ HEADER ] array (
  'host' => 'www.hhqblog.com',
  'connection' => 'Keep-alive',
  'accept' => 'text/html,application/xhtml+xml,application/xml;q=0.9,*/*;q=0.8',
  'from' => 'googlebot(at)googlebot.com',
  'user-agent' => 'Mozilla/5.0 (compatible; Googlebot/2.1; +http://www.google.com/bot.html)',
  'accept-encoding' => 'gzip,deflate,br',
  'if-modified-since' => 'Tue, 06 Jun 2017 06:22:27 GMT',
  'content-type' => '',
  'content-length' => '',
)
[ info ] [ PARAM ] array (
  'id' => '32',
)
[ info ] [ CACHE ] INIT File
[ info ] [ DB ] INIT mysql
[ info ] [ RUN ] app\index\controller\Artical->detail[ /yjdata/www/hhqblog/application/index/controller/Artical.php ]
[ info ] [ VIEW ] /yjdata/www/hhqblog/public/../application/index/view/artical/detail.html [ array (
  0 => 'menu',
  1 => 'recommend',
  2 => 'newarticle',
  3 => 'hot',
  4 => 'article',
  5 => 'allpage',
) ]
[ info ] [ LOG ] INIT File
[ sql ] [ DB ] CONNECT:[ UseTime:0.000287s ] mysql:dbname=hhqblog;host=127.0.0.1;port=3306;charset=utf8
[ sql ] [ SQL ] SHOW COLUMNS FROM `think_article` [ RunTime:0.000789s ]
[ sql ] [ SQL ] SELECT * FROM `think_article` WHERE  `status` = 1  AND `is_tui` = 1 ORDER BY id desc LIMIT 8 [ RunTime:0.000508s ]
[ sql ] [ SQL ] SELECT * FROM `think_article` WHERE  `status` = 1 ORDER BY id desc LIMIT 8 [ RunTime:0.000291s ]
[ sql ] [ SQL ] SELECT * FROM `think_article` ORDER BY views desc LIMIT 8 [ RunTime:0.000398s ]
[ sql ] [ SQL ] SELECT `a`.*,`ca`.`name` FROM `think_article` `a` LEFT JOIN `think_article_cate` `ca` ON `a`.`cate_id`=`ca`.`id` WHERE  `a`.`id` = 32 LIMIT 1 [ RunTime:0.000231s ]

---------------------------------------------------------------
[ 2017-06-10T10:31:29+08:00 ] 172.17.180.47 203.208.60.217 GET /ar/32.html
[ log ] www.hhqblog.com/ar/32.html [运行时间：0.029433s][吞吐率：33.98req/s] [内存消耗：3,895.38kb] [文件加载：56]
[ info ] [ LANG ] /yjdata/www/hhqblog/thinkphp/lang/zh-cn.php
[ info ] [ ROUTE ] array (
  'type' => 'module',
  'module' => 
  array (
    0 => 'index',
    1 => 'Artical',
    2 => 'detail',
  ),
  'convert' => false,
)
[ info ] [ HEADER ] array (
  'host' => 'www.hhqblog.com',
  'connection' => 'Keep-alive',
  'accept' => 'text/html,application/xhtml+xml,application/xml;q=0.9,*/*;q=0.8',
  'from' => 'googlebot(at)googlebot.com',
  'user-agent' => 'Mozilla/5.0 (compatible; Googlebot/2.1; +http://www.google.com/bot.html)',
  'accept-encoding' => 'gzip,deflate,br',
  'if-modified-since' => 'Tue, 06 Jun 2017 06:22:27 GMT',
  'content-type' => '',
  'content-length' => '',
)
[ info ] [ PARAM ] array (
  'id' => '32',
)
[ info ] [ CACHE ] INIT File
[ info ] [ DB ] INIT mysql
[ info ] [ RUN ] app\index\controller\Artical->detail[ /yjdata/www/hhqblog/application/index/controller/Artical.php ]
[ info ] [ VIEW ] /yjdata/www/hhqblog/public/../application/index/view/artical/detail.html [ array (
  0 => 'menu',
  1 => 'recommend',
  2 => 'newarticle',
  3 => 'hot',
  4 => 'article',
  5 => 'allpage',
) ]
[ info ] [ LOG ] INIT File
[ sql ] [ DB ] CONNECT:[ UseTime:0.000295s ] mysql:dbname=hhqblog;host=127.0.0.1;port=3306;charset=utf8
[ sql ] [ SQL ] SHOW COLUMNS FROM `think_article` [ RunTime:0.000810s ]
[ sql ] [ SQL ] SELECT * FROM `think_article` ORDER BY views desc LIMIT 8 [ RunTime:0.000503s ]
[ sql ] [ SQL ] SELECT `a`.*,`ca`.`name` FROM `think_article` `a` LEFT JOIN `think_article_cate` `ca` ON `a`.`cate_id`=`ca`.`id` WHERE  `a`.`id` = 32 LIMIT 1 [ RunTime:0.000262s ]

---------------------------------------------------------------
[ 2017-06-10T13:35:31+08:00 ] 172.17.180.47 106.114.64.145 GET /
[ log ] www.hhqblog.com/ [运行时间：0.032132s][吞吐率：31.12req/s] [内存消耗：4,235.93kb] [文件加载：56]
[ info ] [ LANG ] /yjdata/www/hhqblog/thinkphp/lang/zh-cn.php
[ info ] [ ROUTE ] array (
  'type' => 'module',
  'module' => 
  array (
    0 => '',
    1 => NULL,
    2 => NULL,
  ),
)
[ info ] [ HEADER ] array (
  'user-agent' => 'Wget/1.12 (linux-gnu)',
  'accept' => '*/*',
  'host' => 'www.hhqblog.com',
  'connection' => 'Keep-Alive',
  'content-type' => '',
  'content-length' => '',
)
[ info ] [ PARAM ] array (
)
[ info ] [ CACHE ] INIT File
[ info ] [ DB ] INIT mysql
[ info ] [ RUN ] app\index\controller\Index->index[ /yjdata/www/hhqblog/application/index/controller/Index.php ]
[ info ] [ VIEW ] /yjdata/www/hhqblog/public/../application/index/view/index/index.html [ array (
  0 => 'menu',
  1 => 'recommend',
  2 => 'newarticle',
  3 => 'hot',
  4 => 'list',
  5 => 'allpage',
  6 => 'top_line',
  7 => 'carousel',
) ]
[ info ] [ LOG ] INIT File
[ sql ] [ DB ] CONNECT:[ UseTime:0.000289s ] mysql:dbname=hhqblog;host=127.0.0.1;port=3306;charset=utf8
[ sql ] [ SQL ] SHOW COLUMNS FROM `think_article` [ RunTime:0.000786s ]
[ sql ] [ SQL ] SELECT * FROM `think_article` WHERE  `status` = 1  AND `is_tui` = 1 ORDER BY id desc LIMIT 8 [ RunTime:0.000516s ]
[ sql ] [ SQL ] SELECT * FROM `think_article` WHERE  `status` = 1 ORDER BY id desc LIMIT 8 [ RunTime:0.000291s ]
[ sql ] [ SQL ] SELECT * FROM `think_article` ORDER BY views desc LIMIT 8 [ RunTime:0.000349s ]
[ sql ] [ SQL ] SELECT * FROM `think_article` WHERE  `status` = 1  AND `type` = 1 ORDER BY id desc LIMIT 6 [ RunTime:0.000272s ]
[ sql ] [ SQL ] SELECT * FROM `think_article` WHERE  `status` = 1  AND `type` = 2 ORDER BY id desc LIMIT 6 [ RunTime:0.000286s ]
[ sql ] [ SQL ] SELECT COUNT(*) AS tp_count FROM `think_article` WHERE  `status` = 1 LIMIT 1 [ RunTime:0.000231s ]
[ sql ] [ SQL ] SELECT `a`.*,`ac`.`name` FROM `think_article` `a` LEFT JOIN `think_article_cate` `ac` ON `a`.`cate_id`=`ac`.`id` WHERE  `a`.`status` = 1 ORDER BY id desc LIMIT 0,15 [ RunTime:0.000396s ]

---------------------------------------------------------------
[ 2017-06-10T15:17:16+08:00 ] 172.17.180.47 69.30.221.250 GET /
[ log ] hhqblog.com/ [运行时间：0.032731s][吞吐率：30.55req/s] [内存消耗：4,236.13kb] [文件加载：56]
[ info ] [ LANG ] /yjdata/www/hhqblog/thinkphp/lang/zh-cn.php
[ info ] [ ROUTE ] array (
  'type' => 'module',
  'module' => 
  array (
    0 => '',
    1 => NULL,
    2 => NULL,
  ),
)
[ info ] [ HEADER ] array (
  'accept' => 'text/html,text/plain,text/xml,text/*,application/xml,application/xhtml+xml,application/rss+xml,application/atom+xml,application/rdf+xml,application/php,application/x-php,application/x-httpd-php',
  'user-agent' => 'Mozilla/5.0 (compatible; MJ12bot/v1.4.7; http://mj12bot.com/)',
  'accept-language' => 'en',
  'host' => 'hhqblog.com',
  'content-type' => '',
  'content-length' => '',
)
[ info ] [ PARAM ] array (
)
[ info ] [ CACHE ] INIT File
[ info ] [ DB ] INIT mysql
[ info ] [ RUN ] app\index\controller\Index->index[ /yjdata/www/hhqblog/application/index/controller/Index.php ]
[ info ] [ VIEW ] /yjdata/www/hhqblog/public/../application/index/view/index/index.html [ array (
  0 => 'menu',
  1 => 'recommend',
  2 => 'newarticle',
  3 => 'hot',
  4 => 'list',
  5 => 'allpage',
  6 => 'top_line',
  7 => 'carousel',
) ]
[ info ] [ LOG ] INIT File
[ sql ] [ DB ] CONNECT:[ UseTime:0.000288s ] mysql:dbname=hhqblog;host=127.0.0.1;port=3306;charset=utf8
[ sql ] [ SQL ] SHOW COLUMNS FROM `think_article` [ RunTime:0.000795s ]
[ sql ] [ SQL ] SELECT * FROM `think_article` WHERE  `status` = 1  AND `is_tui` = 1 ORDER BY id desc LIMIT 8 [ RunTime:0.000523s ]
[ sql ] [ SQL ] SELECT * FROM `think_article` WHERE  `status` = 1 ORDER BY id desc LIMIT 8 [ RunTime:0.000291s ]
[ sql ] [ SQL ] SELECT * FROM `think_article` ORDER BY views desc LIMIT 8 [ RunTime:0.000394s ]
[ sql ] [ SQL ] SELECT * FROM `think_article` WHERE  `status` = 1  AND `type` = 1 ORDER BY id desc LIMIT 6 [ RunTime:0.000298s ]
[ sql ] [ SQL ] SELECT * FROM `think_article` WHERE  `status` = 1  AND `type` = 2 ORDER BY id desc LIMIT 6 [ RunTime:0.000282s ]
[ sql ] [ SQL ] SELECT COUNT(*) AS tp_count FROM `think_article` WHERE  `status` = 1 LIMIT 1 [ RunTime:0.000238s ]
[ sql ] [ SQL ] SELECT `a`.*,`ac`.`name` FROM `think_article` `a` LEFT JOIN `think_article_cate` `ac` ON `a`.`cate_id`=`ac`.`id` WHERE  `a`.`status` = 1 ORDER BY id desc LIMIT 0,15 [ RunTime:0.000397s ]

---------------------------------------------------------------
[ 2017-06-10T16:34:41+08:00 ] 172.17.180.47 221.11.230.142 GET /
[ log ] www.hhqblog.com/ [运行时间：0.032061s][吞吐率：31.19req/s] [内存消耗：4,235.93kb] [文件加载：56]
[ info ] [ LANG ] /yjdata/www/hhqblog/thinkphp/lang/zh-cn.php
[ info ] [ ROUTE ] array (
  'type' => 'module',
  'module' => 
  array (
    0 => '',
    1 => NULL,
    2 => NULL,
  ),
)
[ info ] [ HEADER ] array (
  'user-agent' => 'Wget/1.12 (linux-gnu)',
  'accept' => '*/*',
  'host' => 'www.hhqblog.com',
  'connection' => 'Keep-Alive',
  'content-type' => '',
  'content-length' => '',
)
[ info ] [ PARAM ] array (
)
[ info ] [ CACHE ] INIT File
[ info ] [ DB ] INIT mysql
[ info ] [ RUN ] app\index\controller\Index->index[ /yjdata/www/hhqblog/application/index/controller/Index.php ]
[ info ] [ VIEW ] /yjdata/www/hhqblog/public/../application/index/view/index/index.html [ array (
  0 => 'menu',
  1 => 'recommend',
  2 => 'newarticle',
  3 => 'hot',
  4 => 'list',
  5 => 'allpage',
  6 => 'top_line',
  7 => 'carousel',
) ]
[ info ] [ LOG ] INIT File
[ sql ] [ DB ] CONNECT:[ UseTime:0.000282s ] mysql:dbname=hhqblog;host=127.0.0.1;port=3306;charset=utf8
[ sql ] [ SQL ] SHOW COLUMNS FROM `think_article` [ RunTime:0.000756s ]
[ sql ] [ SQL ] SELECT * FROM `think_article` WHERE  `status` = 1  AND `is_tui` = 1 ORDER BY id desc LIMIT 8 [ RunTime:0.000496s ]
[ sql ] [ SQL ] SELECT * FROM `think_article` WHERE  `status` = 1 ORDER BY id desc LIMIT 8 [ RunTime:0.000297s ]
[ sql ] [ SQL ] SELECT * FROM `think_article` ORDER BY views desc LIMIT 8 [ RunTime:0.000376s ]
[ sql ] [ SQL ] SELECT * FROM `think_article` WHERE  `status` = 1  AND `type` = 1 ORDER BY id desc LIMIT 6 [ RunTime:0.000288s ]
[ sql ] [ SQL ] SELECT * FROM `think_article` WHERE  `status` = 1  AND `type` = 2 ORDER BY id desc LIMIT 6 [ RunTime:0.000292s ]
[ sql ] [ SQL ] SELECT COUNT(*) AS tp_count FROM `think_article` WHERE  `status` = 1 LIMIT 1 [ RunTime:0.000227s ]
[ sql ] [ SQL ] SELECT `a`.*,`ac`.`name` FROM `think_article` `a` LEFT JOIN `think_article_cate` `ac` ON `a`.`cate_id`=`ac`.`id` WHERE  `a`.`status` = 1 ORDER BY id desc LIMIT 0,15 [ RunTime:0.000429s ]

---------------------------------------------------------------
[ 2017-06-10T16:38:50+08:00 ] 172.17.180.47 203.208.60.216 GET /index/artical/detail/id/%7B%7Bd[i].id%7D%7D
[ log ] www.hhqblog.com/index/artical/detail/id/%7B%7Bd[i].id%7D%7D [运行时间：0.014173s][吞吐率：70.56req/s] [内存消耗：1,582.05kb] [文件加载：37]
[ info ] [ LANG ] /yjdata/www/hhqblog/thinkphp/lang/zh-cn.php
[ info ] [ LOG ] INIT File

---------------------------------------------------------------
[ 2017-06-10T17:10:43+08:00 ] 172.17.180.47 207.46.13.157 GET /
[ log ] hhqblog.com/ [运行时间：0.030643s][吞吐率：32.63req/s] [内存消耗：4,289.19kb] [文件加载：56]
[ info ] [ LANG ] /yjdata/www/hhqblog/thinkphp/lang/zh-cn.php
[ info ] [ ROUTE ] array (
  'type' => 'module',
  'module' => 
  array (
    0 => '',
    1 => NULL,
    2 => NULL,
  ),
)
[ info ] [ HEADER ] array (
  'cache-control' => 'no-cache',
  'connection' => 'Keep-Alive',
  'pragma' => 'no-cache',
  'accept' => '*/*',
  'accept-encoding' => 'gzip, deflate',
  'from' => 'bingbot(at)microsoft.com',
  'host' => 'hhqblog.com',
  'user-agent' => 'Mozilla/5.0 (compatible; bingbot/2.0; +http://www.bing.com/bingbot.htm)',
  'content-type' => '',
  'content-length' => '',
)
[ info ] [ PARAM ] array (
)
[ info ] [ CACHE ] INIT File
[ info ] [ DB ] INIT mysql
[ info ] [ RUN ] app\index\controller\Index->index[ /yjdata/www/hhqblog/application/index/controller/Index.php ]
[ info ] [ VIEW ] /yjdata/www/hhqblog/public/../application/index/view/index/index.html [ array (
  0 => 'menu',
  1 => 'recommend',
  2 => 'newarticle',
  3 => 'hot',
  4 => 'list',
  5 => 'allpage',
  6 => 'top_line',
  7 => 'carousel',
) ]
[ info ] [ LOG ] INIT File
[ sql ] [ DB ] CONNECT:[ UseTime:0.000309s ] mysql:dbname=hhqblog;host=127.0.0.1;port=3306;charset=utf8
[ sql ] [ SQL ] SHOW COLUMNS FROM `think_article` [ RunTime:0.000856s ]
[ sql ] [ SQL ] SELECT * FROM `think_article` ORDER BY views desc LIMIT 8 [ RunTime:0.000496s ]
[ sql ] [ SQL ] SELECT * FROM `think_article` WHERE  `status` = 1  AND `type` = 2 ORDER BY id desc LIMIT 6 [ RunTime:0.000340s ]
[ sql ] [ SQL ] SELECT COUNT(*) AS tp_count FROM `think_article` WHERE  `status` = 1 LIMIT 1 [ RunTime:0.000218s ]
[ sql ] [ SQL ] SELECT `a`.*,`ac`.`name` FROM `think_article` `a` LEFT JOIN `think_article_cate` `ac` ON `a`.`cate_id`=`ac`.`id` WHERE  `a`.`status` = 1 ORDER BY id desc LIMIT 0,15 [ RunTime:0.000429s ]

---------------------------------------------------------------
[ 2017-06-10T17:58:05+08:00 ] 172.17.180.47 52.191.174.84 GET /
[ log ] www.hhqblog.com/ [运行时间：0.032950s][吞吐率：30.35req/s] [内存消耗：4,236.08kb] [文件加载：56]
[ info ] [ LANG ] /yjdata/www/hhqblog/thinkphp/lang/zh-cn.php
[ info ] [ ROUTE ] array (
  'type' => 'module',
  'module' => 
  array (
    0 => '',
    1 => NULL,
    2 => NULL,
  ),
)
[ info ] [ HEADER ] array (
  'user-agent' => 'Mozilla/5.0 (Windows NT x.y; rv:10.0) Gecko/20100101 Firefox/10.0',
  'accept' => '*/*',
  'host' => 'www.hhqblog.com',
  'connection' => 'Keep-Alive',
  'content-type' => '',
  'content-length' => '',
)
[ info ] [ PARAM ] array (
)
[ info ] [ CACHE ] INIT File
[ info ] [ DB ] INIT mysql
[ info ] [ RUN ] app\index\controller\Index->index[ /yjdata/www/hhqblog/application/index/controller/Index.php ]
[ info ] [ VIEW ] /yjdata/www/hhqblog/public/../application/index/view/index/index.html [ array (
  0 => 'menu',
  1 => 'recommend',
  2 => 'newarticle',
  3 => 'hot',
  4 => 'list',
  5 => 'allpage',
  6 => 'top_line',
  7 => 'carousel',
) ]
[ info ] [ LOG ] INIT File
[ sql ] [ DB ] CONNECT:[ UseTime:0.000315s ] mysql:dbname=hhqblog;host=127.0.0.1;port=3306;charset=utf8
[ sql ] [ SQL ] SHOW COLUMNS FROM `think_article` [ RunTime:0.000818s ]
[ sql ] [ SQL ] SELECT * FROM `think_article` WHERE  `status` = 1  AND `is_tui` = 1 ORDER BY id desc LIMIT 8 [ RunTime:0.000508s ]
[ sql ] [ SQL ] SELECT * FROM `think_article` WHERE  `status` = 1 ORDER BY id desc LIMIT 8 [ RunTime:0.000305s ]
[ sql ] [ SQL ] SELECT * FROM `think_article` ORDER BY views desc LIMIT 8 [ RunTime:0.000357s ]
[ sql ] [ SQL ] SELECT * FROM `think_article` WHERE  `status` = 1  AND `type` = 1 ORDER BY id desc LIMIT 6 [ RunTime:0.000304s ]
[ sql ] [ SQL ] SELECT * FROM `think_article` WHERE  `status` = 1  AND `type` = 2 ORDER BY id desc LIMIT 6 [ RunTime:0.000330s ]
[ sql ] [ SQL ] SELECT COUNT(*) AS tp_count FROM `think_article` WHERE  `status` = 1 LIMIT 1 [ RunTime:0.000234s ]
[ sql ] [ SQL ] SELECT `a`.*,`ac`.`name` FROM `think_article` `a` LEFT JOIN `think_article_cate` `ac` ON `a`.`cate_id`=`ac`.`id` WHERE  `a`.`status` = 1 ORDER BY id desc LIMIT 0,15 [ RunTime:0.000435s ]

---------------------------------------------------------------
[ 2017-06-10T18:18:17+08:00 ] 172.17.180.47 123.125.71.104 GET /
[ log ] www.hhqblog.com/ [运行时间：0.032415s][吞吐率：30.85req/s] [内存消耗：4,289.05kb] [文件加载：56]
[ info ] [ LANG ] /yjdata/www/hhqblog/thinkphp/lang/zh-cn.php
[ info ] [ ROUTE ] array (
  'type' => 'module',
  'module' => 
  array (
    0 => '',
    1 => NULL,
    2 => NULL,
  ),
)
[ info ] [ HEADER ] array (
  'host' => 'www.hhqblog.com',
  'connection' => 'close',
  'user-agent' => 'Mozilla/5.0 (compatible; Baiduspider/2.0; +http://www.baidu.com/search/spider.html)',
  'accept-language' => 'zh-cn,zh-tw',
  'if-none-match' => '"@NULL@"',
  'accept-encoding' => 'gzip',
  'accept' => '*/*',
  'content-type' => '',
  'content-length' => '',
)
[ info ] [ PARAM ] array (
)
[ info ] [ CACHE ] INIT File
[ info ] [ DB ] INIT mysql
[ info ] [ RUN ] app\index\controller\Index->index[ /yjdata/www/hhqblog/application/index/controller/Index.php ]
[ info ] [ VIEW ] /yjdata/www/hhqblog/public/../application/index/view/index/index.html [ array (
  0 => 'menu',
  1 => 'recommend',
  2 => 'newarticle',
  3 => 'hot',
  4 => 'list',
  5 => 'allpage',
  6 => 'top_line',
  7 => 'carousel',
) ]
[ info ] [ LOG ] INIT File
[ sql ] [ DB ] CONNECT:[ UseTime:0.000303s ] mysql:dbname=hhqblog;host=127.0.0.1;port=3306;charset=utf8
[ sql ] [ SQL ] SHOW COLUMNS FROM `think_article` [ RunTime:0.000847s ]
[ sql ] [ SQL ] SELECT * FROM `think_article` ORDER BY views desc LIMIT 8 [ RunTime:0.000478s ]
[ sql ] [ SQL ] SELECT * FROM `think_article` WHERE  `status` = 1  AND `type` = 2 ORDER BY id desc LIMIT 6 [ RunTime:0.000362s ]
[ sql ] [ SQL ] SELECT COUNT(*) AS tp_count FROM `think_article` WHERE  `status` = 1 LIMIT 1 [ RunTime:0.000247s ]
[ sql ] [ SQL ] SELECT `a`.*,`ac`.`name` FROM `think_article` `a` LEFT JOIN `think_article_cate` `ac` ON `a`.`cate_id`=`ac`.`id` WHERE  `a`.`status` = 1 ORDER BY id desc LIMIT 0,15 [ RunTime:0.000444s ]

---------------------------------------------------------------
[ 2017-06-10T18:51:37+08:00 ] 172.17.180.47 220.181.108.184 GET /ar/32.html
[ log ] www.hhqblog.com/ar/32.html [运行时间：0.028837s][吞吐率：34.68req/s] [内存消耗：3,895.22kb] [文件加载：56]
[ info ] [ LANG ] /yjdata/www/hhqblog/thinkphp/lang/zh-cn.php
[ info ] [ ROUTE ] array (
  'type' => 'module',
  'module' => 
  array (
    0 => 'index',
    1 => 'Artical',
    2 => 'detail',
  ),
  'convert' => false,
)
[ info ] [ HEADER ] array (
  'host' => 'www.hhqblog.com',
  'connection' => 'close',
  'user-agent' => 'Mozilla/5.0 (compatible; Baiduspider/2.0; +http://www.baidu.com/search/spider.html)',
  'accept-encoding' => 'gzip',
  'accept-language' => 'zh-cn,zh-tw',
  'accept' => '*/*',
  'content-type' => '',
  'content-length' => '',
)
[ info ] [ PARAM ] array (
  'id' => '32',
)
[ info ] [ CACHE ] INIT File
[ info ] [ DB ] INIT mysql
[ info ] [ RUN ] app\index\controller\Artical->detail[ /yjdata/www/hhqblog/application/index/controller/Artical.php ]
[ info ] [ VIEW ] /yjdata/www/hhqblog/public/../application/index/view/artical/detail.html [ array (
  0 => 'menu',
  1 => 'recommend',
  2 => 'newarticle',
  3 => 'hot',
  4 => 'article',
  5 => 'allpage',
) ]
[ info ] [ LOG ] INIT File
[ sql ] [ DB ] CONNECT:[ UseTime:0.000286s ] mysql:dbname=hhqblog;host=127.0.0.1;port=3306;charset=utf8
[ sql ] [ SQL ] SHOW COLUMNS FROM `think_article` [ RunTime:0.000826s ]
[ sql ] [ SQL ] SELECT * FROM `think_article` ORDER BY views desc LIMIT 8 [ RunTime:0.000498s ]
[ sql ] [ SQL ] SELECT `a`.*,`ca`.`name` FROM `think_article` `a` LEFT JOIN `think_article_cate` `ca` ON `a`.`cate_id`=`ca`.`id` WHERE  `a`.`id` = 32 LIMIT 1 [ RunTime:0.000249s ]

---------------------------------------------------------------
[ 2017-06-10T19:19:04+08:00 ] 172.17.180.47 207.46.13.157 GET /
[ log ] www.hhqblog.com/ [运行时间：0.033493s][吞吐率：29.86req/s] [内存消耗：4,236.52kb] [文件加载：56]
[ info ] [ LANG ] /yjdata/www/hhqblog/thinkphp/lang/zh-cn.php
[ info ] [ ROUTE ] array (
  'type' => 'module',
  'module' => 
  array (
    0 => '',
    1 => NULL,
    2 => NULL,
  ),
)
[ info ] [ HEADER ] array (
  'cache-control' => 'no-cache',
  'connection' => 'Keep-Alive',
  'pragma' => 'no-cache',
  'accept' => '*/*',
  'accept-encoding' => 'gzip, deflate',
  'from' => 'bingbot(at)microsoft.com',
  'host' => 'www.hhqblog.com',
  'user-agent' => 'Mozilla/5.0 (compatible; bingbot/2.0; +http://www.bing.com/bingbot.htm)',
  'content-type' => '',
  'content-length' => '',
)
[ info ] [ PARAM ] array (
)
[ info ] [ CACHE ] INIT File
[ info ] [ DB ] INIT mysql
[ info ] [ RUN ] app\index\controller\Index->index[ /yjdata/www/hhqblog/application/index/controller/Index.php ]
[ info ] [ VIEW ] /yjdata/www/hhqblog/public/../application/index/view/index/index.html [ array (
  0 => 'menu',
  1 => 'recommend',
  2 => 'newarticle',
  3 => 'hot',
  4 => 'list',
  5 => 'allpage',
  6 => 'top_line',
  7 => 'carousel',
) ]
[ info ] [ LOG ] INIT File
[ sql ] [ DB ] CONNECT:[ UseTime:0.000308s ] mysql:dbname=hhqblog;host=127.0.0.1;port=3306;charset=utf8
[ sql ] [ SQL ] SHOW COLUMNS FROM `think_article` [ RunTime:0.000804s ]
[ sql ] [ SQL ] SELECT * FROM `think_article` WHERE  `status` = 1  AND `is_tui` = 1 ORDER BY id desc LIMIT 8 [ RunTime:0.000533s ]
[ sql ] [ SQL ] SELECT * FROM `think_article` WHERE  `status` = 1 ORDER BY id desc LIMIT 8 [ RunTime:0.000512s ]
[ sql ] [ SQL ] SELECT * FROM `think_article` ORDER BY views desc LIMIT 8 [ RunTime:0.000390s ]
[ sql ] [ SQL ] SELECT * FROM `think_article` WHERE  `status` = 1  AND `type` = 1 ORDER BY id desc LIMIT 6 [ RunTime:0.000294s ]
[ sql ] [ SQL ] SELECT * FROM `think_article` WHERE  `status` = 1  AND `type` = 2 ORDER BY id desc LIMIT 6 [ RunTime:0.000311s ]
[ sql ] [ SQL ] SELECT COUNT(*) AS tp_count FROM `think_article` WHERE  `status` = 1 LIMIT 1 [ RunTime:0.000247s ]
[ sql ] [ SQL ] SELECT `a`.*,`ac`.`name` FROM `think_article` `a` LEFT JOIN `think_article_cate` `ac` ON `a`.`cate_id`=`ac`.`id` WHERE  `a`.`status` = 1 ORDER BY id desc LIMIT 0,15 [ RunTime:0.000445s ]

---------------------------------------------------------------
[ 2017-06-10T22:14:44+08:00 ] 172.17.180.47 13.58.187.100 GET /
[ log ] www.hhqblog.com/ [运行时间：0.032840s][吞吐率：30.45req/s] [内存消耗：4,236.32kb] [文件加载：56]
[ info ] [ LANG ] /yjdata/www/hhqblog/thinkphp/lang/zh-cn.php
[ info ] [ ROUTE ] array (
  'type' => 'module',
  'module' => 
  array (
    0 => '',
    1 => NULL,
    2 => NULL,
  ),
)
[ info ] [ HEADER ] array (
  'user-agent' => 'Mozilla/5.0 (compatible; bingbot/2.0; +http://www.bing.com/bingbot.htm)',
  'host' => 'www.hhqblog.com',
  'accept' => 'text/html',
  'content-type' => '',
  'content-length' => '',
)
[ info ] [ PARAM ] array (
)
[ info ] [ CACHE ] INIT File
[ info ] [ DB ] INIT mysql
[ info ] [ RUN ] app\index\controller\Index->index[ /yjdata/www/hhqblog/application/index/controller/Index.php ]
[ info ] [ VIEW ] /yjdata/www/hhqblog/public/../application/index/view/index/index.html [ array (
  0 => 'menu',
  1 => 'recommend',
  2 => 'newarticle',
  3 => 'hot',
  4 => 'list',
  5 => 'allpage',
  6 => 'top_line',
  7 => 'carousel',
) ]
[ info ] [ LOG ] INIT File
[ sql ] [ DB ] CONNECT:[ UseTime:0.000295s ] mysql:dbname=hhqblog;host=127.0.0.1;port=3306;charset=utf8
[ sql ] [ SQL ] SHOW COLUMNS FROM `think_article` [ RunTime:0.000786s ]
[ sql ] [ SQL ] SELECT * FROM `think_article` WHERE  `status` = 1  AND `is_tui` = 1 ORDER BY id desc LIMIT 8 [ RunTime:0.000491s ]
[ sql ] [ SQL ] SELECT * FROM `think_article` WHERE  `status` = 1 ORDER BY id desc LIMIT 8 [ RunTime:0.000302s ]
[ sql ] [ SQL ] SELECT * FROM `think_article` ORDER BY views desc LIMIT 8 [ RunTime:0.000342s ]
[ sql ] [ SQL ] SELECT * FROM `think_article` WHERE  `status` = 1  AND `type` = 1 ORDER BY id desc LIMIT 6 [ RunTime:0.000285s ]
[ sql ] [ SQL ] SELECT * FROM `think_article` WHERE  `status` = 1  AND `type` = 2 ORDER BY id desc LIMIT 6 [ RunTime:0.000279s ]
[ sql ] [ SQL ] SELECT COUNT(*) AS tp_count FROM `think_article` WHERE  `status` = 1 LIMIT 1 [ RunTime:0.000211s ]
[ sql ] [ SQL ] SELECT `a`.*,`ac`.`name` FROM `think_article` `a` LEFT JOIN `think_article_cate` `ac` ON `a`.`cate_id`=`ac`.`id` WHERE  `a`.`status` = 1 ORDER BY id desc LIMIT 0,15 [ RunTime:0.000412s ]

---------------------------------------------------------------
[ 2017-06-10T22:35:58+08:00 ] 172.17.180.47 112.193.195.151 GET /
[ log ] www.hhqblog.com/ [运行时间：0.029924s][吞吐率：33.42req/s] [内存消耗：4,288.66kb] [文件加载：56]
[ info ] [ LANG ] /yjdata/www/hhqblog/thinkphp/lang/zh-cn.php
[ info ] [ ROUTE ] array (
  'type' => 'module',
  'module' => 
  array (
    0 => '',
    1 => NULL,
    2 => NULL,
  ),
)
[ info ] [ HEADER ] array (
  'user-agent' => 'Wget/1.12 (linux-gnu)',
  'accept' => '*/*',
  'host' => 'www.hhqblog.com',
  'connection' => 'Keep-Alive',
  'content-type' => '',
  'content-length' => '',
)
[ info ] [ PARAM ] array (
)
[ info ] [ CACHE ] INIT File
[ info ] [ DB ] INIT mysql
[ info ] [ RUN ] app\index\controller\Index->index[ /yjdata/www/hhqblog/application/index/controller/Index.php ]
[ info ] [ VIEW ] /yjdata/www/hhqblog/public/../application/index/view/index/index.html [ array (
  0 => 'menu',
  1 => 'recommend',
  2 => 'newarticle',
  3 => 'hot',
  4 => 'list',
  5 => 'allpage',
  6 => 'top_line',
  7 => 'carousel',
) ]
[ info ] [ LOG ] INIT File
[ sql ] [ DB ] CONNECT:[ UseTime:0.000291s ] mysql:dbname=hhqblog;host=127.0.0.1;port=3306;charset=utf8
[ sql ] [ SQL ] SHOW COLUMNS FROM `think_article` [ RunTime:0.000799s ]
[ sql ] [ SQL ] SELECT * FROM `think_article` ORDER BY views desc LIMIT 8 [ RunTime:0.000454s ]
[ sql ] [ SQL ] SELECT * FROM `think_article` WHERE  `status` = 1  AND `type` = 2 ORDER BY id desc LIMIT 6 [ RunTime:0.000344s ]
[ sql ] [ SQL ] SELECT COUNT(*) AS tp_count FROM `think_article` WHERE  `status` = 1 LIMIT 1 [ RunTime:0.000215s ]
[ sql ] [ SQL ] SELECT `a`.*,`ac`.`name` FROM `think_article` `a` LEFT JOIN `think_article_cate` `ac` ON `a`.`cate_id`=`ac`.`id` WHERE  `a`.`status` = 1 ORDER BY id desc LIMIT 0,15 [ RunTime:0.000426s ]

---------------------------------------------------------------
