[ 2017-06-24T00:09:14+08:00 ] 172.17.180.47 111.206.36.13 GET /
[ log ] www.hhqblog.com/ [运行时间：0.035698s][吞吐率：28.01req/s] [内存消耗：4,598.17kb] [文件加载：56]
[ info ] [ LANG ] /yjdata/www/hhqblog/thinkphp/lang/zh-cn.php
[ info ] [ ROUTE ] array (
  'type' => 'module',
  'module' => 
  array (
    0 => '',
    1 => NULL,
    2 => NULL,
  ),
)
[ info ] [ HEADER ] array (
  'user-agent' => 'Mozilla/5.0 (Macintosh; Intel Mac OS X 10_11_2) AppleWebKit/537.36 (KHTML, like Gecko) Chrome/47.0.2526.80 Safari/537.36',
  'host' => 'www.hhqblog.com',
  'connection' => 'close',
  'content-type' => '',
  'content-length' => '',
)
[ info ] [ PARAM ] array (
)
[ info ] [ CACHE ] INIT File
[ info ] [ DB ] INIT mysql
[ info ] [ RUN ] app\index\controller\Index->index[ /yjdata/www/hhqblog/application/index/controller/Index.php ]
[ info ] [ VIEW ] /yjdata/www/hhqblog/public/../application/index/view/index/index.html [ array (
  0 => 'menu',
  1 => 'recommend',
  2 => 'newarticle',
  3 => 'hot',
  4 => 'list',
  5 => 'allpage',
  6 => 'top_line',
  7 => 'carousel',
) ]
[ info ] [ LOG ] INIT File
[ sql ] [ DB ] CONNECT:[ UseTime:0.000332s ] mysql:dbname=hhqblog;host=127.0.0.1;port=3306;charset=utf8
[ sql ] [ SQL ] SHOW COLUMNS FROM `think_article` [ RunTime:0.000863s ]
[ sql ] [ SQL ] SELECT * FROM `think_article` WHERE  `status` = 1  AND `is_tui` = 1 ORDER BY id desc LIMIT 8 [ RunTime:0.000667s ]
[ sql ] [ SQL ] SELECT * FROM `think_article` WHERE  `status` = 1 ORDER BY id desc LIMIT 8 [ RunTime:0.000366s ]
[ sql ] [ SQL ] SELECT * FROM `think_article` ORDER BY views desc LIMIT 8 [ RunTime:0.000368s ]
[ sql ] [ SQL ] SELECT * FROM `think_article` WHERE  `status` = 1  AND `type` = 1 ORDER BY id desc LIMIT 6 [ RunTime:0.000313s ]
[ sql ] [ SQL ] SELECT * FROM `think_article` WHERE  `status` = 1  AND `type` = 2 ORDER BY id desc LIMIT 6 [ RunTime:0.000353s ]
[ sql ] [ SQL ] SELECT COUNT(*) AS tp_count FROM `think_article` WHERE  `status` = 1 LIMIT 1 [ RunTime:0.000243s ]
[ sql ] [ SQL ] SELECT `a`.*,`ac`.`name` FROM `think_article` `a` LEFT JOIN `think_article_cate` `ac` ON `a`.`cate_id`=`ac`.`id` WHERE  `a`.`status` = 1 ORDER BY id desc LIMIT 0,15 [ RunTime:0.000469s ]

---------------------------------------------------------------
[ 2017-06-24T00:09:31+08:00 ] 172.17.180.47 101.24.127.95 GET /
[ log ] www.hhqblog.com/ [运行时间：0.033014s][吞吐率：30.29req/s] [内存消耗：4,641.80kb] [文件加载：56]
[ info ] [ LANG ] /yjdata/www/hhqblog/thinkphp/lang/zh-cn.php
[ info ] [ ROUTE ] array (
  'type' => 'module',
  'module' => 
  array (
    0 => '',
    1 => NULL,
    2 => NULL,
  ),
)
[ info ] [ HEADER ] array (
  'host' => 'www.hhqblog.com',
  'accept-language' => 'zh-CN,zh;q=0.8',
  'accept-encoding' => 'gzip,deflate,sdch',
  'accept' => '*/*',
  'user-agent' => 'Mozilla/5.0 (iPhone; CPU iPhone OS 9_1 like Mac OS X) AppleWebKit/601.1.46 (KHTML, like Gecko) Version/9.0 Mobile/13B143 Safari/601.1',
  'accept-charset' => 'GB2312,utf-8;q=0.7,*;q=0.7',
  'connection' => 'keep-alive',
  'content-type' => '',
  'content-length' => '',
)
[ info ] [ PARAM ] array (
)
[ info ] [ CACHE ] INIT File
[ info ] [ DB ] INIT mysql
[ info ] [ RUN ] app\index\controller\Index->index[ /yjdata/www/hhqblog/application/index/controller/Index.php ]
[ info ] [ VIEW ] /yjdata/www/hhqblog/public/../application/index/view/index/index.html [ array (
  0 => 'menu',
  1 => 'recommend',
  2 => 'newarticle',
  3 => 'hot',
  4 => 'list',
  5 => 'allpage',
  6 => 'top_line',
  7 => 'carousel',
) ]
[ info ] [ LOG ] INIT File
[ sql ] [ DB ] CONNECT:[ UseTime:0.000274s ] mysql:dbname=hhqblog;host=127.0.0.1;port=3306;charset=utf8
[ sql ] [ SQL ] SHOW COLUMNS FROM `think_article` [ RunTime:0.000838s ]
[ sql ] [ SQL ] SELECT * FROM `think_article` ORDER BY views desc LIMIT 8 [ RunTime:0.000483s ]
[ sql ] [ SQL ] SELECT * FROM `think_article` WHERE  `status` = 1  AND `type` = 2 ORDER BY id desc LIMIT 6 [ RunTime:0.000368s ]
[ sql ] [ SQL ] SELECT COUNT(*) AS tp_count FROM `think_article` WHERE  `status` = 1 LIMIT 1 [ RunTime:0.000255s ]
[ sql ] [ SQL ] SELECT `a`.*,`ac`.`name` FROM `think_article` `a` LEFT JOIN `think_article_cate` `ac` ON `a`.`cate_id`=`ac`.`id` WHERE  `a`.`status` = 1 ORDER BY id desc LIMIT 0,15 [ RunTime:0.000539s ]

---------------------------------------------------------------
[ 2017-06-24T01:23:55+08:00 ] 172.17.180.47 40.77.167.64 GET /
[ log ] hhqblog.com/ [运行时间：0.033663s][吞吐率：29.71req/s] [内存消耗：4,598.75kb] [文件加载：56]
[ info ] [ LANG ] /yjdata/www/hhqblog/thinkphp/lang/zh-cn.php
[ info ] [ ROUTE ] array (
  'type' => 'module',
  'module' => 
  array (
    0 => '',
    1 => NULL,
    2 => NULL,
  ),
)
[ info ] [ HEADER ] array (
  'cache-control' => 'no-cache',
  'connection' => 'Keep-Alive',
  'pragma' => 'no-cache',
  'accept' => '*/*',
  'accept-encoding' => 'gzip, deflate',
  'from' => 'bingbot(at)microsoft.com',
  'host' => 'hhqblog.com',
  'user-agent' => 'Mozilla/5.0 (compatible; bingbot/2.0; +http://www.bing.com/bingbot.htm)',
  'content-type' => '',
  'content-length' => '',
)
[ info ] [ PARAM ] array (
)
[ info ] [ CACHE ] INIT File
[ info ] [ DB ] INIT mysql
[ info ] [ RUN ] app\index\controller\Index->index[ /yjdata/www/hhqblog/application/index/controller/Index.php ]
[ info ] [ VIEW ] /yjdata/www/hhqblog/public/../application/index/view/index/index.html [ array (
  0 => 'menu',
  1 => 'recommend',
  2 => 'newarticle',
  3 => 'hot',
  4 => 'list',
  5 => 'allpage',
  6 => 'top_line',
  7 => 'carousel',
) ]
[ info ] [ LOG ] INIT File
[ sql ] [ DB ] CONNECT:[ UseTime:0.000279s ] mysql:dbname=hhqblog;host=127.0.0.1;port=3306;charset=utf8
[ sql ] [ SQL ] SHOW COLUMNS FROM `think_article` [ RunTime:0.000790s ]
[ sql ] [ SQL ] SELECT * FROM `think_article` WHERE  `status` = 1  AND `is_tui` = 1 ORDER BY id desc LIMIT 8 [ RunTime:0.000616s ]
[ sql ] [ SQL ] SELECT * FROM `think_article` WHERE  `status` = 1 ORDER BY id desc LIMIT 8 [ RunTime:0.000329s ]
[ sql ] [ SQL ] SELECT * FROM `think_article` ORDER BY views desc LIMIT 8 [ RunTime:0.000332s ]
[ sql ] [ SQL ] SELECT * FROM `think_article` WHERE  `status` = 1  AND `type` = 1 ORDER BY id desc LIMIT 6 [ RunTime:0.000298s ]
[ sql ] [ SQL ] SELECT * FROM `think_article` WHERE  `status` = 1  AND `type` = 2 ORDER BY id desc LIMIT 6 [ RunTime:0.000319s ]
[ sql ] [ SQL ] SELECT COUNT(*) AS tp_count FROM `think_article` WHERE  `status` = 1 LIMIT 1 [ RunTime:0.000224s ]
[ sql ] [ SQL ] SELECT `a`.*,`ac`.`name` FROM `think_article` `a` LEFT JOIN `think_article_cate` `ac` ON `a`.`cate_id`=`ac`.`id` WHERE  `a`.`status` = 1 ORDER BY id desc LIMIT 0,15 [ RunTime:0.000464s ]

---------------------------------------------------------------
[ 2017-06-24T02:37:08+08:00 ] 172.17.180.47 40.77.167.64 GET /
[ log ] www.hhqblog.com/ [运行时间：0.034092s][吞吐率：29.33req/s] [内存消耗：4,598.70kb] [文件加载：56]
[ info ] [ LANG ] /yjdata/www/hhqblog/thinkphp/lang/zh-cn.php
[ info ] [ ROUTE ] array (
  'type' => 'module',
  'module' => 
  array (
    0 => '',
    1 => NULL,
    2 => NULL,
  ),
)
[ info ] [ HEADER ] array (
  'cache-control' => 'no-cache',
  'connection' => 'Keep-Alive',
  'pragma' => 'no-cache',
  'accept' => '*/*',
  'accept-encoding' => 'gzip, deflate',
  'from' => 'bingbot(at)microsoft.com',
  'host' => 'www.hhqblog.com',
  'user-agent' => 'Mozilla/5.0 (compatible; bingbot/2.0; +http://www.bing.com/bingbot.htm)',
  'content-type' => '',
  'content-length' => '',
)
[ info ] [ PARAM ] array (
)
[ info ] [ CACHE ] INIT File
[ info ] [ DB ] INIT mysql
[ info ] [ RUN ] app\index\controller\Index->index[ /yjdata/www/hhqblog/application/index/controller/Index.php ]
[ info ] [ VIEW ] /yjdata/www/hhqblog/public/../application/index/view/index/index.html [ array (
  0 => 'menu',
  1 => 'recommend',
  2 => 'newarticle',
  3 => 'hot',
  4 => 'list',
  5 => 'allpage',
  6 => 'top_line',
  7 => 'carousel',
) ]
[ info ] [ LOG ] INIT File
[ sql ] [ DB ] CONNECT:[ UseTime:0.000281s ] mysql:dbname=hhqblog;host=127.0.0.1;port=3306;charset=utf8
[ sql ] [ SQL ] SHOW COLUMNS FROM `think_article` [ RunTime:0.000804s ]
[ sql ] [ SQL ] SELECT * FROM `think_article` WHERE  `status` = 1  AND `is_tui` = 1 ORDER BY id desc LIMIT 8 [ RunTime:0.000631s ]
[ sql ] [ SQL ] SELECT * FROM `think_article` WHERE  `status` = 1 ORDER BY id desc LIMIT 8 [ RunTime:0.000353s ]
[ sql ] [ SQL ] SELECT * FROM `think_article` ORDER BY views desc LIMIT 8 [ RunTime:0.000352s ]
[ sql ] [ SQL ] SELECT * FROM `think_article` WHERE  `status` = 1  AND `type` = 1 ORDER BY id desc LIMIT 6 [ RunTime:0.000290s ]
[ sql ] [ SQL ] SELECT * FROM `think_article` WHERE  `status` = 1  AND `type` = 2 ORDER BY id desc LIMIT 6 [ RunTime:0.000305s ]
[ sql ] [ SQL ] SELECT COUNT(*) AS tp_count FROM `think_article` WHERE  `status` = 1 LIMIT 1 [ RunTime:0.000233s ]
[ sql ] [ SQL ] SELECT `a`.*,`ac`.`name` FROM `think_article` `a` LEFT JOIN `think_article_cate` `ac` ON `a`.`cate_id`=`ac`.`id` WHERE  `a`.`status` = 1 ORDER BY id desc LIMIT 0,15 [ RunTime:0.000456s ]

---------------------------------------------------------------
[ 2017-06-24T04:41:03+08:00 ] 172.17.180.47 66.249.65.141 GET /
[ log ] www.hhqblog.com/ [运行时间：0.034601s][吞吐率：28.90req/s] [内存消耗：4,598.52kb] [文件加载：56]
[ info ] [ LANG ] /yjdata/www/hhqblog/thinkphp/lang/zh-cn.php
[ info ] [ ROUTE ] array (
  'type' => 'module',
  'module' => 
  array (
    0 => '',
    1 => NULL,
    2 => NULL,
  ),
)
[ info ] [ HEADER ] array (
  'host' => 'www.hhqblog.com',
  'connection' => 'Keep-alive',
  'accept' => 'text/html,application/xhtml+xml,application/xml;q=0.9,*/*;q=0.8',
  'from' => 'googlebot(at)googlebot.com',
  'user-agent' => 'Mozilla/5.0 (compatible; Googlebot/2.1; +http://www.google.com/bot.html)',
  'accept-encoding' => 'gzip,deflate,br',
  'content-type' => '',
  'content-length' => '',
)
[ info ] [ PARAM ] array (
)
[ info ] [ CACHE ] INIT File
[ info ] [ DB ] INIT mysql
[ info ] [ RUN ] app\index\controller\Index->index[ /yjdata/www/hhqblog/application/index/controller/Index.php ]
[ info ] [ VIEW ] /yjdata/www/hhqblog/public/../application/index/view/index/index.html [ array (
  0 => 'menu',
  1 => 'recommend',
  2 => 'newarticle',
  3 => 'hot',
  4 => 'list',
  5 => 'allpage',
  6 => 'top_line',
  7 => 'carousel',
) ]
[ info ] [ LOG ] INIT File
[ sql ] [ DB ] CONNECT:[ UseTime:0.000308s ] mysql:dbname=hhqblog;host=127.0.0.1;port=3306;charset=utf8
[ sql ] [ SQL ] SHOW COLUMNS FROM `think_article` [ RunTime:0.000824s ]
[ sql ] [ SQL ] SELECT * FROM `think_article` WHERE  `status` = 1  AND `is_tui` = 1 ORDER BY id desc LIMIT 8 [ RunTime:0.000638s ]
[ sql ] [ SQL ] SELECT * FROM `think_article` WHERE  `status` = 1 ORDER BY id desc LIMIT 8 [ RunTime:0.000368s ]
[ sql ] [ SQL ] SELECT * FROM `think_article` ORDER BY views desc LIMIT 8 [ RunTime:0.000413s ]
[ sql ] [ SQL ] SELECT * FROM `think_article` WHERE  `status` = 1  AND `type` = 1 ORDER BY id desc LIMIT 6 [ RunTime:0.000321s ]
[ sql ] [ SQL ] SELECT * FROM `think_article` WHERE  `status` = 1  AND `type` = 2 ORDER BY id desc LIMIT 6 [ RunTime:0.000320s ]
[ sql ] [ SQL ] SELECT COUNT(*) AS tp_count FROM `think_article` WHERE  `status` = 1 LIMIT 1 [ RunTime:0.000251s ]
[ sql ] [ SQL ] SELECT `a`.*,`ac`.`name` FROM `think_article` `a` LEFT JOIN `think_article_cate` `ac` ON `a`.`cate_id`=`ac`.`id` WHERE  `a`.`status` = 1 ORDER BY id desc LIMIT 0,15 [ RunTime:0.000474s ]

---------------------------------------------------------------
[ 2017-06-24T04:41:12+08:00 ] 172.17.180.47 66.249.65.137 GET /index/index/index.html?page=1
[ log ] www.hhqblog.com/index/index/index.html?page=1 [运行时间：0.032066s][吞吐率：31.19req/s] [内存消耗：4,617.08kb] [文件加载：55]
[ info ] [ LANG ] /yjdata/www/hhqblog/thinkphp/lang/zh-cn.php
[ info ] [ ROUTE ] array (
  'type' => 'module',
  'module' => 
  array (
    0 => 'index',
    1 => 'index',
    2 => 'index',
  ),
)
[ info ] [ HEADER ] array (
  'host' => 'www.hhqblog.com',
  'referer' => 'http://www.hhqblog.com/',
  'x-requested-with' => 'XMLHttpRequest',
  'accept-language' => 'en-US',
  'connection' => 'Keep-alive',
  'accept' => '*/*,application/json, text/javascript, */*; q=0.01',
  'from' => 'googlebot(at)googlebot.com',
  'user-agent' => 'Mozilla/5.0 (compatible; Googlebot/2.1; +http://www.google.com/bot.html)',
  'accept-encoding' => 'gzip,deflate,br',
  'content-type' => '',
  'content-length' => '',
)
[ info ] [ PARAM ] array (
  'page' => '1',
)
[ info ] [ CACHE ] INIT File
[ info ] [ DB ] INIT mysql
[ info ] [ RUN ] app\index\controller\Index->index[ /yjdata/www/hhqblog/application/index/controller/Index.php ]
[ info ] [ LOG ] INIT File
[ sql ] [ DB ] CONNECT:[ UseTime:0.000278s ] mysql:dbname=hhqblog;host=127.0.0.1;port=3306;charset=utf8
[ sql ] [ SQL ] SHOW COLUMNS FROM `think_article` [ RunTime:0.000810s ]
[ sql ] [ SQL ] SELECT * FROM `think_article` ORDER BY views desc LIMIT 8 [ RunTime:0.000468s ]
[ sql ] [ SQL ] SELECT * FROM `think_article` WHERE  `status` = 1  AND `type` = 2 ORDER BY id desc LIMIT 6 [ RunTime:0.000369s ]
[ sql ] [ SQL ] SELECT COUNT(*) AS tp_count FROM `think_article` WHERE  `status` = 1 LIMIT 1 [ RunTime:0.000235s ]
[ sql ] [ SQL ] SELECT `a`.*,`ac`.`name` FROM `think_article` `a` LEFT JOIN `think_article_cate` `ac` ON `a`.`cate_id`=`ac`.`id` WHERE  `a`.`status` = 1 ORDER BY id desc LIMIT 0,15 [ RunTime:0.000488s ]

---------------------------------------------------------------
[ 2017-06-24T05:06:55+08:00 ] 172.17.180.47 220.181.108.121 GET /ar/23.html
[ log ] www.hhqblog.com/ar/23.html [运行时间：0.029663s][吞吐率：33.71req/s] [内存消耗：4,073.52kb] [文件加载：56]
[ info ] [ LANG ] /yjdata/www/hhqblog/thinkphp/lang/zh-cn.php
[ info ] [ ROUTE ] array (
  'type' => 'module',
  'module' => 
  array (
    0 => 'index',
    1 => 'Artical',
    2 => 'detail',
  ),
  'convert' => false,
)
[ info ] [ HEADER ] array (
  'host' => 'www.hhqblog.com',
  'connection' => 'close',
  'user-agent' => 'Mozilla/5.0 (compatible; Baiduspider/2.0; +http://www.baidu.com/search/spider.html)',
  'accept-encoding' => 'gzip',
  'accept-language' => 'zh-cn,zh-tw',
  'accept' => '*/*',
  'content-type' => '',
  'content-length' => '',
)
[ info ] [ PARAM ] array (
  'id' => '23',
)
[ info ] [ CACHE ] INIT File
[ info ] [ DB ] INIT mysql
[ info ] [ RUN ] app\index\controller\Artical->detail[ /yjdata/www/hhqblog/application/index/controller/Artical.php ]
[ info ] [ VIEW ] /yjdata/www/hhqblog/public/../application/index/view/artical/detail.html [ array (
  0 => 'menu',
  1 => 'recommend',
  2 => 'newarticle',
  3 => 'hot',
  4 => 'article',
  5 => 'allpage',
) ]
[ info ] [ LOG ] INIT File
[ sql ] [ DB ] CONNECT:[ UseTime:0.000294s ] mysql:dbname=hhqblog;host=127.0.0.1;port=3306;charset=utf8
[ sql ] [ SQL ] SHOW COLUMNS FROM `think_article` [ RunTime:0.000840s ]
[ sql ] [ SQL ] SELECT * FROM `think_article` ORDER BY views desc LIMIT 8 [ RunTime:0.000498s ]
[ sql ] [ SQL ] SELECT `a`.*,`ca`.`name` FROM `think_article` `a` LEFT JOIN `think_article_cate` `ca` ON `a`.`cate_id`=`ca`.`id` WHERE  `a`.`id` = 23 LIMIT 1 [ RunTime:0.000264s ]

---------------------------------------------------------------
[ 2017-06-24T06:36:28+08:00 ] 172.17.180.47 220.181.108.179 GET /
[ log ] www.hhqblog.com/ [运行时间：0.033909s][吞吐率：29.49req/s] [内存消耗：4,598.55kb] [文件加载：56]
[ info ] [ LANG ] /yjdata/www/hhqblog/thinkphp/lang/zh-cn.php
[ info ] [ ROUTE ] array (
  'type' => 'module',
  'module' => 
  array (
    0 => '',
    1 => NULL,
    2 => NULL,
  ),
)
[ info ] [ HEADER ] array (
  'host' => 'www.hhqblog.com',
  'connection' => 'close',
  'user-agent' => 'Mozilla/5.0 (compatible; Baiduspider/2.0; +http://www.baidu.com/search/spider.html)',
  'accept-language' => 'zh-cn,zh-tw',
  'if-none-match' => '"@NULL@"',
  'accept-encoding' => 'gzip',
  'accept' => '*/*',
  'content-type' => '',
  'content-length' => '',
)
[ info ] [ PARAM ] array (
)
[ info ] [ CACHE ] INIT File
[ info ] [ DB ] INIT mysql
[ info ] [ RUN ] app\index\controller\Index->index[ /yjdata/www/hhqblog/application/index/controller/Index.php ]
[ info ] [ VIEW ] /yjdata/www/hhqblog/public/../application/index/view/index/index.html [ array (
  0 => 'menu',
  1 => 'recommend',
  2 => 'newarticle',
  3 => 'hot',
  4 => 'list',
  5 => 'allpage',
  6 => 'top_line',
  7 => 'carousel',
) ]
[ info ] [ LOG ] INIT File
[ sql ] [ DB ] CONNECT:[ UseTime:0.000314s ] mysql:dbname=hhqblog;host=127.0.0.1;port=3306;charset=utf8
[ sql ] [ SQL ] SHOW COLUMNS FROM `think_article` [ RunTime:0.000812s ]
[ sql ] [ SQL ] SELECT * FROM `think_article` WHERE  `status` = 1  AND `is_tui` = 1 ORDER BY id desc LIMIT 8 [ RunTime:0.000623s ]
[ sql ] [ SQL ] SELECT * FROM `think_article` WHERE  `status` = 1 ORDER BY id desc LIMIT 8 [ RunTime:0.000352s ]
[ sql ] [ SQL ] SELECT * FROM `think_article` ORDER BY views desc LIMIT 8 [ RunTime:0.000361s ]
[ sql ] [ SQL ] SELECT * FROM `think_article` WHERE  `status` = 1  AND `type` = 1 ORDER BY id desc LIMIT 6 [ RunTime:0.000306s ]
[ sql ] [ SQL ] SELECT * FROM `think_article` WHERE  `status` = 1  AND `type` = 2 ORDER BY id desc LIMIT 6 [ RunTime:0.000307s ]
[ sql ] [ SQL ] SELECT COUNT(*) AS tp_count FROM `think_article` WHERE  `status` = 1 LIMIT 1 [ RunTime:0.000228s ]
[ sql ] [ SQL ] SELECT `a`.*,`ac`.`name` FROM `think_article` `a` LEFT JOIN `think_article_cate` `ac` ON `a`.`cate_id`=`ac`.`id` WHERE  `a`.`status` = 1 ORDER BY id desc LIMIT 0,15 [ RunTime:0.000464s ]

---------------------------------------------------------------
[ 2017-06-24T06:36:49+08:00 ] 172.17.180.47 111.206.221.27 GET /index/index/index.html?page=1
[ log ] www.hhqblog.com/index/index/index.html?page=1 [运行时间：0.031208s][吞吐率：32.04req/s] [内存消耗：4,617.23kb] [文件加载：55]
[ info ] [ LANG ] /yjdata/www/hhqblog/thinkphp/lang/zh-cn.php
[ info ] [ ROUTE ] array (
  'type' => 'module',
  'module' => 
  array (
    0 => 'index',
    1 => 'index',
    2 => 'index',
  ),
)
[ info ] [ HEADER ] array (
  'host' => 'www.hhqblog.com',
  'user-agent' => 'Mozilla/5.0 (iPhone; CPU iPhone OS 9_1 like Mac OS X) AppleWebKit/601.1.46 (KHTML, like Gecko) Version/9.0 Mobile/13B143 Safari/601.1 (compatible; Baiduspider-render/2.0; +http://www.baidu.com/search/spider.html)',
  'proxy-connection' => 'keep-alive',
  'accept' => 'application/json, text/javascript, */*; q=0.01',
  'x-devtools-emulate-network-conditions-client-id' => '4f80d3dd-b28c-428e-8569-7193c8e8e3ce',
  'x-requested-with' => 'XMLHttpRequest',
  'accept-language' => 'zh-CN,zh;q=0.8,en-US;q=0.5,en;q=0.3',
  'resource-type' => '13',
  'referer' => 'http://www.hhqblog.com/',
  'content-type' => '',
  'content-length' => '',
)
[ info ] [ PARAM ] array (
  'page' => '1',
)
[ info ] [ CACHE ] INIT File
[ info ] [ DB ] INIT mysql
[ info ] [ RUN ] app\index\controller\Index->index[ /yjdata/www/hhqblog/application/index/controller/Index.php ]
[ info ] [ LOG ] INIT File
[ sql ] [ DB ] CONNECT:[ UseTime:0.000260s ] mysql:dbname=hhqblog;host=127.0.0.1;port=3306;charset=utf8
[ sql ] [ SQL ] SHOW COLUMNS FROM `think_article` [ RunTime:0.000792s ]
[ sql ] [ SQL ] SELECT * FROM `think_article` ORDER BY views desc LIMIT 8 [ RunTime:0.000504s ]
[ sql ] [ SQL ] SELECT * FROM `think_article` WHERE  `status` = 1  AND `type` = 2 ORDER BY id desc LIMIT 6 [ RunTime:0.000393s ]
[ sql ] [ SQL ] SELECT COUNT(*) AS tp_count FROM `think_article` WHERE  `status` = 1 LIMIT 1 [ RunTime:0.000244s ]
[ sql ] [ SQL ] SELECT `a`.*,`ac`.`name` FROM `think_article` `a` LEFT JOIN `think_article_cate` `ac` ON `a`.`cate_id`=`ac`.`id` WHERE  `a`.`status` = 1 ORDER BY id desc LIMIT 0,15 [ RunTime:0.000513s ]

---------------------------------------------------------------
[ 2017-06-24T07:23:27+08:00 ] 172.17.180.47 222.82.59.109 GET /
[ log ] www.hhqblog.com/ [运行时间：0.030680s][吞吐率：32.59req/s] [内存消耗：4,641.16kb] [文件加载：56]
[ info ] [ LANG ] /yjdata/www/hhqblog/thinkphp/lang/zh-cn.php
[ info ] [ ROUTE ] array (
  'type' => 'module',
  'module' => 
  array (
    0 => '',
    1 => NULL,
    2 => NULL,
  ),
)
[ info ] [ HEADER ] array (
  'user-agent' => 'Wget/1.12 (linux-gnu)',
  'accept' => '*/*',
  'host' => 'www.hhqblog.com',
  'connection' => 'Keep-Alive',
  'content-type' => '',
  'content-length' => '',
)
[ info ] [ PARAM ] array (
)
[ info ] [ CACHE ] INIT File
[ info ] [ DB ] INIT mysql
[ info ] [ RUN ] app\index\controller\Index->index[ /yjdata/www/hhqblog/application/index/controller/Index.php ]
[ info ] [ VIEW ] /yjdata/www/hhqblog/public/../application/index/view/index/index.html [ array (
  0 => 'menu',
  1 => 'recommend',
  2 => 'newarticle',
  3 => 'hot',
  4 => 'list',
  5 => 'allpage',
  6 => 'top_line',
  7 => 'carousel',
) ]
[ info ] [ LOG ] INIT File
[ sql ] [ DB ] CONNECT:[ UseTime:0.000284s ] mysql:dbname=hhqblog;host=127.0.0.1;port=3306;charset=utf8
[ sql ] [ SQL ] SHOW COLUMNS FROM `think_article` [ RunTime:0.000826s ]
[ sql ] [ SQL ] SELECT * FROM `think_article` ORDER BY views desc LIMIT 8 [ RunTime:0.000492s ]
[ sql ] [ SQL ] SELECT * FROM `think_article` WHERE  `status` = 1  AND `type` = 2 ORDER BY id desc LIMIT 6 [ RunTime:0.000386s ]
[ sql ] [ SQL ] SELECT COUNT(*) AS tp_count FROM `think_article` WHERE  `status` = 1 LIMIT 1 [ RunTime:0.000232s ]
[ sql ] [ SQL ] SELECT `a`.*,`ac`.`name` FROM `think_article` `a` LEFT JOIN `think_article_cate` `ac` ON `a`.`cate_id`=`ac`.`id` WHERE  `a`.`status` = 1 ORDER BY id desc LIMIT 0,15 [ RunTime:0.000473s ]

---------------------------------------------------------------
[ 2017-06-24T09:38:37+08:00 ] 172.17.180.47 123.125.71.31 GET /
[ log ] www.hhqblog.com/ [运行时间：0.034710s][吞吐率：28.81req/s] [内存消耗：4,598.55kb] [文件加载：56]
[ info ] [ LANG ] /yjdata/www/hhqblog/thinkphp/lang/zh-cn.php
[ info ] [ ROUTE ] array (
  'type' => 'module',
  'module' => 
  array (
    0 => '',
    1 => NULL,
    2 => NULL,
  ),
)
[ info ] [ HEADER ] array (
  'host' => 'www.hhqblog.com',
  'connection' => 'close',
  'user-agent' => 'Mozilla/5.0 (compatible; Baiduspider/2.0; +http://www.baidu.com/search/spider.html)',
  'accept-language' => 'zh-cn,zh-tw',
  'if-none-match' => '"@NULL@"',
  'accept-encoding' => 'gzip',
  'accept' => '*/*',
  'content-type' => '',
  'content-length' => '',
)
[ info ] [ PARAM ] array (
)
[ info ] [ CACHE ] INIT File
[ info ] [ DB ] INIT mysql
[ info ] [ RUN ] app\index\controller\Index->index[ /yjdata/www/hhqblog/application/index/controller/Index.php ]
[ info ] [ VIEW ] /yjdata/www/hhqblog/public/../application/index/view/index/index.html [ array (
  0 => 'menu',
  1 => 'recommend',
  2 => 'newarticle',
  3 => 'hot',
  4 => 'list',
  5 => 'allpage',
  6 => 'top_line',
  7 => 'carousel',
) ]
[ info ] [ LOG ] INIT File
[ sql ] [ DB ] CONNECT:[ UseTime:0.000286s ] mysql:dbname=hhqblog;host=127.0.0.1;port=3306;charset=utf8
[ sql ] [ SQL ] SHOW COLUMNS FROM `think_article` [ RunTime:0.000816s ]
[ sql ] [ SQL ] SELECT * FROM `think_article` WHERE  `status` = 1  AND `is_tui` = 1 ORDER BY id desc LIMIT 8 [ RunTime:0.000653s ]
[ sql ] [ SQL ] SELECT * FROM `think_article` WHERE  `status` = 1 ORDER BY id desc LIMIT 8 [ RunTime:0.000346s ]
[ sql ] [ SQL ] SELECT * FROM `think_article` ORDER BY views desc LIMIT 8 [ RunTime:0.000349s ]
[ sql ] [ SQL ] SELECT * FROM `think_article` WHERE  `status` = 1  AND `type` = 1 ORDER BY id desc LIMIT 6 [ RunTime:0.000307s ]
[ sql ] [ SQL ] SELECT * FROM `think_article` WHERE  `status` = 1  AND `type` = 2 ORDER BY id desc LIMIT 6 [ RunTime:0.000317s ]
[ sql ] [ SQL ] SELECT COUNT(*) AS tp_count FROM `think_article` WHERE  `status` = 1 LIMIT 1 [ RunTime:0.000273s ]
[ sql ] [ SQL ] SELECT `a`.*,`ac`.`name` FROM `think_article` `a` LEFT JOIN `think_article_cate` `ac` ON `a`.`cate_id`=`ac`.`id` WHERE  `a`.`status` = 1 ORDER BY id desc LIMIT 0,15 [ RunTime:0.000463s ]

---------------------------------------------------------------
[ 2017-06-24T09:38:49+08:00 ] 172.17.180.47 111.206.221.107 GET /index/index/index.html?page=1
[ log ] www.hhqblog.com/index/index/index.html?page=1 [运行时间：0.060354s][吞吐率：16.57req/s] [内存消耗：4,617.23kb] [文件加载：55]
[ info ] [ LANG ] /yjdata/www/hhqblog/thinkphp/lang/zh-cn.php
[ info ] [ ROUTE ] array (
  'type' => 'module',
  'module' => 
  array (
    0 => 'index',
    1 => 'index',
    2 => 'index',
  ),
)
[ info ] [ HEADER ] array (
  'host' => 'www.hhqblog.com',
  'user-agent' => 'Mozilla/5.0 (iPhone; CPU iPhone OS 9_1 like Mac OS X) AppleWebKit/601.1.46 (KHTML, like Gecko) Version/9.0 Mobile/13B143 Safari/601.1 (compatible; Baiduspider-render/2.0; +http://www.baidu.com/search/spider.html)',
  'proxy-connection' => 'keep-alive',
  'accept' => 'application/json, text/javascript, */*; q=0.01',
  'x-devtools-emulate-network-conditions-client-id' => 'd853828d-5e1a-4c70-bc00-5532c63783d7',
  'x-requested-with' => 'XMLHttpRequest',
  'accept-language' => 'zh-CN,zh;q=0.8,en-US;q=0.5,en;q=0.3',
  'resource-type' => '13',
  'referer' => 'http://www.hhqblog.com/',
  'content-type' => '',
  'content-length' => '',
)
[ info ] [ PARAM ] array (
  'page' => '1',
)
[ info ] [ CACHE ] INIT File
[ info ] [ DB ] INIT mysql
[ info ] [ RUN ] app\index\controller\Index->index[ /yjdata/www/hhqblog/application/index/controller/Index.php ]
[ info ] [ LOG ] INIT File
[ sql ] [ DB ] CONNECT:[ UseTime:0.002959s ] mysql:dbname=hhqblog;host=127.0.0.1;port=3306;charset=utf8
[ sql ] [ SQL ] SHOW COLUMNS FROM `think_article` [ RunTime:0.000817s ]
[ sql ] [ SQL ] SELECT * FROM `think_article` ORDER BY views desc LIMIT 8 [ RunTime:0.000466s ]
[ sql ] [ SQL ] SELECT * FROM `think_article` WHERE  `status` = 1  AND `type` = 2 ORDER BY id desc LIMIT 6 [ RunTime:0.000362s ]
[ sql ] [ SQL ] SELECT COUNT(*) AS tp_count FROM `think_article` WHERE  `status` = 1 LIMIT 1 [ RunTime:0.000232s ]
[ sql ] [ SQL ] SELECT `a`.*,`ac`.`name` FROM `think_article` `a` LEFT JOIN `think_article_cate` `ac` ON `a`.`cate_id`=`ac`.`id` WHERE  `a`.`status` = 1 ORDER BY id desc LIMIT 0,15 [ RunTime:0.000496s ]

---------------------------------------------------------------
[ 2017-06-24T10:21:57+08:00 ] 172.17.180.47 66.249.65.137 GET /
[ log ] www.hhqblog.com/ [运行时间：0.031224s][吞吐率：32.03req/s] [内存消耗：4,641.71kb] [文件加载：56]
[ info ] [ LANG ] /yjdata/www/hhqblog/thinkphp/lang/zh-cn.php
[ info ] [ ROUTE ] array (
  'type' => 'module',
  'module' => 
  array (
    0 => '',
    1 => NULL,
    2 => NULL,
  ),
)
[ info ] [ HEADER ] array (
  'host' => 'www.hhqblog.com',
  'connection' => 'Keep-alive',
  'accept' => 'text/html,application/xhtml+xml,application/xml;q=0.9,*/*;q=0.8',
  'from' => 'googlebot(at)googlebot.com',
  'user-agent' => 'Mozilla/5.0 (Linux; Android 6.0.1; Nexus 5X Build/MMB29P) AppleWebKit/537.36 (KHTML, like Gecko) Chrome/41.0.2272.96 Mobile Safari/537.36 (compatible; Googlebot/2.1; +http://www.google.com/bot.html)',
  'accept-encoding' => 'gzip,deflate,br',
  'content-type' => '',
  'content-length' => '',
)
[ info ] [ PARAM ] array (
)
[ info ] [ CACHE ] INIT File
[ info ] [ DB ] INIT mysql
[ info ] [ RUN ] app\index\controller\Index->index[ /yjdata/www/hhqblog/application/index/controller/Index.php ]
[ info ] [ VIEW ] /yjdata/www/hhqblog/public/../application/index/view/index/index.html [ array (
  0 => 'menu',
  1 => 'recommend',
  2 => 'newarticle',
  3 => 'hot',
  4 => 'list',
  5 => 'allpage',
  6 => 'top_line',
  7 => 'carousel',
) ]
[ info ] [ LOG ] INIT File
[ sql ] [ DB ] CONNECT:[ UseTime:0.000287s ] mysql:dbname=hhqblog;host=127.0.0.1;port=3306;charset=utf8
[ sql ] [ SQL ] SHOW COLUMNS FROM `think_article` [ RunTime:0.000807s ]
[ sql ] [ SQL ] SELECT * FROM `think_article` ORDER BY views desc LIMIT 8 [ RunTime:0.000464s ]
[ sql ] [ SQL ] SELECT * FROM `think_article` WHERE  `status` = 1  AND `type` = 2 ORDER BY id desc LIMIT 6 [ RunTime:0.000355s ]
[ sql ] [ SQL ] SELECT COUNT(*) AS tp_count FROM `think_article` WHERE  `status` = 1 LIMIT 1 [ RunTime:0.000251s ]
[ sql ] [ SQL ] SELECT `a`.*,`ac`.`name` FROM `think_article` `a` LEFT JOIN `think_article_cate` `ac` ON `a`.`cate_id`=`ac`.`id` WHERE  `a`.`status` = 1 ORDER BY id desc LIMIT 0,15 [ RunTime:0.000485s ]

---------------------------------------------------------------
[ 2017-06-24T11:48:58+08:00 ] 172.17.180.47 66.249.73.206 GET /
[ log ] hhqblog.com/ [运行时间：0.035806s][吞吐率：27.93req/s] [内存消耗：4,598.63kb] [文件加载：56]
[ info ] [ LANG ] /yjdata/www/hhqblog/thinkphp/lang/zh-cn.php
[ info ] [ ROUTE ] array (
  'type' => 'module',
  'module' => 
  array (
    0 => '',
    1 => NULL,
    2 => NULL,
  ),
)
[ info ] [ HEADER ] array (
  'host' => 'hhqblog.com',
  'connection' => 'Keep-alive',
  'accept' => 'text/html,application/xhtml+xml,application/xml;q=0.9,*/*;q=0.8',
  'from' => 'googlebot(at)googlebot.com',
  'user-agent' => 'Mozilla/5.0 (Linux; Android 6.0.1; Nexus 5X Build/MMB29P) AppleWebKit/537.36 (KHTML, like Gecko) Chrome/41.0.2272.96 Mobile Safari/537.36 (compatible; Googlebot/2.1; +http://www.google.com/bot.html)',
  'accept-encoding' => 'gzip,deflate,br',
  'content-type' => '',
  'content-length' => '',
)
[ info ] [ PARAM ] array (
)
[ info ] [ CACHE ] INIT File
[ info ] [ DB ] INIT mysql
[ info ] [ RUN ] app\index\controller\Index->index[ /yjdata/www/hhqblog/application/index/controller/Index.php ]
[ info ] [ VIEW ] /yjdata/www/hhqblog/public/../application/index/view/index/index.html [ array (
  0 => 'menu',
  1 => 'recommend',
  2 => 'newarticle',
  3 => 'hot',
  4 => 'list',
  5 => 'allpage',
  6 => 'top_line',
  7 => 'carousel',
) ]
[ info ] [ LOG ] INIT File
[ sql ] [ DB ] CONNECT:[ UseTime:0.000309s ] mysql:dbname=hhqblog;host=127.0.0.1;port=3306;charset=utf8
[ sql ] [ SQL ] SHOW COLUMNS FROM `think_article` [ RunTime:0.000851s ]
[ sql ] [ SQL ] SELECT * FROM `think_article` WHERE  `status` = 1  AND `is_tui` = 1 ORDER BY id desc LIMIT 8 [ RunTime:0.000655s ]
[ sql ] [ SQL ] SELECT * FROM `think_article` WHERE  `status` = 1 ORDER BY id desc LIMIT 8 [ RunTime:0.000379s ]
[ sql ] [ SQL ] SELECT * FROM `think_article` ORDER BY views desc LIMIT 8 [ RunTime:0.000375s ]
[ sql ] [ SQL ] SELECT * FROM `think_article` WHERE  `status` = 1  AND `type` = 1 ORDER BY id desc LIMIT 6 [ RunTime:0.000305s ]
[ sql ] [ SQL ] SELECT * FROM `think_article` WHERE  `status` = 1  AND `type` = 2 ORDER BY id desc LIMIT 6 [ RunTime:0.000321s ]
[ sql ] [ SQL ] SELECT COUNT(*) AS tp_count FROM `think_article` WHERE  `status` = 1 LIMIT 1 [ RunTime:0.000269s ]
[ sql ] [ SQL ] SELECT `a`.*,`ac`.`name` FROM `think_article` `a` LEFT JOIN `think_article_cate` `ac` ON `a`.`cate_id`=`ac`.`id` WHERE  `a`.`status` = 1 ORDER BY id desc LIMIT 0,15 [ RunTime:0.000492s ]

---------------------------------------------------------------
[ 2017-06-24T11:49:03+08:00 ] 172.17.180.47 66.249.73.206 GET /index/index/index.html?page=1
[ log ] hhqblog.com/index/index/index.html?page=1 [运行时间：0.032222s][吞吐率：31.03req/s] [内存消耗：4,617.23kb] [文件加载：55]
[ info ] [ LANG ] /yjdata/www/hhqblog/thinkphp/lang/zh-cn.php
[ info ] [ ROUTE ] array (
  'type' => 'module',
  'module' => 
  array (
    0 => 'index',
    1 => 'index',
    2 => 'index',
  ),
)
[ info ] [ HEADER ] array (
  'host' => 'hhqblog.com',
  'referer' => 'http://hhqblog.com/',
  'x-requested-with' => 'XMLHttpRequest',
  'accept-language' => 'en-US',
  'connection' => 'Keep-alive',
  'accept' => '*/*,application/json, text/javascript, */*; q=0.01',
  'from' => 'googlebot(at)googlebot.com',
  'user-agent' => 'Mozilla/5.0 (compatible; Googlebot/2.1; +http://www.google.com/bot.html)',
  'accept-encoding' => 'gzip,deflate,br',
  'content-type' => '',
  'content-length' => '',
)
[ info ] [ PARAM ] array (
  'page' => '1',
)
[ info ] [ CACHE ] INIT File
[ info ] [ DB ] INIT mysql
[ info ] [ RUN ] app\index\controller\Index->index[ /yjdata/www/hhqblog/application/index/controller/Index.php ]
[ info ] [ LOG ] INIT File
[ sql ] [ DB ] CONNECT:[ UseTime:0.000293s ] mysql:dbname=hhqblog;host=127.0.0.1;port=3306;charset=utf8
[ sql ] [ SQL ] SHOW COLUMNS FROM `think_article` [ RunTime:0.000847s ]
[ sql ] [ SQL ] SELECT * FROM `think_article` ORDER BY views desc LIMIT 8 [ RunTime:0.000498s ]
[ sql ] [ SQL ] SELECT * FROM `think_article` WHERE  `status` = 1  AND `type` = 2 ORDER BY id desc LIMIT 6 [ RunTime:0.000374s ]
[ sql ] [ SQL ] SELECT COUNT(*) AS tp_count FROM `think_article` WHERE  `status` = 1 LIMIT 1 [ RunTime:0.000233s ]
[ sql ] [ SQL ] SELECT `a`.*,`ac`.`name` FROM `think_article` `a` LEFT JOIN `think_article_cate` `ac` ON `a`.`cate_id`=`ac`.`id` WHERE  `a`.`status` = 1 ORDER BY id desc LIMIT 0,15 [ RunTime:0.000526s ]

---------------------------------------------------------------
[ 2017-06-24T12:49:42+08:00 ] 172.17.180.47 157.55.39.186 GET /
[ log ] hhqblog.com/ [运行时间：0.035559s][吞吐率：28.12req/s] [内存消耗：4,598.75kb] [文件加载：56]
[ info ] [ LANG ] /yjdata/www/hhqblog/thinkphp/lang/zh-cn.php
[ info ] [ ROUTE ] array (
  'type' => 'module',
  'module' => 
  array (
    0 => '',
    1 => NULL,
    2 => NULL,
  ),
)
[ info ] [ HEADER ] array (
  'cache-control' => 'no-cache',
  'connection' => 'Keep-Alive',
  'pragma' => 'no-cache',
  'accept' => '*/*',
  'accept-encoding' => 'gzip, deflate',
  'from' => 'bingbot(at)microsoft.com',
  'host' => 'hhqblog.com',
  'user-agent' => 'Mozilla/5.0 (compatible; bingbot/2.0; +http://www.bing.com/bingbot.htm)',
  'content-type' => '',
  'content-length' => '',
)
[ info ] [ PARAM ] array (
)
[ info ] [ CACHE ] INIT File
[ info ] [ DB ] INIT mysql
[ info ] [ RUN ] app\index\controller\Index->index[ /yjdata/www/hhqblog/application/index/controller/Index.php ]
[ info ] [ VIEW ] /yjdata/www/hhqblog/public/../application/index/view/index/index.html [ array (
  0 => 'menu',
  1 => 'recommend',
  2 => 'newarticle',
  3 => 'hot',
  4 => 'list',
  5 => 'allpage',
  6 => 'top_line',
  7 => 'carousel',
) ]
[ info ] [ LOG ] INIT File
[ sql ] [ DB ] CONNECT:[ UseTime:0.000301s ] mysql:dbname=hhqblog;host=127.0.0.1;port=3306;charset=utf8
[ sql ] [ SQL ] SHOW COLUMNS FROM `think_article` [ RunTime:0.000809s ]
[ sql ] [ SQL ] SELECT * FROM `think_article` WHERE  `status` = 1  AND `is_tui` = 1 ORDER BY id desc LIMIT 8 [ RunTime:0.000631s ]
[ sql ] [ SQL ] SELECT * FROM `think_article` WHERE  `status` = 1 ORDER BY id desc LIMIT 8 [ RunTime:0.000338s ]
[ sql ] [ SQL ] SELECT * FROM `think_article` ORDER BY views desc LIMIT 8 [ RunTime:0.000341s ]
[ sql ] [ SQL ] SELECT * FROM `think_article` WHERE  `status` = 1  AND `type` = 1 ORDER BY id desc LIMIT 6 [ RunTime:0.000318s ]
[ sql ] [ SQL ] SELECT * FROM `think_article` WHERE  `status` = 1  AND `type` = 2 ORDER BY id desc LIMIT 6 [ RunTime:0.000322s ]
[ sql ] [ SQL ] SELECT COUNT(*) AS tp_count FROM `think_article` WHERE  `status` = 1 LIMIT 1 [ RunTime:0.000237s ]
[ sql ] [ SQL ] SELECT `a`.*,`ac`.`name` FROM `think_article` `a` LEFT JOIN `think_article_cate` `ac` ON `a`.`cate_id`=`ac`.`id` WHERE  `a`.`status` = 1 ORDER BY id desc LIMIT 0,15 [ RunTime:0.000475s ]

---------------------------------------------------------------
[ 2017-06-24T12:50:16+08:00 ] 172.17.180.47 66.249.65.141 GET /ar/32.html
[ log ] www.hhqblog.com/ar/32.html [运行时间：0.030613s][吞吐率：32.67req/s] [内存消耗：4,071.53kb] [文件加载：56]
[ info ] [ LANG ] /yjdata/www/hhqblog/thinkphp/lang/zh-cn.php
[ info ] [ ROUTE ] array (
  'type' => 'module',
  'module' => 
  array (
    0 => 'index',
    1 => 'Artical',
    2 => 'detail',
  ),
  'convert' => false,
)
[ info ] [ HEADER ] array (
  'host' => 'www.hhqblog.com',
  'connection' => 'Keep-alive',
  'accept' => 'text/html,application/xhtml+xml,application/xml;q=0.9,*/*;q=0.8',
  'from' => 'googlebot(at)googlebot.com',
  'user-agent' => 'Mozilla/5.0 (compatible; Googlebot/2.1; +http://www.google.com/bot.html)',
  'accept-encoding' => 'gzip,deflate,br',
  'if-modified-since' => 'Sat, 10 Jun 2017 02:31:29 GMT',
  'content-type' => '',
  'content-length' => '',
)
[ info ] [ PARAM ] array (
  'id' => '32',
)
[ info ] [ CACHE ] INIT File
[ info ] [ DB ] INIT mysql
[ info ] [ RUN ] app\index\controller\Artical->detail[ /yjdata/www/hhqblog/application/index/controller/Artical.php ]
[ info ] [ VIEW ] /yjdata/www/hhqblog/public/../application/index/view/artical/detail.html [ array (
  0 => 'menu',
  1 => 'recommend',
  2 => 'newarticle',
  3 => 'hot',
  4 => 'article',
  5 => 'allpage',
) ]
[ info ] [ LOG ] INIT File
[ sql ] [ DB ] CONNECT:[ UseTime:0.000407s ] mysql:dbname=hhqblog;host=127.0.0.1;port=3306;charset=utf8
[ sql ] [ SQL ] SHOW COLUMNS FROM `think_article` [ RunTime:0.000898s ]
[ sql ] [ SQL ] SELECT * FROM `think_article` ORDER BY views desc LIMIT 8 [ RunTime:0.000605s ]
[ sql ] [ SQL ] SELECT `a`.*,`ca`.`name` FROM `think_article` `a` LEFT JOIN `think_article_cate` `ca` ON `a`.`cate_id`=`ca`.`id` WHERE  `a`.`id` = 32 LIMIT 1 [ RunTime:0.000251s ]

---------------------------------------------------------------
[ 2017-06-24T12:50:17+08:00 ] 172.17.180.47 66.249.66.92 GET /ar/32.html
[ log ] www.hhqblog.com/ar/32.html [运行时间：0.029642s][吞吐率：33.74req/s] [内存消耗：4,071.53kb] [文件加载：56]
[ info ] [ LANG ] /yjdata/www/hhqblog/thinkphp/lang/zh-cn.php
[ info ] [ ROUTE ] array (
  'type' => 'module',
  'module' => 
  array (
    0 => 'index',
    1 => 'Artical',
    2 => 'detail',
  ),
  'convert' => false,
)
[ info ] [ HEADER ] array (
  'host' => 'www.hhqblog.com',
  'connection' => 'Keep-alive',
  'accept' => 'text/html,application/xhtml+xml,application/xml;q=0.9,*/*;q=0.8',
  'from' => 'googlebot(at)googlebot.com',
  'user-agent' => 'Mozilla/5.0 (compatible; Googlebot/2.1; +http://www.google.com/bot.html)',
  'accept-encoding' => 'gzip,deflate,br',
  'if-modified-since' => 'Sat, 10 Jun 2017 02:31:29 GMT',
  'content-type' => '',
  'content-length' => '',
)
[ info ] [ PARAM ] array (
  'id' => '32',
)
[ info ] [ CACHE ] INIT File
[ info ] [ DB ] INIT mysql
[ info ] [ RUN ] app\index\controller\Artical->detail[ /yjdata/www/hhqblog/application/index/controller/Artical.php ]
[ info ] [ VIEW ] /yjdata/www/hhqblog/public/../application/index/view/artical/detail.html [ array (
  0 => 'menu',
  1 => 'recommend',
  2 => 'newarticle',
  3 => 'hot',
  4 => 'article',
  5 => 'allpage',
) ]
[ info ] [ LOG ] INIT File
[ sql ] [ DB ] CONNECT:[ UseTime:0.000306s ] mysql:dbname=hhqblog;host=127.0.0.1;port=3306;charset=utf8
[ sql ] [ SQL ] SHOW COLUMNS FROM `think_article` [ RunTime:0.000833s ]
[ sql ] [ SQL ] SELECT * FROM `think_article` ORDER BY views desc LIMIT 8 [ RunTime:0.000496s ]
[ sql ] [ SQL ] SELECT `a`.*,`ca`.`name` FROM `think_article` `a` LEFT JOIN `think_article_cate` `ca` ON `a`.`cate_id`=`ca`.`id` WHERE  `a`.`id` = 32 LIMIT 1 [ RunTime:0.000261s ]

---------------------------------------------------------------
[ 2017-06-24T12:52:39+08:00 ] 172.17.180.47 66.249.66.92 GET /ar/34.html
[ log ] www.hhqblog.com/ar/34.html [运行时间：0.029101s][吞吐率：34.36req/s] [内存消耗：4,095.27kb] [文件加载：56]
[ info ] [ LANG ] /yjdata/www/hhqblog/thinkphp/lang/zh-cn.php
[ info ] [ ROUTE ] array (
  'type' => 'module',
  'module' => 
  array (
    0 => 'index',
    1 => 'Artical',
    2 => 'detail',
  ),
  'convert' => false,
)
[ info ] [ HEADER ] array (
  'host' => 'www.hhqblog.com',
  'connection' => 'Keep-alive',
  'accept' => 'text/html,application/xhtml+xml,application/xml;q=0.9,*/*;q=0.8',
  'from' => 'googlebot(at)googlebot.com',
  'user-agent' => 'Mozilla/5.0 (compatible; Googlebot/2.1; +http://www.google.com/bot.html)',
  'accept-encoding' => 'gzip,deflate,br',
  'content-type' => '',
  'content-length' => '',
)
[ info ] [ PARAM ] array (
  'id' => '34',
)
[ info ] [ CACHE ] INIT File
[ info ] [ DB ] INIT mysql
[ info ] [ RUN ] app\index\controller\Artical->detail[ /yjdata/www/hhqblog/application/index/controller/Artical.php ]
[ info ] [ VIEW ] /yjdata/www/hhqblog/public/../application/index/view/artical/detail.html [ array (
  0 => 'menu',
  1 => 'recommend',
  2 => 'newarticle',
  3 => 'hot',
  4 => 'article',
  5 => 'allpage',
) ]
[ info ] [ LOG ] INIT File
[ sql ] [ DB ] CONNECT:[ UseTime:0.000282s ] mysql:dbname=hhqblog;host=127.0.0.1;port=3306;charset=utf8
[ sql ] [ SQL ] SHOW COLUMNS FROM `think_article` [ RunTime:0.000806s ]
[ sql ] [ SQL ] SELECT * FROM `think_article` ORDER BY views desc LIMIT 8 [ RunTime:0.000474s ]
[ sql ] [ SQL ] SELECT `a`.*,`ca`.`name` FROM `think_article` `a` LEFT JOIN `think_article_cate` `ca` ON `a`.`cate_id`=`ca`.`id` WHERE  `a`.`id` = 34 LIMIT 1 [ RunTime:0.000277s ]

---------------------------------------------------------------
[ 2017-06-24T12:53:54+08:00 ] 172.17.180.47 66.249.66.91 GET /ar/36.html
[ log ] www.hhqblog.com/ar/36.html [运行时间：0.029764s][吞吐率：33.60req/s] [内存消耗：4,070.82kb] [文件加载：56]
[ info ] [ LANG ] /yjdata/www/hhqblog/thinkphp/lang/zh-cn.php
[ info ] [ ROUTE ] array (
  'type' => 'module',
  'module' => 
  array (
    0 => 'index',
    1 => 'Artical',
    2 => 'detail',
  ),
  'convert' => false,
)
[ info ] [ HEADER ] array (
  'host' => 'www.hhqblog.com',
  'connection' => 'Keep-alive',
  'accept' => 'text/html,application/xhtml+xml,application/xml;q=0.9,*/*;q=0.8',
  'from' => 'googlebot(at)googlebot.com',
  'user-agent' => 'Mozilla/5.0 (compatible; Googlebot/2.1; +http://www.google.com/bot.html)',
  'accept-encoding' => 'gzip,deflate,br',
  'content-type' => '',
  'content-length' => '',
)
[ info ] [ PARAM ] array (
  'id' => '36',
)
[ info ] [ CACHE ] INIT File
[ info ] [ DB ] INIT mysql
[ info ] [ RUN ] app\index\controller\Artical->detail[ /yjdata/www/hhqblog/application/index/controller/Artical.php ]
[ info ] [ VIEW ] /yjdata/www/hhqblog/public/../application/index/view/artical/detail.html [ array (
  0 => 'menu',
  1 => 'recommend',
  2 => 'newarticle',
  3 => 'hot',
  4 => 'article',
  5 => 'allpage',
) ]
[ info ] [ LOG ] INIT File
[ sql ] [ DB ] CONNECT:[ UseTime:0.000304s ] mysql:dbname=hhqblog;host=127.0.0.1;port=3306;charset=utf8
[ sql ] [ SQL ] SHOW COLUMNS FROM `think_article` [ RunTime:0.000870s ]
[ sql ] [ SQL ] SELECT * FROM `think_article` ORDER BY views desc LIMIT 8 [ RunTime:0.000509s ]
[ sql ] [ SQL ] SELECT `a`.*,`ca`.`name` FROM `think_article` `a` LEFT JOIN `think_article_cate` `ca` ON `a`.`cate_id`=`ca`.`id` WHERE  `a`.`id` = 36 LIMIT 1 [ RunTime:0.000256s ]

---------------------------------------------------------------
[ 2017-06-24T12:55:26+08:00 ] 172.17.180.47 66.249.66.91 GET /ar/35.html
[ log ] www.hhqblog.com/ar/35.html [运行时间：0.029728s][吞吐率：33.64req/s] [内存消耗：4,170.36kb] [文件加载：56]
[ info ] [ LANG ] /yjdata/www/hhqblog/thinkphp/lang/zh-cn.php
[ info ] [ ROUTE ] array (
  'type' => 'module',
  'module' => 
  array (
    0 => 'index',
    1 => 'Artical',
    2 => 'detail',
  ),
  'convert' => false,
)
[ info ] [ HEADER ] array (
  'host' => 'www.hhqblog.com',
  'connection' => 'Keep-alive',
  'accept' => 'text/html,application/xhtml+xml,application/xml;q=0.9,*/*;q=0.8',
  'from' => 'googlebot(at)googlebot.com',
  'user-agent' => 'Mozilla/5.0 (compatible; Googlebot/2.1; +http://www.google.com/bot.html)',
  'accept-encoding' => 'gzip,deflate,br',
  'content-type' => '',
  'content-length' => '',
)
[ info ] [ PARAM ] array (
  'id' => '35',
)
[ info ] [ CACHE ] INIT File
[ info ] [ DB ] INIT mysql
[ info ] [ RUN ] app\index\controller\Artical->detail[ /yjdata/www/hhqblog/application/index/controller/Artical.php ]
[ info ] [ VIEW ] /yjdata/www/hhqblog/public/../application/index/view/artical/detail.html [ array (
  0 => 'menu',
  1 => 'recommend',
  2 => 'newarticle',
  3 => 'hot',
  4 => 'article',
  5 => 'allpage',
) ]
[ info ] [ LOG ] INIT File
[ sql ] [ DB ] CONNECT:[ UseTime:0.000290s ] mysql:dbname=hhqblog;host=127.0.0.1;port=3306;charset=utf8
[ sql ] [ SQL ] SHOW COLUMNS FROM `think_article` [ RunTime:0.000821s ]
[ sql ] [ SQL ] SELECT * FROM `think_article` ORDER BY views desc LIMIT 8 [ RunTime:0.000477s ]
[ sql ] [ SQL ] SELECT `a`.*,`ca`.`name` FROM `think_article` `a` LEFT JOIN `think_article_cate` `ca` ON `a`.`cate_id`=`ca`.`id` WHERE  `a`.`id` = 35 LIMIT 1 [ RunTime:0.000298s ]

---------------------------------------------------------------
[ 2017-06-24T14:06:56+08:00 ] 172.17.180.47 66.249.73.208 GET /
[ log ] hhqblog.com/ [运行时间：0.043318s][吞吐率：23.09req/s] [内存消耗：4,598.37kb] [文件加载：56]
[ info ] [ LANG ] /yjdata/www/hhqblog/thinkphp/lang/zh-cn.php
[ info ] [ ROUTE ] array (
  'type' => 'module',
  'module' => 
  array (
    0 => '',
    1 => NULL,
    2 => NULL,
  ),
)
[ info ] [ HEADER ] array (
  'host' => 'hhqblog.com',
  'connection' => 'Keep-alive',
  'accept' => 'text/html,application/xhtml+xml,application/xml;q=0.9,*/*;q=0.8',
  'from' => 'googlebot(at)googlebot.com',
  'user-agent' => 'Mozilla/5.0 (compatible; Googlebot/2.1; +http://www.google.com/bot.html)',
  'accept-encoding' => 'gzip,deflate,br',
  'content-type' => '',
  'content-length' => '',
)
[ info ] [ PARAM ] array (
)
[ info ] [ CACHE ] INIT File
[ info ] [ DB ] INIT mysql
[ info ] [ RUN ] app\index\controller\Index->index[ /yjdata/www/hhqblog/application/index/controller/Index.php ]
[ info ] [ VIEW ] /yjdata/www/hhqblog/public/../application/index/view/index/index.html [ array (
  0 => 'menu',
  1 => 'recommend',
  2 => 'newarticle',
  3 => 'hot',
  4 => 'list',
  5 => 'allpage',
  6 => 'top_line',
  7 => 'carousel',
) ]
[ info ] [ LOG ] INIT File
[ sql ] [ DB ] CONNECT:[ UseTime:0.000315s ] mysql:dbname=hhqblog;host=127.0.0.1;port=3306;charset=utf8
[ sql ] [ SQL ] SHOW COLUMNS FROM `think_article` [ RunTime:0.000918s ]
[ sql ] [ SQL ] SELECT * FROM `think_article` WHERE  `status` = 1  AND `is_tui` = 1 ORDER BY id desc LIMIT 8 [ RunTime:0.000725s ]
[ sql ] [ SQL ] SELECT * FROM `think_article` WHERE  `status` = 1 ORDER BY id desc LIMIT 8 [ RunTime:0.000435s ]
[ sql ] [ SQL ] SELECT * FROM `think_article` ORDER BY views desc LIMIT 8 [ RunTime:0.000460s ]
[ sql ] [ SQL ] SELECT * FROM `think_article` WHERE  `status` = 1  AND `type` = 1 ORDER BY id desc LIMIT 6 [ RunTime:0.000364s ]
[ sql ] [ SQL ] SELECT * FROM `think_article` WHERE  `status` = 1  AND `type` = 2 ORDER BY id desc LIMIT 6 [ RunTime:0.000367s ]
[ sql ] [ SQL ] SELECT COUNT(*) AS tp_count FROM `think_article` WHERE  `status` = 1 LIMIT 1 [ RunTime:0.000261s ]
[ sql ] [ SQL ] SELECT `a`.*,`ac`.`name` FROM `think_article` `a` LEFT JOIN `think_article_cate` `ac` ON `a`.`cate_id`=`ac`.`id` WHERE  `a`.`status` = 1 ORDER BY id desc LIMIT 0,15 [ RunTime:0.000585s ]

---------------------------------------------------------------
[ 2017-06-24T14:14:39+08:00 ] 172.17.180.47 157.55.39.186 GET /
[ log ] www.hhqblog.com/ [运行时间：0.031434s][吞吐率：31.81req/s] [内存消耗：4,641.72kb] [文件加载：56]
[ info ] [ LANG ] /yjdata/www/hhqblog/thinkphp/lang/zh-cn.php
[ info ] [ ROUTE ] array (
  'type' => 'module',
  'module' => 
  array (
    0 => '',
    1 => NULL,
    2 => NULL,
  ),
)
[ info ] [ HEADER ] array (
  'cache-control' => 'no-cache',
  'connection' => 'Keep-Alive',
  'pragma' => 'no-cache',
  'accept' => '*/*',
  'accept-encoding' => 'gzip, deflate',
  'from' => 'bingbot(at)microsoft.com',
  'host' => 'www.hhqblog.com',
  'user-agent' => 'Mozilla/5.0 (compatible; bingbot/2.0; +http://www.bing.com/bingbot.htm)',
  'content-type' => '',
  'content-length' => '',
)
[ info ] [ PARAM ] array (
)
[ info ] [ CACHE ] INIT File
[ info ] [ DB ] INIT mysql
[ info ] [ RUN ] app\index\controller\Index->index[ /yjdata/www/hhqblog/application/index/controller/Index.php ]
[ info ] [ VIEW ] /yjdata/www/hhqblog/public/../application/index/view/index/index.html [ array (
  0 => 'menu',
  1 => 'recommend',
  2 => 'newarticle',
  3 => 'hot',
  4 => 'list',
  5 => 'allpage',
  6 => 'top_line',
  7 => 'carousel',
) ]
[ info ] [ LOG ] INIT File
[ sql ] [ DB ] CONNECT:[ UseTime:0.000303s ] mysql:dbname=hhqblog;host=127.0.0.1;port=3306;charset=utf8
[ sql ] [ SQL ] SHOW COLUMNS FROM `think_article` [ RunTime:0.000827s ]
[ sql ] [ SQL ] SELECT * FROM `think_article` ORDER BY views desc LIMIT 8 [ RunTime:0.000506s ]
[ sql ] [ SQL ] SELECT * FROM `think_article` WHERE  `status` = 1  AND `type` = 2 ORDER BY id desc LIMIT 6 [ RunTime:0.000375s ]
[ sql ] [ SQL ] SELECT COUNT(*) AS tp_count FROM `think_article` WHERE  `status` = 1 LIMIT 1 [ RunTime:0.000231s ]
[ sql ] [ SQL ] SELECT `a`.*,`ac`.`name` FROM `think_article` `a` LEFT JOIN `think_article_cate` `ac` ON `a`.`cate_id`=`ac`.`id` WHERE  `a`.`status` = 1 ORDER BY id desc LIMIT 0,15 [ RunTime:0.000499s ]

---------------------------------------------------------------
[ 2017-06-24T14:52:37+08:00 ] 172.17.180.47 66.249.73.210 GET /index/artical/detail/id/18.html
[ log ] hhqblog.com/index/artical/detail/id/18.html [运行时间：0.027213s][吞吐率：36.75req/s] [内存消耗：1,581.86kb] [文件加载：37]
[ info ] [ LANG ] /yjdata/www/hhqblog/thinkphp/lang/zh-cn.php
[ info ] [ LOG ] INIT File

---------------------------------------------------------------
[ 2017-06-24T14:55:17+08:00 ] 172.17.180.47 180.76.15.153 GET /ar/32.html
[ log ] www.hhqblog.com/ar/32.html [运行时间：0.029760s][吞吐率：33.60req/s] [内存消耗：4,071.30kb] [文件加载：56]
[ info ] [ LANG ] /yjdata/www/hhqblog/thinkphp/lang/zh-cn.php
[ info ] [ ROUTE ] array (
  'type' => 'module',
  'module' => 
  array (
    0 => 'index',
    1 => 'Artical',
    2 => 'detail',
  ),
  'convert' => false,
)
[ info ] [ HEADER ] array (
  'host' => 'www.hhqblog.com',
  'connection' => 'close',
  'user-agent' => 'Mozilla/5.0 (compatible; Baiduspider/2.0; +http://www.baidu.com/search/spider.html)',
  'accept-encoding' => 'gzip',
  'accept-language' => 'en-US',
  'accept' => '*/*',
  'content-type' => '',
  'content-length' => '',
)
[ info ] [ PARAM ] array (
  'id' => '32',
)
[ info ] [ CACHE ] INIT File
[ info ] [ DB ] INIT mysql
[ info ] [ RUN ] app\index\controller\Artical->detail[ /yjdata/www/hhqblog/application/index/controller/Artical.php ]
[ info ] [ VIEW ] /yjdata/www/hhqblog/public/../application/index/view/artical/detail.html [ array (
  0 => 'menu',
  1 => 'recommend',
  2 => 'newarticle',
  3 => 'hot',
  4 => 'article',
  5 => 'allpage',
) ]
[ info ] [ LOG ] INIT File
[ sql ] [ DB ] CONNECT:[ UseTime:0.000326s ] mysql:dbname=hhqblog;host=127.0.0.1;port=3306;charset=utf8
[ sql ] [ SQL ] SHOW COLUMNS FROM `think_article` [ RunTime:0.000820s ]
[ sql ] [ SQL ] SELECT * FROM `think_article` ORDER BY views desc LIMIT 8 [ RunTime:0.000483s ]
[ sql ] [ SQL ] SELECT `a`.*,`ca`.`name` FROM `think_article` `a` LEFT JOIN `think_article_cate` `ca` ON `a`.`cate_id`=`ca`.`id` WHERE  `a`.`id` = 32 LIMIT 1 [ RunTime:0.000264s ]

---------------------------------------------------------------
[ 2017-06-24T15:22:57+08:00 ] 172.17.180.47 66.249.65.141 GET /ar/31.html
[ log ] www.hhqblog.com/ar/31.html [运行时间：0.031020s][吞吐率：32.24req/s] [内存消耗：4,022.26kb] [文件加载：56]
[ info ] [ LANG ] /yjdata/www/hhqblog/thinkphp/lang/zh-cn.php
[ info ] [ ROUTE ] array (
  'type' => 'module',
  'module' => 
  array (
    0 => 'index',
    1 => 'Artical',
    2 => 'detail',
  ),
  'convert' => false,
)
[ info ] [ HEADER ] array (
  'host' => 'www.hhqblog.com',
  'connection' => 'Keep-alive',
  'accept' => 'text/html,application/xhtml+xml,application/xml;q=0.9,*/*;q=0.8',
  'from' => 'googlebot(at)googlebot.com',
  'user-agent' => 'Mozilla/5.0 (compatible; Googlebot/2.1; +http://www.google.com/bot.html)',
  'accept-encoding' => 'gzip,deflate,br',
  'if-modified-since' => 'Mon, 05 Jun 2017 05:57:56 GMT',
  'content-type' => '',
  'content-length' => '',
)
[ info ] [ PARAM ] array (
  'id' => '31',
)
[ info ] [ CACHE ] INIT File
[ info ] [ DB ] INIT mysql
[ info ] [ RUN ] app\index\controller\Artical->detail[ /yjdata/www/hhqblog/application/index/controller/Artical.php ]
[ info ] [ VIEW ] /yjdata/www/hhqblog/public/../application/index/view/artical/detail.html [ array (
  0 => 'menu',
  1 => 'recommend',
  2 => 'newarticle',
  3 => 'hot',
  4 => 'article',
  5 => 'allpage',
) ]
[ info ] [ LOG ] INIT File
[ sql ] [ DB ] CONNECT:[ UseTime:0.000270s ] mysql:dbname=hhqblog;host=127.0.0.1;port=3306;charset=utf8
[ sql ] [ SQL ] SHOW COLUMNS FROM `think_article` [ RunTime:0.000779s ]
[ sql ] [ SQL ] SELECT * FROM `think_article` WHERE  `status` = 1  AND `is_tui` = 1 ORDER BY id desc LIMIT 8 [ RunTime:0.000615s ]
[ sql ] [ SQL ] SELECT * FROM `think_article` WHERE  `status` = 1 ORDER BY id desc LIMIT 8 [ RunTime:0.000344s ]
[ sql ] [ SQL ] SELECT * FROM `think_article` ORDER BY views desc LIMIT 8 [ RunTime:0.000348s ]
[ sql ] [ SQL ] SELECT `a`.*,`ca`.`name` FROM `think_article` `a` LEFT JOIN `think_article_cate` `ca` ON `a`.`cate_id`=`ca`.`id` WHERE  `a`.`id` = 31 LIMIT 1 [ RunTime:0.000226s ]

---------------------------------------------------------------
[ 2017-06-24T15:48:26+08:00 ] 172.17.180.47 66.249.73.206 GET /ar/21.html
[ log ] hhqblog.com/ar/21.html [运行时间：0.031084s][吞吐率：32.17req/s] [内存消耗：4,052.42kb] [文件加载：56]
[ info ] [ LANG ] /yjdata/www/hhqblog/thinkphp/lang/zh-cn.php
[ info ] [ ROUTE ] array (
  'type' => 'module',
  'module' => 
  array (
    0 => 'index',
    1 => 'Artical',
    2 => 'detail',
  ),
  'convert' => false,
)
[ info ] [ HEADER ] array (
  'host' => 'hhqblog.com',
  'connection' => 'Keep-alive',
  'accept' => 'text/html,application/xhtml+xml,application/xml;q=0.9,*/*;q=0.8',
  'from' => 'googlebot(at)googlebot.com',
  'user-agent' => 'Mozilla/5.0 (compatible; Googlebot/2.1; +http://www.google.com/bot.html)',
  'accept-encoding' => 'gzip,deflate,br',
  'if-modified-since' => 'Sat, 29 Apr 2017 22:57:26 GMT',
  'content-type' => '',
  'content-length' => '',
)
[ info ] [ PARAM ] array (
  'id' => '21',
)
[ info ] [ CACHE ] INIT File
[ info ] [ DB ] INIT mysql
[ info ] [ RUN ] app\index\controller\Artical->detail[ /yjdata/www/hhqblog/application/index/controller/Artical.php ]
[ info ] [ VIEW ] /yjdata/www/hhqblog/public/../application/index/view/artical/detail.html [ array (
  0 => 'menu',
  1 => 'recommend',
  2 => 'newarticle',
  3 => 'hot',
  4 => 'article',
  5 => 'allpage',
) ]
[ info ] [ LOG ] INIT File
[ sql ] [ DB ] CONNECT:[ UseTime:0.000309s ] mysql:dbname=hhqblog;host=127.0.0.1;port=3306;charset=utf8
[ sql ] [ SQL ] SHOW COLUMNS FROM `think_article` [ RunTime:0.000891s ]
[ sql ] [ SQL ] SELECT * FROM `think_article` ORDER BY views desc LIMIT 8 [ RunTime:0.000505s ]
[ sql ] [ SQL ] SELECT `a`.*,`ca`.`name` FROM `think_article` `a` LEFT JOIN `think_article_cate` `ca` ON `a`.`cate_id`=`ca`.`id` WHERE  `a`.`id` = 21 LIMIT 1 [ RunTime:0.000261s ]

---------------------------------------------------------------
[ 2017-06-24T16:23:36+08:00 ] 172.17.180.47 64.246.165.210 GET /
[ log ] www.hhqblog.com/ [运行时间：0.035643s][吞吐率：28.06req/s] [内存消耗：4,599.59kb] [文件加载：56]
[ info ] [ LANG ] /yjdata/www/hhqblog/thinkphp/lang/zh-cn.php
[ info ] [ ROUTE ] array (
  'type' => 'module',
  'module' => 
  array (
    0 => '',
    1 => NULL,
    2 => NULL,
  ),
)
[ info ] [ HEADER ] array (
  'te' => 'deflate,gzip;q=0.3',
  'connection' => 'close, TE',
  'pragma' => 'no-cache',
  'accept' => '*/*',
  'accept-encoding' => 'gzip, x-gzip, deflate',
  'accept-language' => 'en-us,fr-be;q=0.5',
  'from' => 'feedback@surveybot.com',
  'host' => 'www.hhqblog.com',
  'referer' => 'http://whois.domaintools.com/hhqblog.com',
  'user-agent' => 'Mozilla/5.0 (Windows; U; Windows NT 5.1; en; rv:1.9.0.13) Gecko/2009073022 Firefox/3.5.2 (.NET CLR 3.5.30729) SurveyBot/2.3 (DomainTools)',
  'wshost' => 'www.hhqblog.com',
  'wsip' => '47.93.49.112',
  'content-type' => '',
  'content-length' => '',
)
[ info ] [ PARAM ] array (
)
[ info ] [ CACHE ] INIT File
[ info ] [ DB ] INIT mysql
[ info ] [ RUN ] app\index\controller\Index->index[ /yjdata/www/hhqblog/application/index/controller/Index.php ]
[ info ] [ VIEW ] /yjdata/www/hhqblog/public/../application/index/view/index/index.html [ array (
  0 => 'menu',
  1 => 'recommend',
  2 => 'newarticle',
  3 => 'hot',
  4 => 'list',
  5 => 'allpage',
  6 => 'top_line',
  7 => 'carousel',
) ]
[ info ] [ LOG ] INIT File
[ sql ] [ DB ] CONNECT:[ UseTime:0.000277s ] mysql:dbname=hhqblog;host=127.0.0.1;port=3306;charset=utf8
[ sql ] [ SQL ] SHOW COLUMNS FROM `think_article` [ RunTime:0.000821s ]
[ sql ] [ SQL ] SELECT * FROM `think_article` WHERE  `status` = 1  AND `is_tui` = 1 ORDER BY id desc LIMIT 8 [ RunTime:0.000644s ]
[ sql ] [ SQL ] SELECT * FROM `think_article` WHERE  `status` = 1 ORDER BY id desc LIMIT 8 [ RunTime:0.000378s ]
[ sql ] [ SQL ] SELECT * FROM `think_article` ORDER BY views desc LIMIT 8 [ RunTime:0.000382s ]
[ sql ] [ SQL ] SELECT * FROM `think_article` WHERE  `status` = 1  AND `type` = 1 ORDER BY id desc LIMIT 6 [ RunTime:0.000321s ]
[ sql ] [ SQL ] SELECT * FROM `think_article` WHERE  `status` = 1  AND `type` = 2 ORDER BY id desc LIMIT 6 [ RunTime:0.000323s ]
[ sql ] [ SQL ] SELECT COUNT(*) AS tp_count FROM `think_article` WHERE  `status` = 1 LIMIT 1 [ RunTime:0.000257s ]
[ sql ] [ SQL ] SELECT `a`.*,`ac`.`name` FROM `think_article` `a` LEFT JOIN `think_article_cate` `ac` ON `a`.`cate_id`=`ac`.`id` WHERE  `a`.`status` = 1 ORDER BY id desc LIMIT 0,15 [ RunTime:0.000471s ]

---------------------------------------------------------------
[ 2017-06-24T17:53:15+08:00 ] 172.17.180.47 123.125.71.80 GET /
[ log ] www.hhqblog.com/ [运行时间：0.034868s][吞吐率：28.68req/s] [内存消耗：4,598.55kb] [文件加载：56]
[ info ] [ LANG ] /yjdata/www/hhqblog/thinkphp/lang/zh-cn.php
[ info ] [ ROUTE ] array (
  'type' => 'module',
  'module' => 
  array (
    0 => '',
    1 => NULL,
    2 => NULL,
  ),
)
[ info ] [ HEADER ] array (
  'host' => 'www.hhqblog.com',
  'connection' => 'close',
  'user-agent' => 'Mozilla/5.0 (compatible; Baiduspider/2.0; +http://www.baidu.com/search/spider.html)',
  'accept-language' => 'zh-cn,zh-tw',
  'if-none-match' => '"@NULL@"',
  'accept-encoding' => 'gzip',
  'accept' => '*/*',
  'content-type' => '',
  'content-length' => '',
)
[ info ] [ PARAM ] array (
)
[ info ] [ CACHE ] INIT File
[ info ] [ DB ] INIT mysql
[ info ] [ RUN ] app\index\controller\Index->index[ /yjdata/www/hhqblog/application/index/controller/Index.php ]
[ info ] [ VIEW ] /yjdata/www/hhqblog/public/../application/index/view/index/index.html [ array (
  0 => 'menu',
  1 => 'recommend',
  2 => 'newarticle',
  3 => 'hot',
  4 => 'list',
  5 => 'allpage',
  6 => 'top_line',
  7 => 'carousel',
) ]
[ info ] [ LOG ] INIT File
[ sql ] [ DB ] CONNECT:[ UseTime:0.000318s ] mysql:dbname=hhqblog;host=127.0.0.1;port=3306;charset=utf8
[ sql ] [ SQL ] SHOW COLUMNS FROM `think_article` [ RunTime:0.000815s ]
[ sql ] [ SQL ] SELECT * FROM `think_article` WHERE  `status` = 1  AND `is_tui` = 1 ORDER BY id desc LIMIT 8 [ RunTime:0.000626s ]
[ sql ] [ SQL ] SELECT * FROM `think_article` WHERE  `status` = 1 ORDER BY id desc LIMIT 8 [ RunTime:0.000342s ]
[ sql ] [ SQL ] SELECT * FROM `think_article` ORDER BY views desc LIMIT 8 [ RunTime:0.000363s ]
[ sql ] [ SQL ] SELECT * FROM `think_article` WHERE  `status` = 1  AND `type` = 1 ORDER BY id desc LIMIT 6 [ RunTime:0.000299s ]
[ sql ] [ SQL ] SELECT * FROM `think_article` WHERE  `status` = 1  AND `type` = 2 ORDER BY id desc LIMIT 6 [ RunTime:0.000325s ]
[ sql ] [ SQL ] SELECT COUNT(*) AS tp_count FROM `think_article` WHERE  `status` = 1 LIMIT 1 [ RunTime:0.000260s ]
[ sql ] [ SQL ] SELECT `a`.*,`ac`.`name` FROM `think_article` `a` LEFT JOIN `think_article_cate` `ac` ON `a`.`cate_id`=`ac`.`id` WHERE  `a`.`status` = 1 ORDER BY id desc LIMIT 0,15 [ RunTime:0.000453s ]

---------------------------------------------------------------
[ 2017-06-24T17:53:30+08:00 ] 172.17.180.47 111.206.221.26 GET /index/index/index.html?page=1
[ log ] www.hhqblog.com/index/index/index.html?page=1 [运行时间：0.031004s][吞吐率：32.25req/s] [内存消耗：4,617.23kb] [文件加载：55]
[ info ] [ LANG ] /yjdata/www/hhqblog/thinkphp/lang/zh-cn.php
[ info ] [ ROUTE ] array (
  'type' => 'module',
  'module' => 
  array (
    0 => 'index',
    1 => 'index',
    2 => 'index',
  ),
)
[ info ] [ HEADER ] array (
  'host' => 'www.hhqblog.com',
  'user-agent' => 'Mozilla/5.0 (iPhone; CPU iPhone OS 9_1 like Mac OS X) AppleWebKit/601.1.46 (KHTML, like Gecko) Version/9.0 Mobile/13B143 Safari/601.1 (compatible; Baiduspider-render/2.0; +http://www.baidu.com/search/spider.html)',
  'proxy-connection' => 'keep-alive',
  'accept' => 'application/json, text/javascript, */*; q=0.01',
  'x-devtools-emulate-network-conditions-client-id' => '5ddddb29-93be-4237-950d-0a46c49ee81c',
  'x-requested-with' => 'XMLHttpRequest',
  'accept-language' => 'zh-CN,zh;q=0.8,en-US;q=0.5,en;q=0.3',
  'resource-type' => '13',
  'referer' => 'http://www.hhqblog.com/',
  'content-type' => '',
  'content-length' => '',
)
[ info ] [ PARAM ] array (
  'page' => '1',
)
[ info ] [ CACHE ] INIT File
[ info ] [ DB ] INIT mysql
[ info ] [ RUN ] app\index\controller\Index->index[ /yjdata/www/hhqblog/application/index/controller/Index.php ]
[ info ] [ LOG ] INIT File
[ sql ] [ DB ] CONNECT:[ UseTime:0.000263s ] mysql:dbname=hhqblog;host=127.0.0.1;port=3306;charset=utf8
[ sql ] [ SQL ] SHOW COLUMNS FROM `think_article` [ RunTime:0.000800s ]
[ sql ] [ SQL ] SELECT * FROM `think_article` ORDER BY views desc LIMIT 8 [ RunTime:0.000470s ]
[ sql ] [ SQL ] SELECT * FROM `think_article` WHERE  `status` = 1  AND `type` = 2 ORDER BY id desc LIMIT 6 [ RunTime:0.000357s ]
[ sql ] [ SQL ] SELECT COUNT(*) AS tp_count FROM `think_article` WHERE  `status` = 1 LIMIT 1 [ RunTime:0.000255s ]
[ sql ] [ SQL ] SELECT `a`.*,`ac`.`name` FROM `think_article` `a` LEFT JOIN `think_article_cate` `ac` ON `a`.`cate_id`=`ac`.`id` WHERE  `a`.`status` = 1 ORDER BY id desc LIMIT 0,15 [ RunTime:0.000482s ]

---------------------------------------------------------------
[ 2017-06-24T18:16:04+08:00 ] 172.17.180.47 66.249.65.139 GET /
[ log ] www.hhqblog.com/ [运行时间：0.032342s][吞吐率：30.92req/s] [内存消耗：4,641.59kb] [文件加载：56]
[ info ] [ LANG ] /yjdata/www/hhqblog/thinkphp/lang/zh-cn.php
[ info ] [ ROUTE ] array (
  'type' => 'module',
  'module' => 
  array (
    0 => '',
    1 => NULL,
    2 => NULL,
  ),
)
[ info ] [ HEADER ] array (
  'host' => 'www.hhqblog.com',
  'connection' => 'Keep-alive',
  'accept' => 'text/html,application/xhtml+xml,application/xml;q=0.9,*/*;q=0.8',
  'from' => 'googlebot(at)googlebot.com',
  'user-agent' => 'Mozilla/5.0 (compatible; Googlebot/2.1; +http://www.google.com/bot.html)',
  'accept-encoding' => 'gzip,deflate,br',
  'content-type' => '',
  'content-length' => '',
)
[ info ] [ PARAM ] array (
)
[ info ] [ CACHE ] INIT File
[ info ] [ DB ] INIT mysql
[ info ] [ RUN ] app\index\controller\Index->index[ /yjdata/www/hhqblog/application/index/controller/Index.php ]
[ info ] [ VIEW ] /yjdata/www/hhqblog/public/../application/index/view/index/index.html [ array (
  0 => 'menu',
  1 => 'recommend',
  2 => 'newarticle',
  3 => 'hot',
  4 => 'list',
  5 => 'allpage',
  6 => 'top_line',
  7 => 'carousel',
) ]
[ info ] [ LOG ] INIT File
[ sql ] [ DB ] CONNECT:[ UseTime:0.000304s ] mysql:dbname=hhqblog;host=127.0.0.1;port=3306;charset=utf8
[ sql ] [ SQL ] SHOW COLUMNS FROM `think_article` [ RunTime:0.000878s ]
[ sql ] [ SQL ] SELECT * FROM `think_article` ORDER BY views desc LIMIT 8 [ RunTime:0.000548s ]
[ sql ] [ SQL ] SELECT * FROM `think_article` WHERE  `status` = 1  AND `type` = 2 ORDER BY id desc LIMIT 6 [ RunTime:0.000411s ]
[ sql ] [ SQL ] SELECT COUNT(*) AS tp_count FROM `think_article` WHERE  `status` = 1 LIMIT 1 [ RunTime:0.000270s ]
[ sql ] [ SQL ] SELECT `a`.*,`ac`.`name` FROM `think_article` `a` LEFT JOIN `think_article_cate` `ac` ON `a`.`cate_id`=`ac`.`id` WHERE  `a`.`status` = 1 ORDER BY id desc LIMIT 0,15 [ RunTime:0.000517s ]

---------------------------------------------------------------
[ 2017-06-24T19:47:33+08:00 ] 172.17.180.47 66.249.73.210 GET /
[ log ] hhqblog.com/ [运行时间：0.034767s][吞吐率：28.76req/s] [内存消耗：4,598.63kb] [文件加载：56]
[ info ] [ LANG ] /yjdata/www/hhqblog/thinkphp/lang/zh-cn.php
[ info ] [ ROUTE ] array (
  'type' => 'module',
  'module' => 
  array (
    0 => '',
    1 => NULL,
    2 => NULL,
  ),
)
[ info ] [ HEADER ] array (
  'host' => 'hhqblog.com',
  'connection' => 'Keep-alive',
  'accept' => 'text/html,application/xhtml+xml,application/xml;q=0.9,*/*;q=0.8',
  'from' => 'googlebot(at)googlebot.com',
  'user-agent' => 'Mozilla/5.0 (Linux; Android 6.0.1; Nexus 5X Build/MMB29P) AppleWebKit/537.36 (KHTML, like Gecko) Chrome/41.0.2272.96 Mobile Safari/537.36 (compatible; Googlebot/2.1; +http://www.google.com/bot.html)',
  'accept-encoding' => 'gzip,deflate,br',
  'content-type' => '',
  'content-length' => '',
)
[ info ] [ PARAM ] array (
)
[ info ] [ CACHE ] INIT File
[ info ] [ DB ] INIT mysql
[ info ] [ RUN ] app\index\controller\Index->index[ /yjdata/www/hhqblog/application/index/controller/Index.php ]
[ info ] [ VIEW ] /yjdata/www/hhqblog/public/../application/index/view/index/index.html [ array (
  0 => 'menu',
  1 => 'recommend',
  2 => 'newarticle',
  3 => 'hot',
  4 => 'list',
  5 => 'allpage',
  6 => 'top_line',
  7 => 'carousel',
) ]
[ info ] [ LOG ] INIT File
[ sql ] [ DB ] CONNECT:[ UseTime:0.000329s ] mysql:dbname=hhqblog;host=127.0.0.1;port=3306;charset=utf8
[ sql ] [ SQL ] SHOW COLUMNS FROM `think_article` [ RunTime:0.000841s ]
[ sql ] [ SQL ] SELECT * FROM `think_article` WHERE  `status` = 1  AND `is_tui` = 1 ORDER BY id desc LIMIT 8 [ RunTime:0.000655s ]
[ sql ] [ SQL ] SELECT * FROM `think_article` WHERE  `status` = 1 ORDER BY id desc LIMIT 8 [ RunTime:0.000376s ]
[ sql ] [ SQL ] SELECT * FROM `think_article` ORDER BY views desc LIMIT 8 [ RunTime:0.000367s ]
[ sql ] [ SQL ] SELECT * FROM `think_article` WHERE  `status` = 1  AND `type` = 1 ORDER BY id desc LIMIT 6 [ RunTime:0.000335s ]
[ sql ] [ SQL ] SELECT * FROM `think_article` WHERE  `status` = 1  AND `type` = 2 ORDER BY id desc LIMIT 6 [ RunTime:0.000337s ]
[ sql ] [ SQL ] SELECT COUNT(*) AS tp_count FROM `think_article` WHERE  `status` = 1 LIMIT 1 [ RunTime:0.000244s ]
[ sql ] [ SQL ] SELECT `a`.*,`ac`.`name` FROM `think_article` `a` LEFT JOIN `think_article_cate` `ac` ON `a`.`cate_id`=`ac`.`id` WHERE  `a`.`status` = 1 ORDER BY id desc LIMIT 0,15 [ RunTime:0.000485s ]

---------------------------------------------------------------
[ 2017-06-24T20:03:36+08:00 ] 172.17.180.47 180.213.124.166 GET /
[ log ] www.hhqblog.com/ [运行时间：0.031286s][吞吐率：31.96req/s] [内存消耗：4,641.80kb] [文件加载：56]
[ info ] [ LANG ] /yjdata/www/hhqblog/thinkphp/lang/zh-cn.php
[ info ] [ ROUTE ] array (
  'type' => 'module',
  'module' => 
  array (
    0 => '',
    1 => NULL,
    2 => NULL,
  ),
)
[ info ] [ HEADER ] array (
  'host' => 'www.hhqblog.com',
  'accept-language' => 'zh-CN,zh;q=0.8',
  'accept-encoding' => 'gzip,deflate,sdch',
  'accept' => '*/*',
  'user-agent' => 'Mozilla/5.0 (iPhone; CPU iPhone OS 9_1 like Mac OS X) AppleWebKit/601.1.46 (KHTML, like Gecko) Version/9.0 Mobile/13B143 Safari/601.1',
  'accept-charset' => 'GB2312,utf-8;q=0.7,*;q=0.7',
  'connection' => 'keep-alive',
  'content-type' => '',
  'content-length' => '',
)
[ info ] [ PARAM ] array (
)
[ info ] [ CACHE ] INIT File
[ info ] [ DB ] INIT mysql
[ info ] [ RUN ] app\index\controller\Index->index[ /yjdata/www/hhqblog/application/index/controller/Index.php ]
[ info ] [ VIEW ] /yjdata/www/hhqblog/public/../application/index/view/index/index.html [ array (
  0 => 'menu',
  1 => 'recommend',
  2 => 'newarticle',
  3 => 'hot',
  4 => 'list',
  5 => 'allpage',
  6 => 'top_line',
  7 => 'carousel',
) ]
[ info ] [ LOG ] INIT File
[ sql ] [ DB ] CONNECT:[ UseTime:0.000285s ] mysql:dbname=hhqblog;host=127.0.0.1;port=3306;charset=utf8
[ sql ] [ SQL ] SHOW COLUMNS FROM `think_article` [ RunTime:0.000819s ]
[ sql ] [ SQL ] SELECT * FROM `think_article` ORDER BY views desc LIMIT 8 [ RunTime:0.000490s ]
[ sql ] [ SQL ] SELECT * FROM `think_article` WHERE  `status` = 1  AND `type` = 2 ORDER BY id desc LIMIT 6 [ RunTime:0.000388s ]
[ sql ] [ SQL ] SELECT COUNT(*) AS tp_count FROM `think_article` WHERE  `status` = 1 LIMIT 1 [ RunTime:0.000237s ]
[ sql ] [ SQL ] SELECT `a`.*,`ac`.`name` FROM `think_article` `a` LEFT JOIN `think_article_cate` `ac` ON `a`.`cate_id`=`ac`.`id` WHERE  `a`.`status` = 1 ORDER BY id desc LIMIT 0,15 [ RunTime:0.000490s ]

---------------------------------------------------------------
[ 2017-06-24T20:38:53+08:00 ] 172.17.180.47 66.249.73.210 GET /
[ log ] hhqblog.com/ [运行时间：0.031843s][吞吐率：31.40req/s] [内存消耗：4,641.45kb] [文件加载：56]
[ info ] [ LANG ] /yjdata/www/hhqblog/thinkphp/lang/zh-cn.php
[ info ] [ ROUTE ] array (
  'type' => 'module',
  'module' => 
  array (
    0 => '',
    1 => NULL,
    2 => NULL,
  ),
)
[ info ] [ HEADER ] array (
  'host' => 'hhqblog.com',
  'connection' => 'Keep-alive',
  'accept' => 'text/html,application/xhtml+xml,application/xml;q=0.9,*/*;q=0.8',
  'from' => 'googlebot(at)googlebot.com',
  'user-agent' => 'Mozilla/5.0 (compatible; Googlebot/2.1; +http://www.google.com/bot.html)',
  'accept-encoding' => 'gzip,deflate,br',
  'content-type' => '',
  'content-length' => '',
)
[ info ] [ PARAM ] array (
)
[ info ] [ CACHE ] INIT File
[ info ] [ DB ] INIT mysql
[ info ] [ RUN ] app\index\controller\Index->index[ /yjdata/www/hhqblog/application/index/controller/Index.php ]
[ info ] [ VIEW ] /yjdata/www/hhqblog/public/../application/index/view/index/index.html [ array (
  0 => 'menu',
  1 => 'recommend',
  2 => 'newarticle',
  3 => 'hot',
  4 => 'list',
  5 => 'allpage',
  6 => 'top_line',
  7 => 'carousel',
) ]
[ info ] [ LOG ] INIT File
[ sql ] [ DB ] CONNECT:[ UseTime:0.000304s ] mysql:dbname=hhqblog;host=127.0.0.1;port=3306;charset=utf8
[ sql ] [ SQL ] SHOW COLUMNS FROM `think_article` [ RunTime:0.000856s ]
[ sql ] [ SQL ] SELECT * FROM `think_article` ORDER BY views desc LIMIT 8 [ RunTime:0.000492s ]
[ sql ] [ SQL ] SELECT * FROM `think_article` WHERE  `status` = 1  AND `type` = 2 ORDER BY id desc LIMIT 6 [ RunTime:0.000372s ]
[ sql ] [ SQL ] SELECT COUNT(*) AS tp_count FROM `think_article` WHERE  `status` = 1 LIMIT 1 [ RunTime:0.000244s ]
[ sql ] [ SQL ] SELECT `a`.*,`ac`.`name` FROM `think_article` `a` LEFT JOIN `think_article_cate` `ac` ON `a`.`cate_id`=`ac`.`id` WHERE  `a`.`status` = 1 ORDER BY id desc LIMIT 0,15 [ RunTime:0.000530s ]

---------------------------------------------------------------
[ 2017-06-24T23:57:12+08:00 ] 172.17.180.47 66.249.73.208 GET /
[ log ] hhqblog.com/ [运行时间：0.034083s][吞吐率：29.34req/s] [内存消耗：4,598.63kb] [文件加载：56]
[ info ] [ LANG ] /yjdata/www/hhqblog/thinkphp/lang/zh-cn.php
[ info ] [ ROUTE ] array (
  'type' => 'module',
  'module' => 
  array (
    0 => '',
    1 => NULL,
    2 => NULL,
  ),
)
[ info ] [ HEADER ] array (
  'host' => 'hhqblog.com',
  'connection' => 'Keep-alive',
  'accept' => 'text/html,application/xhtml+xml,application/xml;q=0.9,*/*;q=0.8',
  'from' => 'googlebot(at)googlebot.com',
  'user-agent' => 'Mozilla/5.0 (Linux; Android 6.0.1; Nexus 5X Build/MMB29P) AppleWebKit/537.36 (KHTML, like Gecko) Chrome/41.0.2272.96 Mobile Safari/537.36 (compatible; Googlebot/2.1; +http://www.google.com/bot.html)',
  'accept-encoding' => 'gzip,deflate,br',
  'content-type' => '',
  'content-length' => '',
)
[ info ] [ PARAM ] array (
)
[ info ] [ CACHE ] INIT File
[ info ] [ DB ] INIT mysql
[ info ] [ RUN ] app\index\controller\Index->index[ /yjdata/www/hhqblog/application/index/controller/Index.php ]
[ info ] [ VIEW ] /yjdata/www/hhqblog/public/../application/index/view/index/index.html [ array (
  0 => 'menu',
  1 => 'recommend',
  2 => 'newarticle',
  3 => 'hot',
  4 => 'list',
  5 => 'allpage',
  6 => 'top_line',
  7 => 'carousel',
) ]
[ info ] [ LOG ] INIT File
[ sql ] [ DB ] CONNECT:[ UseTime:0.000290s ] mysql:dbname=hhqblog;host=127.0.0.1;port=3306;charset=utf8
[ sql ] [ SQL ] SHOW COLUMNS FROM `think_article` [ RunTime:0.000794s ]
[ sql ] [ SQL ] SELECT * FROM `think_article` WHERE  `status` = 1  AND `is_tui` = 1 ORDER BY id desc LIMIT 8 [ RunTime:0.000624s ]
[ sql ] [ SQL ] SELECT * FROM `think_article` WHERE  `status` = 1 ORDER BY id desc LIMIT 8 [ RunTime:0.000348s ]
[ sql ] [ SQL ] SELECT * FROM `think_article` ORDER BY views desc LIMIT 8 [ RunTime:0.000351s ]
[ sql ] [ SQL ] SELECT * FROM `think_article` WHERE  `status` = 1  AND `type` = 1 ORDER BY id desc LIMIT 6 [ RunTime:0.000290s ]
[ sql ] [ SQL ] SELECT * FROM `think_article` WHERE  `status` = 1  AND `type` = 2 ORDER BY id desc LIMIT 6 [ RunTime:0.000314s ]
[ sql ] [ SQL ] SELECT COUNT(*) AS tp_count FROM `think_article` WHERE  `status` = 1 LIMIT 1 [ RunTime:0.000244s ]
[ sql ] [ SQL ] SELECT `a`.*,`ac`.`name` FROM `think_article` `a` LEFT JOIN `think_article_cate` `ac` ON `a`.`cate_id`=`ac`.`id` WHERE  `a`.`status` = 1 ORDER BY id desc LIMIT 0,15 [ RunTime:0.000439s ]

---------------------------------------------------------------
