[ 2017-08-30T00:06:41+08:00 ] 172.17.180.47 106.11.153.67 GET /ar/52.html
[ log ] www.hhqblog.com/ar/52.html [运行时间：0.033322s][吞吐率：30.01req/s] [内存消耗：4,220.34kb] [文件加载：56]
[ info ] [ LANG ] /yjdata/www/hhqblog/thinkphp/lang/zh-cn.php
[ info ] [ ROUTE ] array (
  'type' => 'module',
  'module' => 
  array (
    0 => 'index',
    1 => 'Artical',
    2 => 'detail',
  ),
  'convert' => false,
)
[ info ] [ HEADER ] array (
  'accept-language' => 'zh-cn,en-us,zh-tw,en-gb,en;',
  'host' => 'www.hhqblog.com',
  'accept-encoding' => 'gzip',
  'accept' => '*/*',
  'connection' => 'Keep-Alive',
  'user-agent' => 'YisouSpider',
  'content-type' => '',
  'content-length' => '',
)
[ info ] [ PARAM ] array (
  'id' => '52',
)
[ info ] [ CACHE ] INIT File
[ info ] [ DB ] INIT mysql
[ info ] [ RUN ] app\index\controller\Artical->detail[ /yjdata/www/hhqblog/application/index/controller/Artical.php ]
[ info ] [ VIEW ] /yjdata/www/hhqblog/public/../application/index/view/artical/detail.html [ array (
  0 => 'menu',
  1 => 'recommend',
  2 => 'newarticle',
  3 => 'hot',
  4 => 'article',
  5 => 'allpage',
) ]
[ info ] [ LOG ] INIT File
[ sql ] [ DB ] CONNECT:[ UseTime:0.000675s ] mysql:dbname=hhqblog;host=127.0.0.1;port=3306;charset=utf8
[ sql ] [ SQL ] SHOW COLUMNS FROM `think_article` [ RunTime:0.000803s ]
[ sql ] [ SQL ] SELECT * FROM `think_article` WHERE  `status` = 1  AND `is_tui` = 1 ORDER BY id desc LIMIT 8 [ RunTime:0.000962s ]
[ sql ] [ SQL ] SELECT * FROM `think_article` WHERE  `status` = 1 ORDER BY id desc LIMIT 8 [ RunTime:0.000447s ]
[ sql ] [ SQL ] SELECT * FROM `think_article` ORDER BY views desc LIMIT 8 [ RunTime:0.000560s ]
[ sql ] [ SQL ] SELECT `a`.*,`ca`.`name` FROM `think_article` `a` LEFT JOIN `think_article_cate` `ca` ON `a`.`cate_id`=`ca`.`id` WHERE  `a`.`id` = 52 LIMIT 1 [ RunTime:0.000255s ]

---------------------------------------------------------------
[ 2017-08-30T00:19:11+08:00 ] 172.17.180.47 111.206.36.10 GET /
[ log ] www.hhqblog.com/ [运行时间：0.032519s][吞吐率：30.75req/s] [内存消耗：5,424.32kb] [文件加载：56]
[ info ] [ LANG ] /yjdata/www/hhqblog/thinkphp/lang/zh-cn.php
[ info ] [ ROUTE ] array (
  'type' => 'module',
  'module' => 
  array (
    0 => '',
    1 => NULL,
    2 => NULL,
  ),
)
[ info ] [ HEADER ] array (
  'user-agent' => 'Mozilla/5.0 (Macintosh; Intel Mac OS X 10_11_2) AppleWebKit/537.36 (KHTML, like Gecko) Chrome/47.0.2526.80 Safari/537.36',
  'host' => 'www.hhqblog.com',
  'connection' => 'close',
  'content-type' => '',
  'content-length' => '',
)
[ info ] [ PARAM ] array (
)
[ info ] [ CACHE ] INIT File
[ info ] [ DB ] INIT mysql
[ info ] [ RUN ] app\index\controller\Index->index[ /yjdata/www/hhqblog/application/index/controller/Index.php ]
[ info ] [ VIEW ] /yjdata/www/hhqblog/public/../application/index/view/index/index.html [ array (
  0 => 'menu',
  1 => 'recommend',
  2 => 'newarticle',
  3 => 'hot',
  4 => 'list',
  5 => 'allpage',
  6 => 'top_line',
  7 => 'carousel',
) ]
[ info ] [ LOG ] INIT File
[ sql ] [ DB ] CONNECT:[ UseTime:0.000281s ] mysql:dbname=hhqblog;host=127.0.0.1;port=3306;charset=utf8
[ sql ] [ SQL ] SHOW COLUMNS FROM `think_article` [ RunTime:0.000724s ]
[ sql ] [ SQL ] SELECT * FROM `think_article` ORDER BY views desc LIMIT 8 [ RunTime:0.000755s ]
[ sql ] [ SQL ] SELECT * FROM `think_article` WHERE  `status` = 1  AND `type` = 1 ORDER BY id desc LIMIT 6 [ RunTime:0.000377s ]
[ sql ] [ SQL ] SELECT * FROM `think_article` WHERE  `status` = 1  AND `type` = 2 ORDER BY id desc LIMIT 6 [ RunTime:0.000340s ]
[ sql ] [ SQL ] SELECT COUNT(*) AS tp_count FROM `think_article` WHERE  `status` = 1 LIMIT 1 [ RunTime:0.000381s ]
[ sql ] [ SQL ] SELECT `a`.*,`ac`.`name` FROM `think_article` `a` LEFT JOIN `think_article_cate` `ac` ON `a`.`cate_id`=`ac`.`id` WHERE  `a`.`status` = 1 ORDER BY id desc LIMIT 0,15 [ RunTime:0.000723s ]

---------------------------------------------------------------
[ 2017-08-30T00:23:56+08:00 ] 172.17.180.47 117.71.34.139 GET /
[ log ] hhqblog.com/ [运行时间：0.034408s][吞吐率：29.06req/s] [内存消耗：5,437.88kb] [文件加载：56]
[ info ] [ LANG ] /yjdata/www/hhqblog/thinkphp/lang/zh-cn.php
[ info ] [ ROUTE ] array (
  'type' => 'module',
  'module' => 
  array (
    0 => '',
    1 => NULL,
    2 => NULL,
  ),
)
[ info ] [ HEADER ] array (
  'host' => 'hhqblog.com',
  'user-agent' => 'Mozilla/4.0 (compatible; MSIE 6.0; Windows NT 5.2; .NET CLR 1.1.4322)',
  'accept' => 'text/html,application/xhtml+xml,application/xml;q=0.9,*/*;q=0.8',
  'accept-language' => 'zh-cn,zh;q=0.5',
  'content-type' => '',
  'content-length' => '',
)
[ info ] [ PARAM ] array (
)
[ info ] [ CACHE ] INIT File
[ info ] [ DB ] INIT mysql
[ info ] [ RUN ] app\index\controller\Index->index[ /yjdata/www/hhqblog/application/index/controller/Index.php ]
[ info ] [ VIEW ] /yjdata/www/hhqblog/public/../application/index/view/index/index.html [ array (
  0 => 'menu',
  1 => 'recommend',
  2 => 'newarticle',
  3 => 'hot',
  4 => 'list',
  5 => 'allpage',
  6 => 'top_line',
  7 => 'carousel',
) ]
[ info ] [ LOG ] INIT File
[ sql ] [ DB ] CONNECT:[ UseTime:0.000303s ] mysql:dbname=hhqblog;host=127.0.0.1;port=3306;charset=utf8
[ sql ] [ SQL ] SHOW COLUMNS FROM `think_article` [ RunTime:0.000799s ]
[ sql ] [ SQL ] SELECT * FROM `think_article` ORDER BY views desc LIMIT 8 [ RunTime:0.000839s ]
[ sql ] [ SQL ] SELECT * FROM `think_article` WHERE  `status` = 1  AND `type` = 2 ORDER BY id desc LIMIT 6 [ RunTime:0.000400s ]
[ sql ] [ SQL ] SELECT COUNT(*) AS tp_count FROM `think_article` WHERE  `status` = 1 LIMIT 1 [ RunTime:0.000387s ]
[ sql ] [ SQL ] SELECT `a`.*,`ac`.`name` FROM `think_article` `a` LEFT JOIN `think_article_cate` `ac` ON `a`.`cate_id`=`ac`.`id` WHERE  `a`.`status` = 1 ORDER BY id desc LIMIT 0,15 [ RunTime:0.000779s ]

---------------------------------------------------------------
[ 2017-08-30T00:46:01+08:00 ] 172.17.180.47 106.11.153.67 GET /ar/19.html
[ log ] hhqblog.com/ar/19.html [运行时间：0.030250s][吞吐率：33.06req/s] [内存消耗：4,222.24kb] [文件加载：56]
[ info ] [ LANG ] /yjdata/www/hhqblog/thinkphp/lang/zh-cn.php
[ info ] [ ROUTE ] array (
  'type' => 'module',
  'module' => 
  array (
    0 => 'index',
    1 => 'Artical',
    2 => 'detail',
  ),
  'convert' => false,
)
[ info ] [ HEADER ] array (
  'accept-language' => 'zh-cn,en-us,zh-tw,en-gb,en;',
  'host' => 'hhqblog.com',
  'accept-encoding' => 'gzip',
  'accept' => '*/*',
  'connection' => 'Keep-Alive',
  'user-agent' => 'YisouSpider',
  'content-type' => '',
  'content-length' => '',
)
[ info ] [ PARAM ] array (
  'id' => '19',
)
[ info ] [ CACHE ] INIT File
[ info ] [ DB ] INIT mysql
[ info ] [ RUN ] app\index\controller\Artical->detail[ /yjdata/www/hhqblog/application/index/controller/Artical.php ]
[ info ] [ VIEW ] /yjdata/www/hhqblog/public/../application/index/view/artical/detail.html [ array (
  0 => 'menu',
  1 => 'recommend',
  2 => 'newarticle',
  3 => 'hot',
  4 => 'article',
  5 => 'allpage',
) ]
[ info ] [ LOG ] INIT File
[ sql ] [ DB ] CONNECT:[ UseTime:0.000284s ] mysql:dbname=hhqblog;host=127.0.0.1;port=3306;charset=utf8
[ sql ] [ SQL ] SHOW COLUMNS FROM `think_article` [ RunTime:0.000756s ]
[ sql ] [ SQL ] SELECT * FROM `think_article` ORDER BY views desc LIMIT 8 [ RunTime:0.000739s ]
[ sql ] [ SQL ] SELECT `a`.*,`ca`.`name` FROM `think_article` `a` LEFT JOIN `think_article_cate` `ca` ON `a`.`cate_id`=`ca`.`id` WHERE  `a`.`id` = 19 LIMIT 1 [ RunTime:0.000244s ]

---------------------------------------------------------------
[ 2017-08-30T02:18:58+08:00 ] 172.17.180.47 157.55.39.220 GET /
[ log ] hhqblog.com/ [运行时间：0.037550s][吞吐率：26.63req/s] [内存消耗：5,401.90kb] [文件加载：56]
[ info ] [ LANG ] /yjdata/www/hhqblog/thinkphp/lang/zh-cn.php
[ info ] [ ROUTE ] array (
  'type' => 'module',
  'module' => 
  array (
    0 => '',
    1 => NULL,
    2 => NULL,
  ),
)
[ info ] [ HEADER ] array (
  'cache-control' => 'no-cache',
  'connection' => 'Keep-Alive',
  'pragma' => 'no-cache',
  'accept' => '*/*',
  'accept-encoding' => 'gzip, deflate',
  'from' => 'bingbot(at)microsoft.com',
  'host' => 'hhqblog.com',
  'user-agent' => 'Mozilla/5.0 (compatible; bingbot/2.0; +http://www.bing.com/bingbot.htm)',
  'content-type' => '',
  'content-length' => '',
)
[ info ] [ PARAM ] array (
)
[ info ] [ CACHE ] INIT File
[ info ] [ DB ] INIT mysql
[ info ] [ RUN ] app\index\controller\Index->index[ /yjdata/www/hhqblog/application/index/controller/Index.php ]
[ info ] [ VIEW ] /yjdata/www/hhqblog/public/../application/index/view/index/index.html [ array (
  0 => 'menu',
  1 => 'recommend',
  2 => 'newarticle',
  3 => 'hot',
  4 => 'list',
  5 => 'allpage',
  6 => 'top_line',
  7 => 'carousel',
) ]
[ info ] [ LOG ] INIT File
[ sql ] [ DB ] CONNECT:[ UseTime:0.000286s ] mysql:dbname=hhqblog;host=127.0.0.1;port=3306;charset=utf8
[ sql ] [ SQL ] SHOW COLUMNS FROM `think_article` [ RunTime:0.000773s ]
[ sql ] [ SQL ] SELECT * FROM `think_article` WHERE  `status` = 1  AND `is_tui` = 1 ORDER BY id desc LIMIT 8 [ RunTime:0.000964s ]
[ sql ] [ SQL ] SELECT * FROM `think_article` WHERE  `status` = 1 ORDER BY id desc LIMIT 8 [ RunTime:0.000414s ]
[ sql ] [ SQL ] SELECT * FROM `think_article` ORDER BY views desc LIMIT 8 [ RunTime:0.000549s ]
[ sql ] [ SQL ] SELECT * FROM `think_article` WHERE  `status` = 1  AND `type` = 1 ORDER BY id desc LIMIT 6 [ RunTime:0.000370s ]
[ sql ] [ SQL ] SELECT * FROM `think_article` WHERE  `status` = 1  AND `type` = 2 ORDER BY id desc LIMIT 6 [ RunTime:0.000350s ]
[ sql ] [ SQL ] SELECT COUNT(*) AS tp_count FROM `think_article` WHERE  `status` = 1 LIMIT 1 [ RunTime:0.000433s ]
[ sql ] [ SQL ] SELECT `a`.*,`ac`.`name` FROM `think_article` `a` LEFT JOIN `think_article_cate` `ac` ON `a`.`cate_id`=`ac`.`id` WHERE  `a`.`status` = 1 ORDER BY id desc LIMIT 0,15 [ RunTime:0.000691s ]

---------------------------------------------------------------
[ 2017-08-30T03:10:55+08:00 ] 172.17.180.47 139.227.145.55 GET /
[ log ] hhqblog.com/ [运行时间：0.033044s][吞吐率：30.26req/s] [内存消耗：5,437.60kb] [文件加载：56]
[ info ] [ LANG ] /yjdata/www/hhqblog/thinkphp/lang/zh-cn.php
[ info ] [ ROUTE ] array (
  'type' => 'module',
  'module' => 
  array (
    0 => '',
    1 => NULL,
    2 => NULL,
  ),
)
[ info ] [ HEADER ] array (
  'user-agent' => 'Mozilla/5.0 (compatible; MSIE 9.0; Windows NT 5.1; .NET CLR 2.0.50727',
  'referer' => 'http://www.marinetraffic.com',
  'host' => 'hhqblog.com',
  'connection' => 'Keep-Alive',
  'accept-encoding' => 'gzip,deflate',
  'content-type' => '',
  'content-length' => '',
)
[ info ] [ PARAM ] array (
)
[ info ] [ CACHE ] INIT File
[ info ] [ DB ] INIT mysql
[ info ] [ RUN ] app\index\controller\Index->index[ /yjdata/www/hhqblog/application/index/controller/Index.php ]
[ info ] [ VIEW ] /yjdata/www/hhqblog/public/../application/index/view/index/index.html [ array (
  0 => 'menu',
  1 => 'recommend',
  2 => 'newarticle',
  3 => 'hot',
  4 => 'list',
  5 => 'allpage',
  6 => 'top_line',
  7 => 'carousel',
) ]
[ info ] [ LOG ] INIT File
[ sql ] [ DB ] CONNECT:[ UseTime:0.000303s ] mysql:dbname=hhqblog;host=127.0.0.1;port=3306;charset=utf8
[ sql ] [ SQL ] SHOW COLUMNS FROM `think_article` [ RunTime:0.000781s ]
[ sql ] [ SQL ] SELECT * FROM `think_article` ORDER BY views desc LIMIT 8 [ RunTime:0.000816s ]
[ sql ] [ SQL ] SELECT * FROM `think_article` WHERE  `status` = 1  AND `type` = 2 ORDER BY id desc LIMIT 6 [ RunTime:0.000416s ]
[ sql ] [ SQL ] SELECT COUNT(*) AS tp_count FROM `think_article` WHERE  `status` = 1 LIMIT 1 [ RunTime:0.000443s ]
[ sql ] [ SQL ] SELECT `a`.*,`ac`.`name` FROM `think_article` `a` LEFT JOIN `think_article_cate` `ac` ON `a`.`cate_id`=`ac`.`id` WHERE  `a`.`status` = 1 ORDER BY id desc LIMIT 0,15 [ RunTime:0.000772s ]

---------------------------------------------------------------
[ 2017-08-30T03:19:38+08:00 ] 172.17.180.47 123.125.71.40 GET /
[ log ] www.hhqblog.com/ [运行时间：0.036554s][吞吐率：27.36req/s] [内存消耗：5,401.92kb] [文件加载：56]
[ info ] [ LANG ] /yjdata/www/hhqblog/thinkphp/lang/zh-cn.php
[ info ] [ ROUTE ] array (
  'type' => 'module',
  'module' => 
  array (
    0 => '',
    1 => NULL,
    2 => NULL,
  ),
)
[ info ] [ HEADER ] array (
  'host' => 'www.hhqblog.com',
  'connection' => 'close',
  'user-agent' => 'Mozilla/5.0 (compatible; Baiduspider/2.0; +http://www.baidu.com/search/spider.html)',
  'accept-language' => 'zh-cn,zh-tw',
  'if-none-match' => '"@NULL@"',
  'accept-encoding' => 'gzip',
  'accept' => '*/*',
  'content-type' => '',
  'content-length' => '',
)
[ info ] [ PARAM ] array (
)
[ info ] [ CACHE ] INIT File
[ info ] [ DB ] INIT mysql
[ info ] [ RUN ] app\index\controller\Index->index[ /yjdata/www/hhqblog/application/index/controller/Index.php ]
[ info ] [ VIEW ] /yjdata/www/hhqblog/public/../application/index/view/index/index.html [ array (
  0 => 'menu',
  1 => 'recommend',
  2 => 'newarticle',
  3 => 'hot',
  4 => 'list',
  5 => 'allpage',
  6 => 'top_line',
  7 => 'carousel',
) ]
[ info ] [ LOG ] INIT File
[ sql ] [ DB ] CONNECT:[ UseTime:0.000322s ] mysql:dbname=hhqblog;host=127.0.0.1;port=3306;charset=utf8
[ sql ] [ SQL ] SHOW COLUMNS FROM `think_article` [ RunTime:0.000766s ]
[ sql ] [ SQL ] SELECT * FROM `think_article` WHERE  `status` = 1  AND `is_tui` = 1 ORDER BY id desc LIMIT 8 [ RunTime:0.000972s ]
[ sql ] [ SQL ] SELECT * FROM `think_article` WHERE  `status` = 1 ORDER BY id desc LIMIT 8 [ RunTime:0.000433s ]
[ sql ] [ SQL ] SELECT * FROM `think_article` ORDER BY views desc LIMIT 8 [ RunTime:0.000597s ]
[ sql ] [ SQL ] SELECT * FROM `think_article` WHERE  `status` = 1  AND `type` = 1 ORDER BY id desc LIMIT 6 [ RunTime:0.000368s ]
[ sql ] [ SQL ] SELECT * FROM `think_article` WHERE  `status` = 1  AND `type` = 2 ORDER BY id desc LIMIT 6 [ RunTime:0.000375s ]
[ sql ] [ SQL ] SELECT COUNT(*) AS tp_count FROM `think_article` WHERE  `status` = 1 LIMIT 1 [ RunTime:0.000397s ]
[ sql ] [ SQL ] SELECT `a`.*,`ac`.`name` FROM `think_article` `a` LEFT JOIN `think_article_cate` `ac` ON `a`.`cate_id`=`ac`.`id` WHERE  `a`.`status` = 1 ORDER BY id desc LIMIT 0,15 [ RunTime:0.000658s ]

---------------------------------------------------------------
[ 2017-08-30T03:20:04+08:00 ] 172.17.180.47 111.206.221.26 GET /index/index/index.html?page=1
[ log ] www.hhqblog.com/index/index/index.html?page=1 [运行时间：0.055028s][吞吐率：18.17req/s] [内存消耗：5,413.50kb] [文件加载：55]
[ info ] [ LANG ] /yjdata/www/hhqblog/thinkphp/lang/zh-cn.php
[ info ] [ ROUTE ] array (
  'type' => 'module',
  'module' => 
  array (
    0 => 'index',
    1 => 'index',
    2 => 'index',
  ),
)
[ info ] [ HEADER ] array (
  'host' => 'www.hhqblog.com',
  'user-agent' => 'Mozilla/5.0 (iPhone; CPU iPhone OS 9_1 like Mac OS X) AppleWebKit/601.1.46 (KHTML, like Gecko) Version/9.0 Mobile/13B143 Safari/601.1 (compatible; Baiduspider-render/2.0; +http://www.baidu.com/search/spider.html)',
  'proxy-connection' => 'keep-alive',
  'accept' => 'application/json, text/javascript, */*; q=0.01',
  'x-devtools-emulate-network-conditions-client-id' => '19eae77a-92d6-40ff-8c62-37b87177c5f8',
  'x-requested-with' => 'XMLHttpRequest',
  'accept-language' => 'zh-CN,zh;q=0.8,en-US;q=0.5,en;q=0.3',
  'resource-type' => '13',
  'referer' => 'http://www.hhqblog.com/',
  'content-type' => '',
  'content-length' => '',
)
[ info ] [ PARAM ] array (
  'page' => '1',
)
[ info ] [ CACHE ] INIT File
[ info ] [ DB ] INIT mysql
[ info ] [ RUN ] app\index\controller\Index->index[ /yjdata/www/hhqblog/application/index/controller/Index.php ]
[ info ] [ LOG ] INIT File
[ sql ] [ DB ] CONNECT:[ UseTime:0.000304s ] mysql:dbname=hhqblog;host=127.0.0.1;port=3306;charset=utf8
[ sql ] [ SQL ] SHOW COLUMNS FROM `think_article` [ RunTime:0.000772s ]
[ sql ] [ SQL ] SELECT * FROM `think_article` ORDER BY views desc LIMIT 8 [ RunTime:0.000788s ]
[ sql ] [ SQL ] SELECT * FROM `think_article` WHERE  `status` = 1  AND `type` = 2 ORDER BY id desc LIMIT 6 [ RunTime:0.000435s ]
[ sql ] [ SQL ] SELECT COUNT(*) AS tp_count FROM `think_article` WHERE  `status` = 1 LIMIT 1 [ RunTime:0.000454s ]
[ sql ] [ SQL ] SELECT `a`.*,`ac`.`name` FROM `think_article` `a` LEFT JOIN `think_article_cate` `ac` ON `a`.`cate_id`=`ac`.`id` WHERE  `a`.`status` = 1 ORDER BY id desc LIMIT 0,15 [ RunTime:0.000751s ]

---------------------------------------------------------------
[ 2017-08-30T03:27:17+08:00 ] 172.17.180.47 5.255.250.29 GET /
[ log ] hhqblog.com/ [运行时间：0.031955s][吞吐率：31.29req/s] [内存消耗：5,438.09kb] [文件加载：56]
[ info ] [ LANG ] /yjdata/www/hhqblog/thinkphp/lang/zh-cn.php
[ info ] [ ROUTE ] array (
  'type' => 'module',
  'module' => 
  array (
    0 => '',
    1 => NULL,
    2 => NULL,
  ),
)
[ info ] [ HEADER ] array (
  'host' => 'hhqblog.com',
  'connection' => 'Keep-Alive',
  'user-agent' => 'Mozilla/5.0 (compatible; YandexBot/3.0; +http://yandex.com/bots)',
  'from' => 'support@search.yandex.ru',
  'accept-encoding' => 'gzip,deflate',
  'accept' => '*/*',
  'content-type' => '',
  'content-length' => '',
)
[ info ] [ PARAM ] array (
)
[ info ] [ CACHE ] INIT File
[ info ] [ DB ] INIT mysql
[ info ] [ RUN ] app\index\controller\Index->index[ /yjdata/www/hhqblog/application/index/controller/Index.php ]
[ info ] [ VIEW ] /yjdata/www/hhqblog/public/../application/index/view/index/index.html [ array (
  0 => 'menu',
  1 => 'recommend',
  2 => 'newarticle',
  3 => 'hot',
  4 => 'list',
  5 => 'allpage',
  6 => 'top_line',
  7 => 'carousel',
) ]
[ info ] [ LOG ] INIT File
[ sql ] [ DB ] CONNECT:[ UseTime:0.000317s ] mysql:dbname=hhqblog;host=127.0.0.1;port=3306;charset=utf8
[ sql ] [ SQL ] SHOW COLUMNS FROM `think_article` [ RunTime:0.000783s ]
[ sql ] [ SQL ] SELECT * FROM `think_article` ORDER BY views desc LIMIT 8 [ RunTime:0.000738s ]
[ sql ] [ SQL ] SELECT * FROM `think_article` WHERE  `status` = 1  AND `type` = 2 ORDER BY id desc LIMIT 6 [ RunTime:0.000418s ]
[ sql ] [ SQL ] SELECT COUNT(*) AS tp_count FROM `think_article` WHERE  `status` = 1 LIMIT 1 [ RunTime:0.000375s ]
[ sql ] [ SQL ] SELECT `a`.*,`ac`.`name` FROM `think_article` `a` LEFT JOIN `think_article_cate` `ac` ON `a`.`cate_id`=`ac`.`id` WHERE  `a`.`status` = 1 ORDER BY id desc LIMIT 0,15 [ RunTime:0.000735s ]

---------------------------------------------------------------
[ 2017-08-30T03:32:01+08:00 ] 172.17.180.47 106.11.153.67 GET /ar/36.html
[ log ] hhqblog.com/ar/36.html [运行时间：0.029658s][吞吐率：33.72req/s] [内存消耗：4,239.76kb] [文件加载：56]
[ info ] [ LANG ] /yjdata/www/hhqblog/thinkphp/lang/zh-cn.php
[ info ] [ ROUTE ] array (
  'type' => 'module',
  'module' => 
  array (
    0 => 'index',
    1 => 'Artical',
    2 => 'detail',
  ),
  'convert' => false,
)
[ info ] [ HEADER ] array (
  'accept-language' => 'zh-cn,en-us,zh-tw,en-gb,en;',
  'host' => 'hhqblog.com',
  'accept-encoding' => 'gzip',
  'accept' => '*/*',
  'connection' => 'Keep-Alive',
  'user-agent' => 'YisouSpider',
  'content-type' => '',
  'content-length' => '',
)
[ info ] [ PARAM ] array (
  'id' => '36',
)
[ info ] [ CACHE ] INIT File
[ info ] [ DB ] INIT mysql
[ info ] [ RUN ] app\index\controller\Artical->detail[ /yjdata/www/hhqblog/application/index/controller/Artical.php ]
[ info ] [ VIEW ] /yjdata/www/hhqblog/public/../application/index/view/artical/detail.html [ array (
  0 => 'menu',
  1 => 'recommend',
  2 => 'newarticle',
  3 => 'hot',
  4 => 'article',
  5 => 'allpage',
) ]
[ info ] [ LOG ] INIT File
[ sql ] [ DB ] CONNECT:[ UseTime:0.000302s ] mysql:dbname=hhqblog;host=127.0.0.1;port=3306;charset=utf8
[ sql ] [ SQL ] SHOW COLUMNS FROM `think_article` [ RunTime:0.000765s ]
[ sql ] [ SQL ] SELECT * FROM `think_article` ORDER BY views desc LIMIT 8 [ RunTime:0.000742s ]
[ sql ] [ SQL ] SELECT `a`.*,`ca`.`name` FROM `think_article` `a` LEFT JOIN `think_article_cate` `ca` ON `a`.`cate_id`=`ca`.`id` WHERE  `a`.`id` = 36 LIMIT 1 [ RunTime:0.000253s ]

---------------------------------------------------------------
[ 2017-08-30T03:36:32+08:00 ] 172.17.180.47 157.55.39.220 GET /
[ log ] www.hhqblog.com/ [运行时间：0.033009s][吞吐率：30.29req/s] [内存消耗：5,438.30kb] [文件加载：56]
[ info ] [ LANG ] /yjdata/www/hhqblog/thinkphp/lang/zh-cn.php
[ info ] [ ROUTE ] array (
  'type' => 'module',
  'module' => 
  array (
    0 => '',
    1 => NULL,
    2 => NULL,
  ),
)
[ info ] [ HEADER ] array (
  'cache-control' => 'no-cache',
  'connection' => 'Keep-Alive',
  'pragma' => 'no-cache',
  'accept' => '*/*',
  'accept-encoding' => 'gzip, deflate',
  'from' => 'bingbot(at)microsoft.com',
  'host' => 'www.hhqblog.com',
  'user-agent' => 'Mozilla/5.0 (compatible; bingbot/2.0; +http://www.bing.com/bingbot.htm)',
  'content-type' => '',
  'content-length' => '',
)
[ info ] [ PARAM ] array (
)
[ info ] [ CACHE ] INIT File
[ info ] [ DB ] INIT mysql
[ info ] [ RUN ] app\index\controller\Index->index[ /yjdata/www/hhqblog/application/index/controller/Index.php ]
[ info ] [ VIEW ] /yjdata/www/hhqblog/public/../application/index/view/index/index.html [ array (
  0 => 'menu',
  1 => 'recommend',
  2 => 'newarticle',
  3 => 'hot',
  4 => 'list',
  5 => 'allpage',
  6 => 'top_line',
  7 => 'carousel',
) ]
[ info ] [ LOG ] INIT File
[ sql ] [ DB ] CONNECT:[ UseTime:0.000288s ] mysql:dbname=hhqblog;host=127.0.0.1;port=3306;charset=utf8
[ sql ] [ SQL ] SHOW COLUMNS FROM `think_article` [ RunTime:0.000775s ]
[ sql ] [ SQL ] SELECT * FROM `think_article` ORDER BY views desc LIMIT 8 [ RunTime:0.000782s ]
[ sql ] [ SQL ] SELECT * FROM `think_article` WHERE  `status` = 1  AND `type` = 2 ORDER BY id desc LIMIT 6 [ RunTime:0.000414s ]
[ sql ] [ SQL ] SELECT COUNT(*) AS tp_count FROM `think_article` WHERE  `status` = 1 LIMIT 1 [ RunTime:0.000401s ]
[ sql ] [ SQL ] SELECT `a`.*,`ac`.`name` FROM `think_article` `a` LEFT JOIN `think_article_cate` `ac` ON `a`.`cate_id`=`ac`.`id` WHERE  `a`.`status` = 1 ORDER BY id desc LIMIT 0,15 [ RunTime:0.000758s ]

---------------------------------------------------------------
[ 2017-08-30T04:04:49+08:00 ] 172.17.180.47 5.255.250.29 GET /ar/39.html
[ log ] hhqblog.com/ar/39.html [运行时间：0.029681s][吞吐率：33.69req/s] [内存消耗：4,282.60kb] [文件加载：56]
[ info ] [ LANG ] /yjdata/www/hhqblog/thinkphp/lang/zh-cn.php
[ info ] [ ROUTE ] array (
  'type' => 'module',
  'module' => 
  array (
    0 => 'index',
    1 => 'Artical',
    2 => 'detail',
  ),
  'convert' => false,
)
[ info ] [ HEADER ] array (
  'host' => 'hhqblog.com',
  'connection' => 'Keep-Alive',
  'user-agent' => 'Mozilla/5.0 (compatible; YandexBot/3.0; +http://yandex.com/bots)',
  'from' => 'support@search.yandex.ru',
  'accept-encoding' => 'gzip,deflate',
  'accept' => '*/*',
  'content-type' => '',
  'content-length' => '',
)
[ info ] [ PARAM ] array (
  'id' => '39',
)
[ info ] [ CACHE ] INIT File
[ info ] [ DB ] INIT mysql
[ info ] [ RUN ] app\index\controller\Artical->detail[ /yjdata/www/hhqblog/application/index/controller/Artical.php ]
[ info ] [ VIEW ] /yjdata/www/hhqblog/public/../application/index/view/artical/detail.html [ array (
  0 => 'menu',
  1 => 'recommend',
  2 => 'newarticle',
  3 => 'hot',
  4 => 'article',
  5 => 'allpage',
) ]
[ info ] [ LOG ] INIT File
[ sql ] [ DB ] CONNECT:[ UseTime:0.000298s ] mysql:dbname=hhqblog;host=127.0.0.1;port=3306;charset=utf8
[ sql ] [ SQL ] SHOW COLUMNS FROM `think_article` [ RunTime:0.000769s ]
[ sql ] [ SQL ] SELECT * FROM `think_article` ORDER BY views desc LIMIT 8 [ RunTime:0.000755s ]
[ sql ] [ SQL ] SELECT `a`.*,`ca`.`name` FROM `think_article` `a` LEFT JOIN `think_article_cate` `ca` ON `a`.`cate_id`=`ca`.`id` WHERE  `a`.`id` = 39 LIMIT 1 [ RunTime:0.000289s ]

---------------------------------------------------------------
[ 2017-08-30T05:32:21+08:00 ] 172.17.180.47 106.11.153.67 GET /misc/tougao/
[ log ] hhqblog.com/misc/tougao/ [运行时间：0.013361s][吞吐率：74.84req/s] [内存消耗：1,586.66kb] [文件加载：37]
[ info ] [ LANG ] /yjdata/www/hhqblog/thinkphp/lang/zh-cn.php
[ info ] [ ROUTE ] array (
  'type' => 'module',
  'module' => 
  array (
    0 => 'misc',
    1 => 'tougao',
    2 => 'index.php',
  ),
)
[ info ] [ HEADER ] array (
  'accept-language' => 'zh-cn,en-us,zh-tw,en-gb,en;',
  'host' => 'hhqblog.com',
  'accept-encoding' => 'gzip',
  'accept' => '*/*',
  'connection' => 'Keep-Alive',
  'user-agent' => 'YisouSpider',
  'content-type' => '',
  'content-length' => '',
)
[ info ] [ PARAM ] array (
)
[ info ] [ LOG ] INIT File

---------------------------------------------------------------
[ 2017-08-30T05:41:31+08:00 ] 172.17.180.47 220.181.108.122 GET /ar/41.html
[ log ] hhqblog.com/ar/41.html [运行时间：0.032753s][吞吐率：30.53req/s] [内存消耗：4,276.10kb] [文件加载：56]
[ info ] [ LANG ] /yjdata/www/hhqblog/thinkphp/lang/zh-cn.php
[ info ] [ ROUTE ] array (
  'type' => 'module',
  'module' => 
  array (
    0 => 'index',
    1 => 'Artical',
    2 => 'detail',
  ),
  'convert' => false,
)
[ info ] [ HEADER ] array (
  'host' => 'hhqblog.com',
  'connection' => 'close',
  'user-agent' => 'Mozilla/5.0 (compatible; Baiduspider/2.0; +http://www.baidu.com/search/spider.html)',
  'accept-encoding' => 'gzip',
  'accept-language' => 'zh-cn,zh-tw',
  'accept' => '*/*',
  'content-type' => '',
  'content-length' => '',
)
[ info ] [ PARAM ] array (
  'id' => '41',
)
[ info ] [ CACHE ] INIT File
[ info ] [ DB ] INIT mysql
[ info ] [ RUN ] app\index\controller\Artical->detail[ /yjdata/www/hhqblog/application/index/controller/Artical.php ]
[ info ] [ VIEW ] /yjdata/www/hhqblog/public/../application/index/view/artical/detail.html [ array (
  0 => 'menu',
  1 => 'recommend',
  2 => 'newarticle',
  3 => 'hot',
  4 => 'article',
  5 => 'allpage',
) ]
[ info ] [ LOG ] INIT File
[ sql ] [ DB ] CONNECT:[ UseTime:0.000317s ] mysql:dbname=hhqblog;host=127.0.0.1;port=3306;charset=utf8
[ sql ] [ SQL ] SHOW COLUMNS FROM `think_article` [ RunTime:0.000775s ]
[ sql ] [ SQL ] SELECT * FROM `think_article` WHERE  `status` = 1  AND `is_tui` = 1 ORDER BY id desc LIMIT 8 [ RunTime:0.000963s ]
[ sql ] [ SQL ] SELECT * FROM `think_article` WHERE  `status` = 1 ORDER BY id desc LIMIT 8 [ RunTime:0.000409s ]
[ sql ] [ SQL ] SELECT * FROM `think_article` ORDER BY views desc LIMIT 8 [ RunTime:0.000584s ]
[ sql ] [ SQL ] SELECT `a`.*,`ca`.`name` FROM `think_article` `a` LEFT JOIN `think_article_cate` `ca` ON `a`.`cate_id`=`ca`.`id` WHERE  `a`.`id` = 41 LIMIT 1 [ RunTime:0.000262s ]

---------------------------------------------------------------
[ 2017-08-30T07:52:42+08:00 ] 172.17.180.47 106.11.153.67 GET /ar/36.html
[ log ] www.hhqblog.com/ar/36.html [运行时间：0.032545s][吞吐率：30.73req/s] [内存消耗：4,218.53kb] [文件加载：56]
[ info ] [ LANG ] /yjdata/www/hhqblog/thinkphp/lang/zh-cn.php
[ info ] [ ROUTE ] array (
  'type' => 'module',
  'module' => 
  array (
    0 => 'index',
    1 => 'Artical',
    2 => 'detail',
  ),
  'convert' => false,
)
[ info ] [ HEADER ] array (
  'accept-language' => 'zh-cn,en-us,zh-tw,en-gb,en;',
  'host' => 'www.hhqblog.com',
  'accept-encoding' => 'gzip',
  'accept' => '*/*',
  'connection' => 'Keep-Alive',
  'user-agent' => 'YisouSpider',
  'content-type' => '',
  'content-length' => '',
)
[ info ] [ PARAM ] array (
  'id' => '36',
)
[ info ] [ CACHE ] INIT File
[ info ] [ DB ] INIT mysql
[ info ] [ RUN ] app\index\controller\Artical->detail[ /yjdata/www/hhqblog/application/index/controller/Artical.php ]
[ info ] [ VIEW ] /yjdata/www/hhqblog/public/../application/index/view/artical/detail.html [ array (
  0 => 'menu',
  1 => 'recommend',
  2 => 'newarticle',
  3 => 'hot',
  4 => 'article',
  5 => 'allpage',
) ]
[ info ] [ LOG ] INIT File
[ sql ] [ DB ] CONNECT:[ UseTime:0.000315s ] mysql:dbname=hhqblog;host=127.0.0.1;port=3306;charset=utf8
[ sql ] [ SQL ] SHOW COLUMNS FROM `think_article` [ RunTime:0.000741s ]
[ sql ] [ SQL ] SELECT * FROM `think_article` WHERE  `status` = 1  AND `is_tui` = 1 ORDER BY id desc LIMIT 8 [ RunTime:0.000921s ]
[ sql ] [ SQL ] SELECT * FROM `think_article` WHERE  `status` = 1 ORDER BY id desc LIMIT 8 [ RunTime:0.000415s ]
[ sql ] [ SQL ] SELECT * FROM `think_article` ORDER BY views desc LIMIT 8 [ RunTime:0.000518s ]
[ sql ] [ SQL ] SELECT `a`.*,`ca`.`name` FROM `think_article` `a` LEFT JOIN `think_article_cate` `ca` ON `a`.`cate_id`=`ca`.`id` WHERE  `a`.`id` = 36 LIMIT 1 [ RunTime:0.000588s ]

---------------------------------------------------------------
[ 2017-08-30T08:08:22+08:00 ] 172.17.180.47 106.11.153.67 GET /ar/27.html
[ log ] hhqblog.com/ar/27.html [运行时间：0.029438s][吞吐率：33.97req/s] [内存消耗：4,221.73kb] [文件加载：56]
[ info ] [ LANG ] /yjdata/www/hhqblog/thinkphp/lang/zh-cn.php
[ info ] [ ROUTE ] array (
  'type' => 'module',
  'module' => 
  array (
    0 => 'index',
    1 => 'Artical',
    2 => 'detail',
  ),
  'convert' => false,
)
[ info ] [ HEADER ] array (
  'accept-language' => 'zh-cn,en-us,zh-tw,en-gb,en;',
  'host' => 'hhqblog.com',
  'accept-encoding' => 'gzip',
  'accept' => '*/*',
  'connection' => 'Keep-Alive',
  'user-agent' => 'YisouSpider',
  'content-type' => '',
  'content-length' => '',
)
[ info ] [ PARAM ] array (
  'id' => '27',
)
[ info ] [ CACHE ] INIT File
[ info ] [ DB ] INIT mysql
[ info ] [ RUN ] app\index\controller\Artical->detail[ /yjdata/www/hhqblog/application/index/controller/Artical.php ]
[ info ] [ VIEW ] /yjdata/www/hhqblog/public/../application/index/view/artical/detail.html [ array (
  0 => 'menu',
  1 => 'recommend',
  2 => 'newarticle',
  3 => 'hot',
  4 => 'article',
  5 => 'allpage',
) ]
[ info ] [ LOG ] INIT File
[ sql ] [ DB ] CONNECT:[ UseTime:0.000296s ] mysql:dbname=hhqblog;host=127.0.0.1;port=3306;charset=utf8
[ sql ] [ SQL ] SHOW COLUMNS FROM `think_article` [ RunTime:0.000746s ]
[ sql ] [ SQL ] SELECT * FROM `think_article` ORDER BY views desc LIMIT 8 [ RunTime:0.000771s ]
[ sql ] [ SQL ] SELECT `a`.*,`ca`.`name` FROM `think_article` `a` LEFT JOIN `think_article_cate` `ca` ON `a`.`cate_id`=`ca`.`id` WHERE  `a`.`id` = 27 LIMIT 1 [ RunTime:0.000260s ]

---------------------------------------------------------------
[ 2017-08-30T09:34:28+08:00 ] 172.17.180.47 123.125.71.33 GET /
[ log ] www.hhqblog.com/ [运行时间：0.055300s][吞吐率：18.08req/s] [内存消耗：5,401.92kb] [文件加载：56]
[ info ] [ LANG ] /yjdata/www/hhqblog/thinkphp/lang/zh-cn.php
[ info ] [ ROUTE ] array (
  'type' => 'module',
  'module' => 
  array (
    0 => '',
    1 => NULL,
    2 => NULL,
  ),
)
[ info ] [ HEADER ] array (
  'host' => 'www.hhqblog.com',
  'connection' => 'close',
  'user-agent' => 'Mozilla/5.0 (compatible; Baiduspider/2.0; +http://www.baidu.com/search/spider.html)',
  'accept-language' => 'zh-cn,zh-tw',
  'if-none-match' => '"@NULL@"',
  'accept-encoding' => 'gzip',
  'accept' => '*/*',
  'content-type' => '',
  'content-length' => '',
)
[ info ] [ PARAM ] array (
)
[ info ] [ CACHE ] INIT File
[ info ] [ DB ] INIT mysql
[ info ] [ RUN ] app\index\controller\Index->index[ /yjdata/www/hhqblog/application/index/controller/Index.php ]
[ info ] [ VIEW ] /yjdata/www/hhqblog/public/../application/index/view/index/index.html [ array (
  0 => 'menu',
  1 => 'recommend',
  2 => 'newarticle',
  3 => 'hot',
  4 => 'list',
  5 => 'allpage',
  6 => 'top_line',
  7 => 'carousel',
) ]
[ info ] [ LOG ] INIT File
[ sql ] [ DB ] CONNECT:[ UseTime:0.000372s ] mysql:dbname=hhqblog;host=127.0.0.1;port=3306;charset=utf8
[ sql ] [ SQL ] SHOW COLUMNS FROM `think_article` [ RunTime:0.001027s ]
[ sql ] [ SQL ] SELECT * FROM `think_article` WHERE  `status` = 1  AND `is_tui` = 1 ORDER BY id desc LIMIT 8 [ RunTime:0.001285s ]
[ sql ] [ SQL ] SELECT * FROM `think_article` WHERE  `status` = 1 ORDER BY id desc LIMIT 8 [ RunTime:0.000620s ]
[ sql ] [ SQL ] SELECT * FROM `think_article` ORDER BY views desc LIMIT 8 [ RunTime:0.000697s ]
[ sql ] [ SQL ] SELECT * FROM `think_article` WHERE  `status` = 1  AND `type` = 1 ORDER BY id desc LIMIT 6 [ RunTime:0.000513s ]
[ sql ] [ SQL ] SELECT * FROM `think_article` WHERE  `status` = 1  AND `type` = 2 ORDER BY id desc LIMIT 6 [ RunTime:0.000442s ]
[ sql ] [ SQL ] SELECT COUNT(*) AS tp_count FROM `think_article` WHERE  `status` = 1 LIMIT 1 [ RunTime:0.000491s ]
[ sql ] [ SQL ] SELECT `a`.*,`ac`.`name` FROM `think_article` `a` LEFT JOIN `think_article_cate` `ac` ON `a`.`cate_id`=`ac`.`id` WHERE  `a`.`status` = 1 ORDER BY id desc LIMIT 0,15 [ RunTime:0.000884s ]

---------------------------------------------------------------
[ 2017-08-30T09:34:43+08:00 ] 172.17.180.47 111.206.221.77 GET /index/index/index.html?page=1
[ log ] www.hhqblog.com/index/index/index.html?page=1 [运行时间：0.052963s][吞吐率：18.88req/s] [内存消耗：5,413.50kb] [文件加载：55]
[ info ] [ LANG ] /yjdata/www/hhqblog/thinkphp/lang/zh-cn.php
[ info ] [ ROUTE ] array (
  'type' => 'module',
  'module' => 
  array (
    0 => 'index',
    1 => 'index',
    2 => 'index',
  ),
)
[ info ] [ HEADER ] array (
  'host' => 'www.hhqblog.com',
  'user-agent' => 'Mozilla/5.0 (iPhone; CPU iPhone OS 9_1 like Mac OS X) AppleWebKit/601.1.46 (KHTML, like Gecko) Version/9.0 Mobile/13B143 Safari/601.1 (compatible; Baiduspider-render/2.0; +http://www.baidu.com/search/spider.html)',
  'proxy-connection' => 'keep-alive',
  'accept' => 'application/json, text/javascript, */*; q=0.01',
  'x-devtools-emulate-network-conditions-client-id' => 'e9564a7c-c95b-4a61-a458-7960c0491e8e',
  'x-requested-with' => 'XMLHttpRequest',
  'accept-language' => 'zh-CN,zh;q=0.8,en-US;q=0.5,en;q=0.3',
  'resource-type' => '13',
  'referer' => 'http://www.hhqblog.com/',
  'content-type' => '',
  'content-length' => '',
)
[ info ] [ PARAM ] array (
  'page' => '1',
)
[ info ] [ CACHE ] INIT File
[ info ] [ DB ] INIT mysql
[ info ] [ RUN ] app\index\controller\Index->index[ /yjdata/www/hhqblog/application/index/controller/Index.php ]
[ info ] [ LOG ] INIT File
[ sql ] [ DB ] CONNECT:[ UseTime:0.000286s ] mysql:dbname=hhqblog;host=127.0.0.1;port=3306;charset=utf8
[ sql ] [ SQL ] SHOW COLUMNS FROM `think_article` [ RunTime:0.000755s ]
[ sql ] [ SQL ] SELECT * FROM `think_article` ORDER BY views desc LIMIT 8 [ RunTime:0.000738s ]
[ sql ] [ SQL ] SELECT * FROM `think_article` WHERE  `status` = 1  AND `type` = 2 ORDER BY id desc LIMIT 6 [ RunTime:0.000398s ]
[ sql ] [ SQL ] SELECT COUNT(*) AS tp_count FROM `think_article` WHERE  `status` = 1 LIMIT 1 [ RunTime:0.000434s ]
[ sql ] [ SQL ] SELECT `a`.*,`ac`.`name` FROM `think_article` `a` LEFT JOIN `think_article_cate` `ac` ON `a`.`cate_id`=`ac`.`id` WHERE  `a`.`status` = 1 ORDER BY id desc LIMIT 0,15 [ RunTime:0.000728s ]

---------------------------------------------------------------
[ 2017-08-30T10:07:48+08:00 ] 172.17.180.47 123.125.71.114 GET /index/artical/detail/id/42
[ log ] www.hhqblog.com/index/artical/detail/id/42 [运行时间：0.014466s][吞吐率：69.13req/s] [内存消耗：1,581.84kb] [文件加载：37]
[ info ] [ LANG ] /yjdata/www/hhqblog/thinkphp/lang/zh-cn.php
[ info ] [ LOG ] INIT File

---------------------------------------------------------------
[ 2017-08-30T10:19:01+08:00 ] 172.17.180.47 106.11.226.146 GET /
[ log ] www.hhqblog.com/ [运行时间：0.032840s][吞吐率：30.45req/s] [内存消耗：5,437.73kb] [文件加载：56]
[ info ] [ LANG ] /yjdata/www/hhqblog/thinkphp/lang/zh-cn.php
[ info ] [ ROUTE ] array (
  'type' => 'module',
  'module' => 
  array (
    0 => '',
    1 => NULL,
    2 => NULL,
  ),
)
[ info ] [ HEADER ] array (
  'accept-encoding' => 'gzip',
  'user-agent' => 'Mozilla/5.0 (iPad; CPU OS 9_1 like Mac OS X) AppleWebKit/601.1.46 (KHTML, like Gecko) Version/9.0 Mobile/13B143 Safari/601.1',
  'cache-control' => 'no-cache',
  'pragma' => 'no-cache',
  'host' => 'www.hhqblog.com',
  'accept' => 'text/html, image/gif, image/jpeg, *; q=.2, */*; q=.2',
  'connection' => 'keep-alive',
  'content-type' => '',
  'content-length' => '',
)
[ info ] [ PARAM ] array (
)
[ info ] [ CACHE ] INIT File
[ info ] [ DB ] INIT mysql
[ info ] [ RUN ] app\index\controller\Index->index[ /yjdata/www/hhqblog/application/index/controller/Index.php ]
[ info ] [ VIEW ] /yjdata/www/hhqblog/public/../application/index/view/index/index.html [ array (
  0 => 'menu',
  1 => 'recommend',
  2 => 'newarticle',
  3 => 'hot',
  4 => 'list',
  5 => 'allpage',
  6 => 'top_line',
  7 => 'carousel',
) ]
[ info ] [ LOG ] INIT File
[ sql ] [ DB ] CONNECT:[ UseTime:0.000300s ] mysql:dbname=hhqblog;host=127.0.0.1;port=3306;charset=utf8
[ sql ] [ SQL ] SHOW COLUMNS FROM `think_article` [ RunTime:0.000793s ]
[ sql ] [ SQL ] SELECT * FROM `think_article` ORDER BY views desc LIMIT 8 [ RunTime:0.000796s ]
[ sql ] [ SQL ] SELECT * FROM `think_article` WHERE  `status` = 1  AND `type` = 2 ORDER BY id desc LIMIT 6 [ RunTime:0.000458s ]
[ sql ] [ SQL ] SELECT COUNT(*) AS tp_count FROM `think_article` WHERE  `status` = 1 LIMIT 1 [ RunTime:0.000403s ]
[ sql ] [ SQL ] SELECT `a`.*,`ac`.`name` FROM `think_article` `a` LEFT JOIN `think_article_cate` `ac` ON `a`.`cate_id`=`ac`.`id` WHERE  `a`.`status` = 1 ORDER BY id desc LIMIT 0,15 [ RunTime:0.000800s ]

---------------------------------------------------------------
[ 2017-08-30T10:25:39+08:00 ] 172.17.180.47 123.233.116.122 GET /
[ log ] hhqblog.com/ [运行时间：0.033233s][吞吐率：30.09req/s] [内存消耗：5,438.16kb] [文件加载：56]
[ info ] [ LANG ] /yjdata/www/hhqblog/thinkphp/lang/zh-cn.php
[ info ] [ ROUTE ] array (
  'type' => 'module',
  'module' => 
  array (
    0 => '',
    1 => NULL,
    2 => NULL,
  ),
)
[ info ] [ HEADER ] array (
  'host' => 'hhqblog.com',
  'connection' => 'keep-alive',
  'upgrade-insecure-requests' => '1',
  'user-agent' => 'Mozilla/5.0 (Windows NT 10.0; Win64; x64) AppleWebKit/537.36 (KHTML, like Gecko) Chrome/60.0.3112.113 Safari/537.36',
  'accept' => 'text/html,application/xhtml+xml,application/xml;q=0.9,image/webp,image/apng,*/*;q=0.8',
  'accept-encoding' => 'gzip, deflate',
  'accept-language' => 'zh-CN,zh;q=0.8',
  'cookie' => '_pk_id.1.3fef=5dce351e789a92be.1500950707.14.1503998307.1503998148.',
  'content-type' => '',
  'content-length' => '',
)
[ info ] [ PARAM ] array (
)
[ info ] [ CACHE ] INIT File
[ info ] [ DB ] INIT mysql
[ info ] [ RUN ] app\index\controller\Index->index[ /yjdata/www/hhqblog/application/index/controller/Index.php ]
[ info ] [ VIEW ] /yjdata/www/hhqblog/public/../application/index/view/index/index.html [ array (
  0 => 'menu',
  1 => 'recommend',
  2 => 'newarticle',
  3 => 'hot',
  4 => 'list',
  5 => 'allpage',
  6 => 'top_line',
  7 => 'carousel',
) ]
[ info ] [ LOG ] INIT File
[ sql ] [ DB ] CONNECT:[ UseTime:0.000301s ] mysql:dbname=hhqblog;host=127.0.0.1;port=3306;charset=utf8
[ sql ] [ SQL ] SHOW COLUMNS FROM `think_article` [ RunTime:0.000752s ]
[ sql ] [ SQL ] SELECT * FROM `think_article` ORDER BY views desc LIMIT 8 [ RunTime:0.000756s ]
[ sql ] [ SQL ] SELECT * FROM `think_article` WHERE  `status` = 1  AND `type` = 2 ORDER BY id desc LIMIT 6 [ RunTime:0.000403s ]
[ sql ] [ SQL ] SELECT COUNT(*) AS tp_count FROM `think_article` WHERE  `status` = 1 LIMIT 1 [ RunTime:0.000383s ]
[ sql ] [ SQL ] SELECT `a`.*,`ac`.`name` FROM `think_article` `a` LEFT JOIN `think_article_cate` `ac` ON `a`.`cate_id`=`ac`.`id` WHERE  `a`.`status` = 1 ORDER BY id desc LIMIT 0,15 [ RunTime:0.000725s ]

---------------------------------------------------------------
[ 2017-08-30T10:25:40+08:00 ] 172.17.180.47 123.233.116.122 GET /index/index/index.html?page=1
[ log ] hhqblog.com/index/index/index.html?page=1 [运行时间：0.046372s][吞吐率：21.56req/s] [内存消耗：5,413.37kb] [文件加载：55]
[ info ] [ LANG ] /yjdata/www/hhqblog/thinkphp/lang/zh-cn.php
[ info ] [ ROUTE ] array (
  'type' => 'module',
  'module' => 
  array (
    0 => 'index',
    1 => 'index',
    2 => 'index',
  ),
)
[ info ] [ HEADER ] array (
  'host' => 'hhqblog.com',
  'connection' => 'keep-alive',
  'accept' => 'application/json, text/javascript, */*; q=0.01',
  'x-requested-with' => 'XMLHttpRequest',
  'user-agent' => 'Mozilla/5.0 (Windows NT 10.0; Win64; x64) AppleWebKit/537.36 (KHTML, like Gecko) Chrome/60.0.3112.113 Safari/537.36',
  'referer' => 'http://hhqblog.com/',
  'accept-encoding' => 'gzip, deflate',
  'accept-language' => 'zh-CN,zh;q=0.8',
  'cookie' => '_pk_id.1.3fef=5dce351e789a92be.1500950707.14.1503998307.1503998148.',
  'content-type' => '',
  'content-length' => '',
)
[ info ] [ PARAM ] array (
  'page' => '1',
)
[ info ] [ CACHE ] INIT File
[ info ] [ DB ] INIT mysql
[ info ] [ RUN ] app\index\controller\Index->index[ /yjdata/www/hhqblog/application/index/controller/Index.php ]
[ info ] [ LOG ] INIT File
[ sql ] [ DB ] CONNECT:[ UseTime:0.000289s ] mysql:dbname=hhqblog;host=127.0.0.1;port=3306;charset=utf8
[ sql ] [ SQL ] SHOW COLUMNS FROM `think_article` [ RunTime:0.000742s ]
[ sql ] [ SQL ] SELECT * FROM `think_article` ORDER BY views desc LIMIT 8 [ RunTime:0.000736s ]
[ sql ] [ SQL ] SELECT * FROM `think_article` WHERE  `status` = 1  AND `type` = 2 ORDER BY id desc LIMIT 6 [ RunTime:0.000391s ]
[ sql ] [ SQL ] SELECT COUNT(*) AS tp_count FROM `think_article` WHERE  `status` = 1 LIMIT 1 [ RunTime:0.000394s ]
[ sql ] [ SQL ] SELECT `a`.*,`ac`.`name` FROM `think_article` `a` LEFT JOIN `think_article_cate` `ac` ON `a`.`cate_id`=`ac`.`id` WHERE  `a`.`status` = 1 ORDER BY id desc LIMIT 0,15 [ RunTime:0.000759s ]

---------------------------------------------------------------
[ 2017-08-30T10:41:08+08:00 ] 172.17.180.47 220.181.108.101 GET /index/artical/detail/id/50
[ log ] www.hhqblog.com/index/artical/detail/id/50 [运行时间：0.015117s][吞吐率：66.15req/s] [内存消耗：1,581.84kb] [文件加载：37]
[ info ] [ LANG ] /yjdata/www/hhqblog/thinkphp/lang/zh-cn.php
[ info ] [ LOG ] INIT File

---------------------------------------------------------------
[ 2017-08-30T10:57:06+08:00 ] 172.17.180.47 106.11.225.46 GET /
[ log ] hhqblog.com/ [运行时间：0.036333s][吞吐率：27.52req/s] [内存消耗：5,401.52kb] [文件加载：56]
[ info ] [ LANG ] /yjdata/www/hhqblog/thinkphp/lang/zh-cn.php
[ info ] [ ROUTE ] array (
  'type' => 'module',
  'module' => 
  array (
    0 => '',
    1 => NULL,
    2 => NULL,
  ),
)
[ info ] [ HEADER ] array (
  'accept-encoding' => 'gzip',
  'user-agent' => 'Mozilla/5.0 (iPad; CPU OS 9_1 like Mac OS X) AppleWebKit/601.1.46 (KHTML, like Gecko) Version/9.0 Mobile/13B143 Safari/601.1',
  'cache-control' => 'no-cache',
  'pragma' => 'no-cache',
  'host' => 'hhqblog.com',
  'accept' => 'text/html, image/gif, image/jpeg, *; q=.2, */*; q=.2',
  'connection' => 'keep-alive',
  'content-type' => '',
  'content-length' => '',
)
[ info ] [ PARAM ] array (
)
[ info ] [ CACHE ] INIT File
[ info ] [ DB ] INIT mysql
[ info ] [ RUN ] app\index\controller\Index->index[ /yjdata/www/hhqblog/application/index/controller/Index.php ]
[ info ] [ VIEW ] /yjdata/www/hhqblog/public/../application/index/view/index/index.html [ array (
  0 => 'menu',
  1 => 'recommend',
  2 => 'newarticle',
  3 => 'hot',
  4 => 'list',
  5 => 'allpage',
  6 => 'top_line',
  7 => 'carousel',
) ]
[ info ] [ LOG ] INIT File
[ sql ] [ DB ] CONNECT:[ UseTime:0.000351s ] mysql:dbname=hhqblog;host=127.0.0.1;port=3306;charset=utf8
[ sql ] [ SQL ] SHOW COLUMNS FROM `think_article` [ RunTime:0.000746s ]
[ sql ] [ SQL ] SELECT * FROM `think_article` WHERE  `status` = 1  AND `is_tui` = 1 ORDER BY id desc LIMIT 8 [ RunTime:0.000953s ]
[ sql ] [ SQL ] SELECT * FROM `think_article` WHERE  `status` = 1 ORDER BY id desc LIMIT 8 [ RunTime:0.000406s ]
[ sql ] [ SQL ] SELECT * FROM `think_article` ORDER BY views desc LIMIT 8 [ RunTime:0.000573s ]
[ sql ] [ SQL ] SELECT * FROM `think_article` WHERE  `status` = 1  AND `type` = 1 ORDER BY id desc LIMIT 6 [ RunTime:0.000336s ]
[ sql ] [ SQL ] SELECT * FROM `think_article` WHERE  `status` = 1  AND `type` = 2 ORDER BY id desc LIMIT 6 [ RunTime:0.000328s ]
[ sql ] [ SQL ] SELECT COUNT(*) AS tp_count FROM `think_article` WHERE  `status` = 1 LIMIT 1 [ RunTime:0.000375s ]
[ sql ] [ SQL ] SELECT `a`.*,`ac`.`name` FROM `think_article` `a` LEFT JOIN `think_article_cate` `ac` ON `a`.`cate_id`=`ac`.`id` WHERE  `a`.`status` = 1 ORDER BY id desc LIMIT 0,15 [ RunTime:0.000670s ]

---------------------------------------------------------------
[ 2017-08-30T11:14:28+08:00 ] 172.17.180.47 220.181.108.115 GET /index/artical/detail/id/54
[ log ] www.hhqblog.com/index/artical/detail/id/54 [运行时间：0.014144s][吞吐率：70.70req/s] [内存消耗：1,581.84kb] [文件加载：37]
[ info ] [ LANG ] /yjdata/www/hhqblog/thinkphp/lang/zh-cn.php
[ info ] [ LOG ] INIT File

---------------------------------------------------------------
[ 2017-08-30T11:31:25+08:00 ] 172.17.180.47 202.108.211.56 GET /
[ log ] www.hhqblog.com/ [运行时间：0.033623s][吞吐率：29.74req/s] [内存消耗：5,438.64kb] [文件加载：56]
[ info ] [ LANG ] /yjdata/www/hhqblog/thinkphp/lang/zh-cn.php
[ info ] [ ROUTE ] array (
  'type' => 'module',
  'module' => 
  array (
    0 => '',
    1 => NULL,
    2 => NULL,
  ),
)
[ info ] [ HEADER ] array (
  'user-agent' => 'Mozilla/5.0 (X11; Linux x86_64) AppleWebKit/535.21 (KHTML, like Gecko) Chrome/19.0.1042.0 Safari/535.21',
  'accept' => 'text/html,application/xhtml+xml,application/xml;q=0.9,image/webp,*/*;q=0.8',
  'accept-encoding' => 'gzip, deflate, sdch',
  'accept-language' => 'zh-CN,zh;q=0.8,en-US;q=0.6,en;q=0.4',
  'cache-control' => 'no-cache',
  'pragma' => 'no-cache',
  'upgrade-insecure-requests' => '1',
  'host' => 'www.hhqblog.com',
  'connection' => 'keep-alive',
  'content-type' => '',
  'content-length' => '',
)
[ info ] [ PARAM ] array (
)
[ info ] [ CACHE ] INIT File
[ info ] [ DB ] INIT mysql
[ info ] [ RUN ] app\index\controller\Index->index[ /yjdata/www/hhqblog/application/index/controller/Index.php ]
[ info ] [ VIEW ] /yjdata/www/hhqblog/public/../application/index/view/index/index.html [ array (
  0 => 'menu',
  1 => 'recommend',
  2 => 'newarticle',
  3 => 'hot',
  4 => 'list',
  5 => 'allpage',
  6 => 'top_line',
  7 => 'carousel',
) ]
[ info ] [ LOG ] INIT File
[ sql ] [ DB ] CONNECT:[ UseTime:0.000327s ] mysql:dbname=hhqblog;host=127.0.0.1;port=3306;charset=utf8
[ sql ] [ SQL ] SHOW COLUMNS FROM `think_article` [ RunTime:0.000754s ]
[ sql ] [ SQL ] SELECT * FROM `think_article` ORDER BY views desc LIMIT 8 [ RunTime:0.000725s ]
[ sql ] [ SQL ] SELECT * FROM `think_article` WHERE  `status` = 1  AND `type` = 2 ORDER BY id desc LIMIT 6 [ RunTime:0.000403s ]
[ sql ] [ SQL ] SELECT COUNT(*) AS tp_count FROM `think_article` WHERE  `status` = 1 LIMIT 1 [ RunTime:0.000367s ]
[ sql ] [ SQL ] SELECT `a`.*,`ac`.`name` FROM `think_article` `a` LEFT JOIN `think_article_cate` `ac` ON `a`.`cate_id`=`ac`.`id` WHERE  `a`.`status` = 1 ORDER BY id desc LIMIT 0,15 [ RunTime:0.000731s ]

---------------------------------------------------------------
[ 2017-08-30T12:25:03+08:00 ] 172.17.180.47 123.125.67.210 GET /
[ log ] www.hhqblog.com/ [运行时间：0.037036s][吞吐率：27.00req/s] [内存消耗：5,401.42kb] [文件加载：56]
[ info ] [ LANG ] /yjdata/www/hhqblog/thinkphp/lang/zh-cn.php
[ info ] [ ROUTE ] array (
  'type' => 'module',
  'module' => 
  array (
    0 => '',
    1 => NULL,
    2 => NULL,
  ),
)
[ info ] [ HEADER ] array (
  'host' => 'www.hhqblog.com',
  'user-agent' => 'Mozilla/5.0 (Windows NT 10.0; WOW64) AppleWebKit/537.36 (KHTML, like Gecko) Chrome/45.0.2454.93 Safari/537.36',
  'accept-language' => 'zh-cn,zh-tw',
  'accept' => '*/*',
  'content-type' => '',
  'content-length' => '',
)
[ info ] [ PARAM ] array (
)
[ info ] [ CACHE ] INIT File
[ info ] [ DB ] INIT mysql
[ info ] [ RUN ] app\index\controller\Index->index[ /yjdata/www/hhqblog/application/index/controller/Index.php ]
[ info ] [ VIEW ] /yjdata/www/hhqblog/public/../application/index/view/index/index.html [ array (
  0 => 'menu',
  1 => 'recommend',
  2 => 'newarticle',
  3 => 'hot',
  4 => 'list',
  5 => 'allpage',
  6 => 'top_line',
  7 => 'carousel',
) ]
[ info ] [ LOG ] INIT File
[ sql ] [ DB ] CONNECT:[ UseTime:0.000353s ] mysql:dbname=hhqblog;host=127.0.0.1;port=3306;charset=utf8
[ sql ] [ SQL ] SHOW COLUMNS FROM `think_article` [ RunTime:0.000790s ]
[ sql ] [ SQL ] SELECT * FROM `think_article` WHERE  `status` = 1  AND `is_tui` = 1 ORDER BY id desc LIMIT 8 [ RunTime:0.000987s ]
[ sql ] [ SQL ] SELECT * FROM `think_article` WHERE  `status` = 1 ORDER BY id desc LIMIT 8 [ RunTime:0.000442s ]
[ sql ] [ SQL ] SELECT * FROM `think_article` ORDER BY views desc LIMIT 8 [ RunTime:0.000609s ]
[ sql ] [ SQL ] SELECT * FROM `think_article` WHERE  `status` = 1  AND `type` = 1 ORDER BY id desc LIMIT 6 [ RunTime:0.000369s ]
[ sql ] [ SQL ] SELECT * FROM `think_article` WHERE  `status` = 1  AND `type` = 2 ORDER BY id desc LIMIT 6 [ RunTime:0.000369s ]
[ sql ] [ SQL ] SELECT COUNT(*) AS tp_count FROM `think_article` WHERE  `status` = 1 LIMIT 1 [ RunTime:0.000449s ]
[ sql ] [ SQL ] SELECT `a`.*,`ac`.`name` FROM `think_article` `a` LEFT JOIN `think_article_cate` `ac` ON `a`.`cate_id`=`ac`.`id` WHERE  `a`.`status` = 1 ORDER BY id desc LIMIT 0,15 [ RunTime:0.000713s ]

---------------------------------------------------------------
[ 2017-08-30T12:25:10+08:00 ] 172.17.180.47 111.206.221.98 GET /index/index/index.html?page=1
[ log ] www.hhqblog.com/index/index/index.html?page=1 [运行时间：0.044485s][吞吐率：22.48req/s] [内存消耗：5,413.59kb] [文件加载：55]
[ info ] [ LANG ] /yjdata/www/hhqblog/thinkphp/lang/zh-cn.php
[ info ] [ ROUTE ] array (
  'type' => 'module',
  'module' => 
  array (
    0 => 'index',
    1 => 'index',
    2 => 'index',
  ),
)
[ info ] [ HEADER ] array (
  'host' => 'www.hhqblog.com',
  'user-agent' => 'Mozilla/5.0 (Windows NT 10.0; WOW64) AppleWebKit/537.36 (KHTML, like Gecko) Chrome/45.0.2454.93 Safari/537.36',
  'proxy-connection' => 'keep-alive',
  'accept' => 'application/json, text/javascript, */*; q=0.01',
  'x-devtools-emulate-network-conditions-client-id' => 'c36126a5-6423-46ab-a09b-629bf24c9407',
  'x-requested-with' => 'XMLHttpRequest',
  'accept-language' => 'zh-CN,zh;q=0.8,en-US;q=0.5,en;q=0.3',
  'resource-type' => '13',
  'referer' => 'http://www.hhqblog.com/',
  'content-type' => '',
  'content-length' => '',
)
[ info ] [ PARAM ] array (
  'page' => '1',
)
[ info ] [ CACHE ] INIT File
[ info ] [ DB ] INIT mysql
[ info ] [ RUN ] app\index\controller\Index->index[ /yjdata/www/hhqblog/application/index/controller/Index.php ]
[ info ] [ LOG ] INIT File
[ sql ] [ DB ] CONNECT:[ UseTime:0.000338s ] mysql:dbname=hhqblog;host=127.0.0.1;port=3306;charset=utf8
[ sql ] [ SQL ] SHOW COLUMNS FROM `think_article` [ RunTime:0.000789s ]
[ sql ] [ SQL ] SELECT * FROM `think_article` ORDER BY views desc LIMIT 8 [ RunTime:0.000780s ]
[ sql ] [ SQL ] SELECT * FROM `think_article` WHERE  `status` = 1  AND `type` = 2 ORDER BY id desc LIMIT 6 [ RunTime:0.000405s ]
[ sql ] [ SQL ] SELECT COUNT(*) AS tp_count FROM `think_article` WHERE  `status` = 1 LIMIT 1 [ RunTime:0.000409s ]
[ sql ] [ SQL ] SELECT `a`.*,`ac`.`name` FROM `think_article` `a` LEFT JOIN `think_article_cate` `ac` ON `a`.`cate_id`=`ac`.`id` WHERE  `a`.`status` = 1 ORDER BY id desc LIMIT 0,15 [ RunTime:0.000735s ]

---------------------------------------------------------------
[ 2017-08-30T12:47:19+08:00 ] 172.17.180.47 52.91.49.118 HEAD /administrator/
[ log ] hhqblog.com/administrator/ [运行时间：0.012777s][吞吐率：78.27req/s] [内存消耗：1,586.23kb] [文件加载：37]
[ info ] [ LANG ] /yjdata/www/hhqblog/thinkphp/lang/zh-cn.php
[ info ] [ ROUTE ] array (
  'type' => 'module',
  'module' => 
  array (
    0 => 'administrator',
    1 => 'index.php',
    2 => NULL,
  ),
)
[ info ] [ HEADER ] array (
  'user-agent' => 'Mozilla/5.0 (Windows NT 6.1; Win64; x64; rv:53.0) Gecko/20100101 Firefox/53.0',
  'host' => 'hhqblog.com',
  'connection' => 'Close',
  'content-type' => '',
  'content-length' => '',
)
[ info ] [ PARAM ] array (
)
[ info ] [ LOG ] INIT File

---------------------------------------------------------------
[ 2017-08-30T15:21:13+08:00 ] 172.17.180.47 151.80.46.90 GET /ar/32.html
[ log ] hhqblog.com/ar/32.html [运行时间：0.070181s][吞吐率：14.25req/s] [内存消耗：4,218.72kb] [文件加载：56]
[ info ] [ LANG ] /yjdata/www/hhqblog/thinkphp/lang/zh-cn.php
[ info ] [ ROUTE ] array (
  'type' => 'module',
  'module' => 
  array (
    0 => 'index',
    1 => 'Artical',
    2 => 'detail',
  ),
  'convert' => false,
)
[ info ] [ HEADER ] array (
  'accept' => 'text/html,text/plain,text/xml,text/*,application/xml,application/xhtml+xml,application/rss+xml,application/atom+xml,application/rdf+xml,application/php,application/x-php,application/x-httpd-php',
  'user-agent' => 'Mozilla/5.0 (compatible; MJ12bot/v1.4.7; http://mj12bot.com/)',
  'accept-language' => 'en',
  'host' => 'hhqblog.com',
  'content-type' => '',
  'content-length' => '',
)
[ info ] [ PARAM ] array (
  'id' => '32',
)
[ info ] [ CACHE ] INIT File
[ info ] [ DB ] INIT mysql
[ info ] [ RUN ] app\index\controller\Artical->detail[ /yjdata/www/hhqblog/application/index/controller/Artical.php ]
[ info ] [ VIEW ] /yjdata/www/hhqblog/public/../application/index/view/artical/detail.html [ array (
  0 => 'menu',
  1 => 'recommend',
  2 => 'newarticle',
  3 => 'hot',
  4 => 'article',
  5 => 'allpage',
) ]
[ info ] [ LOG ] INIT File
[ sql ] [ DB ] CONNECT:[ UseTime:0.000318s ] mysql:dbname=hhqblog;host=127.0.0.1;port=3306;charset=utf8
[ sql ] [ SQL ] SHOW COLUMNS FROM `think_article` [ RunTime:0.000776s ]
[ sql ] [ SQL ] SELECT * FROM `think_article` WHERE  `status` = 1  AND `is_tui` = 1 ORDER BY id desc LIMIT 8 [ RunTime:0.000978s ]
[ sql ] [ SQL ] SELECT * FROM `think_article` WHERE  `status` = 1 ORDER BY id desc LIMIT 8 [ RunTime:0.000412s ]
[ sql ] [ SQL ] SELECT * FROM `think_article` ORDER BY views desc LIMIT 8 [ RunTime:0.000582s ]
[ sql ] [ SQL ] SELECT `a`.*,`ca`.`name` FROM `think_article` `a` LEFT JOIN `think_article_cate` `ca` ON `a`.`cate_id`=`ca`.`id` WHERE  `a`.`id` = 32 LIMIT 1 [ RunTime:0.000243s ]

---------------------------------------------------------------
[ 2017-08-30T15:21:15+08:00 ] 172.17.180.47 151.80.46.90 GET /ar/33.html
[ log ] hhqblog.com/ar/33.html [运行时间：0.030659s][吞吐率：32.62req/s] [内存消耗：4,239.66kb] [文件加载：56]
[ info ] [ LANG ] /yjdata/www/hhqblog/thinkphp/lang/zh-cn.php
[ info ] [ ROUTE ] array (
  'type' => 'module',
  'module' => 
  array (
    0 => 'index',
    1 => 'Artical',
    2 => 'detail',
  ),
  'convert' => false,
)
[ info ] [ HEADER ] array (
  'accept' => 'text/html,text/plain,text/xml,text/*,application/xml,application/xhtml+xml,application/rss+xml,application/atom+xml,application/rdf+xml,application/php,application/x-php,application/x-httpd-php',
  'user-agent' => 'Mozilla/5.0 (compatible; MJ12bot/v1.4.7; http://mj12bot.com/)',
  'accept-encoding' => 'gzip',
  'accept-language' => 'en',
  'host' => 'hhqblog.com',
  'content-type' => '',
  'content-length' => '',
)
[ info ] [ PARAM ] array (
  'id' => '33',
)
[ info ] [ CACHE ] INIT File
[ info ] [ DB ] INIT mysql
[ info ] [ RUN ] app\index\controller\Artical->detail[ /yjdata/www/hhqblog/application/index/controller/Artical.php ]
[ info ] [ VIEW ] /yjdata/www/hhqblog/public/../application/index/view/artical/detail.html [ array (
  0 => 'menu',
  1 => 'recommend',
  2 => 'newarticle',
  3 => 'hot',
  4 => 'article',
  5 => 'allpage',
) ]
[ info ] [ LOG ] INIT File
[ sql ] [ DB ] CONNECT:[ UseTime:0.000316s ] mysql:dbname=hhqblog;host=127.0.0.1;port=3306;charset=utf8
[ sql ] [ SQL ] SHOW COLUMNS FROM `think_article` [ RunTime:0.000781s ]
[ sql ] [ SQL ] SELECT * FROM `think_article` ORDER BY views desc LIMIT 8 [ RunTime:0.000797s ]
[ sql ] [ SQL ] SELECT `a`.*,`ca`.`name` FROM `think_article` `a` LEFT JOIN `think_article_cate` `ca` ON `a`.`cate_id`=`ca`.`id` WHERE  `a`.`id` = 33 LIMIT 1 [ RunTime:0.000273s ]

---------------------------------------------------------------
[ 2017-08-30T15:21:57+08:00 ] 172.17.180.47 157.55.39.210 GET /
[ log ] hhqblog.com/ [运行时间：0.038275s][吞吐率：26.13req/s] [内存消耗：5,424.89kb] [文件加载：56]
[ info ] [ LANG ] /yjdata/www/hhqblog/thinkphp/lang/zh-cn.php
[ info ] [ ROUTE ] array (
  'type' => 'module',
  'module' => 
  array (
    0 => '',
    1 => NULL,
    2 => NULL,
  ),
)
[ info ] [ HEADER ] array (
  'cache-control' => 'no-cache',
  'connection' => 'Keep-Alive',
  'pragma' => 'no-cache',
  'accept' => '*/*',
  'accept-encoding' => 'gzip, deflate',
  'from' => 'bingbot(at)microsoft.com',
  'host' => 'hhqblog.com',
  'user-agent' => 'Mozilla/5.0 (compatible; bingbot/2.0; +http://www.bing.com/bingbot.htm)',
  'content-type' => '',
  'content-length' => '',
)
[ info ] [ PARAM ] array (
)
[ info ] [ CACHE ] INIT File
[ info ] [ DB ] INIT mysql
[ info ] [ RUN ] app\index\controller\Index->index[ /yjdata/www/hhqblog/application/index/controller/Index.php ]
[ info ] [ VIEW ] /yjdata/www/hhqblog/public/../application/index/view/index/index.html [ array (
  0 => 'menu',
  1 => 'recommend',
  2 => 'newarticle',
  3 => 'hot',
  4 => 'list',
  5 => 'allpage',
  6 => 'top_line',
  7 => 'carousel',
) ]
[ info ] [ LOG ] INIT File
[ sql ] [ DB ] CONNECT:[ UseTime:0.000366s ] mysql:dbname=hhqblog;host=127.0.0.1;port=3306;charset=utf8
[ sql ] [ SQL ] SHOW COLUMNS FROM `think_article` [ RunTime:0.001835s ]
[ sql ] [ SQL ] SELECT * FROM `think_article` ORDER BY views desc LIMIT 8 [ RunTime:0.000809s ]
[ sql ] [ SQL ] SELECT * FROM `think_article` WHERE  `status` = 1  AND `type` = 1 ORDER BY id desc LIMIT 6 [ RunTime:0.000399s ]
[ sql ] [ SQL ] SELECT * FROM `think_article` WHERE  `status` = 1  AND `type` = 2 ORDER BY id desc LIMIT 6 [ RunTime:0.000377s ]
[ sql ] [ SQL ] SELECT COUNT(*) AS tp_count FROM `think_article` WHERE  `status` = 1 LIMIT 1 [ RunTime:0.000420s ]
[ sql ] [ SQL ] SELECT `a`.*,`ac`.`name` FROM `think_article` `a` LEFT JOIN `think_article_cate` `ac` ON `a`.`cate_id`=`ac`.`id` WHERE  `a`.`status` = 1 ORDER BY id desc LIMIT 0,15 [ RunTime:0.000771s ]

---------------------------------------------------------------
[ 2017-08-30T15:41:04+08:00 ] 172.17.180.47 106.11.153.67 GET /
[ log ] www.hhqblog.com/ [运行时间：0.032491s][吞吐率：30.78req/s] [内存消耗：5,437.66kb] [文件加载：56]
[ info ] [ LANG ] /yjdata/www/hhqblog/thinkphp/lang/zh-cn.php
[ info ] [ ROUTE ] array (
  'type' => 'module',
  'module' => 
  array (
    0 => '',
    1 => NULL,
    2 => NULL,
  ),
)
[ info ] [ HEADER ] array (
  'accept-language' => 'zh-cn,en-us,zh-tw,en-gb,en;',
  'host' => 'www.hhqblog.com',
  'accept-encoding' => 'gzip',
  'accept' => '*/*',
  'connection' => 'Keep-Alive',
  'user-agent' => 'YisouSpider',
  'content-type' => '',
  'content-length' => '',
)
[ info ] [ PARAM ] array (
)
[ info ] [ CACHE ] INIT File
[ info ] [ DB ] INIT mysql
[ info ] [ RUN ] app\index\controller\Index->index[ /yjdata/www/hhqblog/application/index/controller/Index.php ]
[ info ] [ VIEW ] /yjdata/www/hhqblog/public/../application/index/view/index/index.html [ array (
  0 => 'menu',
  1 => 'recommend',
  2 => 'newarticle',
  3 => 'hot',
  4 => 'list',
  5 => 'allpage',
  6 => 'top_line',
  7 => 'carousel',
) ]
[ info ] [ LOG ] INIT File
[ sql ] [ DB ] CONNECT:[ UseTime:0.000290s ] mysql:dbname=hhqblog;host=127.0.0.1;port=3306;charset=utf8
[ sql ] [ SQL ] SHOW COLUMNS FROM `think_article` [ RunTime:0.000783s ]
[ sql ] [ SQL ] SELECT * FROM `think_article` ORDER BY views desc LIMIT 8 [ RunTime:0.000773s ]
[ sql ] [ SQL ] SELECT * FROM `think_article` WHERE  `status` = 1  AND `type` = 2 ORDER BY id desc LIMIT 6 [ RunTime:0.000414s ]
[ sql ] [ SQL ] SELECT COUNT(*) AS tp_count FROM `think_article` WHERE  `status` = 1 LIMIT 1 [ RunTime:0.000416s ]
[ sql ] [ SQL ] SELECT `a`.*,`ac`.`name` FROM `think_article` `a` LEFT JOIN `think_article_cate` `ac` ON `a`.`cate_id`=`ac`.`id` WHERE  `a`.`status` = 1 ORDER BY id desc LIMIT 0,15 [ RunTime:0.000768s ]

---------------------------------------------------------------
[ 2017-08-30T15:51:55+08:00 ] 172.17.180.47 168.1.128.51 GET /
[ log ] hhqblog.com/ [运行时间：0.032025s][吞吐率：31.23req/s] [内存消耗：5,437.09kb] [文件加载：56]
[ info ] [ LANG ] /yjdata/www/hhqblog/thinkphp/lang/zh-cn.php
[ info ] [ ROUTE ] array (
  'type' => 'module',
  'module' => 
  array (
    0 => '',
    1 => NULL,
    2 => NULL,
  ),
)
[ info ] [ HEADER ] array (
  'host' => 'hhqblog.com',
  'content-type' => '',
  'content-length' => '',
)
[ info ] [ PARAM ] array (
)
[ info ] [ CACHE ] INIT File
[ info ] [ DB ] INIT mysql
[ info ] [ RUN ] app\index\controller\Index->index[ /yjdata/www/hhqblog/application/index/controller/Index.php ]
[ info ] [ VIEW ] /yjdata/www/hhqblog/public/../application/index/view/index/index.html [ array (
  0 => 'menu',
  1 => 'recommend',
  2 => 'newarticle',
  3 => 'hot',
  4 => 'list',
  5 => 'allpage',
  6 => 'top_line',
  7 => 'carousel',
) ]
[ info ] [ LOG ] INIT File
[ sql ] [ DB ] CONNECT:[ UseTime:0.000302s ] mysql:dbname=hhqblog;host=127.0.0.1;port=3306;charset=utf8
[ sql ] [ SQL ] SHOW COLUMNS FROM `think_article` [ RunTime:0.000775s ]
[ sql ] [ SQL ] SELECT * FROM `think_article` ORDER BY views desc LIMIT 8 [ RunTime:0.000770s ]
[ sql ] [ SQL ] SELECT * FROM `think_article` WHERE  `status` = 1  AND `type` = 2 ORDER BY id desc LIMIT 6 [ RunTime:0.000415s ]
[ sql ] [ SQL ] SELECT COUNT(*) AS tp_count FROM `think_article` WHERE  `status` = 1 LIMIT 1 [ RunTime:0.000426s ]
[ sql ] [ SQL ] SELECT `a`.*,`ac`.`name` FROM `think_article` `a` LEFT JOIN `think_article_cate` `ac` ON `a`.`cate_id`=`ac`.`id` WHERE  `a`.`status` = 1 ORDER BY id desc LIMIT 0,15 [ RunTime:0.000735s ]

---------------------------------------------------------------
[ 2017-08-30T15:52:02+08:00 ] 172.17.180.47 168.1.128.51 GET /
[ log ] hhqblog.com/ [运行时间：0.036188s][吞吐率：27.63req/s] [内存消耗：5,437.09kb] [文件加载：56]
[ info ] [ LANG ] /yjdata/www/hhqblog/thinkphp/lang/zh-cn.php
[ info ] [ ROUTE ] array (
  'type' => 'module',
  'module' => 
  array (
    0 => '',
    1 => NULL,
    2 => NULL,
  ),
)
[ info ] [ HEADER ] array (
  'host' => 'hhqblog.com',
  'content-type' => '',
  'content-length' => '',
)
[ info ] [ PARAM ] array (
)
[ info ] [ CACHE ] INIT File
[ info ] [ DB ] INIT mysql
[ info ] [ RUN ] app\index\controller\Index->index[ /yjdata/www/hhqblog/application/index/controller/Index.php ]
[ info ] [ VIEW ] /yjdata/www/hhqblog/public/../application/index/view/index/index.html [ array (
  0 => 'menu',
  1 => 'recommend',
  2 => 'newarticle',
  3 => 'hot',
  4 => 'list',
  5 => 'allpage',
  6 => 'top_line',
  7 => 'carousel',
) ]
[ info ] [ LOG ] INIT File
[ sql ] [ DB ] CONNECT:[ UseTime:0.000363s ] mysql:dbname=hhqblog;host=127.0.0.1;port=3306;charset=utf8
[ sql ] [ SQL ] SHOW COLUMNS FROM `think_article` [ RunTime:0.000851s ]
[ sql ] [ SQL ] SELECT * FROM `think_article` ORDER BY views desc LIMIT 8 [ RunTime:0.000838s ]
[ sql ] [ SQL ] SELECT * FROM `think_article` WHERE  `status` = 1  AND `type` = 2 ORDER BY id desc LIMIT 6 [ RunTime:0.000468s ]
[ sql ] [ SQL ] SELECT COUNT(*) AS tp_count FROM `think_article` WHERE  `status` = 1 LIMIT 1 [ RunTime:0.000468s ]
[ sql ] [ SQL ] SELECT `a`.*,`ac`.`name` FROM `think_article` `a` LEFT JOIN `think_article_cate` `ac` ON `a`.`cate_id`=`ac`.`id` WHERE  `a`.`status` = 1 ORDER BY id desc LIMIT 0,15 [ RunTime:0.000797s ]

---------------------------------------------------------------
[ 2017-08-30T16:01:25+08:00 ] 172.17.180.47 106.11.153.67 GET /ar/35.html
[ log ] hhqblog.com/ar/35.html [运行时间：0.030186s][吞吐率：33.13req/s] [内存消耗：4,339.30kb] [文件加载：56]
[ info ] [ LANG ] /yjdata/www/hhqblog/thinkphp/lang/zh-cn.php
[ info ] [ ROUTE ] array (
  'type' => 'module',
  'module' => 
  array (
    0 => 'index',
    1 => 'Artical',
    2 => 'detail',
  ),
  'convert' => false,
)
[ info ] [ HEADER ] array (
  'accept-language' => 'zh-cn,en-us,zh-tw,en-gb,en;',
  'host' => 'hhqblog.com',
  'accept-encoding' => 'gzip',
  'accept' => '*/*',
  'connection' => 'Keep-Alive',
  'user-agent' => 'YisouSpider',
  'content-type' => '',
  'content-length' => '',
)
[ info ] [ PARAM ] array (
  'id' => '35',
)
[ info ] [ CACHE ] INIT File
[ info ] [ DB ] INIT mysql
[ info ] [ RUN ] app\index\controller\Artical->detail[ /yjdata/www/hhqblog/application/index/controller/Artical.php ]
[ info ] [ VIEW ] /yjdata/www/hhqblog/public/../application/index/view/artical/detail.html [ array (
  0 => 'menu',
  1 => 'recommend',
  2 => 'newarticle',
  3 => 'hot',
  4 => 'article',
  5 => 'allpage',
) ]
[ info ] [ LOG ] INIT File
[ sql ] [ DB ] CONNECT:[ UseTime:0.000334s ] mysql:dbname=hhqblog;host=127.0.0.1;port=3306;charset=utf8
[ sql ] [ SQL ] SHOW COLUMNS FROM `think_article` [ RunTime:0.000760s ]
[ sql ] [ SQL ] SELECT * FROM `think_article` ORDER BY views desc LIMIT 8 [ RunTime:0.000775s ]
[ sql ] [ SQL ] SELECT `a`.*,`ca`.`name` FROM `think_article` `a` LEFT JOIN `think_article_cate` `ca` ON `a`.`cate_id`=`ca`.`id` WHERE  `a`.`id` = 35 LIMIT 1 [ RunTime:0.000300s ]

---------------------------------------------------------------
[ 2017-08-30T16:43:04+08:00 ] 172.17.180.47 5.255.250.29 GET /
[ log ] www.hhqblog.com/ [运行时间：0.036031s][吞吐率：27.75req/s] [内存消耗：5,402.04kb] [文件加载：56]
[ info ] [ LANG ] /yjdata/www/hhqblog/thinkphp/lang/zh-cn.php
[ info ] [ ROUTE ] array (
  'type' => 'module',
  'module' => 
  array (
    0 => '',
    1 => NULL,
    2 => NULL,
  ),
)
[ info ] [ HEADER ] array (
  'host' => 'www.hhqblog.com',
  'connection' => 'Keep-Alive',
  'user-agent' => 'Mozilla/5.0 (compatible; YandexBot/3.0; +http://yandex.com/bots)',
  'from' => 'support@search.yandex.ru',
  'accept-encoding' => 'gzip,deflate',
  'accept-language' => 'ru, uk;q=0.8, be;q=0.8, en;q=0.7, *;q=0.01',
  'accept' => '*/*',
  'content-type' => '',
  'content-length' => '',
)
[ info ] [ PARAM ] array (
)
[ info ] [ CACHE ] INIT File
[ info ] [ DB ] INIT mysql
[ info ] [ RUN ] app\index\controller\Index->index[ /yjdata/www/hhqblog/application/index/controller/Index.php ]
[ info ] [ VIEW ] /yjdata/www/hhqblog/public/../application/index/view/index/index.html [ array (
  0 => 'menu',
  1 => 'recommend',
  2 => 'newarticle',
  3 => 'hot',
  4 => 'list',
  5 => 'allpage',
  6 => 'top_line',
  7 => 'carousel',
) ]
[ info ] [ LOG ] INIT File
[ sql ] [ DB ] CONNECT:[ UseTime:0.000294s ] mysql:dbname=hhqblog;host=127.0.0.1;port=3306;charset=utf8
[ sql ] [ SQL ] SHOW COLUMNS FROM `think_article` [ RunTime:0.000751s ]
[ sql ] [ SQL ] SELECT * FROM `think_article` WHERE  `status` = 1  AND `is_tui` = 1 ORDER BY id desc LIMIT 8 [ RunTime:0.000961s ]
[ sql ] [ SQL ] SELECT * FROM `think_article` WHERE  `status` = 1 ORDER BY id desc LIMIT 8 [ RunTime:0.000423s ]
[ sql ] [ SQL ] SELECT * FROM `think_article` ORDER BY views desc LIMIT 8 [ RunTime:0.000556s ]
[ sql ] [ SQL ] SELECT * FROM `think_article` WHERE  `status` = 1  AND `type` = 1 ORDER BY id desc LIMIT 6 [ RunTime:0.000364s ]
[ sql ] [ SQL ] SELECT * FROM `think_article` WHERE  `status` = 1  AND `type` = 2 ORDER BY id desc LIMIT 6 [ RunTime:0.000343s ]
[ sql ] [ SQL ] SELECT COUNT(*) AS tp_count FROM `think_article` WHERE  `status` = 1 LIMIT 1 [ RunTime:0.000375s ]
[ sql ] [ SQL ] SELECT `a`.*,`ac`.`name` FROM `think_article` `a` LEFT JOIN `think_article_cate` `ac` ON `a`.`cate_id`=`ac`.`id` WHERE  `a`.`status` = 1 ORDER BY id desc LIMIT 0,15 [ RunTime:0.000652s ]

---------------------------------------------------------------
[ 2017-08-30T16:43:11+08:00 ] 172.17.180.47 84.201.133.10 GET /
[ log ] hhqblog.com/ [运行时间：0.032800s][吞吐率：30.49req/s] [内存消耗：5,438.27kb] [文件加载：56]
[ info ] [ LANG ] /yjdata/www/hhqblog/thinkphp/lang/zh-cn.php
[ info ] [ ROUTE ] array (
  'type' => 'module',
  'module' => 
  array (
    0 => '',
    1 => NULL,
    2 => NULL,
  ),
)
[ info ] [ HEADER ] array (
  'host' => 'hhqblog.com',
  'connection' => 'Keep-Alive',
  'user-agent' => 'Mozilla/5.0 (compatible; YandexBot/3.0; +http://yandex.com/bots)',
  'from' => 'support@search.yandex.ru',
  'accept-encoding' => 'gzip,deflate',
  'accept-language' => 'ru, uk;q=0.8, be;q=0.8, en;q=0.7, *;q=0.01',
  'accept' => '*/*',
  'content-type' => '',
  'content-length' => '',
)
[ info ] [ PARAM ] array (
)
[ info ] [ CACHE ] INIT File
[ info ] [ DB ] INIT mysql
[ info ] [ RUN ] app\index\controller\Index->index[ /yjdata/www/hhqblog/application/index/controller/Index.php ]
[ info ] [ VIEW ] /yjdata/www/hhqblog/public/../application/index/view/index/index.html [ array (
  0 => 'menu',
  1 => 'recommend',
  2 => 'newarticle',
  3 => 'hot',
  4 => 'list',
  5 => 'allpage',
  6 => 'top_line',
  7 => 'carousel',
) ]
[ info ] [ LOG ] INIT File
[ sql ] [ DB ] CONNECT:[ UseTime:0.000295s ] mysql:dbname=hhqblog;host=127.0.0.1;port=3306;charset=utf8
[ sql ] [ SQL ] SHOW COLUMNS FROM `think_article` [ RunTime:0.000746s ]
[ sql ] [ SQL ] SELECT * FROM `think_article` ORDER BY views desc LIMIT 8 [ RunTime:0.000731s ]
[ sql ] [ SQL ] SELECT * FROM `think_article` WHERE  `status` = 1  AND `type` = 2 ORDER BY id desc LIMIT 6 [ RunTime:0.000419s ]
[ sql ] [ SQL ] SELECT COUNT(*) AS tp_count FROM `think_article` WHERE  `status` = 1 LIMIT 1 [ RunTime:0.000388s ]
[ sql ] [ SQL ] SELECT `a`.*,`ac`.`name` FROM `think_article` `a` LEFT JOIN `think_article_cate` `ac` ON `a`.`cate_id`=`ac`.`id` WHERE  `a`.`status` = 1 ORDER BY id desc LIMIT 0,15 [ RunTime:0.000761s ]

---------------------------------------------------------------
[ 2017-08-30T17:05:06+08:00 ] 172.17.180.47 106.11.153.67 GET /ar/38.html
[ log ] www.hhqblog.com/ar/38.html [运行时间：0.032008s][吞吐率：31.24req/s] [内存消耗：4,647.70kb] [文件加载：56]
[ info ] [ LANG ] /yjdata/www/hhqblog/thinkphp/lang/zh-cn.php
[ info ] [ ROUTE ] array (
  'type' => 'module',
  'module' => 
  array (
    0 => 'index',
    1 => 'Artical',
    2 => 'detail',
  ),
  'convert' => false,
)
[ info ] [ HEADER ] array (
  'accept-language' => 'zh-cn,en-us,zh-tw,en-gb,en;',
  'host' => 'www.hhqblog.com',
  'accept-encoding' => 'gzip',
  'accept' => '*/*',
  'connection' => 'Keep-Alive',
  'user-agent' => 'YisouSpider',
  'content-type' => '',
  'content-length' => '',
)
[ info ] [ PARAM ] array (
  'id' => '38',
)
[ info ] [ CACHE ] INIT File
[ info ] [ DB ] INIT mysql
[ info ] [ RUN ] app\index\controller\Artical->detail[ /yjdata/www/hhqblog/application/index/controller/Artical.php ]
[ info ] [ VIEW ] /yjdata/www/hhqblog/public/../application/index/view/artical/detail.html [ array (
  0 => 'menu',
  1 => 'recommend',
  2 => 'newarticle',
  3 => 'hot',
  4 => 'article',
  5 => 'allpage',
) ]
[ info ] [ LOG ] INIT File
[ sql ] [ DB ] CONNECT:[ UseTime:0.000318s ] mysql:dbname=hhqblog;host=127.0.0.1;port=3306;charset=utf8
[ sql ] [ SQL ] SHOW COLUMNS FROM `think_article` [ RunTime:0.000755s ]
[ sql ] [ SQL ] SELECT * FROM `think_article` ORDER BY views desc LIMIT 8 [ RunTime:0.000735s ]
[ sql ] [ SQL ] SELECT `a`.*,`ca`.`name` FROM `think_article` `a` LEFT JOIN `think_article_cate` `ca` ON `a`.`cate_id`=`ca`.`id` WHERE  `a`.`id` = 38 LIMIT 1 [ RunTime:0.000487s ]

---------------------------------------------------------------
[ 2017-08-30T17:16:33+08:00 ] 172.17.180.47 123.125.71.60 GET /
[ log ] www.hhqblog.com/ [运行时间：0.033111s][吞吐率：30.20req/s] [内存消耗：5,438.14kb] [文件加载：56]
[ info ] [ LANG ] /yjdata/www/hhqblog/thinkphp/lang/zh-cn.php
[ info ] [ ROUTE ] array (
  'type' => 'module',
  'module' => 
  array (
    0 => '',
    1 => NULL,
    2 => NULL,
  ),
)
[ info ] [ HEADER ] array (
  'host' => 'www.hhqblog.com',
  'connection' => 'close',
  'user-agent' => 'Mozilla/5.0 (compatible; Baiduspider/2.0; +http://www.baidu.com/search/spider.html)',
  'accept-language' => 'zh-cn,zh-tw',
  'if-none-match' => '"@NULL@"',
  'accept-encoding' => 'gzip',
  'accept' => '*/*',
  'content-type' => '',
  'content-length' => '',
)
[ info ] [ PARAM ] array (
)
[ info ] [ CACHE ] INIT File
[ info ] [ DB ] INIT mysql
[ info ] [ RUN ] app\index\controller\Index->index[ /yjdata/www/hhqblog/application/index/controller/Index.php ]
[ info ] [ VIEW ] /yjdata/www/hhqblog/public/../application/index/view/index/index.html [ array (
  0 => 'menu',
  1 => 'recommend',
  2 => 'newarticle',
  3 => 'hot',
  4 => 'list',
  5 => 'allpage',
  6 => 'top_line',
  7 => 'carousel',
) ]
[ info ] [ LOG ] INIT File
[ sql ] [ DB ] CONNECT:[ UseTime:0.000289s ] mysql:dbname=hhqblog;host=127.0.0.1;port=3306;charset=utf8
[ sql ] [ SQL ] SHOW COLUMNS FROM `think_article` [ RunTime:0.000761s ]
[ sql ] [ SQL ] SELECT * FROM `think_article` ORDER BY views desc LIMIT 8 [ RunTime:0.000713s ]
[ sql ] [ SQL ] SELECT * FROM `think_article` WHERE  `status` = 1  AND `type` = 2 ORDER BY id desc LIMIT 6 [ RunTime:0.000420s ]
[ sql ] [ SQL ] SELECT COUNT(*) AS tp_count FROM `think_article` WHERE  `status` = 1 LIMIT 1 [ RunTime:0.000374s ]
[ sql ] [ SQL ] SELECT `a`.*,`ac`.`name` FROM `think_article` `a` LEFT JOIN `think_article_cate` `ac` ON `a`.`cate_id`=`ac`.`id` WHERE  `a`.`status` = 1 ORDER BY id desc LIMIT 0,15 [ RunTime:0.000726s ]

---------------------------------------------------------------
[ 2017-08-30T17:16:44+08:00 ] 172.17.180.47 111.206.221.78 GET /index/index/index.html?page=1
[ log ] www.hhqblog.com/index/index/index.html?page=1 [运行时间：0.062717s][吞吐率：15.94req/s] [内存消耗：5,413.50kb] [文件加载：55]
[ info ] [ LANG ] /yjdata/www/hhqblog/thinkphp/lang/zh-cn.php
[ info ] [ ROUTE ] array (
  'type' => 'module',
  'module' => 
  array (
    0 => 'index',
    1 => 'index',
    2 => 'index',
  ),
)
[ info ] [ HEADER ] array (
  'host' => 'www.hhqblog.com',
  'user-agent' => 'Mozilla/5.0 (iPhone; CPU iPhone OS 9_1 like Mac OS X) AppleWebKit/601.1.46 (KHTML, like Gecko) Version/9.0 Mobile/13B143 Safari/601.1 (compatible; Baiduspider-render/2.0; +http://www.baidu.com/search/spider.html)',
  'proxy-connection' => 'keep-alive',
  'accept' => 'application/json, text/javascript, */*; q=0.01',
  'x-devtools-emulate-network-conditions-client-id' => 'a4684c4c-b48c-411b-93f9-bb7bde044236',
  'x-requested-with' => 'XMLHttpRequest',
  'accept-language' => 'zh-CN,zh;q=0.8,en-US;q=0.5,en;q=0.3',
  'resource-type' => '13',
  'referer' => 'http://www.hhqblog.com/',
  'content-type' => '',
  'content-length' => '',
)
[ info ] [ PARAM ] array (
  'page' => '1',
)
[ info ] [ CACHE ] INIT File
[ info ] [ DB ] INIT mysql
[ info ] [ RUN ] app\index\controller\Index->index[ /yjdata/www/hhqblog/application/index/controller/Index.php ]
[ info ] [ LOG ] INIT File
[ sql ] [ DB ] CONNECT:[ UseTime:0.000299s ] mysql:dbname=hhqblog;host=127.0.0.1;port=3306;charset=utf8
[ sql ] [ SQL ] SHOW COLUMNS FROM `think_article` [ RunTime:0.000766s ]
[ sql ] [ SQL ] SELECT * FROM `think_article` ORDER BY views desc LIMIT 8 [ RunTime:0.000777s ]
[ sql ] [ SQL ] SELECT * FROM `think_article` WHERE  `status` = 1  AND `type` = 2 ORDER BY id desc LIMIT 6 [ RunTime:0.000428s ]
[ sql ] [ SQL ] SELECT COUNT(*) AS tp_count FROM `think_article` WHERE  `status` = 1 LIMIT 1 [ RunTime:0.000416s ]
[ sql ] [ SQL ] SELECT `a`.*,`ac`.`name` FROM `think_article` `a` LEFT JOIN `think_article_cate` `ac` ON `a`.`cate_id`=`ac`.`id` WHERE  `a`.`status` = 1 ORDER BY id desc LIMIT 0,15 [ RunTime:0.000800s ]

---------------------------------------------------------------
[ 2017-08-30T18:13:25+08:00 ] 172.17.180.47 157.55.39.36 GET /
[ log ] www.hhqblog.com/ [运行时间：0.036118s][吞吐率：27.69req/s] [内存消耗：5,401.91kb] [文件加载：56]
[ info ] [ LANG ] /yjdata/www/hhqblog/thinkphp/lang/zh-cn.php
[ info ] [ ROUTE ] array (
  'type' => 'module',
  'module' => 
  array (
    0 => '',
    1 => NULL,
    2 => NULL,
  ),
)
[ info ] [ HEADER ] array (
  'cache-control' => 'no-cache',
  'connection' => 'Keep-Alive',
  'pragma' => 'no-cache',
  'accept' => '*/*',
  'accept-encoding' => 'gzip, deflate',
  'from' => 'bingbot(at)microsoft.com',
  'host' => 'www.hhqblog.com',
  'user-agent' => 'Mozilla/5.0 (compatible; bingbot/2.0; +http://www.bing.com/bingbot.htm)',
  'content-type' => '',
  'content-length' => '',
)
[ info ] [ PARAM ] array (
)
[ info ] [ CACHE ] INIT File
[ info ] [ DB ] INIT mysql
[ info ] [ RUN ] app\index\controller\Index->index[ /yjdata/www/hhqblog/application/index/controller/Index.php ]
[ info ] [ VIEW ] /yjdata/www/hhqblog/public/../application/index/view/index/index.html [ array (
  0 => 'menu',
  1 => 'recommend',
  2 => 'newarticle',
  3 => 'hot',
  4 => 'list',
  5 => 'allpage',
  6 => 'top_line',
  7 => 'carousel',
) ]
[ info ] [ LOG ] INIT File
[ sql ] [ DB ] CONNECT:[ UseTime:0.000306s ] mysql:dbname=hhqblog;host=127.0.0.1;port=3306;charset=utf8
[ sql ] [ SQL ] SHOW COLUMNS FROM `think_article` [ RunTime:0.000766s ]
[ sql ] [ SQL ] SELECT * FROM `think_article` WHERE  `status` = 1  AND `is_tui` = 1 ORDER BY id desc LIMIT 8 [ RunTime:0.000951s ]
[ sql ] [ SQL ] SELECT * FROM `think_article` WHERE  `status` = 1 ORDER BY id desc LIMIT 8 [ RunTime:0.000425s ]
[ sql ] [ SQL ] SELECT * FROM `think_article` ORDER BY views desc LIMIT 8 [ RunTime:0.000568s ]
[ sql ] [ SQL ] SELECT * FROM `think_article` WHERE  `status` = 1  AND `type` = 1 ORDER BY id desc LIMIT 6 [ RunTime:0.000362s ]
[ sql ] [ SQL ] SELECT * FROM `think_article` WHERE  `status` = 1  AND `type` = 2 ORDER BY id desc LIMIT 6 [ RunTime:0.000359s ]
[ sql ] [ SQL ] SELECT COUNT(*) AS tp_count FROM `think_article` WHERE  `status` = 1 LIMIT 1 [ RunTime:0.000417s ]
[ sql ] [ SQL ] SELECT `a`.*,`ac`.`name` FROM `think_article` `a` LEFT JOIN `think_article_cate` `ac` ON `a`.`cate_id`=`ac`.`id` WHERE  `a`.`status` = 1 ORDER BY id desc LIMIT 0,15 [ RunTime:0.000675s ]

---------------------------------------------------------------
[ 2017-08-30T18:51:45+08:00 ] 172.17.180.47 106.11.153.67 GET /ar/23.html
[ log ] www.hhqblog.com/ar/23.html [运行时间：0.030887s][吞吐率：32.38req/s] [内存消耗：4,242.27kb] [文件加载：56]
[ info ] [ LANG ] /yjdata/www/hhqblog/thinkphp/lang/zh-cn.php
[ info ] [ ROUTE ] array (
  'type' => 'module',
  'module' => 
  array (
    0 => 'index',
    1 => 'Artical',
    2 => 'detail',
  ),
  'convert' => false,
)
[ info ] [ HEADER ] array (
  'accept-language' => 'zh-cn,en-us,zh-tw,en-gb,en;',
  'host' => 'www.hhqblog.com',
  'accept-encoding' => 'gzip',
  'accept' => '*/*',
  'connection' => 'Keep-Alive',
  'user-agent' => 'YisouSpider',
  'content-type' => '',
  'content-length' => '',
)
[ info ] [ PARAM ] array (
  'id' => '23',
)
[ info ] [ CACHE ] INIT File
[ info ] [ DB ] INIT mysql
[ info ] [ RUN ] app\index\controller\Artical->detail[ /yjdata/www/hhqblog/application/index/controller/Artical.php ]
[ info ] [ VIEW ] /yjdata/www/hhqblog/public/../application/index/view/artical/detail.html [ array (
  0 => 'menu',
  1 => 'recommend',
  2 => 'newarticle',
  3 => 'hot',
  4 => 'article',
  5 => 'allpage',
) ]
[ info ] [ LOG ] INIT File
[ sql ] [ DB ] CONNECT:[ UseTime:0.000280s ] mysql:dbname=hhqblog;host=127.0.0.1;port=3306;charset=utf8
[ sql ] [ SQL ] SHOW COLUMNS FROM `think_article` [ RunTime:0.000767s ]
[ sql ] [ SQL ] SELECT * FROM `think_article` ORDER BY views desc LIMIT 8 [ RunTime:0.000770s ]
[ sql ] [ SQL ] SELECT `a`.*,`ca`.`name` FROM `think_article` `a` LEFT JOIN `think_article_cate` `ca` ON `a`.`cate_id`=`ca`.`id` WHERE  `a`.`id` = 23 LIMIT 1 [ RunTime:0.000260s ]

---------------------------------------------------------------
[ 2017-08-30T20:29:20+08:00 ] 172.17.180.47 5.255.250.29 GET /ar/34.html
[ log ] hhqblog.com/ar/34.html [运行时间：0.031942s][吞吐率：31.31req/s] [内存消耗：4,242.70kb] [文件加载：56]
[ info ] [ LANG ] /yjdata/www/hhqblog/thinkphp/lang/zh-cn.php
[ info ] [ ROUTE ] array (
  'type' => 'module',
  'module' => 
  array (
    0 => 'index',
    1 => 'Artical',
    2 => 'detail',
  ),
  'convert' => false,
)
[ info ] [ HEADER ] array (
  'host' => 'hhqblog.com',
  'connection' => 'Keep-Alive',
  'user-agent' => 'Mozilla/5.0 (compatible; YandexBot/3.0; +http://yandex.com/bots)',
  'from' => 'support@search.yandex.ru',
  'accept-encoding' => 'gzip,deflate',
  'accept' => '*/*',
  'content-type' => '',
  'content-length' => '',
)
[ info ] [ PARAM ] array (
  'id' => '34',
)
[ info ] [ CACHE ] INIT File
[ info ] [ DB ] INIT mysql
[ info ] [ RUN ] app\index\controller\Artical->detail[ /yjdata/www/hhqblog/application/index/controller/Artical.php ]
[ info ] [ VIEW ] /yjdata/www/hhqblog/public/../application/index/view/artical/detail.html [ array (
  0 => 'menu',
  1 => 'recommend',
  2 => 'newarticle',
  3 => 'hot',
  4 => 'article',
  5 => 'allpage',
) ]
[ info ] [ LOG ] INIT File
[ sql ] [ DB ] CONNECT:[ UseTime:0.000280s ] mysql:dbname=hhqblog;host=127.0.0.1;port=3306;charset=utf8
[ sql ] [ SQL ] SHOW COLUMNS FROM `think_article` [ RunTime:0.000720s ]
[ sql ] [ SQL ] SELECT * FROM `think_article` WHERE  `status` = 1  AND `is_tui` = 1 ORDER BY id desc LIMIT 8 [ RunTime:0.000883s ]
[ sql ] [ SQL ] SELECT * FROM `think_article` WHERE  `status` = 1 ORDER BY id desc LIMIT 8 [ RunTime:0.000401s ]
[ sql ] [ SQL ] SELECT * FROM `think_article` ORDER BY views desc LIMIT 8 [ RunTime:0.000534s ]
[ sql ] [ SQL ] SELECT `a`.*,`ca`.`name` FROM `think_article` `a` LEFT JOIN `think_article_cate` `ca` ON `a`.`cate_id`=`ca`.`id` WHERE  `a`.`id` = 34 LIMIT 1 [ RunTime:0.000248s ]

---------------------------------------------------------------
