[ 2017-03-30T22:35:13+08:00 ] 127.0.0.1 127.0.0.1 GET /
[ log ] www.hhqblog.com/ [运行时间：0.092682s][吞吐率：10.79req/s] [内存消耗：245.93kb] [文件加载：45]
[ info ] [ LANG ] E:\phpStudy\WWW\hblog\thinkphp\lang\zh-cn.php
[ info ] [ ROUTE ] array (
  'type' => 'module',
  'module' => 
  array (
    0 => '',
    1 => NULL,
    2 => NULL,
  ),
)
[ info ] [ HEADER ] array (
  'connection' => 'close',
  'upgrade-insecure-requests' => '1',
  'proxy-connection' => 'keep-alive',
  'accept-language' => 'zh-CN,zh;q=0.8',
  'accept-encoding' => 'gzip, deflate, sdch',
  'accept' => 'text/html,application/xhtml+xml,application/xml;q=0.9,image/webp,*/*;q=0.8',
  'user-agent' => 'Mozilla/5.0 (Windows NT 10.0; Win64; x64) AppleWebKit/537.36 (KHTML, like Gecko) Chrome/57.0.2987.98 Safari/537.36',
  'host' => 'www.hhqblog.com',
)
[ info ] [ PARAM ] array (
)
[ info ] [ RUN ] app\admin\controller\Index->index[ E:\phpStudy\WWW\hblog\application\admin\controller\Index.php ]
[ info ] [ VIEW ] E:\phpStudy\WWW\hblog\public/../application/admin\view\Public\index.html [ array (
) ]
[ info ] [ LOG ] INIT File

---------------------------------------------------------------
[ 2017-03-30T22:35:13+08:00 ] 127.0.0.1 127.0.0.1 GET /static/admin/js/layer/layer.min.js
[ log ] www.hhqblog.com/static/admin/js/layer/layer.min.js [运行时间：0.017668s][吞吐率：56.60req/s] [内存消耗：146.41kb] [文件加载：36]
[ info ] [ LANG ] E:\phpStudy\WWW\hblog\thinkphp\lang\zh-cn.php
[ info ] [ ROUTE ] array (
  'type' => 'module',
  'module' => 
  array (
    0 => 'static',
    1 => 'admin',
    2 => 'js',
  ),
)
[ info ] [ HEADER ] array (
  'connection' => 'close',
  'referer' => 'http://www.hhqblog.com/',
  'proxy-connection' => 'keep-alive',
  'accept-language' => 'zh-CN,zh;q=0.8',
  'accept-encoding' => 'gzip, deflate, sdch',
  'accept' => '*/*',
  'user-agent' => 'Mozilla/5.0 (Windows NT 10.0; Win64; x64) AppleWebKit/537.36 (KHTML, like Gecko) Chrome/57.0.2987.98 Safari/537.36',
  'host' => 'www.hhqblog.com',
)
[ info ] [ PARAM ] array (
  '/static/admin/js/layer/layer_min_js' => '',
  'layer' => 'layer.min.js',
)
[ info ] [ LOG ] INIT File

---------------------------------------------------------------
[ 2017-03-30T22:35:13+08:00 ] 127.0.0.1 127.0.0.1 GET /admin/index/main.html
[ log ] www.hhqblog.com/admin/index/main.html [运行时间：0.014918s][吞吐率：67.03req/s] [内存消耗：230.13kb] [文件加载：44]
[ info ] [ LANG ] E:\phpStudy\WWW\hblog\thinkphp\lang\zh-cn.php
[ info ] [ ROUTE ] array (
  'type' => 'module',
  'module' => 
  array (
    0 => 'admin',
    1 => 'index',
    2 => 'main',
  ),
)
[ info ] [ HEADER ] array (
  'connection' => 'close',
  'upgrade-insecure-requests' => '1',
  'referer' => 'http://www.hhqblog.com/',
  'proxy-connection' => 'keep-alive',
  'accept-language' => 'zh-CN,zh;q=0.8',
  'accept-encoding' => 'gzip, deflate, sdch',
  'accept' => 'text/html,application/xhtml+xml,application/xml;q=0.9,image/webp,*/*;q=0.8',
  'user-agent' => 'Mozilla/5.0 (Windows NT 10.0; Win64; x64) AppleWebKit/537.36 (KHTML, like Gecko) Chrome/57.0.2987.98 Safari/537.36',
  'host' => 'www.hhqblog.com',
)
[ info ] [ PARAM ] array (
  '/admin/index/main_html' => '',
)
[ info ] [ RUN ] app\admin\controller\Index->main[ E:\phpStudy\WWW\hblog\application\admin\controller\Index.php ]
[ info ] [ VIEW ] E:\phpStudy\WWW\hblog\public/../application/admin\view\index\index.html [ array (
  0 => 'info',
) ]
[ info ] [ LOG ] INIT File

---------------------------------------------------------------
[ 2017-03-30T22:35:14+08:00 ] 127.0.0.1 127.0.0.1 GET /static/admin/js/layer/layer.min.js
[ log ] www.hhqblog.com/static/admin/js/layer/layer.min.js [运行时间：0.007588s][吞吐率：131.78req/s] [内存消耗：144.32kb] [文件加载：36]
[ info ] [ LANG ] E:\phpStudy\WWW\hblog\thinkphp\lang\zh-cn.php
[ info ] [ ROUTE ] array (
  'type' => 'module',
  'module' => 
  array (
    0 => 'static',
    1 => 'admin',
    2 => 'js',
  ),
)
[ info ] [ HEADER ] array (
  'connection' => 'close',
  'referer' => 'http://www.hhqblog.com/admin/index/main.html',
  'proxy-connection' => 'keep-alive',
  'accept-language' => 'zh-CN,zh;q=0.8',
  'accept-encoding' => 'gzip, deflate, sdch',
  'accept' => '*/*',
  'user-agent' => 'Mozilla/5.0 (Windows NT 10.0; Win64; x64) AppleWebKit/537.36 (KHTML, like Gecko) Chrome/57.0.2987.98 Safari/537.36',
  'host' => 'www.hhqblog.com',
)
[ info ] [ PARAM ] array (
  '/static/admin/js/layer/layer_min_js' => '',
  'layer' => 'layer.min.js',
)
[ info ] [ LOG ] INIT File

---------------------------------------------------------------
[ 2017-03-30T22:35:14+08:00 ] 127.0.0.1 127.0.0.1 GET /static/admin/js/layer/layer.min.js
[ log ] www.hhqblog.com/static/admin/js/layer/layer.min.js [运行时间：0.005429s][吞吐率：184.19req/s] [内存消耗：144.32kb] [文件加载：36]
[ info ] [ LANG ] E:\phpStudy\WWW\hblog\thinkphp\lang\zh-cn.php
[ info ] [ ROUTE ] array (
  'type' => 'module',
  'module' => 
  array (
    0 => 'static',
    1 => 'admin',
    2 => 'js',
  ),
)
[ info ] [ HEADER ] array (
  'connection' => 'close',
  'referer' => 'http://www.hhqblog.com/admin/index/main.html',
  'proxy-connection' => 'keep-alive',
  'accept-language' => 'zh-CN,zh;q=0.8',
  'accept-encoding' => 'gzip, deflate, sdch',
  'accept' => '*/*',
  'user-agent' => 'Mozilla/5.0 (Windows NT 10.0; Win64; x64) AppleWebKit/537.36 (KHTML, like Gecko) Chrome/57.0.2987.98 Safari/537.36',
  'host' => 'www.hhqblog.com',
)
[ info ] [ PARAM ] array (
  '/static/admin/js/layer/layer_min_js' => '',
  'layer' => 'layer.min.js',
)
[ info ] [ LOG ] INIT File

---------------------------------------------------------------
