[ 2017-07-23T00:03:33+08:00 ] 172.17.180.47 144.76.12.66 GET /ar/19.html
[ log ] www.hhqblog.com/ar/19.html [运行时间：0.031772s][吞吐率：31.47req/s] [内存消耗：4,022.91kb] [文件加载：56]
[ info ] [ LANG ] /yjdata/www/hhqblog/thinkphp/lang/zh-cn.php
[ info ] [ ROUTE ] array (
  'type' => 'module',
  'module' => 
  array (
    0 => 'index',
    1 => 'Artical',
    2 => 'detail',
  ),
  'convert' => false,
)
[ info ] [ HEADER ] array (
  'accept' => 'text/html,text/plain,text/xml,text/*,application/xml,application/xhtml+xml,application/rss+xml,application/atom+xml,application/rdf+xml,application/php,application/x-php,application/x-httpd-php',
  'user-agent' => 'Mozilla/5.0 (compatible; MJ12bot/v1.4.7; http://mj12bot.com/)',
  'accept-language' => 'en',
  'host' => 'www.hhqblog.com',
  'content-type' => '',
  'content-length' => '',
)
[ info ] [ PARAM ] array (
  'id' => '19',
)
[ info ] [ CACHE ] INIT File
[ info ] [ DB ] INIT mysql
[ info ] [ RUN ] app\index\controller\Artical->detail[ /yjdata/www/hhqblog/application/index/controller/Artical.php ]
[ info ] [ VIEW ] /yjdata/www/hhqblog/public/../application/index/view/artical/detail.html [ array (
  0 => 'menu',
  1 => 'recommend',
  2 => 'newarticle',
  3 => 'hot',
  4 => 'article',
  5 => 'allpage',
) ]
[ info ] [ LOG ] INIT File
[ sql ] [ DB ] CONNECT:[ UseTime:0.000302s ] mysql:dbname=hhqblog;host=127.0.0.1;port=3306;charset=utf8
[ sql ] [ SQL ] SHOW COLUMNS FROM `think_article` [ RunTime:0.000801s ]
[ sql ] [ SQL ] SELECT * FROM `think_article` WHERE  `status` = 1  AND `is_tui` = 1 ORDER BY id desc LIMIT 8 [ RunTime:0.000709s ]
[ sql ] [ SQL ] SELECT * FROM `think_article` WHERE  `status` = 1 ORDER BY id desc LIMIT 8 [ RunTime:0.000339s ]
[ sql ] [ SQL ] SELECT * FROM `think_article` ORDER BY views desc LIMIT 8 [ RunTime:0.000365s ]
[ sql ] [ SQL ] SELECT `a`.*,`ca`.`name` FROM `think_article` `a` LEFT JOIN `think_article_cate` `ca` ON `a`.`cate_id`=`ca`.`id` WHERE  `a`.`id` = 19 LIMIT 1 [ RunTime:0.000227s ]

---------------------------------------------------------------
[ 2017-07-23T00:03:37+08:00 ] 172.17.180.47 144.76.12.66 GET /ar/20.html
[ log ] www.hhqblog.com/ar/20.html [运行时间：0.029529s][吞吐率：33.87req/s] [内存消耗：4,103.73kb] [文件加载：56]
[ info ] [ LANG ] /yjdata/www/hhqblog/thinkphp/lang/zh-cn.php
[ info ] [ ROUTE ] array (
  'type' => 'module',
  'module' => 
  array (
    0 => 'index',
    1 => 'Artical',
    2 => 'detail',
  ),
  'convert' => false,
)
[ info ] [ HEADER ] array (
  'accept' => 'text/html,text/plain,text/xml,text/*,application/xml,application/xhtml+xml,application/rss+xml,application/atom+xml,application/rdf+xml,application/php,application/x-php,application/x-httpd-php',
  'user-agent' => 'Mozilla/5.0 (compatible; MJ12bot/v1.4.7; http://mj12bot.com/)',
  'accept-encoding' => 'gzip',
  'accept-language' => 'en',
  'host' => 'www.hhqblog.com',
  'content-type' => '',
  'content-length' => '',
)
[ info ] [ PARAM ] array (
  'id' => '20',
)
[ info ] [ CACHE ] INIT File
[ info ] [ DB ] INIT mysql
[ info ] [ RUN ] app\index\controller\Artical->detail[ /yjdata/www/hhqblog/application/index/controller/Artical.php ]
[ info ] [ VIEW ] /yjdata/www/hhqblog/public/../application/index/view/artical/detail.html [ array (
  0 => 'menu',
  1 => 'recommend',
  2 => 'newarticle',
  3 => 'hot',
  4 => 'article',
  5 => 'allpage',
) ]
[ info ] [ LOG ] INIT File
[ sql ] [ DB ] CONNECT:[ UseTime:0.000280s ] mysql:dbname=hhqblog;host=127.0.0.1;port=3306;charset=utf8
[ sql ] [ SQL ] SHOW COLUMNS FROM `think_article` [ RunTime:0.000814s ]
[ sql ] [ SQL ] SELECT * FROM `think_article` ORDER BY views desc LIMIT 8 [ RunTime:0.000484s ]
[ sql ] [ SQL ] SELECT `a`.*,`ca`.`name` FROM `think_article` `a` LEFT JOIN `think_article_cate` `ca` ON `a`.`cate_id`=`ca`.`id` WHERE  `a`.`id` = 20 LIMIT 1 [ RunTime:0.000279s ]

---------------------------------------------------------------
[ 2017-07-23T00:03:41+08:00 ] 172.17.180.47 144.76.12.66 GET /ar/21.html
[ log ] www.hhqblog.com/ar/21.html [运行时间：0.029268s][吞吐率：34.17req/s] [内存消耗：4,051.93kb] [文件加载：56]
[ info ] [ LANG ] /yjdata/www/hhqblog/thinkphp/lang/zh-cn.php
[ info ] [ ROUTE ] array (
  'type' => 'module',
  'module' => 
  array (
    0 => 'index',
    1 => 'Artical',
    2 => 'detail',
  ),
  'convert' => false,
)
[ info ] [ HEADER ] array (
  'accept' => 'text/html,text/plain,text/xml,text/*,application/xml,application/xhtml+xml,application/rss+xml,application/atom+xml,application/rdf+xml,application/php,application/x-php,application/x-httpd-php',
  'user-agent' => 'Mozilla/5.0 (compatible; MJ12bot/v1.4.7; http://mj12bot.com/)',
  'accept-encoding' => 'gzip',
  'accept-language' => 'en',
  'host' => 'www.hhqblog.com',
  'content-type' => '',
  'content-length' => '',
)
[ info ] [ PARAM ] array (
  'id' => '21',
)
[ info ] [ CACHE ] INIT File
[ info ] [ DB ] INIT mysql
[ info ] [ RUN ] app\index\controller\Artical->detail[ /yjdata/www/hhqblog/application/index/controller/Artical.php ]
[ info ] [ VIEW ] /yjdata/www/hhqblog/public/../application/index/view/artical/detail.html [ array (
  0 => 'menu',
  1 => 'recommend',
  2 => 'newarticle',
  3 => 'hot',
  4 => 'article',
  5 => 'allpage',
) ]
[ info ] [ LOG ] INIT File
[ sql ] [ DB ] CONNECT:[ UseTime:0.000282s ] mysql:dbname=hhqblog;host=127.0.0.1;port=3306;charset=utf8
[ sql ] [ SQL ] SHOW COLUMNS FROM `think_article` [ RunTime:0.000820s ]
[ sql ] [ SQL ] SELECT * FROM `think_article` ORDER BY views desc LIMIT 8 [ RunTime:0.000491s ]
[ sql ] [ SQL ] SELECT `a`.*,`ca`.`name` FROM `think_article` `a` LEFT JOIN `think_article_cate` `ca` ON `a`.`cate_id`=`ca`.`id` WHERE  `a`.`id` = 21 LIMIT 1 [ RunTime:0.000265s ]

---------------------------------------------------------------
[ 2017-07-23T00:03:43+08:00 ] 172.17.180.47 144.76.12.66 GET /ar/23.html
[ log ] www.hhqblog.com/ar/23.html [运行时间：0.029765s][吞吐率：33.60req/s] [内存消耗：4,073.13kb] [文件加载：56]
[ info ] [ LANG ] /yjdata/www/hhqblog/thinkphp/lang/zh-cn.php
[ info ] [ ROUTE ] array (
  'type' => 'module',
  'module' => 
  array (
    0 => 'index',
    1 => 'Artical',
    2 => 'detail',
  ),
  'convert' => false,
)
[ info ] [ HEADER ] array (
  'accept' => 'text/html,text/plain,text/xml,text/*,application/xml,application/xhtml+xml,application/rss+xml,application/atom+xml,application/rdf+xml,application/php,application/x-php,application/x-httpd-php',
  'user-agent' => 'Mozilla/5.0 (compatible; MJ12bot/v1.4.7; http://mj12bot.com/)',
  'accept-encoding' => 'gzip',
  'accept-language' => 'en',
  'host' => 'www.hhqblog.com',
  'content-type' => '',
  'content-length' => '',
)
[ info ] [ PARAM ] array (
  'id' => '23',
)
[ info ] [ CACHE ] INIT File
[ info ] [ DB ] INIT mysql
[ info ] [ RUN ] app\index\controller\Artical->detail[ /yjdata/www/hhqblog/application/index/controller/Artical.php ]
[ info ] [ VIEW ] /yjdata/www/hhqblog/public/../application/index/view/artical/detail.html [ array (
  0 => 'menu',
  1 => 'recommend',
  2 => 'newarticle',
  3 => 'hot',
  4 => 'article',
  5 => 'allpage',
) ]
[ info ] [ LOG ] INIT File
[ sql ] [ DB ] CONNECT:[ UseTime:0.000304s ] mysql:dbname=hhqblog;host=127.0.0.1;port=3306;charset=utf8
[ sql ] [ SQL ] SHOW COLUMNS FROM `think_article` [ RunTime:0.000828s ]
[ sql ] [ SQL ] SELECT * FROM `think_article` ORDER BY views desc LIMIT 8 [ RunTime:0.000518s ]
[ sql ] [ SQL ] SELECT `a`.*,`ca`.`name` FROM `think_article` `a` LEFT JOIN `think_article_cate` `ca` ON `a`.`cate_id`=`ca`.`id` WHERE  `a`.`id` = 23 LIMIT 1 [ RunTime:0.000265s ]

---------------------------------------------------------------
[ 2017-07-23T00:03:48+08:00 ] 172.17.180.47 144.76.12.66 GET /ar/24.html
[ log ] www.hhqblog.com/ar/24.html [运行时间：0.029039s][吞吐率：34.44req/s] [内存消耗：4,050.73kb] [文件加载：56]
[ info ] [ LANG ] /yjdata/www/hhqblog/thinkphp/lang/zh-cn.php
[ info ] [ ROUTE ] array (
  'type' => 'module',
  'module' => 
  array (
    0 => 'index',
    1 => 'Artical',
    2 => 'detail',
  ),
  'convert' => false,
)
[ info ] [ HEADER ] array (
  'accept' => 'text/html,text/plain,text/xml,text/*,application/xml,application/xhtml+xml,application/rss+xml,application/atom+xml,application/rdf+xml,application/php,application/x-php,application/x-httpd-php',
  'user-agent' => 'Mozilla/5.0 (compatible; MJ12bot/v1.4.7; http://mj12bot.com/)',
  'accept-encoding' => 'gzip',
  'accept-language' => 'en',
  'host' => 'www.hhqblog.com',
  'content-type' => '',
  'content-length' => '',
)
[ info ] [ PARAM ] array (
  'id' => '24',
)
[ info ] [ CACHE ] INIT File
[ info ] [ DB ] INIT mysql
[ info ] [ RUN ] app\index\controller\Artical->detail[ /yjdata/www/hhqblog/application/index/controller/Artical.php ]
[ info ] [ VIEW ] /yjdata/www/hhqblog/public/../application/index/view/artical/detail.html [ array (
  0 => 'menu',
  1 => 'recommend',
  2 => 'newarticle',
  3 => 'hot',
  4 => 'article',
  5 => 'allpage',
) ]
[ info ] [ LOG ] INIT File
[ sql ] [ DB ] CONNECT:[ UseTime:0.000272s ] mysql:dbname=hhqblog;host=127.0.0.1;port=3306;charset=utf8
[ sql ] [ SQL ] SHOW COLUMNS FROM `think_article` [ RunTime:0.000825s ]
[ sql ] [ SQL ] SELECT * FROM `think_article` ORDER BY views desc LIMIT 8 [ RunTime:0.000505s ]
[ sql ] [ SQL ] SELECT `a`.*,`ca`.`name` FROM `think_article` `a` LEFT JOIN `think_article_cate` `ca` ON `a`.`cate_id`=`ca`.`id` WHERE  `a`.`id` = 24 LIMIT 1 [ RunTime:0.000257s ]

---------------------------------------------------------------
[ 2017-07-23T00:03:50+08:00 ] 172.17.180.47 144.76.12.66 GET /ar/25.html
[ log ] www.hhqblog.com/ar/25.html [运行时间：0.031011s][吞吐率：32.25req/s] [内存消耗：4,053.53kb] [文件加载：56]
[ info ] [ LANG ] /yjdata/www/hhqblog/thinkphp/lang/zh-cn.php
[ info ] [ ROUTE ] array (
  'type' => 'module',
  'module' => 
  array (
    0 => 'index',
    1 => 'Artical',
    2 => 'detail',
  ),
  'convert' => false,
)
[ info ] [ HEADER ] array (
  'accept' => 'text/html,text/plain,text/xml,text/*,application/xml,application/xhtml+xml,application/rss+xml,application/atom+xml,application/rdf+xml,application/php,application/x-php,application/x-httpd-php',
  'user-agent' => 'Mozilla/5.0 (compatible; MJ12bot/v1.4.7; http://mj12bot.com/)',
  'accept-encoding' => 'gzip',
  'accept-language' => 'en',
  'host' => 'www.hhqblog.com',
  'content-type' => '',
  'content-length' => '',
)
[ info ] [ PARAM ] array (
  'id' => '25',
)
[ info ] [ CACHE ] INIT File
[ info ] [ DB ] INIT mysql
[ info ] [ RUN ] app\index\controller\Artical->detail[ /yjdata/www/hhqblog/application/index/controller/Artical.php ]
[ info ] [ VIEW ] /yjdata/www/hhqblog/public/../application/index/view/artical/detail.html [ array (
  0 => 'menu',
  1 => 'recommend',
  2 => 'newarticle',
  3 => 'hot',
  4 => 'article',
  5 => 'allpage',
) ]
[ info ] [ LOG ] INIT File
[ sql ] [ DB ] CONNECT:[ UseTime:0.000324s ] mysql:dbname=hhqblog;host=127.0.0.1;port=3306;charset=utf8
[ sql ] [ SQL ] SHOW COLUMNS FROM `think_article` [ RunTime:0.000882s ]
[ sql ] [ SQL ] SELECT * FROM `think_article` ORDER BY views desc LIMIT 8 [ RunTime:0.000603s ]
[ sql ] [ SQL ] SELECT `a`.*,`ca`.`name` FROM `think_article` `a` LEFT JOIN `think_article_cate` `ca` ON `a`.`cate_id`=`ca`.`id` WHERE  `a`.`id` = 25 LIMIT 1 [ RunTime:0.000272s ]

---------------------------------------------------------------
[ 2017-07-23T00:03:52+08:00 ] 172.17.180.47 144.76.12.66 GET /ar/27.html
[ log ] www.hhqblog.com/ar/27.html [运行时间：0.030855s][吞吐率：32.41req/s] [内存消耗：4,052.70kb] [文件加载：56]
[ info ] [ LANG ] /yjdata/www/hhqblog/thinkphp/lang/zh-cn.php
[ info ] [ ROUTE ] array (
  'type' => 'module',
  'module' => 
  array (
    0 => 'index',
    1 => 'Artical',
    2 => 'detail',
  ),
  'convert' => false,
)
[ info ] [ HEADER ] array (
  'accept' => 'text/html,text/plain,text/xml,text/*,application/xml,application/xhtml+xml,application/rss+xml,application/atom+xml,application/rdf+xml,application/php,application/x-php,application/x-httpd-php',
  'user-agent' => 'Mozilla/5.0 (compatible; MJ12bot/v1.4.7; http://mj12bot.com/)',
  'accept-encoding' => 'gzip',
  'accept-language' => 'en',
  'host' => 'www.hhqblog.com',
  'content-type' => '',
  'content-length' => '',
)
[ info ] [ PARAM ] array (
  'id' => '27',
)
[ info ] [ CACHE ] INIT File
[ info ] [ DB ] INIT mysql
[ info ] [ RUN ] app\index\controller\Artical->detail[ /yjdata/www/hhqblog/application/index/controller/Artical.php ]
[ info ] [ VIEW ] /yjdata/www/hhqblog/public/../application/index/view/artical/detail.html [ array (
  0 => 'menu',
  1 => 'recommend',
  2 => 'newarticle',
  3 => 'hot',
  4 => 'article',
  5 => 'allpage',
) ]
[ info ] [ LOG ] INIT File
[ sql ] [ DB ] CONNECT:[ UseTime:0.000305s ] mysql:dbname=hhqblog;host=127.0.0.1;port=3306;charset=utf8
[ sql ] [ SQL ] SHOW COLUMNS FROM `think_article` [ RunTime:0.000849s ]
[ sql ] [ SQL ] SELECT * FROM `think_article` ORDER BY views desc LIMIT 8 [ RunTime:0.000498s ]
[ sql ] [ SQL ] SELECT `a`.*,`ca`.`name` FROM `think_article` `a` LEFT JOIN `think_article_cate` `ca` ON `a`.`cate_id`=`ca`.`id` WHERE  `a`.`id` = 27 LIMIT 1 [ RunTime:0.000259s ]

---------------------------------------------------------------
[ 2017-07-23T00:03:54+08:00 ] 172.17.180.47 144.76.12.66 GET /ar/29.html
[ log ] www.hhqblog.com/ar/29.html [运行时间：0.031050s][吞吐率：32.21req/s] [内存消耗：4,071.64kb] [文件加载：56]
[ info ] [ LANG ] /yjdata/www/hhqblog/thinkphp/lang/zh-cn.php
[ info ] [ ROUTE ] array (
  'type' => 'module',
  'module' => 
  array (
    0 => 'index',
    1 => 'Artical',
    2 => 'detail',
  ),
  'convert' => false,
)
[ info ] [ HEADER ] array (
  'accept' => 'text/html,text/plain,text/xml,text/*,application/xml,application/xhtml+xml,application/rss+xml,application/atom+xml,application/rdf+xml,application/php,application/x-php,application/x-httpd-php',
  'user-agent' => 'Mozilla/5.0 (compatible; MJ12bot/v1.4.7; http://mj12bot.com/)',
  'accept-encoding' => 'gzip',
  'accept-language' => 'en',
  'host' => 'www.hhqblog.com',
  'content-type' => '',
  'content-length' => '',
)
[ info ] [ PARAM ] array (
  'id' => '29',
)
[ info ] [ CACHE ] INIT File
[ info ] [ DB ] INIT mysql
[ info ] [ RUN ] app\index\controller\Artical->detail[ /yjdata/www/hhqblog/application/index/controller/Artical.php ]
[ info ] [ VIEW ] /yjdata/www/hhqblog/public/../application/index/view/artical/detail.html [ array (
  0 => 'menu',
  1 => 'recommend',
  2 => 'newarticle',
  3 => 'hot',
  4 => 'article',
  5 => 'allpage',
) ]
[ info ] [ LOG ] INIT File
[ sql ] [ DB ] CONNECT:[ UseTime:0.000342s ] mysql:dbname=hhqblog;host=127.0.0.1;port=3306;charset=utf8
[ sql ] [ SQL ] SHOW COLUMNS FROM `think_article` [ RunTime:0.000873s ]
[ sql ] [ SQL ] SELECT * FROM `think_article` ORDER BY views desc LIMIT 8 [ RunTime:0.000511s ]
[ sql ] [ SQL ] SELECT `a`.*,`ca`.`name` FROM `think_article` `a` LEFT JOIN `think_article_cate` `ca` ON `a`.`cate_id`=`ca`.`id` WHERE  `a`.`id` = 29 LIMIT 1 [ RunTime:0.000280s ]

---------------------------------------------------------------
[ 2017-07-23T00:03:57+08:00 ] 172.17.180.47 144.76.12.66 GET /index/index/index/cate_id/12.html
[ log ] www.hhqblog.com/index/index/index/cate_id/12.html [运行时间：0.033825s][吞吐率：29.56req/s] [内存消耗：4,631.16kb] [文件加载：56]
[ info ] [ LANG ] /yjdata/www/hhqblog/thinkphp/lang/zh-cn.php
[ info ] [ ROUTE ] array (
  'type' => 'module',
  'module' => 
  array (
    0 => 'index',
    1 => 'index',
    2 => 'index',
  ),
)
[ info ] [ HEADER ] array (
  'accept' => 'text/html,text/plain,text/xml,text/*,application/xml,application/xhtml+xml,application/rss+xml,application/atom+xml,application/rdf+xml,application/php,application/x-php,application/x-httpd-php',
  'user-agent' => 'Mozilla/5.0 (compatible; MJ12bot/v1.4.7; http://mj12bot.com/)',
  'accept-encoding' => 'gzip',
  'accept-language' => 'en',
  'host' => 'www.hhqblog.com',
  'content-type' => '',
  'content-length' => '',
)
[ info ] [ PARAM ] array (
  'cate_id' => '12',
)
[ info ] [ CACHE ] INIT File
[ info ] [ DB ] INIT mysql
[ info ] [ RUN ] app\index\controller\Index->index[ /yjdata/www/hhqblog/application/index/controller/Index.php ]
[ info ] [ VIEW ] /yjdata/www/hhqblog/public/../application/index/view/index/index.html [ array (
  0 => 'menu',
  1 => 'recommend',
  2 => 'newarticle',
  3 => 'hot',
  4 => 'list',
  5 => 'allpage',
  6 => 'top_line',
  7 => 'carousel',
) ]
[ info ] [ LOG ] INIT File
[ sql ] [ DB ] CONNECT:[ UseTime:0.000285s ] mysql:dbname=hhqblog;host=127.0.0.1;port=3306;charset=utf8
[ sql ] [ SQL ] SHOW COLUMNS FROM `think_article` [ RunTime:0.000841s ]
[ sql ] [ SQL ] SELECT * FROM `think_article` ORDER BY views desc LIMIT 8 [ RunTime:0.000544s ]
[ sql ] [ SQL ] SELECT * FROM `think_article` WHERE  `status` = 1  AND `type` = 1 ORDER BY id desc LIMIT 6 [ RunTime:0.000358s ]
[ sql ] [ SQL ] SELECT * FROM `think_article` WHERE  `status` = 1  AND `type` = 2 ORDER BY id desc LIMIT 6 [ RunTime:0.000328s ]
[ sql ] [ SQL ] SELECT COUNT(*) AS tp_count FROM `think_article` WHERE  `status` = 1 LIMIT 1 [ RunTime:0.000244s ]
[ sql ] [ SQL ] SELECT `a`.*,`ac`.`name` FROM `think_article` `a` LEFT JOIN `think_article_cate` `ac` ON `a`.`cate_id`=`ac`.`id` WHERE  `a`.`status` = 1 ORDER BY id desc LIMIT 0,15 [ RunTime:0.000545s ]

---------------------------------------------------------------
[ 2017-07-23T00:03:59+08:00 ] 172.17.180.47 144.76.12.66 GET /index/index/index/cate_id/13.html
[ log ] www.hhqblog.com/index/index/index/cate_id/13.html [运行时间：0.033051s][吞吐率：30.26req/s] [内存消耗：4,642.35kb] [文件加载：56]
[ info ] [ LANG ] /yjdata/www/hhqblog/thinkphp/lang/zh-cn.php
[ info ] [ ROUTE ] array (
  'type' => 'module',
  'module' => 
  array (
    0 => 'index',
    1 => 'index',
    2 => 'index',
  ),
)
[ info ] [ HEADER ] array (
  'accept' => 'text/html,text/plain,text/xml,text/*,application/xml,application/xhtml+xml,application/rss+xml,application/atom+xml,application/rdf+xml,application/php,application/x-php,application/x-httpd-php',
  'user-agent' => 'Mozilla/5.0 (compatible; MJ12bot/v1.4.7; http://mj12bot.com/)',
  'accept-encoding' => 'gzip',
  'accept-language' => 'en',
  'host' => 'www.hhqblog.com',
  'content-type' => '',
  'content-length' => '',
)
[ info ] [ PARAM ] array (
  'cate_id' => '13',
)
[ info ] [ CACHE ] INIT File
[ info ] [ DB ] INIT mysql
[ info ] [ RUN ] app\index\controller\Index->index[ /yjdata/www/hhqblog/application/index/controller/Index.php ]
[ info ] [ VIEW ] /yjdata/www/hhqblog/public/../application/index/view/index/index.html [ array (
  0 => 'menu',
  1 => 'recommend',
  2 => 'newarticle',
  3 => 'hot',
  4 => 'list',
  5 => 'allpage',
  6 => 'top_line',
  7 => 'carousel',
) ]
[ info ] [ LOG ] INIT File
[ sql ] [ DB ] CONNECT:[ UseTime:0.000315s ] mysql:dbname=hhqblog;host=127.0.0.1;port=3306;charset=utf8
[ sql ] [ SQL ] SHOW COLUMNS FROM `think_article` [ RunTime:0.000862s ]
[ sql ] [ SQL ] SELECT * FROM `think_article` ORDER BY views desc LIMIT 8 [ RunTime:0.000530s ]
[ sql ] [ SQL ] SELECT * FROM `think_article` WHERE  `status` = 1  AND `type` = 2 ORDER BY id desc LIMIT 6 [ RunTime:0.000392s ]
[ sql ] [ SQL ] SELECT COUNT(*) AS tp_count FROM `think_article` WHERE  `status` = 1 LIMIT 1 [ RunTime:0.000259s ]
[ sql ] [ SQL ] SELECT `a`.*,`ac`.`name` FROM `think_article` `a` LEFT JOIN `think_article_cate` `ac` ON `a`.`cate_id`=`ac`.`id` WHERE  `a`.`status` = 1 ORDER BY id desc LIMIT 0,15 [ RunTime:0.000560s ]

---------------------------------------------------------------
[ 2017-07-23T00:04:01+08:00 ] 172.17.180.47 144.76.12.66 GET /index/index/index/cate_id/14.html
[ log ] www.hhqblog.com/index/index/index/cate_id/14.html [运行时间：0.030958s][吞吐率：32.30req/s] [内存消耗：4,642.35kb] [文件加载：56]
[ info ] [ LANG ] /yjdata/www/hhqblog/thinkphp/lang/zh-cn.php
[ info ] [ ROUTE ] array (
  'type' => 'module',
  'module' => 
  array (
    0 => 'index',
    1 => 'index',
    2 => 'index',
  ),
)
[ info ] [ HEADER ] array (
  'accept' => 'text/html,text/plain,text/xml,text/*,application/xml,application/xhtml+xml,application/rss+xml,application/atom+xml,application/rdf+xml,application/php,application/x-php,application/x-httpd-php',
  'user-agent' => 'Mozilla/5.0 (compatible; MJ12bot/v1.4.7; http://mj12bot.com/)',
  'accept-encoding' => 'gzip',
  'accept-language' => 'en',
  'host' => 'www.hhqblog.com',
  'content-type' => '',
  'content-length' => '',
)
[ info ] [ PARAM ] array (
  'cate_id' => '14',
)
[ info ] [ CACHE ] INIT File
[ info ] [ DB ] INIT mysql
[ info ] [ RUN ] app\index\controller\Index->index[ /yjdata/www/hhqblog/application/index/controller/Index.php ]
[ info ] [ VIEW ] /yjdata/www/hhqblog/public/../application/index/view/index/index.html [ array (
  0 => 'menu',
  1 => 'recommend',
  2 => 'newarticle',
  3 => 'hot',
  4 => 'list',
  5 => 'allpage',
  6 => 'top_line',
  7 => 'carousel',
) ]
[ info ] [ LOG ] INIT File
[ sql ] [ DB ] CONNECT:[ UseTime:0.000285s ] mysql:dbname=hhqblog;host=127.0.0.1;port=3306;charset=utf8
[ sql ] [ SQL ] SHOW COLUMNS FROM `think_article` [ RunTime:0.000815s ]
[ sql ] [ SQL ] SELECT * FROM `think_article` ORDER BY views desc LIMIT 8 [ RunTime:0.000477s ]
[ sql ] [ SQL ] SELECT * FROM `think_article` WHERE  `status` = 1  AND `type` = 2 ORDER BY id desc LIMIT 6 [ RunTime:0.000364s ]
[ sql ] [ SQL ] SELECT COUNT(*) AS tp_count FROM `think_article` WHERE  `status` = 1 LIMIT 1 [ RunTime:0.000231s ]
[ sql ] [ SQL ] SELECT `a`.*,`ac`.`name` FROM `think_article` `a` LEFT JOIN `think_article_cate` `ac` ON `a`.`cate_id`=`ac`.`id` WHERE  `a`.`status` = 1 ORDER BY id desc LIMIT 0,15 [ RunTime:0.000488s ]

---------------------------------------------------------------
[ 2017-07-23T00:04:03+08:00 ] 172.17.180.47 144.76.12.66 GET /index/index/index/cate_id/15.html
[ log ] www.hhqblog.com/index/index/index/cate_id/15.html [运行时间：0.033386s][吞吐率：29.95req/s] [内存消耗：4,642.35kb] [文件加载：56]
[ info ] [ LANG ] /yjdata/www/hhqblog/thinkphp/lang/zh-cn.php
[ info ] [ ROUTE ] array (
  'type' => 'module',
  'module' => 
  array (
    0 => 'index',
    1 => 'index',
    2 => 'index',
  ),
)
[ info ] [ HEADER ] array (
  'accept' => 'text/html,text/plain,text/xml,text/*,application/xml,application/xhtml+xml,application/rss+xml,application/atom+xml,application/rdf+xml,application/php,application/x-php,application/x-httpd-php',
  'user-agent' => 'Mozilla/5.0 (compatible; MJ12bot/v1.4.7; http://mj12bot.com/)',
  'accept-encoding' => 'gzip',
  'accept-language' => 'en',
  'host' => 'www.hhqblog.com',
  'content-type' => '',
  'content-length' => '',
)
[ info ] [ PARAM ] array (
  'cate_id' => '15',
)
[ info ] [ CACHE ] INIT File
[ info ] [ DB ] INIT mysql
[ info ] [ RUN ] app\index\controller\Index->index[ /yjdata/www/hhqblog/application/index/controller/Index.php ]
[ info ] [ VIEW ] /yjdata/www/hhqblog/public/../application/index/view/index/index.html [ array (
  0 => 'menu',
  1 => 'recommend',
  2 => 'newarticle',
  3 => 'hot',
  4 => 'list',
  5 => 'allpage',
  6 => 'top_line',
  7 => 'carousel',
) ]
[ info ] [ LOG ] INIT File
[ sql ] [ DB ] CONNECT:[ UseTime:0.000313s ] mysql:dbname=hhqblog;host=127.0.0.1;port=3306;charset=utf8
[ sql ] [ SQL ] SHOW COLUMNS FROM `think_article` [ RunTime:0.000862s ]
[ sql ] [ SQL ] SELECT * FROM `think_article` ORDER BY views desc LIMIT 8 [ RunTime:0.000532s ]
[ sql ] [ SQL ] SELECT * FROM `think_article` WHERE  `status` = 1  AND `type` = 2 ORDER BY id desc LIMIT 6 [ RunTime:0.000421s ]
[ sql ] [ SQL ] SELECT COUNT(*) AS tp_count FROM `think_article` WHERE  `status` = 1 LIMIT 1 [ RunTime:0.000248s ]
[ sql ] [ SQL ] SELECT `a`.*,`ac`.`name` FROM `think_article` `a` LEFT JOIN `think_article_cate` `ac` ON `a`.`cate_id`=`ac`.`id` WHERE  `a`.`status` = 1 ORDER BY id desc LIMIT 0,15 [ RunTime:0.000519s ]

---------------------------------------------------------------
[ 2017-07-23T00:04:06+08:00 ] 172.17.180.47 144.76.12.66 GET /index/index/index/cate_id/16.html
[ log ] www.hhqblog.com/index/index/index/cate_id/16.html [运行时间：0.033863s][吞吐率：29.53req/s] [内存消耗：4,642.35kb] [文件加载：56]
[ info ] [ LANG ] /yjdata/www/hhqblog/thinkphp/lang/zh-cn.php
[ info ] [ ROUTE ] array (
  'type' => 'module',
  'module' => 
  array (
    0 => 'index',
    1 => 'index',
    2 => 'index',
  ),
)
[ info ] [ HEADER ] array (
  'accept' => 'text/html,text/plain,text/xml,text/*,application/xml,application/xhtml+xml,application/rss+xml,application/atom+xml,application/rdf+xml,application/php,application/x-php,application/x-httpd-php',
  'user-agent' => 'Mozilla/5.0 (compatible; MJ12bot/v1.4.7; http://mj12bot.com/)',
  'accept-encoding' => 'gzip',
  'accept-language' => 'en',
  'host' => 'www.hhqblog.com',
  'content-type' => '',
  'content-length' => '',
)
[ info ] [ PARAM ] array (
  'cate_id' => '16',
)
[ info ] [ CACHE ] INIT File
[ info ] [ DB ] INIT mysql
[ info ] [ RUN ] app\index\controller\Index->index[ /yjdata/www/hhqblog/application/index/controller/Index.php ]
[ info ] [ VIEW ] /yjdata/www/hhqblog/public/../application/index/view/index/index.html [ array (
  0 => 'menu',
  1 => 'recommend',
  2 => 'newarticle',
  3 => 'hot',
  4 => 'list',
  5 => 'allpage',
  6 => 'top_line',
  7 => 'carousel',
) ]
[ info ] [ LOG ] INIT File
[ sql ] [ DB ] CONNECT:[ UseTime:0.000297s ] mysql:dbname=hhqblog;host=127.0.0.1;port=3306;charset=utf8
[ sql ] [ SQL ] SHOW COLUMNS FROM `think_article` [ RunTime:0.000866s ]
[ sql ] [ SQL ] SELECT * FROM `think_article` ORDER BY views desc LIMIT 8 [ RunTime:0.000518s ]
[ sql ] [ SQL ] SELECT * FROM `think_article` WHERE  `status` = 1  AND `type` = 2 ORDER BY id desc LIMIT 6 [ RunTime:0.000370s ]
[ sql ] [ SQL ] SELECT COUNT(*) AS tp_count FROM `think_article` WHERE  `status` = 1 LIMIT 1 [ RunTime:0.000240s ]
[ sql ] [ SQL ] SELECT `a`.*,`ac`.`name` FROM `think_article` `a` LEFT JOIN `think_article_cate` `ac` ON `a`.`cate_id`=`ac`.`id` WHERE  `a`.`status` = 1 ORDER BY id desc LIMIT 0,15 [ RunTime:0.000536s ]

---------------------------------------------------------------
[ 2017-07-23T00:04:08+08:00 ] 172.17.180.47 144.76.12.66 GET /index/index/index/cate_id/18.html
[ log ] www.hhqblog.com/index/index/index/cate_id/18.html [运行时间：0.031806s][吞吐率：31.44req/s] [内存消耗：4,642.35kb] [文件加载：56]
[ info ] [ LANG ] /yjdata/www/hhqblog/thinkphp/lang/zh-cn.php
[ info ] [ ROUTE ] array (
  'type' => 'module',
  'module' => 
  array (
    0 => 'index',
    1 => 'index',
    2 => 'index',
  ),
)
[ info ] [ HEADER ] array (
  'accept' => 'text/html,text/plain,text/xml,text/*,application/xml,application/xhtml+xml,application/rss+xml,application/atom+xml,application/rdf+xml,application/php,application/x-php,application/x-httpd-php',
  'user-agent' => 'Mozilla/5.0 (compatible; MJ12bot/v1.4.7; http://mj12bot.com/)',
  'accept-encoding' => 'gzip',
  'accept-language' => 'en',
  'host' => 'www.hhqblog.com',
  'content-type' => '',
  'content-length' => '',
)
[ info ] [ PARAM ] array (
  'cate_id' => '18',
)
[ info ] [ CACHE ] INIT File
[ info ] [ DB ] INIT mysql
[ info ] [ RUN ] app\index\controller\Index->index[ /yjdata/www/hhqblog/application/index/controller/Index.php ]
[ info ] [ VIEW ] /yjdata/www/hhqblog/public/../application/index/view/index/index.html [ array (
  0 => 'menu',
  1 => 'recommend',
  2 => 'newarticle',
  3 => 'hot',
  4 => 'list',
  5 => 'allpage',
  6 => 'top_line',
  7 => 'carousel',
) ]
[ info ] [ LOG ] INIT File
[ sql ] [ DB ] CONNECT:[ UseTime:0.000270s ] mysql:dbname=hhqblog;host=127.0.0.1;port=3306;charset=utf8
[ sql ] [ SQL ] SHOW COLUMNS FROM `think_article` [ RunTime:0.000788s ]
[ sql ] [ SQL ] SELECT * FROM `think_article` ORDER BY views desc LIMIT 8 [ RunTime:0.000481s ]
[ sql ] [ SQL ] SELECT * FROM `think_article` WHERE  `status` = 1  AND `type` = 2 ORDER BY id desc LIMIT 6 [ RunTime:0.000369s ]
[ sql ] [ SQL ] SELECT COUNT(*) AS tp_count FROM `think_article` WHERE  `status` = 1 LIMIT 1 [ RunTime:0.000235s ]
[ sql ] [ SQL ] SELECT `a`.*,`ac`.`name` FROM `think_article` `a` LEFT JOIN `think_article_cate` `ac` ON `a`.`cate_id`=`ac`.`id` WHERE  `a`.`status` = 1 ORDER BY id desc LIMIT 0,15 [ RunTime:0.000481s ]

---------------------------------------------------------------
[ 2017-07-23T00:04:10+08:00 ] 172.17.180.47 144.76.12.66 GET /index/index/index/cate_id/19.html
[ log ] www.hhqblog.com/index/index/index/cate_id/19.html [运行时间：0.034404s][吞吐率：29.07req/s] [内存消耗：4,642.35kb] [文件加载：56]
[ info ] [ LANG ] /yjdata/www/hhqblog/thinkphp/lang/zh-cn.php
[ info ] [ ROUTE ] array (
  'type' => 'module',
  'module' => 
  array (
    0 => 'index',
    1 => 'index',
    2 => 'index',
  ),
)
[ info ] [ HEADER ] array (
  'accept' => 'text/html,text/plain,text/xml,text/*,application/xml,application/xhtml+xml,application/rss+xml,application/atom+xml,application/rdf+xml,application/php,application/x-php,application/x-httpd-php',
  'user-agent' => 'Mozilla/5.0 (compatible; MJ12bot/v1.4.7; http://mj12bot.com/)',
  'accept-encoding' => 'gzip',
  'accept-language' => 'en',
  'host' => 'www.hhqblog.com',
  'content-type' => '',
  'content-length' => '',
)
[ info ] [ PARAM ] array (
  'cate_id' => '19',
)
[ info ] [ CACHE ] INIT File
[ info ] [ DB ] INIT mysql
[ info ] [ RUN ] app\index\controller\Index->index[ /yjdata/www/hhqblog/application/index/controller/Index.php ]
[ info ] [ VIEW ] /yjdata/www/hhqblog/public/../application/index/view/index/index.html [ array (
  0 => 'menu',
  1 => 'recommend',
  2 => 'newarticle',
  3 => 'hot',
  4 => 'list',
  5 => 'allpage',
  6 => 'top_line',
  7 => 'carousel',
) ]
[ info ] [ LOG ] INIT File
[ sql ] [ DB ] CONNECT:[ UseTime:0.000311s ] mysql:dbname=hhqblog;host=127.0.0.1;port=3306;charset=utf8
[ sql ] [ SQL ] SHOW COLUMNS FROM `think_article` [ RunTime:0.000861s ]
[ sql ] [ SQL ] SELECT * FROM `think_article` ORDER BY views desc LIMIT 8 [ RunTime:0.000524s ]
[ sql ] [ SQL ] SELECT * FROM `think_article` WHERE  `status` = 1  AND `type` = 2 ORDER BY id desc LIMIT 6 [ RunTime:0.000410s ]
[ sql ] [ SQL ] SELECT COUNT(*) AS tp_count FROM `think_article` WHERE  `status` = 1 LIMIT 1 [ RunTime:0.000251s ]
[ sql ] [ SQL ] SELECT `a`.*,`ac`.`name` FROM `think_article` `a` LEFT JOIN `think_article_cate` `ac` ON `a`.`cate_id`=`ac`.`id` WHERE  `a`.`status` = 1 ORDER BY id desc LIMIT 0,15 [ RunTime:0.000547s ]

---------------------------------------------------------------
[ 2017-07-23T00:04:13+08:00 ] 172.17.180.47 144.76.12.66 GET /index/index/index/cate_id/22.html
[ log ] www.hhqblog.com/index/index/index/cate_id/22.html [运行时间：0.031389s][吞吐率：31.86req/s] [内存消耗：4,642.35kb] [文件加载：56]
[ info ] [ LANG ] /yjdata/www/hhqblog/thinkphp/lang/zh-cn.php
[ info ] [ ROUTE ] array (
  'type' => 'module',
  'module' => 
  array (
    0 => 'index',
    1 => 'index',
    2 => 'index',
  ),
)
[ info ] [ HEADER ] array (
  'accept' => 'text/html,text/plain,text/xml,text/*,application/xml,application/xhtml+xml,application/rss+xml,application/atom+xml,application/rdf+xml,application/php,application/x-php,application/x-httpd-php',
  'user-agent' => 'Mozilla/5.0 (compatible; MJ12bot/v1.4.7; http://mj12bot.com/)',
  'accept-encoding' => 'gzip',
  'accept-language' => 'en',
  'host' => 'www.hhqblog.com',
  'content-type' => '',
  'content-length' => '',
)
[ info ] [ PARAM ] array (
  'cate_id' => '22',
)
[ info ] [ CACHE ] INIT File
[ info ] [ DB ] INIT mysql
[ info ] [ RUN ] app\index\controller\Index->index[ /yjdata/www/hhqblog/application/index/controller/Index.php ]
[ info ] [ VIEW ] /yjdata/www/hhqblog/public/../application/index/view/index/index.html [ array (
  0 => 'menu',
  1 => 'recommend',
  2 => 'newarticle',
  3 => 'hot',
  4 => 'list',
  5 => 'allpage',
  6 => 'top_line',
  7 => 'carousel',
) ]
[ info ] [ LOG ] INIT File
[ sql ] [ DB ] CONNECT:[ UseTime:0.000278s ] mysql:dbname=hhqblog;host=127.0.0.1;port=3306;charset=utf8
[ sql ] [ SQL ] SHOW COLUMNS FROM `think_article` [ RunTime:0.000820s ]
[ sql ] [ SQL ] SELECT * FROM `think_article` ORDER BY views desc LIMIT 8 [ RunTime:0.000487s ]
[ sql ] [ SQL ] SELECT * FROM `think_article` WHERE  `status` = 1  AND `type` = 2 ORDER BY id desc LIMIT 6 [ RunTime:0.000381s ]
[ sql ] [ SQL ] SELECT COUNT(*) AS tp_count FROM `think_article` WHERE  `status` = 1 LIMIT 1 [ RunTime:0.000231s ]
[ sql ] [ SQL ] SELECT `a`.*,`ac`.`name` FROM `think_article` `a` LEFT JOIN `think_article_cate` `ac` ON `a`.`cate_id`=`ac`.`id` WHERE  `a`.`status` = 1 ORDER BY id desc LIMIT 0,15 [ RunTime:0.000502s ]

---------------------------------------------------------------
[ 2017-07-23T00:04:15+08:00 ] 172.17.180.47 144.76.12.66 GET /index/index/index/cate_id/24.html
[ log ] www.hhqblog.com/index/index/index/cate_id/24.html [运行时间：0.032707s][吞吐率：30.57req/s] [内存消耗：4,642.35kb] [文件加载：56]
[ info ] [ LANG ] /yjdata/www/hhqblog/thinkphp/lang/zh-cn.php
[ info ] [ ROUTE ] array (
  'type' => 'module',
  'module' => 
  array (
    0 => 'index',
    1 => 'index',
    2 => 'index',
  ),
)
[ info ] [ HEADER ] array (
  'accept' => 'text/html,text/plain,text/xml,text/*,application/xml,application/xhtml+xml,application/rss+xml,application/atom+xml,application/rdf+xml,application/php,application/x-php,application/x-httpd-php',
  'user-agent' => 'Mozilla/5.0 (compatible; MJ12bot/v1.4.7; http://mj12bot.com/)',
  'accept-encoding' => 'gzip',
  'accept-language' => 'en',
  'host' => 'www.hhqblog.com',
  'content-type' => '',
  'content-length' => '',
)
[ info ] [ PARAM ] array (
  'cate_id' => '24',
)
[ info ] [ CACHE ] INIT File
[ info ] [ DB ] INIT mysql
[ info ] [ RUN ] app\index\controller\Index->index[ /yjdata/www/hhqblog/application/index/controller/Index.php ]
[ info ] [ VIEW ] /yjdata/www/hhqblog/public/../application/index/view/index/index.html [ array (
  0 => 'menu',
  1 => 'recommend',
  2 => 'newarticle',
  3 => 'hot',
  4 => 'list',
  5 => 'allpage',
  6 => 'top_line',
  7 => 'carousel',
) ]
[ info ] [ LOG ] INIT File
[ sql ] [ DB ] CONNECT:[ UseTime:0.000287s ] mysql:dbname=hhqblog;host=127.0.0.1;port=3306;charset=utf8
[ sql ] [ SQL ] SHOW COLUMNS FROM `think_article` [ RunTime:0.001959s ]
[ sql ] [ SQL ] SELECT * FROM `think_article` ORDER BY views desc LIMIT 8 [ RunTime:0.000496s ]
[ sql ] [ SQL ] SELECT * FROM `think_article` WHERE  `status` = 1  AND `type` = 2 ORDER BY id desc LIMIT 6 [ RunTime:0.000382s ]
[ sql ] [ SQL ] SELECT COUNT(*) AS tp_count FROM `think_article` WHERE  `status` = 1 LIMIT 1 [ RunTime:0.000257s ]
[ sql ] [ SQL ] SELECT `a`.*,`ac`.`name` FROM `think_article` `a` LEFT JOIN `think_article_cate` `ac` ON `a`.`cate_id`=`ac`.`id` WHERE  `a`.`status` = 1 ORDER BY id desc LIMIT 0,15 [ RunTime:0.000498s ]

---------------------------------------------------------------
[ 2017-07-23T00:04:17+08:00 ] 172.17.180.47 144.76.12.66 GET /index/index/index/cate_id/25.html
[ log ] www.hhqblog.com/index/index/index/cate_id/25.html [运行时间：0.031403s][吞吐率：31.84req/s] [内存消耗：4,642.35kb] [文件加载：56]
[ info ] [ LANG ] /yjdata/www/hhqblog/thinkphp/lang/zh-cn.php
[ info ] [ ROUTE ] array (
  'type' => 'module',
  'module' => 
  array (
    0 => 'index',
    1 => 'index',
    2 => 'index',
  ),
)
[ info ] [ HEADER ] array (
  'accept' => 'text/html,text/plain,text/xml,text/*,application/xml,application/xhtml+xml,application/rss+xml,application/atom+xml,application/rdf+xml,application/php,application/x-php,application/x-httpd-php',
  'user-agent' => 'Mozilla/5.0 (compatible; MJ12bot/v1.4.7; http://mj12bot.com/)',
  'accept-encoding' => 'gzip',
  'accept-language' => 'en',
  'host' => 'www.hhqblog.com',
  'content-type' => '',
  'content-length' => '',
)
[ info ] [ PARAM ] array (
  'cate_id' => '25',
)
[ info ] [ CACHE ] INIT File
[ info ] [ DB ] INIT mysql
[ info ] [ RUN ] app\index\controller\Index->index[ /yjdata/www/hhqblog/application/index/controller/Index.php ]
[ info ] [ VIEW ] /yjdata/www/hhqblog/public/../application/index/view/index/index.html [ array (
  0 => 'menu',
  1 => 'recommend',
  2 => 'newarticle',
  3 => 'hot',
  4 => 'list',
  5 => 'allpage',
  6 => 'top_line',
  7 => 'carousel',
) ]
[ info ] [ LOG ] INIT File
[ sql ] [ DB ] CONNECT:[ UseTime:0.000278s ] mysql:dbname=hhqblog;host=127.0.0.1;port=3306;charset=utf8
[ sql ] [ SQL ] SHOW COLUMNS FROM `think_article` [ RunTime:0.000792s ]
[ sql ] [ SQL ] SELECT * FROM `think_article` ORDER BY views desc LIMIT 8 [ RunTime:0.000511s ]
[ sql ] [ SQL ] SELECT * FROM `think_article` WHERE  `status` = 1  AND `type` = 2 ORDER BY id desc LIMIT 6 [ RunTime:0.000382s ]
[ sql ] [ SQL ] SELECT COUNT(*) AS tp_count FROM `think_article` WHERE  `status` = 1 LIMIT 1 [ RunTime:0.000245s ]
[ sql ] [ SQL ] SELECT `a`.*,`ac`.`name` FROM `think_article` `a` LEFT JOIN `think_article_cate` `ac` ON `a`.`cate_id`=`ac`.`id` WHERE  `a`.`status` = 1 ORDER BY id desc LIMIT 0,15 [ RunTime:0.000473s ]

---------------------------------------------------------------
[ 2017-07-23T00:04:19+08:00 ] 172.17.180.47 144.76.12.66 GET /index/index/index/cate_id/27.html
[ log ] www.hhqblog.com/index/index/index/cate_id/27.html [运行时间：0.031793s][吞吐率：31.45req/s] [内存消耗：4,642.35kb] [文件加载：56]
[ info ] [ LANG ] /yjdata/www/hhqblog/thinkphp/lang/zh-cn.php
[ info ] [ ROUTE ] array (
  'type' => 'module',
  'module' => 
  array (
    0 => 'index',
    1 => 'index',
    2 => 'index',
  ),
)
[ info ] [ HEADER ] array (
  'accept' => 'text/html,text/plain,text/xml,text/*,application/xml,application/xhtml+xml,application/rss+xml,application/atom+xml,application/rdf+xml,application/php,application/x-php,application/x-httpd-php',
  'user-agent' => 'Mozilla/5.0 (compatible; MJ12bot/v1.4.7; http://mj12bot.com/)',
  'accept-encoding' => 'gzip',
  'accept-language' => 'en',
  'host' => 'www.hhqblog.com',
  'content-type' => '',
  'content-length' => '',
)
[ info ] [ PARAM ] array (
  'cate_id' => '27',
)
[ info ] [ CACHE ] INIT File
[ info ] [ DB ] INIT mysql
[ info ] [ RUN ] app\index\controller\Index->index[ /yjdata/www/hhqblog/application/index/controller/Index.php ]
[ info ] [ VIEW ] /yjdata/www/hhqblog/public/../application/index/view/index/index.html [ array (
  0 => 'menu',
  1 => 'recommend',
  2 => 'newarticle',
  3 => 'hot',
  4 => 'list',
  5 => 'allpage',
  6 => 'top_line',
  7 => 'carousel',
) ]
[ info ] [ LOG ] INIT File
[ sql ] [ DB ] CONNECT:[ UseTime:0.000291s ] mysql:dbname=hhqblog;host=127.0.0.1;port=3306;charset=utf8
[ sql ] [ SQL ] SHOW COLUMNS FROM `think_article` [ RunTime:0.000822s ]
[ sql ] [ SQL ] SELECT * FROM `think_article` ORDER BY views desc LIMIT 8 [ RunTime:0.000484s ]
[ sql ] [ SQL ] SELECT * FROM `think_article` WHERE  `status` = 1  AND `type` = 2 ORDER BY id desc LIMIT 6 [ RunTime:0.000373s ]
[ sql ] [ SQL ] SELECT COUNT(*) AS tp_count FROM `think_article` WHERE  `status` = 1 LIMIT 1 [ RunTime:0.000270s ]
[ sql ] [ SQL ] SELECT `a`.*,`ac`.`name` FROM `think_article` `a` LEFT JOIN `think_article_cate` `ac` ON `a`.`cate_id`=`ac`.`id` WHERE  `a`.`status` = 1 ORDER BY id desc LIMIT 0,15 [ RunTime:0.000505s ]

---------------------------------------------------------------
[ 2017-07-23T00:23:41+08:00 ] 172.17.180.47 61.135.165.42 GET /
[ log ] www.hhqblog.com/ [运行时间：0.032262s][吞吐率：31.00req/s] [内存消耗：4,641.30kb] [文件加载：56]
[ info ] [ LANG ] /yjdata/www/hhqblog/thinkphp/lang/zh-cn.php
[ info ] [ ROUTE ] array (
  'type' => 'module',
  'module' => 
  array (
    0 => '',
    1 => NULL,
    2 => NULL,
  ),
)
[ info ] [ HEADER ] array (
  'user-agent' => 'Mozilla/5.0 (Macintosh; Intel Mac OS X 10_11_2) AppleWebKit/537.36 (KHTML, like Gecko) Chrome/47.0.2526.80 Safari/537.36',
  'host' => 'www.hhqblog.com',
  'connection' => 'close',
  'content-type' => '',
  'content-length' => '',
)
[ info ] [ PARAM ] array (
)
[ info ] [ CACHE ] INIT File
[ info ] [ DB ] INIT mysql
[ info ] [ RUN ] app\index\controller\Index->index[ /yjdata/www/hhqblog/application/index/controller/Index.php ]
[ info ] [ VIEW ] /yjdata/www/hhqblog/public/../application/index/view/index/index.html [ array (
  0 => 'menu',
  1 => 'recommend',
  2 => 'newarticle',
  3 => 'hot',
  4 => 'list',
  5 => 'allpage',
  6 => 'top_line',
  7 => 'carousel',
) ]
[ info ] [ LOG ] INIT File
[ sql ] [ DB ] CONNECT:[ UseTime:0.000304s ] mysql:dbname=hhqblog;host=127.0.0.1;port=3306;charset=utf8
[ sql ] [ SQL ] SHOW COLUMNS FROM `think_article` [ RunTime:0.000888s ]
[ sql ] [ SQL ] SELECT * FROM `think_article` ORDER BY views desc LIMIT 8 [ RunTime:0.000471s ]
[ sql ] [ SQL ] SELECT * FROM `think_article` WHERE  `status` = 1  AND `type` = 2 ORDER BY id desc LIMIT 6 [ RunTime:0.000357s ]
[ sql ] [ SQL ] SELECT COUNT(*) AS tp_count FROM `think_article` WHERE  `status` = 1 LIMIT 1 [ RunTime:0.000254s ]
[ sql ] [ SQL ] SELECT `a`.*,`ac`.`name` FROM `think_article` `a` LEFT JOIN `think_article_cate` `ac` ON `a`.`cate_id`=`ac`.`id` WHERE  `a`.`status` = 1 ORDER BY id desc LIMIT 0,15 [ RunTime:0.000526s ]

---------------------------------------------------------------
[ 2017-07-23T00:39:47+08:00 ] 172.17.180.47 5.9.106.230 GET /ar/26.html
[ log ] www.hhqblog.com/ar/26.html [运行时间：0.028626s][吞吐率：34.93req/s] [内存消耗：4,053.00kb] [文件加载：56]
[ info ] [ LANG ] /yjdata/www/hhqblog/thinkphp/lang/zh-cn.php
[ info ] [ ROUTE ] array (
  'type' => 'module',
  'module' => 
  array (
    0 => 'index',
    1 => 'Artical',
    2 => 'detail',
  ),
  'convert' => false,
)
[ info ] [ HEADER ] array (
  'accept' => 'text/html,text/plain,text/xml,text/*,application/xml,application/xhtml+xml,application/rss+xml,application/atom+xml,application/rdf+xml,application/php,application/x-php,application/x-httpd-php',
  'user-agent' => 'Mozilla/5.0 (compatible; MJ12bot/v1.4.7; http://mj12bot.com/)',
  'accept-language' => 'en',
  'host' => 'www.hhqblog.com',
  'content-type' => '',
  'content-length' => '',
)
[ info ] [ PARAM ] array (
  'id' => '26',
)
[ info ] [ CACHE ] INIT File
[ info ] [ DB ] INIT mysql
[ info ] [ RUN ] app\index\controller\Artical->detail[ /yjdata/www/hhqblog/application/index/controller/Artical.php ]
[ info ] [ VIEW ] /yjdata/www/hhqblog/public/../application/index/view/artical/detail.html [ array (
  0 => 'menu',
  1 => 'recommend',
  2 => 'newarticle',
  3 => 'hot',
  4 => 'article',
  5 => 'allpage',
) ]
[ info ] [ LOG ] INIT File
[ sql ] [ DB ] CONNECT:[ UseTime:0.000312s ] mysql:dbname=hhqblog;host=127.0.0.1;port=3306;charset=utf8
[ sql ] [ SQL ] SHOW COLUMNS FROM `think_article` [ RunTime:0.000825s ]
[ sql ] [ SQL ] SELECT * FROM `think_article` ORDER BY views desc LIMIT 8 [ RunTime:0.000495s ]
[ sql ] [ SQL ] SELECT `a`.*,`ca`.`name` FROM `think_article` `a` LEFT JOIN `think_article_cate` `ca` ON `a`.`cate_id`=`ca`.`id` WHERE  `a`.`id` = 26 LIMIT 1 [ RunTime:0.000258s ]

---------------------------------------------------------------
[ 2017-07-23T00:39:49+08:00 ] 172.17.180.47 5.9.106.230 GET /ar/28.html
[ log ] www.hhqblog.com/ar/28.html [运行时间：0.029847s][吞吐率：33.50req/s] [内存消耗：4,049.57kb] [文件加载：56]
[ info ] [ LANG ] /yjdata/www/hhqblog/thinkphp/lang/zh-cn.php
[ info ] [ ROUTE ] array (
  'type' => 'module',
  'module' => 
  array (
    0 => 'index',
    1 => 'Artical',
    2 => 'detail',
  ),
  'convert' => false,
)
[ info ] [ HEADER ] array (
  'accept' => 'text/html,text/plain,text/xml,text/*,application/xml,application/xhtml+xml,application/rss+xml,application/atom+xml,application/rdf+xml,application/php,application/x-php,application/x-httpd-php',
  'user-agent' => 'Mozilla/5.0 (compatible; MJ12bot/v1.4.7; http://mj12bot.com/)',
  'accept-encoding' => 'gzip',
  'accept-language' => 'en',
  'host' => 'www.hhqblog.com',
  'content-type' => '',
  'content-length' => '',
)
[ info ] [ PARAM ] array (
  'id' => '28',
)
[ info ] [ CACHE ] INIT File
[ info ] [ DB ] INIT mysql
[ info ] [ RUN ] app\index\controller\Artical->detail[ /yjdata/www/hhqblog/application/index/controller/Artical.php ]
[ info ] [ VIEW ] /yjdata/www/hhqblog/public/../application/index/view/artical/detail.html [ array (
  0 => 'menu',
  1 => 'recommend',
  2 => 'newarticle',
  3 => 'hot',
  4 => 'article',
  5 => 'allpage',
) ]
[ info ] [ LOG ] INIT File
[ sql ] [ DB ] CONNECT:[ UseTime:0.000305s ] mysql:dbname=hhqblog;host=127.0.0.1;port=3306;charset=utf8
[ sql ] [ SQL ] SHOW COLUMNS FROM `think_article` [ RunTime:0.000858s ]
[ sql ] [ SQL ] SELECT * FROM `think_article` ORDER BY views desc LIMIT 8 [ RunTime:0.000499s ]
[ sql ] [ SQL ] SELECT `a`.*,`ca`.`name` FROM `think_article` `a` LEFT JOIN `think_article_cate` `ca` ON `a`.`cate_id`=`ca`.`id` WHERE  `a`.`id` = 28 LIMIT 1 [ RunTime:0.000266s ]

---------------------------------------------------------------
[ 2017-07-23T01:15:20+08:00 ] 172.17.180.47 220.181.108.110 GET /
[ log ] www.hhqblog.com/ [运行时间：0.034010s][吞吐率：29.40req/s] [内存消耗：4,598.48kb] [文件加载：56]
[ info ] [ LANG ] /yjdata/www/hhqblog/thinkphp/lang/zh-cn.php
[ info ] [ ROUTE ] array (
  'type' => 'module',
  'module' => 
  array (
    0 => '',
    1 => NULL,
    2 => NULL,
  ),
)
[ info ] [ HEADER ] array (
  'host' => 'www.hhqblog.com',
  'connection' => 'close',
  'user-agent' => 'Mozilla/5.0 (compatible; Baiduspider/2.0; +http://www.baidu.com/search/spider.html)',
  'accept-language' => 'zh-cn,zh-tw',
  'if-none-match' => '"@NULL@"',
  'accept-encoding' => 'gzip',
  'accept' => '*/*',
  'content-type' => '',
  'content-length' => '',
)
[ info ] [ PARAM ] array (
)
[ info ] [ CACHE ] INIT File
[ info ] [ DB ] INIT mysql
[ info ] [ RUN ] app\index\controller\Index->index[ /yjdata/www/hhqblog/application/index/controller/Index.php ]
[ info ] [ VIEW ] /yjdata/www/hhqblog/public/../application/index/view/index/index.html [ array (
  0 => 'menu',
  1 => 'recommend',
  2 => 'newarticle',
  3 => 'hot',
  4 => 'list',
  5 => 'allpage',
  6 => 'top_line',
  7 => 'carousel',
) ]
[ info ] [ LOG ] INIT File
[ sql ] [ DB ] CONNECT:[ UseTime:0.000301s ] mysql:dbname=hhqblog;host=127.0.0.1;port=3306;charset=utf8
[ sql ] [ SQL ] SHOW COLUMNS FROM `think_article` [ RunTime:0.000812s ]
[ sql ] [ SQL ] SELECT * FROM `think_article` WHERE  `status` = 1  AND `is_tui` = 1 ORDER BY id desc LIMIT 8 [ RunTime:0.000627s ]
[ sql ] [ SQL ] SELECT * FROM `think_article` WHERE  `status` = 1 ORDER BY id desc LIMIT 8 [ RunTime:0.000345s ]
[ sql ] [ SQL ] SELECT * FROM `think_article` ORDER BY views desc LIMIT 8 [ RunTime:0.000356s ]
[ sql ] [ SQL ] SELECT * FROM `think_article` WHERE  `status` = 1  AND `type` = 1 ORDER BY id desc LIMIT 6 [ RunTime:0.000301s ]
[ sql ] [ SQL ] SELECT * FROM `think_article` WHERE  `status` = 1  AND `type` = 2 ORDER BY id desc LIMIT 6 [ RunTime:0.000336s ]
[ sql ] [ SQL ] SELECT COUNT(*) AS tp_count FROM `think_article` WHERE  `status` = 1 LIMIT 1 [ RunTime:0.000246s ]
[ sql ] [ SQL ] SELECT `a`.*,`ac`.`name` FROM `think_article` `a` LEFT JOIN `think_article_cate` `ac` ON `a`.`cate_id`=`ac`.`id` WHERE  `a`.`status` = 1 ORDER BY id desc LIMIT 0,15 [ RunTime:0.000443s ]

---------------------------------------------------------------
[ 2017-07-23T01:15:27+08:00 ] 172.17.180.47 111.206.221.40 GET /index/index/index.html?page=1
[ log ] www.hhqblog.com/index/index/index.html?page=1 [运行时间：0.031912s][吞吐率：31.34req/s] [内存消耗：4,617.23kb] [文件加载：55]
[ info ] [ LANG ] /yjdata/www/hhqblog/thinkphp/lang/zh-cn.php
[ info ] [ ROUTE ] array (
  'type' => 'module',
  'module' => 
  array (
    0 => 'index',
    1 => 'index',
    2 => 'index',
  ),
)
[ info ] [ HEADER ] array (
  'host' => 'www.hhqblog.com',
  'user-agent' => 'Mozilla/5.0 (iPhone; CPU iPhone OS 9_1 like Mac OS X) AppleWebKit/601.1.46 (KHTML, like Gecko) Version/9.0 Mobile/13B143 Safari/601.1 (compatible; Baiduspider-render/2.0; +http://www.baidu.com/search/spider.html)',
  'proxy-connection' => 'keep-alive',
  'accept' => 'application/json, text/javascript, */*; q=0.01',
  'x-devtools-emulate-network-conditions-client-id' => '4b45d5b1-9085-4df8-8b85-9b55a55142f1',
  'x-requested-with' => 'XMLHttpRequest',
  'accept-language' => 'zh-CN,zh;q=0.8,en-US;q=0.5,en;q=0.3',
  'resource-type' => '13',
  'referer' => 'http://www.hhqblog.com/',
  'content-type' => '',
  'content-length' => '',
)
[ info ] [ PARAM ] array (
  'page' => '1',
)
[ info ] [ CACHE ] INIT File
[ info ] [ DB ] INIT mysql
[ info ] [ RUN ] app\index\controller\Index->index[ /yjdata/www/hhqblog/application/index/controller/Index.php ]
[ info ] [ LOG ] INIT File
[ sql ] [ DB ] CONNECT:[ UseTime:0.000331s ] mysql:dbname=hhqblog;host=127.0.0.1;port=3306;charset=utf8
[ sql ] [ SQL ] SHOW COLUMNS FROM `think_article` [ RunTime:0.000826s ]
[ sql ] [ SQL ] SELECT * FROM `think_article` ORDER BY views desc LIMIT 8 [ RunTime:0.000493s ]
[ sql ] [ SQL ] SELECT * FROM `think_article` WHERE  `status` = 1  AND `type` = 2 ORDER BY id desc LIMIT 6 [ RunTime:0.000383s ]
[ sql ] [ SQL ] SELECT COUNT(*) AS tp_count FROM `think_article` WHERE  `status` = 1 LIMIT 1 [ RunTime:0.000269s ]
[ sql ] [ SQL ] SELECT `a`.*,`ac`.`name` FROM `think_article` `a` LEFT JOIN `think_article_cate` `ac` ON `a`.`cate_id`=`ac`.`id` WHERE  `a`.`status` = 1 ORDER BY id desc LIMIT 0,15 [ RunTime:0.000510s ]

---------------------------------------------------------------
[ 2017-07-23T02:08:07+08:00 ] 172.17.180.47 180.76.15.27 GET /ar/32
[ log ] www.hhqblog.com/ar/32 [运行时间：0.029398s][吞吐率：34.02req/s] [内存消耗：4,070.92kb] [文件加载：56]
[ info ] [ LANG ] /yjdata/www/hhqblog/thinkphp/lang/zh-cn.php
[ info ] [ ROUTE ] array (
  'type' => 'module',
  'module' => 
  array (
    0 => 'index',
    1 => 'Artical',
    2 => 'detail',
  ),
  'convert' => false,
)
[ info ] [ HEADER ] array (
  'host' => 'www.hhqblog.com',
  'connection' => 'close',
  'user-agent' => 'Mozilla/5.0 (compatible; Baiduspider/2.0; +http://www.baidu.com/search/spider.html)',
  'accept-encoding' => 'gzip',
  'accept-language' => 'en-US',
  'accept' => '*/*',
  'content-type' => '',
  'content-length' => '',
)
[ info ] [ PARAM ] array (
  'id' => '32',
)
[ info ] [ CACHE ] INIT File
[ info ] [ DB ] INIT mysql
[ info ] [ RUN ] app\index\controller\Artical->detail[ /yjdata/www/hhqblog/application/index/controller/Artical.php ]
[ info ] [ VIEW ] /yjdata/www/hhqblog/public/../application/index/view/artical/detail.html [ array (
  0 => 'menu',
  1 => 'recommend',
  2 => 'newarticle',
  3 => 'hot',
  4 => 'article',
  5 => 'allpage',
) ]
[ info ] [ LOG ] INIT File
[ sql ] [ DB ] CONNECT:[ UseTime:0.000281s ] mysql:dbname=hhqblog;host=127.0.0.1;port=3306;charset=utf8
[ sql ] [ SQL ] SHOW COLUMNS FROM `think_article` [ RunTime:0.000814s ]
[ sql ] [ SQL ] SELECT * FROM `think_article` ORDER BY views desc LIMIT 8 [ RunTime:0.000474s ]
[ sql ] [ SQL ] SELECT `a`.*,`ca`.`name` FROM `think_article` `a` LEFT JOIN `think_article_cate` `ca` ON `a`.`cate_id`=`ca`.`id` WHERE  `a`.`id` = 32 LIMIT 1 [ RunTime:0.000255s ]

---------------------------------------------------------------
[ 2017-07-23T02:19:45+08:00 ] 172.17.180.47 123.179.4.120 GET /
[ log ] www.hhqblog.com/ [运行时间：0.034023s][吞吐率：29.39req/s] [内存消耗：4,598.63kb] [文件加载：56]
[ info ] [ LANG ] /yjdata/www/hhqblog/thinkphp/lang/zh-cn.php
[ info ] [ ROUTE ] array (
  'type' => 'module',
  'module' => 
  array (
    0 => '',
    1 => NULL,
    2 => NULL,
  ),
)
[ info ] [ HEADER ] array (
  'host' => 'www.hhqblog.com',
  'accept-language' => 'zh-CN,zh;q=0.8',
  'accept-encoding' => 'gzip,deflate,sdch',
  'accept' => '*/*',
  'user-agent' => 'Mozilla/5.0 (iPhone; CPU iPhone OS 9_1 like Mac OS X) AppleWebKit/601.1.46 (KHTML, like Gecko) Version/9.0 Mobile/13B143 Safari/601.1',
  'accept-charset' => 'GB2312,utf-8;q=0.7,*;q=0.7',
  'connection' => 'keep-alive',
  'content-type' => '',
  'content-length' => '',
)
[ info ] [ PARAM ] array (
)
[ info ] [ CACHE ] INIT File
[ info ] [ DB ] INIT mysql
[ info ] [ RUN ] app\index\controller\Index->index[ /yjdata/www/hhqblog/application/index/controller/Index.php ]
[ info ] [ VIEW ] /yjdata/www/hhqblog/public/../application/index/view/index/index.html [ array (
  0 => 'menu',
  1 => 'recommend',
  2 => 'newarticle',
  3 => 'hot',
  4 => 'list',
  5 => 'allpage',
  6 => 'top_line',
  7 => 'carousel',
) ]
[ info ] [ LOG ] INIT File
[ sql ] [ DB ] CONNECT:[ UseTime:0.000295s ] mysql:dbname=hhqblog;host=127.0.0.1;port=3306;charset=utf8
[ sql ] [ SQL ] SHOW COLUMNS FROM `think_article` [ RunTime:0.000818s ]
[ sql ] [ SQL ] SELECT * FROM `think_article` WHERE  `status` = 1  AND `is_tui` = 1 ORDER BY id desc LIMIT 8 [ RunTime:0.000634s ]
[ sql ] [ SQL ] SELECT * FROM `think_article` WHERE  `status` = 1 ORDER BY id desc LIMIT 8 [ RunTime:0.000358s ]
[ sql ] [ SQL ] SELECT * FROM `think_article` ORDER BY views desc LIMIT 8 [ RunTime:0.000362s ]
[ sql ] [ SQL ] SELECT * FROM `think_article` WHERE  `status` = 1  AND `type` = 1 ORDER BY id desc LIMIT 6 [ RunTime:0.000303s ]
[ sql ] [ SQL ] SELECT * FROM `think_article` WHERE  `status` = 1  AND `type` = 2 ORDER BY id desc LIMIT 6 [ RunTime:0.000307s ]
[ sql ] [ SQL ] SELECT COUNT(*) AS tp_count FROM `think_article` WHERE  `status` = 1 LIMIT 1 [ RunTime:0.000234s ]
[ sql ] [ SQL ] SELECT `a`.*,`ac`.`name` FROM `think_article` `a` LEFT JOIN `think_article_cate` `ac` ON `a`.`cate_id`=`ac`.`id` WHERE  `a`.`status` = 1 ORDER BY id desc LIMIT 0,15 [ RunTime:0.000492s ]

---------------------------------------------------------------
[ 2017-07-23T02:36:53+08:00 ] 172.17.180.47 40.77.167.28 GET /
[ log ] hhqblog.com/ [运行时间：0.033059s][吞吐率：30.25req/s] [内存消耗：4,641.95kb] [文件加载：56]
[ info ] [ LANG ] /yjdata/www/hhqblog/thinkphp/lang/zh-cn.php
[ info ] [ ROUTE ] array (
  'type' => 'module',
  'module' => 
  array (
    0 => '',
    1 => NULL,
    2 => NULL,
  ),
)
[ info ] [ HEADER ] array (
  'cache-control' => 'no-cache',
  'connection' => 'Keep-Alive',
  'pragma' => 'no-cache',
  'accept' => '*/*',
  'accept-encoding' => 'gzip, deflate',
  'from' => 'bingbot(at)microsoft.com',
  'host' => 'hhqblog.com',
  'user-agent' => 'Mozilla/5.0 (compatible; bingbot/2.0; +http://www.bing.com/bingbot.htm)',
  'content-type' => '',
  'content-length' => '',
)
[ info ] [ PARAM ] array (
)
[ info ] [ CACHE ] INIT File
[ info ] [ DB ] INIT mysql
[ info ] [ RUN ] app\index\controller\Index->index[ /yjdata/www/hhqblog/application/index/controller/Index.php ]
[ info ] [ VIEW ] /yjdata/www/hhqblog/public/../application/index/view/index/index.html [ array (
  0 => 'menu',
  1 => 'recommend',
  2 => 'newarticle',
  3 => 'hot',
  4 => 'list',
  5 => 'allpage',
  6 => 'top_line',
  7 => 'carousel',
) ]
[ info ] [ LOG ] INIT File
[ sql ] [ DB ] CONNECT:[ UseTime:0.000326s ] mysql:dbname=hhqblog;host=127.0.0.1;port=3306;charset=utf8
[ sql ] [ SQL ] SHOW COLUMNS FROM `think_article` [ RunTime:0.000856s ]
[ sql ] [ SQL ] SELECT * FROM `think_article` ORDER BY views desc LIMIT 8 [ RunTime:0.000591s ]
[ sql ] [ SQL ] SELECT * FROM `think_article` WHERE  `status` = 1  AND `type` = 2 ORDER BY id desc LIMIT 6 [ RunTime:0.000386s ]
[ sql ] [ SQL ] SELECT COUNT(*) AS tp_count FROM `think_article` WHERE  `status` = 1 LIMIT 1 [ RunTime:0.000238s ]
[ sql ] [ SQL ] SELECT `a`.*,`ac`.`name` FROM `think_article` `a` LEFT JOIN `think_article_cate` `ac` ON `a`.`cate_id`=`ac`.`id` WHERE  `a`.`status` = 1 ORDER BY id desc LIMIT 0,15 [ RunTime:0.000559s ]

---------------------------------------------------------------
[ 2017-07-23T03:44:52+08:00 ] 172.17.180.47 40.77.167.28 GET /
[ log ] www.hhqblog.com/ [运行时间：0.035239s][吞吐率：28.38req/s] [内存消耗：4,598.70kb] [文件加载：56]
[ info ] [ LANG ] /yjdata/www/hhqblog/thinkphp/lang/zh-cn.php
[ info ] [ ROUTE ] array (
  'type' => 'module',
  'module' => 
  array (
    0 => '',
    1 => NULL,
    2 => NULL,
  ),
)
[ info ] [ HEADER ] array (
  'cache-control' => 'no-cache',
  'connection' => 'Keep-Alive',
  'pragma' => 'no-cache',
  'accept' => '*/*',
  'accept-encoding' => 'gzip, deflate',
  'from' => 'bingbot(at)microsoft.com',
  'host' => 'www.hhqblog.com',
  'user-agent' => 'Mozilla/5.0 (compatible; bingbot/2.0; +http://www.bing.com/bingbot.htm)',
  'content-type' => '',
  'content-length' => '',
)
[ info ] [ PARAM ] array (
)
[ info ] [ CACHE ] INIT File
[ info ] [ DB ] INIT mysql
[ info ] [ RUN ] app\index\controller\Index->index[ /yjdata/www/hhqblog/application/index/controller/Index.php ]
[ info ] [ VIEW ] /yjdata/www/hhqblog/public/../application/index/view/index/index.html [ array (
  0 => 'menu',
  1 => 'recommend',
  2 => 'newarticle',
  3 => 'hot',
  4 => 'list',
  5 => 'allpage',
  6 => 'top_line',
  7 => 'carousel',
) ]
[ info ] [ LOG ] INIT File
[ sql ] [ DB ] CONNECT:[ UseTime:0.000295s ] mysql:dbname=hhqblog;host=127.0.0.1;port=3306;charset=utf8
[ sql ] [ SQL ] SHOW COLUMNS FROM `think_article` [ RunTime:0.000837s ]
[ sql ] [ SQL ] SELECT * FROM `think_article` WHERE  `status` = 1  AND `is_tui` = 1 ORDER BY id desc LIMIT 8 [ RunTime:0.000676s ]
[ sql ] [ SQL ] SELECT * FROM `think_article` WHERE  `status` = 1 ORDER BY id desc LIMIT 8 [ RunTime:0.000350s ]
[ sql ] [ SQL ] SELECT * FROM `think_article` ORDER BY views desc LIMIT 8 [ RunTime:0.000360s ]
[ sql ] [ SQL ] SELECT * FROM `think_article` WHERE  `status` = 1  AND `type` = 1 ORDER BY id desc LIMIT 6 [ RunTime:0.000305s ]
[ sql ] [ SQL ] SELECT * FROM `think_article` WHERE  `status` = 1  AND `type` = 2 ORDER BY id desc LIMIT 6 [ RunTime:0.000322s ]
[ sql ] [ SQL ] SELECT COUNT(*) AS tp_count FROM `think_article` WHERE  `status` = 1 LIMIT 1 [ RunTime:0.000279s ]
[ sql ] [ SQL ] SELECT `a`.*,`ac`.`name` FROM `think_article` `a` LEFT JOIN `think_article_cate` `ac` ON `a`.`cate_id`=`ac`.`id` WHERE  `a`.`status` = 1 ORDER BY id desc LIMIT 0,15 [ RunTime:0.000450s ]

---------------------------------------------------------------
[ 2017-07-23T04:38:09+08:00 ] 172.17.180.47 162.242.156.106 GET /
[ log ] hhqblog.com/ [运行时间：0.031466s][吞吐率：31.78req/s] [内存消耗：4,641.63kb] [文件加载：56]
[ info ] [ LANG ] /yjdata/www/hhqblog/thinkphp/lang/zh-cn.php
[ info ] [ ROUTE ] array (
  'type' => 'module',
  'module' => 
  array (
    0 => '',
    1 => NULL,
    2 => NULL,
  ),
)
[ info ] [ HEADER ] array (
  'accept' => 'text/html,application/xhtml+xml,application/xml;q=0.9,*/*;q=0.8',
  'accept-encoding' => 'gzip,deflate,sdch',
  'user-agent' => 'Mozilla/5.0 (Windows NT 6.1; WOW64) AppleWebKit/534.24 (KHTML, like Gecko) Chrome/11.0.696.71 Safari/534.24',
  'host' => 'hhqblog.com',
  'connection' => 'Close',
  'content-type' => '',
  'content-length' => '',
)
[ info ] [ PARAM ] array (
)
[ info ] [ CACHE ] INIT File
[ info ] [ DB ] INIT mysql
[ info ] [ RUN ] app\index\controller\Index->index[ /yjdata/www/hhqblog/application/index/controller/Index.php ]
[ info ] [ VIEW ] /yjdata/www/hhqblog/public/../application/index/view/index/index.html [ array (
  0 => 'menu',
  1 => 'recommend',
  2 => 'newarticle',
  3 => 'hot',
  4 => 'list',
  5 => 'allpage',
  6 => 'top_line',
  7 => 'carousel',
) ]
[ info ] [ LOG ] INIT File
[ sql ] [ DB ] CONNECT:[ UseTime:0.000303s ] mysql:dbname=hhqblog;host=127.0.0.1;port=3306;charset=utf8
[ sql ] [ SQL ] SHOW COLUMNS FROM `think_article` [ RunTime:0.000830s ]
[ sql ] [ SQL ] SELECT * FROM `think_article` ORDER BY views desc LIMIT 8 [ RunTime:0.000469s ]
[ sql ] [ SQL ] SELECT * FROM `think_article` WHERE  `status` = 1  AND `type` = 2 ORDER BY id desc LIMIT 6 [ RunTime:0.000355s ]
[ sql ] [ SQL ] SELECT COUNT(*) AS tp_count FROM `think_article` WHERE  `status` = 1 LIMIT 1 [ RunTime:0.000232s ]
[ sql ] [ SQL ] SELECT `a`.*,`ac`.`name` FROM `think_article` `a` LEFT JOIN `think_article_cate` `ac` ON `a`.`cate_id`=`ac`.`id` WHERE  `a`.`status` = 1 ORDER BY id desc LIMIT 0,15 [ RunTime:0.000512s ]

---------------------------------------------------------------
[ 2017-07-23T05:18:30+08:00 ] 172.17.180.47 114.221.125.13 GET /
[ log ] www.hhqblog.com/ [运行时间：0.034668s][吞吐率：28.84req/s] [内存消耗：4,598.63kb] [文件加载：56]
[ info ] [ LANG ] /yjdata/www/hhqblog/thinkphp/lang/zh-cn.php
[ info ] [ ROUTE ] array (
  'type' => 'module',
  'module' => 
  array (
    0 => '',
    1 => NULL,
    2 => NULL,
  ),
)
[ info ] [ HEADER ] array (
  'host' => 'www.hhqblog.com',
  'accept-language' => 'zh-CN,zh;q=0.8',
  'accept-encoding' => 'gzip,deflate,sdch',
  'accept' => '*/*',
  'user-agent' => 'Mozilla/5.0 (iPhone; CPU iPhone OS 9_1 like Mac OS X) AppleWebKit/601.1.46 (KHTML, like Gecko) Version/9.0 Mobile/13B143 Safari/601.1',
  'accept-charset' => 'GB2312,utf-8;q=0.7,*;q=0.7',
  'connection' => 'keep-alive',
  'content-type' => '',
  'content-length' => '',
)
[ info ] [ PARAM ] array (
)
[ info ] [ CACHE ] INIT File
[ info ] [ DB ] INIT mysql
[ info ] [ RUN ] app\index\controller\Index->index[ /yjdata/www/hhqblog/application/index/controller/Index.php ]
[ info ] [ VIEW ] /yjdata/www/hhqblog/public/../application/index/view/index/index.html [ array (
  0 => 'menu',
  1 => 'recommend',
  2 => 'newarticle',
  3 => 'hot',
  4 => 'list',
  5 => 'allpage',
  6 => 'top_line',
  7 => 'carousel',
) ]
[ info ] [ LOG ] INIT File
[ sql ] [ DB ] CONNECT:[ UseTime:0.000313s ] mysql:dbname=hhqblog;host=127.0.0.1;port=3306;charset=utf8
[ sql ] [ SQL ] SHOW COLUMNS FROM `think_article` [ RunTime:0.000812s ]
[ sql ] [ SQL ] SELECT * FROM `think_article` WHERE  `status` = 1  AND `is_tui` = 1 ORDER BY id desc LIMIT 8 [ RunTime:0.000635s ]
[ sql ] [ SQL ] SELECT * FROM `think_article` WHERE  `status` = 1 ORDER BY id desc LIMIT 8 [ RunTime:0.000382s ]
[ sql ] [ SQL ] SELECT * FROM `think_article` ORDER BY views desc LIMIT 8 [ RunTime:0.000367s ]
[ sql ] [ SQL ] SELECT * FROM `think_article` WHERE  `status` = 1  AND `type` = 1 ORDER BY id desc LIMIT 6 [ RunTime:0.000321s ]
[ sql ] [ SQL ] SELECT * FROM `think_article` WHERE  `status` = 1  AND `type` = 2 ORDER BY id desc LIMIT 6 [ RunTime:0.000315s ]
[ sql ] [ SQL ] SELECT COUNT(*) AS tp_count FROM `think_article` WHERE  `status` = 1 LIMIT 1 [ RunTime:0.000266s ]
[ sql ] [ SQL ] SELECT `a`.*,`ac`.`name` FROM `think_article` `a` LEFT JOIN `think_article_cate` `ac` ON `a`.`cate_id`=`ac`.`id` WHERE  `a`.`status` = 1 ORDER BY id desc LIMIT 0,15 [ RunTime:0.000465s ]

---------------------------------------------------------------
[ 2017-07-23T06:10:17+08:00 ] 172.17.180.47 162.242.156.106 GET /
[ log ] www.hhqblog.com/ [运行时间：0.032334s][吞吐率：30.93req/s] [内存消耗：4,641.61kb] [文件加载：56]
[ info ] [ LANG ] /yjdata/www/hhqblog/thinkphp/lang/zh-cn.php
[ info ] [ ROUTE ] array (
  'type' => 'module',
  'module' => 
  array (
    0 => '',
    1 => NULL,
    2 => NULL,
  ),
)
[ info ] [ HEADER ] array (
  'accept' => 'text/html,application/xhtml+xml,application/xml;q=0.9,*/*;q=0.8',
  'accept-encoding' => 'gzip,deflate,sdch',
  'referer' => 'http://hhqblog.com/',
  'user-agent' => 'Mozilla/5.0 (Windows NT 6.1; WOW64) AppleWebKit/534.24 (KHTML, like Gecko) Chrome/11.0.696.71 Safari/534.24',
  'host' => 'www.hhqblog.com',
  'connection' => 'Close',
  'content-type' => '',
  'content-length' => '',
)
[ info ] [ PARAM ] array (
)
[ info ] [ CACHE ] INIT File
[ info ] [ DB ] INIT mysql
[ info ] [ RUN ] app\index\controller\Index->index[ /yjdata/www/hhqblog/application/index/controller/Index.php ]
[ info ] [ VIEW ] /yjdata/www/hhqblog/public/../application/index/view/index/index.html [ array (
  0 => 'menu',
  1 => 'recommend',
  2 => 'newarticle',
  3 => 'hot',
  4 => 'list',
  5 => 'allpage',
  6 => 'top_line',
  7 => 'carousel',
) ]
[ info ] [ LOG ] INIT File
[ sql ] [ DB ] CONNECT:[ UseTime:0.000299s ] mysql:dbname=hhqblog;host=127.0.0.1;port=3306;charset=utf8
[ sql ] [ SQL ] SHOW COLUMNS FROM `think_article` [ RunTime:0.000866s ]
[ sql ] [ SQL ] SELECT * FROM `think_article` ORDER BY views desc LIMIT 8 [ RunTime:0.000507s ]
[ sql ] [ SQL ] SELECT * FROM `think_article` WHERE  `status` = 1  AND `type` = 2 ORDER BY id desc LIMIT 6 [ RunTime:0.000392s ]
[ sql ] [ SQL ] SELECT COUNT(*) AS tp_count FROM `think_article` WHERE  `status` = 1 LIMIT 1 [ RunTime:0.000237s ]
[ sql ] [ SQL ] SELECT `a`.*,`ac`.`name` FROM `think_article` `a` LEFT JOIN `think_article_cate` `ac` ON `a`.`cate_id`=`ac`.`id` WHERE  `a`.`status` = 1 ORDER BY id desc LIMIT 0,15 [ RunTime:0.000496s ]

---------------------------------------------------------------
[ 2017-07-23T07:00:10+08:00 ] 172.17.180.47 140.205.205.4 GET /
[ log ] hhqblog.com/ [运行时间：0.035153s][吞吐率：28.45req/s] [内存消耗：4,598.44kb] [文件加载：56]
[ info ] [ LANG ] /yjdata/www/hhqblog/thinkphp/lang/zh-cn.php
[ info ] [ ROUTE ] array (
  'type' => 'module',
  'module' => 
  array (
    0 => '',
    1 => NULL,
    2 => NULL,
  ),
)
[ info ] [ HEADER ] array (
  'host' => 'hhqblog.com',
  'accept-language' => 'en',
  'accept-encoding' => 'gzip,deflate',
  'accept' => 'text/html,application/xhtml+xml,application/xml;q=0.9,*/*;q=0.8',
  'user-agent' => 'Mozilla/5.0 (X11; U; Linux; en-US) AppleWebKit/527+ (KHTML, like Gecko, Safari/419.3) Arora/0.6',
  'content-type' => '',
  'content-length' => '',
)
[ info ] [ PARAM ] array (
)
[ info ] [ CACHE ] INIT File
[ info ] [ DB ] INIT mysql
[ info ] [ RUN ] app\index\controller\Index->index[ /yjdata/www/hhqblog/application/index/controller/Index.php ]
[ info ] [ VIEW ] /yjdata/www/hhqblog/public/../application/index/view/index/index.html [ array (
  0 => 'menu',
  1 => 'recommend',
  2 => 'newarticle',
  3 => 'hot',
  4 => 'list',
  5 => 'allpage',
  6 => 'top_line',
  7 => 'carousel',
) ]
[ info ] [ LOG ] INIT File
[ sql ] [ DB ] CONNECT:[ UseTime:0.000322s ] mysql:dbname=hhqblog;host=127.0.0.1;port=3306;charset=utf8
[ sql ] [ SQL ] SHOW COLUMNS FROM `think_article` [ RunTime:0.000820s ]
[ sql ] [ SQL ] SELECT * FROM `think_article` WHERE  `status` = 1  AND `is_tui` = 1 ORDER BY id desc LIMIT 8 [ RunTime:0.000646s ]
[ sql ] [ SQL ] SELECT * FROM `think_article` WHERE  `status` = 1 ORDER BY id desc LIMIT 8 [ RunTime:0.000362s ]
[ sql ] [ SQL ] SELECT * FROM `think_article` ORDER BY views desc LIMIT 8 [ RunTime:0.000362s ]
[ sql ] [ SQL ] SELECT * FROM `think_article` WHERE  `status` = 1  AND `type` = 1 ORDER BY id desc LIMIT 6 [ RunTime:0.000306s ]
[ sql ] [ SQL ] SELECT * FROM `think_article` WHERE  `status` = 1  AND `type` = 2 ORDER BY id desc LIMIT 6 [ RunTime:0.000338s ]
[ sql ] [ SQL ] SELECT COUNT(*) AS tp_count FROM `think_article` WHERE  `status` = 1 LIMIT 1 [ RunTime:0.000252s ]
[ sql ] [ SQL ] SELECT `a`.*,`ac`.`name` FROM `think_article` `a` LEFT JOIN `think_article_cate` `ac` ON `a`.`cate_id`=`ac`.`id` WHERE  `a`.`status` = 1 ORDER BY id desc LIMIT 0,15 [ RunTime:0.000464s ]

---------------------------------------------------------------
[ 2017-07-23T07:11:59+08:00 ] 172.17.180.47 123.125.71.39 GET /index/artical/detail/id/23
[ log ] www.hhqblog.com/index/artical/detail/id/23 [运行时间：0.014720s][吞吐率：67.93req/s] [内存消耗：1,581.81kb] [文件加载：37]
[ info ] [ LANG ] /yjdata/www/hhqblog/thinkphp/lang/zh-cn.php
[ info ] [ LOG ] INIT File

---------------------------------------------------------------
[ 2017-07-23T07:18:10+08:00 ] 172.17.180.47 140.205.205.4 GET /
[ log ] hhqblog.com/ [运行时间：0.031684s][吞吐率：31.56req/s] [内存消耗：4,641.43kb] [文件加载：56]
[ info ] [ LANG ] /yjdata/www/hhqblog/thinkphp/lang/zh-cn.php
[ info ] [ ROUTE ] array (
  'type' => 'module',
  'module' => 
  array (
    0 => '',
    1 => NULL,
    2 => NULL,
  ),
)
[ info ] [ HEADER ] array (
  'host' => 'hhqblog.com',
  'accept-language' => 'en',
  'accept-encoding' => 'gzip,deflate',
  'accept' => 'text/html,application/xhtml+xml,application/xml;q=0.9,*/*;q=0.8',
  'user-agent' => 'Mozilla/5.0 (Windows NT 6.1; WOW64) AppleWebKit/535.11 (KHTML, like Gecko) Chrome/17.0.963.56 Safari/535.11',
  'content-type' => '',
  'content-length' => '',
)
[ info ] [ PARAM ] array (
)
[ info ] [ CACHE ] INIT File
[ info ] [ DB ] INIT mysql
[ info ] [ RUN ] app\index\controller\Index->index[ /yjdata/www/hhqblog/application/index/controller/Index.php ]
[ info ] [ VIEW ] /yjdata/www/hhqblog/public/../application/index/view/index/index.html [ array (
  0 => 'menu',
  1 => 'recommend',
  2 => 'newarticle',
  3 => 'hot',
  4 => 'list',
  5 => 'allpage',
  6 => 'top_line',
  7 => 'carousel',
) ]
[ info ] [ LOG ] INIT File
[ sql ] [ DB ] CONNECT:[ UseTime:0.000295s ] mysql:dbname=hhqblog;host=127.0.0.1;port=3306;charset=utf8
[ sql ] [ SQL ] SHOW COLUMNS FROM `think_article` [ RunTime:0.000817s ]
[ sql ] [ SQL ] SELECT * FROM `think_article` ORDER BY views desc LIMIT 8 [ RunTime:0.000486s ]
[ sql ] [ SQL ] SELECT * FROM `think_article` WHERE  `status` = 1  AND `type` = 2 ORDER BY id desc LIMIT 6 [ RunTime:0.000370s ]
[ sql ] [ SQL ] SELECT COUNT(*) AS tp_count FROM `think_article` WHERE  `status` = 1 LIMIT 1 [ RunTime:0.000241s ]
[ sql ] [ SQL ] SELECT `a`.*,`ac`.`name` FROM `think_article` `a` LEFT JOIN `think_article_cate` `ac` ON `a`.`cate_id`=`ac`.`id` WHERE  `a`.`status` = 1 ORDER BY id desc LIMIT 0,15 [ RunTime:0.000492s ]

---------------------------------------------------------------
[ 2017-07-23T09:33:29+08:00 ] 172.17.180.47 42.156.251.187 GET /
[ log ] hhqblog.com/ [运行时间：0.034291s][吞吐率：29.16req/s] [内存消耗：4,598.56kb] [文件加载：56]
[ info ] [ LANG ] /yjdata/www/hhqblog/thinkphp/lang/zh-cn.php
[ info ] [ ROUTE ] array (
  'type' => 'module',
  'module' => 
  array (
    0 => '',
    1 => NULL,
    2 => NULL,
  ),
)
[ info ] [ HEADER ] array (
  'user-agent' => 'spiderman',
  'accept-language' => 'en-us,en-gb,en;q=0.7,*;q=0.3',
  'accept-charset' => 'utf-8,ISO-8859-1;q=0.7,*;q=0.7',
  'accept' => 'text/html,application/xml;q=0.9,application/xhtml+xml,text/xml;q=0.9,text/plain;q=0.8,image/png,*/*;q=0.5',
  'accept-encoding' => 'x-gzip, gzip, deflate',
  'host' => 'hhqblog.com',
  'content-type' => '',
  'content-length' => '',
)
[ info ] [ PARAM ] array (
)
[ info ] [ CACHE ] INIT File
[ info ] [ DB ] INIT mysql
[ info ] [ RUN ] app\index\controller\Index->index[ /yjdata/www/hhqblog/application/index/controller/Index.php ]
[ info ] [ VIEW ] /yjdata/www/hhqblog/public/../application/index/view/index/index.html [ array (
  0 => 'menu',
  1 => 'recommend',
  2 => 'newarticle',
  3 => 'hot',
  4 => 'list',
  5 => 'allpage',
  6 => 'top_line',
  7 => 'carousel',
) ]
[ info ] [ LOG ] INIT File
[ sql ] [ DB ] CONNECT:[ UseTime:0.000294s ] mysql:dbname=hhqblog;host=127.0.0.1;port=3306;charset=utf8
[ sql ] [ SQL ] SHOW COLUMNS FROM `think_article` [ RunTime:0.000793s ]
[ sql ] [ SQL ] SELECT * FROM `think_article` WHERE  `status` = 1  AND `is_tui` = 1 ORDER BY id desc LIMIT 8 [ RunTime:0.000641s ]
[ sql ] [ SQL ] SELECT * FROM `think_article` WHERE  `status` = 1 ORDER BY id desc LIMIT 8 [ RunTime:0.000367s ]
[ sql ] [ SQL ] SELECT * FROM `think_article` ORDER BY views desc LIMIT 8 [ RunTime:0.000383s ]
[ sql ] [ SQL ] SELECT * FROM `think_article` WHERE  `status` = 1  AND `type` = 1 ORDER BY id desc LIMIT 6 [ RunTime:0.000319s ]
[ sql ] [ SQL ] SELECT * FROM `think_article` WHERE  `status` = 1  AND `type` = 2 ORDER BY id desc LIMIT 6 [ RunTime:0.000313s ]
[ sql ] [ SQL ] SELECT COUNT(*) AS tp_count FROM `think_article` WHERE  `status` = 1 LIMIT 1 [ RunTime:0.000255s ]
[ sql ] [ SQL ] SELECT `a`.*,`ac`.`name` FROM `think_article` `a` LEFT JOIN `think_article_cate` `ac` ON `a`.`cate_id`=`ac`.`id` WHERE  `a`.`status` = 1 ORDER BY id desc LIMIT 0,15 [ RunTime:0.000454s ]

---------------------------------------------------------------
[ 2017-07-23T09:54:09+08:00 ] 172.17.180.47 220.181.108.157 GET /index/artical/detail/id/36
[ log ] www.hhqblog.com/index/artical/detail/id/36 [运行时间：0.013163s][吞吐率：75.97req/s] [内存消耗：1,581.81kb] [文件加载：37]
[ info ] [ LANG ] /yjdata/www/hhqblog/thinkphp/lang/zh-cn.php
[ info ] [ LOG ] INIT File

---------------------------------------------------------------
[ 2017-07-23T10:56:55+08:00 ] 172.17.180.47 123.125.71.113 GET /
[ log ] www.hhqblog.com/ [运行时间：0.034826s][吞吐率：28.71req/s] [内存消耗：4,598.48kb] [文件加载：56]
[ info ] [ LANG ] /yjdata/www/hhqblog/thinkphp/lang/zh-cn.php
[ info ] [ ROUTE ] array (
  'type' => 'module',
  'module' => 
  array (
    0 => '',
    1 => NULL,
    2 => NULL,
  ),
)
[ info ] [ HEADER ] array (
  'host' => 'www.hhqblog.com',
  'connection' => 'close',
  'user-agent' => 'Mozilla/5.0 (compatible; Baiduspider/2.0; +http://www.baidu.com/search/spider.html)',
  'accept-language' => 'zh-cn,zh-tw',
  'if-none-match' => '"@NULL@"',
  'accept-encoding' => 'gzip',
  'accept' => '*/*',
  'content-type' => '',
  'content-length' => '',
)
[ info ] [ PARAM ] array (
)
[ info ] [ CACHE ] INIT File
[ info ] [ DB ] INIT mysql
[ info ] [ RUN ] app\index\controller\Index->index[ /yjdata/www/hhqblog/application/index/controller/Index.php ]
[ info ] [ VIEW ] /yjdata/www/hhqblog/public/../application/index/view/index/index.html [ array (
  0 => 'menu',
  1 => 'recommend',
  2 => 'newarticle',
  3 => 'hot',
  4 => 'list',
  5 => 'allpage',
  6 => 'top_line',
  7 => 'carousel',
) ]
[ info ] [ LOG ] INIT File
[ sql ] [ DB ] CONNECT:[ UseTime:0.000293s ] mysql:dbname=hhqblog;host=127.0.0.1;port=3306;charset=utf8
[ sql ] [ SQL ] SHOW COLUMNS FROM `think_article` [ RunTime:0.000811s ]
[ sql ] [ SQL ] SELECT * FROM `think_article` WHERE  `status` = 1  AND `is_tui` = 1 ORDER BY id desc LIMIT 8 [ RunTime:0.000716s ]
[ sql ] [ SQL ] SELECT * FROM `think_article` WHERE  `status` = 1 ORDER BY id desc LIMIT 8 [ RunTime:0.000349s ]
[ sql ] [ SQL ] SELECT * FROM `think_article` ORDER BY views desc LIMIT 8 [ RunTime:0.000351s ]
[ sql ] [ SQL ] SELECT * FROM `think_article` WHERE  `status` = 1  AND `type` = 1 ORDER BY id desc LIMIT 6 [ RunTime:0.000327s ]
[ sql ] [ SQL ] SELECT * FROM `think_article` WHERE  `status` = 1  AND `type` = 2 ORDER BY id desc LIMIT 6 [ RunTime:0.000339s ]
[ sql ] [ SQL ] SELECT COUNT(*) AS tp_count FROM `think_article` WHERE  `status` = 1 LIMIT 1 [ RunTime:0.000236s ]
[ sql ] [ SQL ] SELECT `a`.*,`ac`.`name` FROM `think_article` `a` LEFT JOIN `think_article_cate` `ac` ON `a`.`cate_id`=`ac`.`id` WHERE  `a`.`status` = 1 ORDER BY id desc LIMIT 0,15 [ RunTime:0.000478s ]

---------------------------------------------------------------
[ 2017-07-23T10:57:11+08:00 ] 172.17.180.47 111.206.221.99 GET /index/index/index.html?page=1
[ log ] www.hhqblog.com/index/index/index.html?page=1 [运行时间：0.031804s][吞吐率：31.44req/s] [内存消耗：4,617.23kb] [文件加载：55]
[ info ] [ LANG ] /yjdata/www/hhqblog/thinkphp/lang/zh-cn.php
[ info ] [ ROUTE ] array (
  'type' => 'module',
  'module' => 
  array (
    0 => 'index',
    1 => 'index',
    2 => 'index',
  ),
)
[ info ] [ HEADER ] array (
  'host' => 'www.hhqblog.com',
  'user-agent' => 'Mozilla/5.0 (iPhone; CPU iPhone OS 9_1 like Mac OS X) AppleWebKit/601.1.46 (KHTML, like Gecko) Version/9.0 Mobile/13B143 Safari/601.1 (compatible; Baiduspider-render/2.0; +http://www.baidu.com/search/spider.html)',
  'proxy-connection' => 'keep-alive',
  'accept' => 'application/json, text/javascript, */*; q=0.01',
  'x-devtools-emulate-network-conditions-client-id' => '59c4cdf2-df39-4ad0-98d5-73b9bb79d440',
  'x-requested-with' => 'XMLHttpRequest',
  'accept-language' => 'zh-CN,zh;q=0.8,en-US;q=0.5,en;q=0.3',
  'resource-type' => '13',
  'referer' => 'http://www.hhqblog.com/',
  'content-type' => '',
  'content-length' => '',
)
[ info ] [ PARAM ] array (
  'page' => '1',
)
[ info ] [ CACHE ] INIT File
[ info ] [ DB ] INIT mysql
[ info ] [ RUN ] app\index\controller\Index->index[ /yjdata/www/hhqblog/application/index/controller/Index.php ]
[ info ] [ LOG ] INIT File
[ sql ] [ DB ] CONNECT:[ UseTime:0.000295s ] mysql:dbname=hhqblog;host=127.0.0.1;port=3306;charset=utf8
[ sql ] [ SQL ] SHOW COLUMNS FROM `think_article` [ RunTime:0.000852s ]
[ sql ] [ SQL ] SELECT * FROM `think_article` ORDER BY views desc LIMIT 8 [ RunTime:0.000511s ]
[ sql ] [ SQL ] SELECT * FROM `think_article` WHERE  `status` = 1  AND `type` = 2 ORDER BY id desc LIMIT 6 [ RunTime:0.000407s ]
[ sql ] [ SQL ] SELECT COUNT(*) AS tp_count FROM `think_article` WHERE  `status` = 1 LIMIT 1 [ RunTime:0.000245s ]
[ sql ] [ SQL ] SELECT `a`.*,`ac`.`name` FROM `think_article` `a` LEFT JOIN `think_article_cate` `ac` ON `a`.`cate_id`=`ac`.`id` WHERE  `a`.`status` = 1 ORDER BY id desc LIMIT 0,15 [ RunTime:0.000500s ]

---------------------------------------------------------------
[ 2017-07-23T13:55:52+08:00 ] 172.17.180.47 157.55.39.126 GET /
[ log ] hhqblog.com/ [运行时间：0.034173s][吞吐率：29.26req/s] [内存消耗：4,598.75kb] [文件加载：56]
[ info ] [ LANG ] /yjdata/www/hhqblog/thinkphp/lang/zh-cn.php
[ info ] [ ROUTE ] array (
  'type' => 'module',
  'module' => 
  array (
    0 => '',
    1 => NULL,
    2 => NULL,
  ),
)
[ info ] [ HEADER ] array (
  'cache-control' => 'no-cache',
  'connection' => 'Keep-Alive',
  'pragma' => 'no-cache',
  'accept' => '*/*',
  'accept-encoding' => 'gzip, deflate',
  'from' => 'bingbot(at)microsoft.com',
  'host' => 'hhqblog.com',
  'user-agent' => 'Mozilla/5.0 (compatible; bingbot/2.0; +http://www.bing.com/bingbot.htm)',
  'content-type' => '',
  'content-length' => '',
)
[ info ] [ PARAM ] array (
)
[ info ] [ CACHE ] INIT File
[ info ] [ DB ] INIT mysql
[ info ] [ RUN ] app\index\controller\Index->index[ /yjdata/www/hhqblog/application/index/controller/Index.php ]
[ info ] [ VIEW ] /yjdata/www/hhqblog/public/../application/index/view/index/index.html [ array (
  0 => 'menu',
  1 => 'recommend',
  2 => 'newarticle',
  3 => 'hot',
  4 => 'list',
  5 => 'allpage',
  6 => 'top_line',
  7 => 'carousel',
) ]
[ info ] [ LOG ] INIT File
[ sql ] [ DB ] CONNECT:[ UseTime:0.000298s ] mysql:dbname=hhqblog;host=127.0.0.1;port=3306;charset=utf8
[ sql ] [ SQL ] SHOW COLUMNS FROM `think_article` [ RunTime:0.000836s ]
[ sql ] [ SQL ] SELECT * FROM `think_article` WHERE  `status` = 1  AND `is_tui` = 1 ORDER BY id desc LIMIT 8 [ RunTime:0.000611s ]
[ sql ] [ SQL ] SELECT * FROM `think_article` WHERE  `status` = 1 ORDER BY id desc LIMIT 8 [ RunTime:0.000332s ]
[ sql ] [ SQL ] SELECT * FROM `think_article` ORDER BY views desc LIMIT 8 [ RunTime:0.000351s ]
[ sql ] [ SQL ] SELECT * FROM `think_article` WHERE  `status` = 1  AND `type` = 1 ORDER BY id desc LIMIT 6 [ RunTime:0.000296s ]
[ sql ] [ SQL ] SELECT * FROM `think_article` WHERE  `status` = 1  AND `type` = 2 ORDER BY id desc LIMIT 6 [ RunTime:0.000303s ]
[ sql ] [ SQL ] SELECT COUNT(*) AS tp_count FROM `think_article` WHERE  `status` = 1 LIMIT 1 [ RunTime:0.000238s ]
[ sql ] [ SQL ] SELECT `a`.*,`ac`.`name` FROM `think_article` `a` LEFT JOIN `think_article_cate` `ac` ON `a`.`cate_id`=`ac`.`id` WHERE  `a`.`status` = 1 ORDER BY id desc LIMIT 0,15 [ RunTime:0.000444s ]

---------------------------------------------------------------
[ 2017-07-23T15:05:44+08:00 ] 172.17.180.47 157.55.39.126 GET /
[ log ] www.hhqblog.com/ [运行时间：0.034290s][吞吐率：29.16req/s] [内存消耗：4,598.70kb] [文件加载：56]
[ info ] [ LANG ] /yjdata/www/hhqblog/thinkphp/lang/zh-cn.php
[ info ] [ ROUTE ] array (
  'type' => 'module',
  'module' => 
  array (
    0 => '',
    1 => NULL,
    2 => NULL,
  ),
)
[ info ] [ HEADER ] array (
  'cache-control' => 'no-cache',
  'connection' => 'Keep-Alive',
  'pragma' => 'no-cache',
  'accept' => '*/*',
  'accept-encoding' => 'gzip, deflate',
  'from' => 'bingbot(at)microsoft.com',
  'host' => 'www.hhqblog.com',
  'user-agent' => 'Mozilla/5.0 (compatible; bingbot/2.0; +http://www.bing.com/bingbot.htm)',
  'content-type' => '',
  'content-length' => '',
)
[ info ] [ PARAM ] array (
)
[ info ] [ CACHE ] INIT File
[ info ] [ DB ] INIT mysql
[ info ] [ RUN ] app\index\controller\Index->index[ /yjdata/www/hhqblog/application/index/controller/Index.php ]
[ info ] [ VIEW ] /yjdata/www/hhqblog/public/../application/index/view/index/index.html [ array (
  0 => 'menu',
  1 => 'recommend',
  2 => 'newarticle',
  3 => 'hot',
  4 => 'list',
  5 => 'allpage',
  6 => 'top_line',
  7 => 'carousel',
) ]
[ info ] [ LOG ] INIT File
[ sql ] [ DB ] CONNECT:[ UseTime:0.000294s ] mysql:dbname=hhqblog;host=127.0.0.1;port=3306;charset=utf8
[ sql ] [ SQL ] SHOW COLUMNS FROM `think_article` [ RunTime:0.000791s ]
[ sql ] [ SQL ] SELECT * FROM `think_article` WHERE  `status` = 1  AND `is_tui` = 1 ORDER BY id desc LIMIT 8 [ RunTime:0.000646s ]
[ sql ] [ SQL ] SELECT * FROM `think_article` WHERE  `status` = 1 ORDER BY id desc LIMIT 8 [ RunTime:0.000362s ]
[ sql ] [ SQL ] SELECT * FROM `think_article` ORDER BY views desc LIMIT 8 [ RunTime:0.000362s ]
[ sql ] [ SQL ] SELECT * FROM `think_article` WHERE  `status` = 1  AND `type` = 1 ORDER BY id desc LIMIT 6 [ RunTime:0.000290s ]
[ sql ] [ SQL ] SELECT * FROM `think_article` WHERE  `status` = 1  AND `type` = 2 ORDER BY id desc LIMIT 6 [ RunTime:0.000310s ]
[ sql ] [ SQL ] SELECT COUNT(*) AS tp_count FROM `think_article` WHERE  `status` = 1 LIMIT 1 [ RunTime:0.000260s ]
[ sql ] [ SQL ] SELECT `a`.*,`ac`.`name` FROM `think_article` `a` LEFT JOIN `think_article_cate` `ac` ON `a`.`cate_id`=`ac`.`id` WHERE  `a`.`status` = 1 ORDER BY id desc LIMIT 0,15 [ RunTime:0.000444s ]

---------------------------------------------------------------
[ 2017-07-23T16:15:01+08:00 ] 172.17.180.47 54.234.14.150 GET /
[ log ] hhqblog.com/ [运行时间：0.034099s][吞吐率：29.33req/s] [内存消耗：4,598.20kb] [文件加载：56]
[ info ] [ LANG ] /yjdata/www/hhqblog/thinkphp/lang/zh-cn.php
[ info ] [ ROUTE ] array (
  'type' => 'module',
  'module' => 
  array (
    0 => '',
    1 => NULL,
    2 => NULL,
  ),
)
[ info ] [ HEADER ] array (
  'host' => 'hhqblog.com',
  'accept' => '*/*',
  'accept-encoding' => 'gzip',
  'user-agent' => 'Mozilla/5.0 (Macintosh; Intel Mac OS X 10_12_5) AppleWebKit/537.36 (KHTML, like Gecko) Chrome/58.0.3029.110 Safari/537.36',
  'content-type' => '',
  'content-length' => '',
)
[ info ] [ PARAM ] array (
)
[ info ] [ CACHE ] INIT File
[ info ] [ DB ] INIT mysql
[ info ] [ RUN ] app\index\controller\Index->index[ /yjdata/www/hhqblog/application/index/controller/Index.php ]
[ info ] [ VIEW ] /yjdata/www/hhqblog/public/../application/index/view/index/index.html [ array (
  0 => 'menu',
  1 => 'recommend',
  2 => 'newarticle',
  3 => 'hot',
  4 => 'list',
  5 => 'allpage',
  6 => 'top_line',
  7 => 'carousel',
) ]
[ info ] [ LOG ] INIT File
[ sql ] [ DB ] CONNECT:[ UseTime:0.000289s ] mysql:dbname=hhqblog;host=127.0.0.1;port=3306;charset=utf8
[ sql ] [ SQL ] SHOW COLUMNS FROM `think_article` [ RunTime:0.000783s ]
[ sql ] [ SQL ] SELECT * FROM `think_article` WHERE  `status` = 1  AND `is_tui` = 1 ORDER BY id desc LIMIT 8 [ RunTime:0.000619s ]
[ sql ] [ SQL ] SELECT * FROM `think_article` WHERE  `status` = 1 ORDER BY id desc LIMIT 8 [ RunTime:0.000345s ]
[ sql ] [ SQL ] SELECT * FROM `think_article` ORDER BY views desc LIMIT 8 [ RunTime:0.000336s ]
[ sql ] [ SQL ] SELECT * FROM `think_article` WHERE  `status` = 1  AND `type` = 1 ORDER BY id desc LIMIT 6 [ RunTime:0.000292s ]
[ sql ] [ SQL ] SELECT * FROM `think_article` WHERE  `status` = 1  AND `type` = 2 ORDER BY id desc LIMIT 6 [ RunTime:0.000307s ]
[ sql ] [ SQL ] SELECT COUNT(*) AS tp_count FROM `think_article` WHERE  `status` = 1 LIMIT 1 [ RunTime:0.000243s ]
[ sql ] [ SQL ] SELECT `a`.*,`ac`.`name` FROM `think_article` `a` LEFT JOIN `think_article_cate` `ac` ON `a`.`cate_id`=`ac`.`id` WHERE  `a`.`status` = 1 ORDER BY id desc LIMIT 0,15 [ RunTime:0.000433s ]

---------------------------------------------------------------
[ 2017-07-23T17:12:05+08:00 ] 172.17.180.47 123.125.71.99 GET /
[ log ] www.hhqblog.com/ [运行时间：0.031592s][吞吐率：31.65req/s] [内存消耗：4,641.58kb] [文件加载：56]
[ info ] [ LANG ] /yjdata/www/hhqblog/thinkphp/lang/zh-cn.php
[ info ] [ ROUTE ] array (
  'type' => 'module',
  'module' => 
  array (
    0 => '',
    1 => NULL,
    2 => NULL,
  ),
)
[ info ] [ HEADER ] array (
  'host' => 'www.hhqblog.com',
  'connection' => 'close',
  'user-agent' => 'Mozilla/5.0 (compatible; Baiduspider/2.0; +http://www.baidu.com/search/spider.html)',
  'accept-language' => 'zh-cn,zh-tw',
  'if-none-match' => '"@NULL@"',
  'accept-encoding' => 'gzip',
  'accept' => '*/*',
  'content-type' => '',
  'content-length' => '',
)
[ info ] [ PARAM ] array (
)
[ info ] [ CACHE ] INIT File
[ info ] [ DB ] INIT mysql
[ info ] [ RUN ] app\index\controller\Index->index[ /yjdata/www/hhqblog/application/index/controller/Index.php ]
[ info ] [ VIEW ] /yjdata/www/hhqblog/public/../application/index/view/index/index.html [ array (
  0 => 'menu',
  1 => 'recommend',
  2 => 'newarticle',
  3 => 'hot',
  4 => 'list',
  5 => 'allpage',
  6 => 'top_line',
  7 => 'carousel',
) ]
[ info ] [ LOG ] INIT File
[ sql ] [ DB ] CONNECT:[ UseTime:0.000313s ] mysql:dbname=hhqblog;host=127.0.0.1;port=3306;charset=utf8
[ sql ] [ SQL ] SHOW COLUMNS FROM `think_article` [ RunTime:0.000853s ]
[ sql ] [ SQL ] SELECT * FROM `think_article` ORDER BY views desc LIMIT 8 [ RunTime:0.000482s ]
[ sql ] [ SQL ] SELECT * FROM `think_article` WHERE  `status` = 1  AND `type` = 2 ORDER BY id desc LIMIT 6 [ RunTime:0.000360s ]
[ sql ] [ SQL ] SELECT COUNT(*) AS tp_count FROM `think_article` WHERE  `status` = 1 LIMIT 1 [ RunTime:0.000233s ]
[ sql ] [ SQL ] SELECT `a`.*,`ac`.`name` FROM `think_article` `a` LEFT JOIN `think_article_cate` `ac` ON `a`.`cate_id`=`ac`.`id` WHERE  `a`.`status` = 1 ORDER BY id desc LIMIT 0,15 [ RunTime:0.000509s ]

---------------------------------------------------------------
[ 2017-07-23T17:12:14+08:00 ] 172.17.180.47 111.206.221.26 GET /index/index/index.html?page=1
[ log ] www.hhqblog.com/index/index/index.html?page=1 [运行时间：0.030878s][吞吐率：32.39req/s] [内存消耗：4,617.23kb] [文件加载：55]
[ info ] [ LANG ] /yjdata/www/hhqblog/thinkphp/lang/zh-cn.php
[ info ] [ ROUTE ] array (
  'type' => 'module',
  'module' => 
  array (
    0 => 'index',
    1 => 'index',
    2 => 'index',
  ),
)
[ info ] [ HEADER ] array (
  'host' => 'www.hhqblog.com',
  'user-agent' => 'Mozilla/5.0 (iPhone; CPU iPhone OS 9_1 like Mac OS X) AppleWebKit/601.1.46 (KHTML, like Gecko) Version/9.0 Mobile/13B143 Safari/601.1 (compatible; Baiduspider-render/2.0; +http://www.baidu.com/search/spider.html)',
  'proxy-connection' => 'keep-alive',
  'accept' => 'application/json, text/javascript, */*; q=0.01',
  'x-devtools-emulate-network-conditions-client-id' => '43c7fa96-90fb-4dcf-974b-64aa63555c36',
  'x-requested-with' => 'XMLHttpRequest',
  'accept-language' => 'zh-CN,zh;q=0.8,en-US;q=0.5,en;q=0.3',
  'resource-type' => '13',
  'referer' => 'http://www.hhqblog.com/',
  'content-type' => '',
  'content-length' => '',
)
[ info ] [ PARAM ] array (
  'page' => '1',
)
[ info ] [ CACHE ] INIT File
[ info ] [ DB ] INIT mysql
[ info ] [ RUN ] app\index\controller\Index->index[ /yjdata/www/hhqblog/application/index/controller/Index.php ]
[ info ] [ LOG ] INIT File
[ sql ] [ DB ] CONNECT:[ UseTime:0.000287s ] mysql:dbname=hhqblog;host=127.0.0.1;port=3306;charset=utf8
[ sql ] [ SQL ] SHOW COLUMNS FROM `think_article` [ RunTime:0.000820s ]
[ sql ] [ SQL ] SELECT * FROM `think_article` ORDER BY views desc LIMIT 8 [ RunTime:0.000480s ]
[ sql ] [ SQL ] SELECT * FROM `think_article` WHERE  `status` = 1  AND `type` = 2 ORDER BY id desc LIMIT 6 [ RunTime:0.000438s ]
[ sql ] [ SQL ] SELECT COUNT(*) AS tp_count FROM `think_article` WHERE  `status` = 1 LIMIT 1 [ RunTime:0.000246s ]
[ sql ] [ SQL ] SELECT `a`.*,`ac`.`name` FROM `think_article` `a` LEFT JOIN `think_article_cate` `ac` ON `a`.`cate_id`=`ac`.`id` WHERE  `a`.`status` = 1 ORDER BY id desc LIMIT 0,15 [ RunTime:0.000478s ]

---------------------------------------------------------------
[ 2017-07-23T19:05:53+08:00 ] 172.17.180.47 140.205.204.75 GET /
[ log ] www.hhqblog.com/ [运行时间：0.034588s][吞吐率：28.91req/s] [内存消耗：4,598.29kb] [文件加载：56]
[ info ] [ LANG ] /yjdata/www/hhqblog/thinkphp/lang/zh-cn.php
[ info ] [ ROUTE ] array (
  'type' => 'module',
  'module' => 
  array (
    0 => '',
    1 => NULL,
    2 => NULL,
  ),
)
[ info ] [ HEADER ] array (
  'host' => 'www.hhqblog.com',
  'accept-language' => 'en',
  'accept-encoding' => 'gzip,deflate',
  'accept' => 'text/html,application/xhtml+xml,application/xml;q=0.9,*/*;q=0.8',
  'user-agent' => 'Mozilla/4.0 (compatible; MSIE 7.0b; Windows NT 5.2; .NET CLR 1.1.4322; .NET CLR 2.0.50727; InfoPath.2; .NET CLR 3.0.04506.30)',
  'content-type' => '',
  'content-length' => '',
)
[ info ] [ PARAM ] array (
)
[ info ] [ CACHE ] INIT File
[ info ] [ DB ] INIT mysql
[ info ] [ RUN ] app\index\controller\Index->index[ /yjdata/www/hhqblog/application/index/controller/Index.php ]
[ info ] [ VIEW ] /yjdata/www/hhqblog/public/../application/index/view/index/index.html [ array (
  0 => 'menu',
  1 => 'recommend',
  2 => 'newarticle',
  3 => 'hot',
  4 => 'list',
  5 => 'allpage',
  6 => 'top_line',
  7 => 'carousel',
) ]
[ info ] [ LOG ] INIT File
[ sql ] [ DB ] CONNECT:[ UseTime:0.000351s ] mysql:dbname=hhqblog;host=127.0.0.1;port=3306;charset=utf8
[ sql ] [ SQL ] SHOW COLUMNS FROM `think_article` [ RunTime:0.000828s ]
[ sql ] [ SQL ] SELECT * FROM `think_article` WHERE  `status` = 1  AND `is_tui` = 1 ORDER BY id desc LIMIT 8 [ RunTime:0.000644s ]
[ sql ] [ SQL ] SELECT * FROM `think_article` WHERE  `status` = 1 ORDER BY id desc LIMIT 8 [ RunTime:0.000337s ]
[ sql ] [ SQL ] SELECT * FROM `think_article` ORDER BY views desc LIMIT 8 [ RunTime:0.000340s ]
[ sql ] [ SQL ] SELECT * FROM `think_article` WHERE  `status` = 1  AND `type` = 1 ORDER BY id desc LIMIT 6 [ RunTime:0.000302s ]
[ sql ] [ SQL ] SELECT * FROM `think_article` WHERE  `status` = 1  AND `type` = 2 ORDER BY id desc LIMIT 6 [ RunTime:0.000323s ]
[ sql ] [ SQL ] SELECT COUNT(*) AS tp_count FROM `think_article` WHERE  `status` = 1 LIMIT 1 [ RunTime:0.000233s ]
[ sql ] [ SQL ] SELECT `a`.*,`ac`.`name` FROM `think_article` `a` LEFT JOIN `think_article_cate` `ac` ON `a`.`cate_id`=`ac`.`id` WHERE  `a`.`status` = 1 ORDER BY id desc LIMIT 0,15 [ RunTime:0.000462s ]

---------------------------------------------------------------
[ 2017-07-23T22:16:18+08:00 ] 172.17.180.47 85.143.218.11 HEAD /
[ log ] hhqblog.com/ [运行时间：0.034513s][吞吐率：28.97req/s] [内存消耗：4,597.83kb] [文件加载：56]
[ info ] [ LANG ] /yjdata/www/hhqblog/thinkphp/lang/zh-cn.php
[ info ] [ ROUTE ] array (
  'type' => 'module',
  'module' => 
  array (
    0 => '',
    1 => NULL,
    2 => NULL,
  ),
)
[ info ] [ HEADER ] array (
  'accept-encoding' => 'gzip, deflate',
  'connection' => 'close',
  'host' => 'hhqblog.com',
  'referer' => 'http://hhqblog.com/',
  'user-agent' => 'Mozilla/4.0 (compatible; MSIE 6.0; Windows NT 5.1; SV1)',
  'content-type' => '',
  'content-length' => '',
)
[ info ] [ PARAM ] array (
)
[ info ] [ CACHE ] INIT File
[ info ] [ DB ] INIT mysql
[ info ] [ RUN ] app\index\controller\Index->index[ /yjdata/www/hhqblog/application/index/controller/Index.php ]
[ info ] [ VIEW ] /yjdata/www/hhqblog/public/../application/index/view/index/index.html [ array (
  0 => 'menu',
  1 => 'recommend',
  2 => 'newarticle',
  3 => 'hot',
  4 => 'list',
  5 => 'allpage',
  6 => 'top_line',
  7 => 'carousel',
) ]
[ info ] [ LOG ] INIT File
[ sql ] [ DB ] CONNECT:[ UseTime:0.000295s ] mysql:dbname=hhqblog;host=127.0.0.1;port=3306;charset=utf8
[ sql ] [ SQL ] SHOW COLUMNS FROM `think_article` [ RunTime:0.000806s ]
[ sql ] [ SQL ] SELECT * FROM `think_article` WHERE  `status` = 1  AND `is_tui` = 1 ORDER BY id desc LIMIT 8 [ RunTime:0.000615s ]
[ sql ] [ SQL ] SELECT * FROM `think_article` WHERE  `status` = 1 ORDER BY id desc LIMIT 8 [ RunTime:0.000346s ]
[ sql ] [ SQL ] SELECT * FROM `think_article` ORDER BY views desc LIMIT 8 [ RunTime:0.000363s ]
[ sql ] [ SQL ] SELECT * FROM `think_article` WHERE  `status` = 1  AND `type` = 1 ORDER BY id desc LIMIT 6 [ RunTime:0.000293s ]
[ sql ] [ SQL ] SELECT * FROM `think_article` WHERE  `status` = 1  AND `type` = 2 ORDER BY id desc LIMIT 6 [ RunTime:0.000338s ]
[ sql ] [ SQL ] SELECT COUNT(*) AS tp_count FROM `think_article` WHERE  `status` = 1 LIMIT 1 [ RunTime:0.000253s ]
[ sql ] [ SQL ] SELECT `a`.*,`ac`.`name` FROM `think_article` `a` LEFT JOIN `think_article_cate` `ac` ON `a`.`cate_id`=`ac`.`id` WHERE  `a`.`status` = 1 ORDER BY id desc LIMIT 0,15 [ RunTime:0.000432s ]

---------------------------------------------------------------
[ 2017-07-23T22:34:39+08:00 ] 172.17.180.47 221.238.131.250 GET /
[ log ] www.hhqblog.com/ [运行时间：0.032189s][吞吐率：31.07req/s] [内存消耗：4,641.20kb] [文件加载：56]
[ info ] [ LANG ] /yjdata/www/hhqblog/thinkphp/lang/zh-cn.php
[ info ] [ ROUTE ] array (
  'type' => 'module',
  'module' => 
  array (
    0 => '',
    1 => NULL,
    2 => NULL,
  ),
)
[ info ] [ HEADER ] array (
  'user-agent' => 'Wget/1.12 (linux-gnu)',
  'accept' => '*/*',
  'host' => 'www.hhqblog.com',
  'connection' => 'Keep-Alive',
  'content-type' => '',
  'content-length' => '',
)
[ info ] [ PARAM ] array (
)
[ info ] [ CACHE ] INIT File
[ info ] [ DB ] INIT mysql
[ info ] [ RUN ] app\index\controller\Index->index[ /yjdata/www/hhqblog/application/index/controller/Index.php ]
[ info ] [ VIEW ] /yjdata/www/hhqblog/public/../application/index/view/index/index.html [ array (
  0 => 'menu',
  1 => 'recommend',
  2 => 'newarticle',
  3 => 'hot',
  4 => 'list',
  5 => 'allpage',
  6 => 'top_line',
  7 => 'carousel',
) ]
[ info ] [ LOG ] INIT File
[ sql ] [ DB ] CONNECT:[ UseTime:0.000307s ] mysql:dbname=hhqblog;host=127.0.0.1;port=3306;charset=utf8
[ sql ] [ SQL ] SHOW COLUMNS FROM `think_article` [ RunTime:0.000844s ]
[ sql ] [ SQL ] SELECT * FROM `think_article` ORDER BY views desc LIMIT 8 [ RunTime:0.000547s ]
[ sql ] [ SQL ] SELECT * FROM `think_article` WHERE  `status` = 1  AND `type` = 2 ORDER BY id desc LIMIT 6 [ RunTime:0.000393s ]
[ sql ] [ SQL ] SELECT COUNT(*) AS tp_count FROM `think_article` WHERE  `status` = 1 LIMIT 1 [ RunTime:0.000257s ]
[ sql ] [ SQL ] SELECT `a`.*,`ac`.`name` FROM `think_article` `a` LEFT JOIN `think_article_cate` `ac` ON `a`.`cate_id`=`ac`.`id` WHERE  `a`.`status` = 1 ORDER BY id desc LIMIT 0,15 [ RunTime:0.000542s ]

---------------------------------------------------------------
